[2024-03-11T20:55:46.095+0000] {processor.py:161} INFO - Started process (PID=84) to work on /home/airflow/.local/lib/python3.8/site-packages/airflow/example_dags/example_bash_operator.py
[2024-03-11T20:55:46.096+0000] {processor.py:830} INFO - Processing file /home/airflow/.local/lib/python3.8/site-packages/airflow/example_dags/example_bash_operator.py for tasks to queue
[2024-03-11T20:55:46.099+0000] {logging_mixin.py:188} INFO - [2024-03-11T20:55:46.099+0000] {dagbag.py:540} INFO - Filling up the DagBag from /home/airflow/.local/lib/python3.8/site-packages/airflow/example_dags/example_bash_operator.py
[2024-03-11T20:55:46.119+0000] {processor.py:840} INFO - DAG(s) 'example_bash_operator' retrieved from /home/airflow/.local/lib/python3.8/site-packages/airflow/example_dags/example_bash_operator.py
[2024-03-11T20:55:46.323+0000] {logging_mixin.py:188} INFO - [2024-03-11T20:55:46.321+0000] {override.py:1769} INFO - Created Permission View: can read on DAG:example_bash_operator
[2024-03-11T20:55:46.345+0000] {logging_mixin.py:188} INFO - [2024-03-11T20:55:46.344+0000] {override.py:1769} INFO - Created Permission View: can delete on DAG:example_bash_operator
[2024-03-11T20:55:46.358+0000] {logging_mixin.py:188} INFO - [2024-03-11T20:55:46.357+0000] {override.py:1769} INFO - Created Permission View: can edit on DAG:example_bash_operator
[2024-03-11T20:55:46.359+0000] {logging_mixin.py:188} INFO - [2024-03-11T20:55:46.359+0000] {dag.py:3047} INFO - Sync 1 DAGs
[2024-03-11T20:55:46.377+0000] {logging_mixin.py:188} INFO - [2024-03-11T20:55:46.377+0000] {dag.py:3069} INFO - Creating ORM DAG for example_bash_operator
[2024-03-11T20:55:46.398+0000] {logging_mixin.py:188} INFO - [2024-03-11T20:55:46.398+0000] {dag.py:3834} INFO - Setting next_dagrun for example_bash_operator to 2024-03-10 00:00:00+00:00, run_after=2024-03-11 00:00:00+00:00
[2024-03-11T20:55:46.428+0000] {processor.py:183} INFO - Processing /home/airflow/.local/lib/python3.8/site-packages/airflow/example_dags/example_bash_operator.py took 0.337 seconds
[2024-03-11T20:56:17.220+0000] {processor.py:161} INFO - Started process (PID=139) to work on /home/airflow/.local/lib/python3.8/site-packages/airflow/example_dags/example_bash_operator.py
[2024-03-11T20:56:17.222+0000] {processor.py:830} INFO - Processing file /home/airflow/.local/lib/python3.8/site-packages/airflow/example_dags/example_bash_operator.py for tasks to queue
[2024-03-11T20:56:17.224+0000] {logging_mixin.py:188} INFO - [2024-03-11T20:56:17.223+0000] {dagbag.py:540} INFO - Filling up the DagBag from /home/airflow/.local/lib/python3.8/site-packages/airflow/example_dags/example_bash_operator.py
[2024-03-11T20:56:17.239+0000] {processor.py:840} INFO - DAG(s) 'example_bash_operator' retrieved from /home/airflow/.local/lib/python3.8/site-packages/airflow/example_dags/example_bash_operator.py
[2024-03-11T20:56:17.281+0000] {logging_mixin.py:188} INFO - [2024-03-11T20:56:17.280+0000] {dag.py:3047} INFO - Sync 1 DAGs
[2024-03-11T20:56:17.315+0000] {logging_mixin.py:188} INFO - [2024-03-11T20:56:17.315+0000] {dag.py:3834} INFO - Setting next_dagrun for example_bash_operator to 2024-03-10 00:00:00+00:00, run_after=2024-03-11 00:00:00+00:00
[2024-03-11T20:56:17.347+0000] {processor.py:183} INFO - Processing /home/airflow/.local/lib/python3.8/site-packages/airflow/example_dags/example_bash_operator.py took 0.130 seconds
[2024-03-11T20:56:47.684+0000] {processor.py:161} INFO - Started process (PID=194) to work on /home/airflow/.local/lib/python3.8/site-packages/airflow/example_dags/example_bash_operator.py
[2024-03-11T20:56:47.685+0000] {processor.py:830} INFO - Processing file /home/airflow/.local/lib/python3.8/site-packages/airflow/example_dags/example_bash_operator.py for tasks to queue
[2024-03-11T20:56:47.687+0000] {logging_mixin.py:188} INFO - [2024-03-11T20:56:47.687+0000] {dagbag.py:540} INFO - Filling up the DagBag from /home/airflow/.local/lib/python3.8/site-packages/airflow/example_dags/example_bash_operator.py
[2024-03-11T20:56:47.706+0000] {processor.py:840} INFO - DAG(s) 'example_bash_operator' retrieved from /home/airflow/.local/lib/python3.8/site-packages/airflow/example_dags/example_bash_operator.py
[2024-03-11T20:56:47.750+0000] {logging_mixin.py:188} INFO - [2024-03-11T20:56:47.750+0000] {dag.py:3047} INFO - Sync 1 DAGs
[2024-03-11T20:56:47.785+0000] {logging_mixin.py:188} INFO - [2024-03-11T20:56:47.785+0000] {dag.py:3834} INFO - Setting next_dagrun for example_bash_operator to 2024-03-10 00:00:00+00:00, run_after=2024-03-11 00:00:00+00:00
[2024-03-11T20:56:47.817+0000] {processor.py:183} INFO - Processing /home/airflow/.local/lib/python3.8/site-packages/airflow/example_dags/example_bash_operator.py took 0.136 seconds
[2024-03-11T20:57:18.164+0000] {processor.py:161} INFO - Started process (PID=249) to work on /home/airflow/.local/lib/python3.8/site-packages/airflow/example_dags/example_bash_operator.py
[2024-03-11T20:57:18.165+0000] {processor.py:830} INFO - Processing file /home/airflow/.local/lib/python3.8/site-packages/airflow/example_dags/example_bash_operator.py for tasks to queue
[2024-03-11T20:57:18.168+0000] {logging_mixin.py:188} INFO - [2024-03-11T20:57:18.167+0000] {dagbag.py:540} INFO - Filling up the DagBag from /home/airflow/.local/lib/python3.8/site-packages/airflow/example_dags/example_bash_operator.py
[2024-03-11T20:57:18.183+0000] {processor.py:840} INFO - DAG(s) 'example_bash_operator' retrieved from /home/airflow/.local/lib/python3.8/site-packages/airflow/example_dags/example_bash_operator.py
[2024-03-11T20:57:18.226+0000] {logging_mixin.py:188} INFO - [2024-03-11T20:57:18.225+0000] {dag.py:3047} INFO - Sync 1 DAGs
[2024-03-11T20:57:18.258+0000] {logging_mixin.py:188} INFO - [2024-03-11T20:57:18.258+0000] {dag.py:3834} INFO - Setting next_dagrun for example_bash_operator to 2024-03-10 00:00:00+00:00, run_after=2024-03-11 00:00:00+00:00
[2024-03-11T20:57:18.287+0000] {processor.py:183} INFO - Processing /home/airflow/.local/lib/python3.8/site-packages/airflow/example_dags/example_bash_operator.py took 0.126 seconds
[2024-03-11T20:57:48.497+0000] {processor.py:161} INFO - Started process (PID=304) to work on /home/airflow/.local/lib/python3.8/site-packages/airflow/example_dags/example_bash_operator.py
[2024-03-11T20:57:48.498+0000] {processor.py:830} INFO - Processing file /home/airflow/.local/lib/python3.8/site-packages/airflow/example_dags/example_bash_operator.py for tasks to queue
[2024-03-11T20:57:48.501+0000] {logging_mixin.py:188} INFO - [2024-03-11T20:57:48.500+0000] {dagbag.py:540} INFO - Filling up the DagBag from /home/airflow/.local/lib/python3.8/site-packages/airflow/example_dags/example_bash_operator.py
[2024-03-11T20:57:48.518+0000] {processor.py:840} INFO - DAG(s) 'example_bash_operator' retrieved from /home/airflow/.local/lib/python3.8/site-packages/airflow/example_dags/example_bash_operator.py
[2024-03-11T20:57:48.564+0000] {logging_mixin.py:188} INFO - [2024-03-11T20:57:48.563+0000] {dag.py:3047} INFO - Sync 1 DAGs
[2024-03-11T20:57:48.599+0000] {logging_mixin.py:188} INFO - [2024-03-11T20:57:48.599+0000] {dag.py:3834} INFO - Setting next_dagrun for example_bash_operator to 2024-03-10 00:00:00+00:00, run_after=2024-03-11 00:00:00+00:00
[2024-03-11T20:57:48.629+0000] {processor.py:183} INFO - Processing /home/airflow/.local/lib/python3.8/site-packages/airflow/example_dags/example_bash_operator.py took 0.136 seconds
[2024-03-11T20:58:18.993+0000] {processor.py:161} INFO - Started process (PID=359) to work on /home/airflow/.local/lib/python3.8/site-packages/airflow/example_dags/example_bash_operator.py
[2024-03-11T20:58:18.996+0000] {processor.py:830} INFO - Processing file /home/airflow/.local/lib/python3.8/site-packages/airflow/example_dags/example_bash_operator.py for tasks to queue
[2024-03-11T20:58:19.001+0000] {logging_mixin.py:188} INFO - [2024-03-11T20:58:19.000+0000] {dagbag.py:540} INFO - Filling up the DagBag from /home/airflow/.local/lib/python3.8/site-packages/airflow/example_dags/example_bash_operator.py
[2024-03-11T20:58:19.025+0000] {processor.py:840} INFO - DAG(s) 'example_bash_operator' retrieved from /home/airflow/.local/lib/python3.8/site-packages/airflow/example_dags/example_bash_operator.py
[2024-03-11T20:58:19.074+0000] {logging_mixin.py:188} INFO - [2024-03-11T20:58:19.073+0000] {dag.py:3047} INFO - Sync 1 DAGs
[2024-03-11T20:58:19.109+0000] {logging_mixin.py:188} INFO - [2024-03-11T20:58:19.109+0000] {dag.py:3834} INFO - Setting next_dagrun for example_bash_operator to 2024-03-10 00:00:00+00:00, run_after=2024-03-11 00:00:00+00:00
[2024-03-11T20:58:19.138+0000] {processor.py:183} INFO - Processing /home/airflow/.local/lib/python3.8/site-packages/airflow/example_dags/example_bash_operator.py took 0.150 seconds
[2024-03-11T20:58:49.323+0000] {processor.py:161} INFO - Started process (PID=416) to work on /home/airflow/.local/lib/python3.8/site-packages/airflow/example_dags/example_bash_operator.py
[2024-03-11T20:58:49.325+0000] {processor.py:830} INFO - Processing file /home/airflow/.local/lib/python3.8/site-packages/airflow/example_dags/example_bash_operator.py for tasks to queue
[2024-03-11T20:58:49.327+0000] {logging_mixin.py:188} INFO - [2024-03-11T20:58:49.327+0000] {dagbag.py:540} INFO - Filling up the DagBag from /home/airflow/.local/lib/python3.8/site-packages/airflow/example_dags/example_bash_operator.py
[2024-03-11T20:58:49.348+0000] {processor.py:840} INFO - DAG(s) 'example_bash_operator' retrieved from /home/airflow/.local/lib/python3.8/site-packages/airflow/example_dags/example_bash_operator.py
[2024-03-11T20:58:49.395+0000] {logging_mixin.py:188} INFO - [2024-03-11T20:58:49.394+0000] {dag.py:3047} INFO - Sync 1 DAGs
[2024-03-11T20:58:49.429+0000] {logging_mixin.py:188} INFO - [2024-03-11T20:58:49.429+0000] {dag.py:3834} INFO - Setting next_dagrun for example_bash_operator to 2024-03-10 00:00:00+00:00, run_after=2024-03-11 00:00:00+00:00
[2024-03-11T20:58:49.469+0000] {processor.py:183} INFO - Processing /home/airflow/.local/lib/python3.8/site-packages/airflow/example_dags/example_bash_operator.py took 0.149 seconds
[2024-03-11T20:59:19.552+0000] {processor.py:161} INFO - Started process (PID=470) to work on /home/airflow/.local/lib/python3.8/site-packages/airflow/example_dags/example_bash_operator.py
[2024-03-11T20:59:19.554+0000] {processor.py:830} INFO - Processing file /home/airflow/.local/lib/python3.8/site-packages/airflow/example_dags/example_bash_operator.py for tasks to queue
[2024-03-11T20:59:19.556+0000] {logging_mixin.py:188} INFO - [2024-03-11T20:59:19.556+0000] {dagbag.py:540} INFO - Filling up the DagBag from /home/airflow/.local/lib/python3.8/site-packages/airflow/example_dags/example_bash_operator.py
[2024-03-11T20:59:19.574+0000] {processor.py:840} INFO - DAG(s) 'example_bash_operator' retrieved from /home/airflow/.local/lib/python3.8/site-packages/airflow/example_dags/example_bash_operator.py
[2024-03-11T20:59:19.635+0000] {logging_mixin.py:188} INFO - [2024-03-11T20:59:19.635+0000] {dag.py:3047} INFO - Sync 1 DAGs
[2024-03-11T20:59:19.671+0000] {logging_mixin.py:188} INFO - [2024-03-11T20:59:19.670+0000] {dag.py:3834} INFO - Setting next_dagrun for example_bash_operator to 2024-03-10 00:00:00+00:00, run_after=2024-03-11 00:00:00+00:00
[2024-03-11T20:59:19.711+0000] {processor.py:183} INFO - Processing /home/airflow/.local/lib/python3.8/site-packages/airflow/example_dags/example_bash_operator.py took 0.162 seconds
[2024-03-11T20:59:50.043+0000] {processor.py:161} INFO - Started process (PID=525) to work on /home/airflow/.local/lib/python3.8/site-packages/airflow/example_dags/example_bash_operator.py
[2024-03-11T20:59:50.045+0000] {processor.py:830} INFO - Processing file /home/airflow/.local/lib/python3.8/site-packages/airflow/example_dags/example_bash_operator.py for tasks to queue
[2024-03-11T20:59:50.048+0000] {logging_mixin.py:188} INFO - [2024-03-11T20:59:50.048+0000] {dagbag.py:540} INFO - Filling up the DagBag from /home/airflow/.local/lib/python3.8/site-packages/airflow/example_dags/example_bash_operator.py
[2024-03-11T20:59:50.065+0000] {processor.py:840} INFO - DAG(s) 'example_bash_operator' retrieved from /home/airflow/.local/lib/python3.8/site-packages/airflow/example_dags/example_bash_operator.py
[2024-03-11T20:59:50.115+0000] {logging_mixin.py:188} INFO - [2024-03-11T20:59:50.115+0000] {dag.py:3047} INFO - Sync 1 DAGs
[2024-03-11T20:59:50.151+0000] {logging_mixin.py:188} INFO - [2024-03-11T20:59:50.151+0000] {dag.py:3834} INFO - Setting next_dagrun for example_bash_operator to 2024-03-10 00:00:00+00:00, run_after=2024-03-11 00:00:00+00:00
[2024-03-11T20:59:50.183+0000] {processor.py:183} INFO - Processing /home/airflow/.local/lib/python3.8/site-packages/airflow/example_dags/example_bash_operator.py took 0.144 seconds
[2024-03-11T21:00:20.918+0000] {processor.py:161} INFO - Started process (PID=580) to work on /home/airflow/.local/lib/python3.8/site-packages/airflow/example_dags/example_bash_operator.py
[2024-03-11T21:00:20.919+0000] {processor.py:830} INFO - Processing file /home/airflow/.local/lib/python3.8/site-packages/airflow/example_dags/example_bash_operator.py for tasks to queue
[2024-03-11T21:00:20.921+0000] {logging_mixin.py:188} INFO - [2024-03-11T21:00:20.921+0000] {dagbag.py:540} INFO - Filling up the DagBag from /home/airflow/.local/lib/python3.8/site-packages/airflow/example_dags/example_bash_operator.py
[2024-03-11T21:00:20.940+0000] {processor.py:840} INFO - DAG(s) 'example_bash_operator' retrieved from /home/airflow/.local/lib/python3.8/site-packages/airflow/example_dags/example_bash_operator.py
[2024-03-11T21:00:21.010+0000] {logging_mixin.py:188} INFO - [2024-03-11T21:00:21.009+0000] {dag.py:3047} INFO - Sync 1 DAGs
[2024-03-11T21:00:21.050+0000] {logging_mixin.py:188} INFO - [2024-03-11T21:00:21.049+0000] {dag.py:3834} INFO - Setting next_dagrun for example_bash_operator to 2024-03-10 00:00:00+00:00, run_after=2024-03-11 00:00:00+00:00
[2024-03-11T21:00:21.081+0000] {processor.py:183} INFO - Processing /home/airflow/.local/lib/python3.8/site-packages/airflow/example_dags/example_bash_operator.py took 0.167 seconds
[2024-03-11T21:00:51.458+0000] {processor.py:161} INFO - Started process (PID=635) to work on /home/airflow/.local/lib/python3.8/site-packages/airflow/example_dags/example_bash_operator.py
[2024-03-11T21:00:51.459+0000] {processor.py:830} INFO - Processing file /home/airflow/.local/lib/python3.8/site-packages/airflow/example_dags/example_bash_operator.py for tasks to queue
[2024-03-11T21:00:51.461+0000] {logging_mixin.py:188} INFO - [2024-03-11T21:00:51.461+0000] {dagbag.py:540} INFO - Filling up the DagBag from /home/airflow/.local/lib/python3.8/site-packages/airflow/example_dags/example_bash_operator.py
[2024-03-11T21:00:51.476+0000] {processor.py:840} INFO - DAG(s) 'example_bash_operator' retrieved from /home/airflow/.local/lib/python3.8/site-packages/airflow/example_dags/example_bash_operator.py
[2024-03-11T21:00:51.521+0000] {logging_mixin.py:188} INFO - [2024-03-11T21:00:51.520+0000] {dag.py:3047} INFO - Sync 1 DAGs
[2024-03-11T21:00:51.560+0000] {logging_mixin.py:188} INFO - [2024-03-11T21:00:51.559+0000] {dag.py:3834} INFO - Setting next_dagrun for example_bash_operator to 2024-03-10 00:00:00+00:00, run_after=2024-03-11 00:00:00+00:00
[2024-03-11T21:00:51.595+0000] {processor.py:183} INFO - Processing /home/airflow/.local/lib/python3.8/site-packages/airflow/example_dags/example_bash_operator.py took 0.141 seconds
[2024-03-11T21:01:22.080+0000] {processor.py:161} INFO - Started process (PID=690) to work on /home/airflow/.local/lib/python3.8/site-packages/airflow/example_dags/example_bash_operator.py
[2024-03-11T21:01:22.082+0000] {processor.py:830} INFO - Processing file /home/airflow/.local/lib/python3.8/site-packages/airflow/example_dags/example_bash_operator.py for tasks to queue
[2024-03-11T21:01:22.084+0000] {logging_mixin.py:188} INFO - [2024-03-11T21:01:22.084+0000] {dagbag.py:540} INFO - Filling up the DagBag from /home/airflow/.local/lib/python3.8/site-packages/airflow/example_dags/example_bash_operator.py
[2024-03-11T21:01:22.099+0000] {processor.py:840} INFO - DAG(s) 'example_bash_operator' retrieved from /home/airflow/.local/lib/python3.8/site-packages/airflow/example_dags/example_bash_operator.py
[2024-03-11T21:01:22.144+0000] {logging_mixin.py:188} INFO - [2024-03-11T21:01:22.144+0000] {dag.py:3047} INFO - Sync 1 DAGs
[2024-03-11T21:01:22.192+0000] {logging_mixin.py:188} INFO - [2024-03-11T21:01:22.191+0000] {dag.py:3834} INFO - Setting next_dagrun for example_bash_operator to 2024-03-10 00:00:00+00:00, run_after=2024-03-11 00:00:00+00:00
[2024-03-11T21:01:22.232+0000] {processor.py:183} INFO - Processing /home/airflow/.local/lib/python3.8/site-packages/airflow/example_dags/example_bash_operator.py took 0.158 seconds
[2024-03-11T21:01:52.750+0000] {processor.py:161} INFO - Started process (PID=745) to work on /home/airflow/.local/lib/python3.8/site-packages/airflow/example_dags/example_bash_operator.py
[2024-03-11T21:01:52.754+0000] {processor.py:830} INFO - Processing file /home/airflow/.local/lib/python3.8/site-packages/airflow/example_dags/example_bash_operator.py for tasks to queue
[2024-03-11T21:01:52.757+0000] {logging_mixin.py:188} INFO - [2024-03-11T21:01:52.756+0000] {dagbag.py:540} INFO - Filling up the DagBag from /home/airflow/.local/lib/python3.8/site-packages/airflow/example_dags/example_bash_operator.py
[2024-03-11T21:01:52.782+0000] {processor.py:840} INFO - DAG(s) 'example_bash_operator' retrieved from /home/airflow/.local/lib/python3.8/site-packages/airflow/example_dags/example_bash_operator.py
[2024-03-11T21:01:52.839+0000] {logging_mixin.py:188} INFO - [2024-03-11T21:01:52.839+0000] {dag.py:3047} INFO - Sync 1 DAGs
[2024-03-11T21:01:52.873+0000] {logging_mixin.py:188} INFO - [2024-03-11T21:01:52.872+0000] {dag.py:3834} INFO - Setting next_dagrun for example_bash_operator to 2024-03-10 00:00:00+00:00, run_after=2024-03-11 00:00:00+00:00
[2024-03-11T21:01:52.904+0000] {processor.py:183} INFO - Processing /home/airflow/.local/lib/python3.8/site-packages/airflow/example_dags/example_bash_operator.py took 0.159 seconds
[2024-03-11T21:02:23.246+0000] {processor.py:161} INFO - Started process (PID=800) to work on /home/airflow/.local/lib/python3.8/site-packages/airflow/example_dags/example_bash_operator.py
[2024-03-11T21:02:23.248+0000] {processor.py:830} INFO - Processing file /home/airflow/.local/lib/python3.8/site-packages/airflow/example_dags/example_bash_operator.py for tasks to queue
[2024-03-11T21:02:23.250+0000] {logging_mixin.py:188} INFO - [2024-03-11T21:02:23.250+0000] {dagbag.py:540} INFO - Filling up the DagBag from /home/airflow/.local/lib/python3.8/site-packages/airflow/example_dags/example_bash_operator.py
[2024-03-11T21:02:23.265+0000] {processor.py:840} INFO - DAG(s) 'example_bash_operator' retrieved from /home/airflow/.local/lib/python3.8/site-packages/airflow/example_dags/example_bash_operator.py
[2024-03-11T21:02:23.310+0000] {logging_mixin.py:188} INFO - [2024-03-11T21:02:23.309+0000] {dag.py:3047} INFO - Sync 1 DAGs
[2024-03-11T21:02:23.347+0000] {logging_mixin.py:188} INFO - [2024-03-11T21:02:23.346+0000] {dag.py:3834} INFO - Setting next_dagrun for example_bash_operator to 2024-03-10 00:00:00+00:00, run_after=2024-03-11 00:00:00+00:00
[2024-03-11T21:02:23.382+0000] {processor.py:183} INFO - Processing /home/airflow/.local/lib/python3.8/site-packages/airflow/example_dags/example_bash_operator.py took 0.139 seconds
[2024-03-11T21:02:53.739+0000] {processor.py:161} INFO - Started process (PID=855) to work on /home/airflow/.local/lib/python3.8/site-packages/airflow/example_dags/example_bash_operator.py
[2024-03-11T21:02:53.740+0000] {processor.py:830} INFO - Processing file /home/airflow/.local/lib/python3.8/site-packages/airflow/example_dags/example_bash_operator.py for tasks to queue
[2024-03-11T21:02:53.743+0000] {logging_mixin.py:188} INFO - [2024-03-11T21:02:53.743+0000] {dagbag.py:540} INFO - Filling up the DagBag from /home/airflow/.local/lib/python3.8/site-packages/airflow/example_dags/example_bash_operator.py
[2024-03-11T21:02:53.767+0000] {processor.py:840} INFO - DAG(s) 'example_bash_operator' retrieved from /home/airflow/.local/lib/python3.8/site-packages/airflow/example_dags/example_bash_operator.py
[2024-03-11T21:02:53.813+0000] {logging_mixin.py:188} INFO - [2024-03-11T21:02:53.812+0000] {dag.py:3047} INFO - Sync 1 DAGs
[2024-03-11T21:02:53.852+0000] {logging_mixin.py:188} INFO - [2024-03-11T21:02:53.852+0000] {dag.py:3834} INFO - Setting next_dagrun for example_bash_operator to 2024-03-10 00:00:00+00:00, run_after=2024-03-11 00:00:00+00:00
[2024-03-11T21:02:53.880+0000] {processor.py:183} INFO - Processing /home/airflow/.local/lib/python3.8/site-packages/airflow/example_dags/example_bash_operator.py took 0.145 seconds
[2024-03-11T21:03:24.088+0000] {processor.py:161} INFO - Started process (PID=910) to work on /home/airflow/.local/lib/python3.8/site-packages/airflow/example_dags/example_bash_operator.py
[2024-03-11T21:03:24.089+0000] {processor.py:830} INFO - Processing file /home/airflow/.local/lib/python3.8/site-packages/airflow/example_dags/example_bash_operator.py for tasks to queue
[2024-03-11T21:03:24.092+0000] {logging_mixin.py:188} INFO - [2024-03-11T21:03:24.091+0000] {dagbag.py:540} INFO - Filling up the DagBag from /home/airflow/.local/lib/python3.8/site-packages/airflow/example_dags/example_bash_operator.py
[2024-03-11T21:03:24.107+0000] {processor.py:840} INFO - DAG(s) 'example_bash_operator' retrieved from /home/airflow/.local/lib/python3.8/site-packages/airflow/example_dags/example_bash_operator.py
[2024-03-11T21:03:24.161+0000] {logging_mixin.py:188} INFO - [2024-03-11T21:03:24.160+0000] {dag.py:3047} INFO - Sync 1 DAGs
[2024-03-11T21:03:24.197+0000] {logging_mixin.py:188} INFO - [2024-03-11T21:03:24.197+0000] {dag.py:3834} INFO - Setting next_dagrun for example_bash_operator to 2024-03-10 00:00:00+00:00, run_after=2024-03-11 00:00:00+00:00
[2024-03-11T21:03:24.231+0000] {processor.py:183} INFO - Processing /home/airflow/.local/lib/python3.8/site-packages/airflow/example_dags/example_bash_operator.py took 0.147 seconds
[2024-03-11T21:03:54.553+0000] {processor.py:161} INFO - Started process (PID=966) to work on /home/airflow/.local/lib/python3.8/site-packages/airflow/example_dags/example_bash_operator.py
[2024-03-11T21:03:54.554+0000] {processor.py:830} INFO - Processing file /home/airflow/.local/lib/python3.8/site-packages/airflow/example_dags/example_bash_operator.py for tasks to queue
[2024-03-11T21:03:54.556+0000] {logging_mixin.py:188} INFO - [2024-03-11T21:03:54.556+0000] {dagbag.py:540} INFO - Filling up the DagBag from /home/airflow/.local/lib/python3.8/site-packages/airflow/example_dags/example_bash_operator.py
[2024-03-11T21:03:54.571+0000] {processor.py:840} INFO - DAG(s) 'example_bash_operator' retrieved from /home/airflow/.local/lib/python3.8/site-packages/airflow/example_dags/example_bash_operator.py
[2024-03-11T21:03:54.615+0000] {logging_mixin.py:188} INFO - [2024-03-11T21:03:54.615+0000] {dag.py:3047} INFO - Sync 1 DAGs
[2024-03-11T21:03:54.650+0000] {logging_mixin.py:188} INFO - [2024-03-11T21:03:54.650+0000] {dag.py:3834} INFO - Setting next_dagrun for example_bash_operator to 2024-03-10 00:00:00+00:00, run_after=2024-03-11 00:00:00+00:00
[2024-03-11T21:03:54.687+0000] {processor.py:183} INFO - Processing /home/airflow/.local/lib/python3.8/site-packages/airflow/example_dags/example_bash_operator.py took 0.137 seconds
[2024-03-11T21:04:25.010+0000] {processor.py:161} INFO - Started process (PID=1021) to work on /home/airflow/.local/lib/python3.8/site-packages/airflow/example_dags/example_bash_operator.py
[2024-03-11T21:04:25.012+0000] {processor.py:830} INFO - Processing file /home/airflow/.local/lib/python3.8/site-packages/airflow/example_dags/example_bash_operator.py for tasks to queue
[2024-03-11T21:04:25.014+0000] {logging_mixin.py:188} INFO - [2024-03-11T21:04:25.014+0000] {dagbag.py:540} INFO - Filling up the DagBag from /home/airflow/.local/lib/python3.8/site-packages/airflow/example_dags/example_bash_operator.py
[2024-03-11T21:04:25.029+0000] {processor.py:840} INFO - DAG(s) 'example_bash_operator' retrieved from /home/airflow/.local/lib/python3.8/site-packages/airflow/example_dags/example_bash_operator.py
[2024-03-11T21:04:25.083+0000] {logging_mixin.py:188} INFO - [2024-03-11T21:04:25.083+0000] {dag.py:3047} INFO - Sync 1 DAGs
[2024-03-11T21:04:25.119+0000] {logging_mixin.py:188} INFO - [2024-03-11T21:04:25.118+0000] {dag.py:3834} INFO - Setting next_dagrun for example_bash_operator to 2024-03-10 00:00:00+00:00, run_after=2024-03-11 00:00:00+00:00
[2024-03-11T21:04:25.160+0000] {processor.py:183} INFO - Processing /home/airflow/.local/lib/python3.8/site-packages/airflow/example_dags/example_bash_operator.py took 0.154 seconds
[2024-03-11T21:04:55.615+0000] {processor.py:161} INFO - Started process (PID=1076) to work on /home/airflow/.local/lib/python3.8/site-packages/airflow/example_dags/example_bash_operator.py
[2024-03-11T21:04:55.616+0000] {processor.py:830} INFO - Processing file /home/airflow/.local/lib/python3.8/site-packages/airflow/example_dags/example_bash_operator.py for tasks to queue
[2024-03-11T21:04:55.618+0000] {logging_mixin.py:188} INFO - [2024-03-11T21:04:55.618+0000] {dagbag.py:540} INFO - Filling up the DagBag from /home/airflow/.local/lib/python3.8/site-packages/airflow/example_dags/example_bash_operator.py
[2024-03-11T21:04:55.633+0000] {processor.py:840} INFO - DAG(s) 'example_bash_operator' retrieved from /home/airflow/.local/lib/python3.8/site-packages/airflow/example_dags/example_bash_operator.py
[2024-03-11T21:04:55.676+0000] {logging_mixin.py:188} INFO - [2024-03-11T21:04:55.676+0000] {dag.py:3047} INFO - Sync 1 DAGs
[2024-03-11T21:04:55.708+0000] {logging_mixin.py:188} INFO - [2024-03-11T21:04:55.708+0000] {dag.py:3834} INFO - Setting next_dagrun for example_bash_operator to 2024-03-10 00:00:00+00:00, run_after=2024-03-11 00:00:00+00:00
[2024-03-11T21:04:55.737+0000] {processor.py:183} INFO - Processing /home/airflow/.local/lib/python3.8/site-packages/airflow/example_dags/example_bash_operator.py took 0.125 seconds
[2024-03-11T21:05:26.278+0000] {processor.py:161} INFO - Started process (PID=1131) to work on /home/airflow/.local/lib/python3.8/site-packages/airflow/example_dags/example_bash_operator.py
[2024-03-11T21:05:26.279+0000] {processor.py:830} INFO - Processing file /home/airflow/.local/lib/python3.8/site-packages/airflow/example_dags/example_bash_operator.py for tasks to queue
[2024-03-11T21:05:26.281+0000] {logging_mixin.py:188} INFO - [2024-03-11T21:05:26.281+0000] {dagbag.py:540} INFO - Filling up the DagBag from /home/airflow/.local/lib/python3.8/site-packages/airflow/example_dags/example_bash_operator.py
[2024-03-11T21:05:26.296+0000] {processor.py:840} INFO - DAG(s) 'example_bash_operator' retrieved from /home/airflow/.local/lib/python3.8/site-packages/airflow/example_dags/example_bash_operator.py
[2024-03-11T21:05:26.348+0000] {logging_mixin.py:188} INFO - [2024-03-11T21:05:26.347+0000] {dag.py:3047} INFO - Sync 1 DAGs
[2024-03-11T21:05:26.385+0000] {logging_mixin.py:188} INFO - [2024-03-11T21:05:26.385+0000] {dag.py:3834} INFO - Setting next_dagrun for example_bash_operator to 2024-03-10 00:00:00+00:00, run_after=2024-03-11 00:00:00+00:00
[2024-03-11T21:05:26.418+0000] {processor.py:183} INFO - Processing /home/airflow/.local/lib/python3.8/site-packages/airflow/example_dags/example_bash_operator.py took 0.144 seconds
[2024-03-11T21:05:56.660+0000] {processor.py:161} INFO - Started process (PID=1186) to work on /home/airflow/.local/lib/python3.8/site-packages/airflow/example_dags/example_bash_operator.py
[2024-03-11T21:05:56.662+0000] {processor.py:830} INFO - Processing file /home/airflow/.local/lib/python3.8/site-packages/airflow/example_dags/example_bash_operator.py for tasks to queue
[2024-03-11T21:05:56.664+0000] {logging_mixin.py:188} INFO - [2024-03-11T21:05:56.664+0000] {dagbag.py:540} INFO - Filling up the DagBag from /home/airflow/.local/lib/python3.8/site-packages/airflow/example_dags/example_bash_operator.py
[2024-03-11T21:05:56.679+0000] {processor.py:840} INFO - DAG(s) 'example_bash_operator' retrieved from /home/airflow/.local/lib/python3.8/site-packages/airflow/example_dags/example_bash_operator.py
[2024-03-11T21:05:56.726+0000] {logging_mixin.py:188} INFO - [2024-03-11T21:05:56.725+0000] {dag.py:3047} INFO - Sync 1 DAGs
[2024-03-11T21:05:56.765+0000] {logging_mixin.py:188} INFO - [2024-03-11T21:05:56.765+0000] {dag.py:3834} INFO - Setting next_dagrun for example_bash_operator to 2024-03-10 00:00:00+00:00, run_after=2024-03-11 00:00:00+00:00
[2024-03-11T21:05:56.802+0000] {processor.py:183} INFO - Processing /home/airflow/.local/lib/python3.8/site-packages/airflow/example_dags/example_bash_operator.py took 0.145 seconds
[2024-03-11T21:06:27.397+0000] {processor.py:161} INFO - Started process (PID=1241) to work on /home/airflow/.local/lib/python3.8/site-packages/airflow/example_dags/example_bash_operator.py
[2024-03-11T21:06:27.399+0000] {processor.py:830} INFO - Processing file /home/airflow/.local/lib/python3.8/site-packages/airflow/example_dags/example_bash_operator.py for tasks to queue
[2024-03-11T21:06:27.401+0000] {logging_mixin.py:188} INFO - [2024-03-11T21:06:27.401+0000] {dagbag.py:540} INFO - Filling up the DagBag from /home/airflow/.local/lib/python3.8/site-packages/airflow/example_dags/example_bash_operator.py
[2024-03-11T21:06:27.422+0000] {processor.py:840} INFO - DAG(s) 'example_bash_operator' retrieved from /home/airflow/.local/lib/python3.8/site-packages/airflow/example_dags/example_bash_operator.py
[2024-03-11T21:06:27.475+0000] {logging_mixin.py:188} INFO - [2024-03-11T21:06:27.475+0000] {dag.py:3047} INFO - Sync 1 DAGs
[2024-03-11T21:06:27.509+0000] {logging_mixin.py:188} INFO - [2024-03-11T21:06:27.509+0000] {dag.py:3834} INFO - Setting next_dagrun for example_bash_operator to 2024-03-10 00:00:00+00:00, run_after=2024-03-11 00:00:00+00:00
[2024-03-11T21:06:27.540+0000] {processor.py:183} INFO - Processing /home/airflow/.local/lib/python3.8/site-packages/airflow/example_dags/example_bash_operator.py took 0.146 seconds
[2024-03-11T21:06:57.844+0000] {processor.py:161} INFO - Started process (PID=1296) to work on /home/airflow/.local/lib/python3.8/site-packages/airflow/example_dags/example_bash_operator.py
[2024-03-11T21:06:57.845+0000] {processor.py:830} INFO - Processing file /home/airflow/.local/lib/python3.8/site-packages/airflow/example_dags/example_bash_operator.py for tasks to queue
[2024-03-11T21:06:57.848+0000] {logging_mixin.py:188} INFO - [2024-03-11T21:06:57.847+0000] {dagbag.py:540} INFO - Filling up the DagBag from /home/airflow/.local/lib/python3.8/site-packages/airflow/example_dags/example_bash_operator.py
[2024-03-11T21:06:57.863+0000] {processor.py:840} INFO - DAG(s) 'example_bash_operator' retrieved from /home/airflow/.local/lib/python3.8/site-packages/airflow/example_dags/example_bash_operator.py
[2024-03-11T21:06:57.904+0000] {logging_mixin.py:188} INFO - [2024-03-11T21:06:57.903+0000] {dag.py:3047} INFO - Sync 1 DAGs
[2024-03-11T21:06:57.943+0000] {logging_mixin.py:188} INFO - [2024-03-11T21:06:57.943+0000] {dag.py:3834} INFO - Setting next_dagrun for example_bash_operator to 2024-03-10 00:00:00+00:00, run_after=2024-03-11 00:00:00+00:00
[2024-03-11T21:06:57.977+0000] {processor.py:183} INFO - Processing /home/airflow/.local/lib/python3.8/site-packages/airflow/example_dags/example_bash_operator.py took 0.136 seconds
