[2024-03-11T20:55:41.848+0000] {processor.py:161} INFO - Started process (PID=58) to work on /home/airflow/.local/lib/python3.8/site-packages/airflow/example_dags/example_dag_decorator.py
[2024-03-11T20:55:41.851+0000] {processor.py:830} INFO - Processing file /home/airflow/.local/lib/python3.8/site-packages/airflow/example_dags/example_dag_decorator.py for tasks to queue
[2024-03-11T20:55:41.857+0000] {logging_mixin.py:188} INFO - [2024-03-11T20:55:41.857+0000] {dagbag.py:540} INFO - Filling up the DagBag from /home/airflow/.local/lib/python3.8/site-packages/airflow/example_dags/example_dag_decorator.py
[2024-03-11T20:55:42.368+0000] {processor.py:840} INFO - DAG(s) 'example_dag_decorator' retrieved from /home/airflow/.local/lib/python3.8/site-packages/airflow/example_dags/example_dag_decorator.py
[2024-03-11T20:55:42.601+0000] {logging_mixin.py:188} INFO - [2024-03-11T20:55:42.600+0000] {override.py:1769} INFO - Created Permission View: can read on DAG:example_dag_decorator
[2024-03-11T20:55:42.619+0000] {logging_mixin.py:188} INFO - [2024-03-11T20:55:42.619+0000] {override.py:1769} INFO - Created Permission View: can delete on DAG:example_dag_decorator
[2024-03-11T20:55:42.633+0000] {logging_mixin.py:188} INFO - [2024-03-11T20:55:42.632+0000] {override.py:1769} INFO - Created Permission View: can edit on DAG:example_dag_decorator
[2024-03-11T20:55:42.634+0000] {logging_mixin.py:188} INFO - [2024-03-11T20:55:42.634+0000] {dag.py:3047} INFO - Sync 1 DAGs
[2024-03-11T20:55:42.652+0000] {logging_mixin.py:188} INFO - [2024-03-11T20:55:42.651+0000] {dag.py:3069} INFO - Creating ORM DAG for example_dag_decorator
[2024-03-11T20:55:42.653+0000] {logging_mixin.py:188} INFO - [2024-03-11T20:55:42.652+0000] {dag.py:3834} INFO - Setting next_dagrun for example_dag_decorator to None, run_after=None
[2024-03-11T20:55:42.682+0000] {processor.py:183} INFO - Processing /home/airflow/.local/lib/python3.8/site-packages/airflow/example_dags/example_dag_decorator.py took 0.843 seconds
[2024-03-11T20:56:13.294+0000] {processor.py:161} INFO - Started process (PID=119) to work on /home/airflow/.local/lib/python3.8/site-packages/airflow/example_dags/example_dag_decorator.py
[2024-03-11T20:56:13.296+0000] {processor.py:830} INFO - Processing file /home/airflow/.local/lib/python3.8/site-packages/airflow/example_dags/example_dag_decorator.py for tasks to queue
[2024-03-11T20:56:13.298+0000] {logging_mixin.py:188} INFO - [2024-03-11T20:56:13.298+0000] {dagbag.py:540} INFO - Filling up the DagBag from /home/airflow/.local/lib/python3.8/site-packages/airflow/example_dags/example_dag_decorator.py
[2024-03-11T20:56:13.469+0000] {processor.py:840} INFO - DAG(s) 'example_dag_decorator' retrieved from /home/airflow/.local/lib/python3.8/site-packages/airflow/example_dags/example_dag_decorator.py
[2024-03-11T20:56:13.641+0000] {logging_mixin.py:188} INFO - [2024-03-11T20:56:13.640+0000] {dag.py:3047} INFO - Sync 1 DAGs
[2024-03-11T20:56:13.660+0000] {logging_mixin.py:188} INFO - [2024-03-11T20:56:13.660+0000] {dag.py:3834} INFO - Setting next_dagrun for example_dag_decorator to None, run_after=None
[2024-03-11T20:56:13.692+0000] {processor.py:183} INFO - Processing /home/airflow/.local/lib/python3.8/site-packages/airflow/example_dags/example_dag_decorator.py took 0.403 seconds
[2024-03-11T20:56:43.858+0000] {processor.py:161} INFO - Started process (PID=176) to work on /home/airflow/.local/lib/python3.8/site-packages/airflow/example_dags/example_dag_decorator.py
[2024-03-11T20:56:43.859+0000] {processor.py:830} INFO - Processing file /home/airflow/.local/lib/python3.8/site-packages/airflow/example_dags/example_dag_decorator.py for tasks to queue
[2024-03-11T20:56:43.862+0000] {logging_mixin.py:188} INFO - [2024-03-11T20:56:43.861+0000] {dagbag.py:540} INFO - Filling up the DagBag from /home/airflow/.local/lib/python3.8/site-packages/airflow/example_dags/example_dag_decorator.py
[2024-03-11T20:56:44.000+0000] {processor.py:840} INFO - DAG(s) 'example_dag_decorator' retrieved from /home/airflow/.local/lib/python3.8/site-packages/airflow/example_dags/example_dag_decorator.py
[2024-03-11T20:56:44.166+0000] {logging_mixin.py:188} INFO - [2024-03-11T20:56:44.166+0000] {dag.py:3047} INFO - Sync 1 DAGs
[2024-03-11T20:56:44.185+0000] {logging_mixin.py:188} INFO - [2024-03-11T20:56:44.184+0000] {dag.py:3834} INFO - Setting next_dagrun for example_dag_decorator to None, run_after=None
[2024-03-11T20:56:44.216+0000] {processor.py:183} INFO - Processing /home/airflow/.local/lib/python3.8/site-packages/airflow/example_dags/example_dag_decorator.py took 0.362 seconds
[2024-03-11T20:57:14.265+0000] {processor.py:161} INFO - Started process (PID=229) to work on /home/airflow/.local/lib/python3.8/site-packages/airflow/example_dags/example_dag_decorator.py
[2024-03-11T20:57:14.267+0000] {processor.py:830} INFO - Processing file /home/airflow/.local/lib/python3.8/site-packages/airflow/example_dags/example_dag_decorator.py for tasks to queue
[2024-03-11T20:57:14.270+0000] {logging_mixin.py:188} INFO - [2024-03-11T20:57:14.269+0000] {dagbag.py:540} INFO - Filling up the DagBag from /home/airflow/.local/lib/python3.8/site-packages/airflow/example_dags/example_dag_decorator.py
[2024-03-11T20:57:14.419+0000] {processor.py:840} INFO - DAG(s) 'example_dag_decorator' retrieved from /home/airflow/.local/lib/python3.8/site-packages/airflow/example_dags/example_dag_decorator.py
[2024-03-11T20:57:14.580+0000] {logging_mixin.py:188} INFO - [2024-03-11T20:57:14.579+0000] {dag.py:3047} INFO - Sync 1 DAGs
[2024-03-11T20:57:14.608+0000] {logging_mixin.py:188} INFO - [2024-03-11T20:57:14.608+0000] {dag.py:3834} INFO - Setting next_dagrun for example_dag_decorator to None, run_after=None
[2024-03-11T20:57:14.680+0000] {processor.py:183} INFO - Processing /home/airflow/.local/lib/python3.8/site-packages/airflow/example_dags/example_dag_decorator.py took 0.419 seconds
[2024-03-11T20:57:44.733+0000] {processor.py:161} INFO - Started process (PID=285) to work on /home/airflow/.local/lib/python3.8/site-packages/airflow/example_dags/example_dag_decorator.py
[2024-03-11T20:57:44.734+0000] {processor.py:830} INFO - Processing file /home/airflow/.local/lib/python3.8/site-packages/airflow/example_dags/example_dag_decorator.py for tasks to queue
[2024-03-11T20:57:44.736+0000] {logging_mixin.py:188} INFO - [2024-03-11T20:57:44.736+0000] {dagbag.py:540} INFO - Filling up the DagBag from /home/airflow/.local/lib/python3.8/site-packages/airflow/example_dags/example_dag_decorator.py
[2024-03-11T20:57:44.888+0000] {processor.py:840} INFO - DAG(s) 'example_dag_decorator' retrieved from /home/airflow/.local/lib/python3.8/site-packages/airflow/example_dags/example_dag_decorator.py
[2024-03-11T20:57:45.084+0000] {logging_mixin.py:188} INFO - [2024-03-11T20:57:45.083+0000] {dag.py:3047} INFO - Sync 1 DAGs
[2024-03-11T20:57:45.099+0000] {logging_mixin.py:188} INFO - [2024-03-11T20:57:45.098+0000] {dag.py:3834} INFO - Setting next_dagrun for example_dag_decorator to None, run_after=None
[2024-03-11T20:57:45.130+0000] {processor.py:183} INFO - Processing /home/airflow/.local/lib/python3.8/site-packages/airflow/example_dags/example_dag_decorator.py took 0.401 seconds
[2024-03-11T20:58:15.217+0000] {processor.py:161} INFO - Started process (PID=341) to work on /home/airflow/.local/lib/python3.8/site-packages/airflow/example_dags/example_dag_decorator.py
[2024-03-11T20:58:15.218+0000] {processor.py:830} INFO - Processing file /home/airflow/.local/lib/python3.8/site-packages/airflow/example_dags/example_dag_decorator.py for tasks to queue
[2024-03-11T20:58:15.221+0000] {logging_mixin.py:188} INFO - [2024-03-11T20:58:15.220+0000] {dagbag.py:540} INFO - Filling up the DagBag from /home/airflow/.local/lib/python3.8/site-packages/airflow/example_dags/example_dag_decorator.py
[2024-03-11T20:58:15.362+0000] {processor.py:840} INFO - DAG(s) 'example_dag_decorator' retrieved from /home/airflow/.local/lib/python3.8/site-packages/airflow/example_dags/example_dag_decorator.py
[2024-03-11T20:58:15.540+0000] {logging_mixin.py:188} INFO - [2024-03-11T20:58:15.539+0000] {dag.py:3047} INFO - Sync 1 DAGs
[2024-03-11T20:58:15.558+0000] {logging_mixin.py:188} INFO - [2024-03-11T20:58:15.557+0000] {dag.py:3834} INFO - Setting next_dagrun for example_dag_decorator to None, run_after=None
[2024-03-11T20:58:15.598+0000] {processor.py:183} INFO - Processing /home/airflow/.local/lib/python3.8/site-packages/airflow/example_dags/example_dag_decorator.py took 0.385 seconds
[2024-03-11T20:58:45.706+0000] {processor.py:161} INFO - Started process (PID=399) to work on /home/airflow/.local/lib/python3.8/site-packages/airflow/example_dags/example_dag_decorator.py
[2024-03-11T20:58:45.707+0000] {processor.py:830} INFO - Processing file /home/airflow/.local/lib/python3.8/site-packages/airflow/example_dags/example_dag_decorator.py for tasks to queue
[2024-03-11T20:58:45.710+0000] {logging_mixin.py:188} INFO - [2024-03-11T20:58:45.709+0000] {dagbag.py:540} INFO - Filling up the DagBag from /home/airflow/.local/lib/python3.8/site-packages/airflow/example_dags/example_dag_decorator.py
[2024-03-11T20:58:45.914+0000] {processor.py:840} INFO - DAG(s) 'example_dag_decorator' retrieved from /home/airflow/.local/lib/python3.8/site-packages/airflow/example_dags/example_dag_decorator.py
[2024-03-11T20:58:46.071+0000] {logging_mixin.py:188} INFO - [2024-03-11T20:58:46.071+0000] {dag.py:3047} INFO - Sync 1 DAGs
[2024-03-11T20:58:46.087+0000] {logging_mixin.py:188} INFO - [2024-03-11T20:58:46.086+0000] {dag.py:3834} INFO - Setting next_dagrun for example_dag_decorator to None, run_after=None
[2024-03-11T20:58:46.129+0000] {processor.py:183} INFO - Processing /home/airflow/.local/lib/python3.8/site-packages/airflow/example_dags/example_dag_decorator.py took 0.427 seconds
[2024-03-11T20:59:16.186+0000] {processor.py:161} INFO - Started process (PID=456) to work on /home/airflow/.local/lib/python3.8/site-packages/airflow/example_dags/example_dag_decorator.py
[2024-03-11T20:59:16.188+0000] {processor.py:830} INFO - Processing file /home/airflow/.local/lib/python3.8/site-packages/airflow/example_dags/example_dag_decorator.py for tasks to queue
[2024-03-11T20:59:16.190+0000] {logging_mixin.py:188} INFO - [2024-03-11T20:59:16.190+0000] {dagbag.py:540} INFO - Filling up the DagBag from /home/airflow/.local/lib/python3.8/site-packages/airflow/example_dags/example_dag_decorator.py
[2024-03-11T20:59:16.332+0000] {processor.py:840} INFO - DAG(s) 'example_dag_decorator' retrieved from /home/airflow/.local/lib/python3.8/site-packages/airflow/example_dags/example_dag_decorator.py
[2024-03-11T20:59:16.503+0000] {logging_mixin.py:188} INFO - [2024-03-11T20:59:16.503+0000] {dag.py:3047} INFO - Sync 1 DAGs
[2024-03-11T20:59:16.521+0000] {logging_mixin.py:188} INFO - [2024-03-11T20:59:16.520+0000] {dag.py:3834} INFO - Setting next_dagrun for example_dag_decorator to None, run_after=None
[2024-03-11T20:59:16.552+0000] {processor.py:183} INFO - Processing /home/airflow/.local/lib/python3.8/site-packages/airflow/example_dags/example_dag_decorator.py took 0.369 seconds
[2024-03-11T20:59:46.738+0000] {processor.py:161} INFO - Started process (PID=513) to work on /home/airflow/.local/lib/python3.8/site-packages/airflow/example_dags/example_dag_decorator.py
[2024-03-11T20:59:46.739+0000] {processor.py:830} INFO - Processing file /home/airflow/.local/lib/python3.8/site-packages/airflow/example_dags/example_dag_decorator.py for tasks to queue
[2024-03-11T20:59:46.741+0000] {logging_mixin.py:188} INFO - [2024-03-11T20:59:46.741+0000] {dagbag.py:540} INFO - Filling up the DagBag from /home/airflow/.local/lib/python3.8/site-packages/airflow/example_dags/example_dag_decorator.py
[2024-03-11T20:59:46.878+0000] {processor.py:840} INFO - DAG(s) 'example_dag_decorator' retrieved from /home/airflow/.local/lib/python3.8/site-packages/airflow/example_dags/example_dag_decorator.py
[2024-03-11T20:59:46.920+0000] {logging_mixin.py:188} INFO - [2024-03-11T20:59:46.919+0000] {dag.py:3047} INFO - Sync 1 DAGs
[2024-03-11T20:59:46.961+0000] {logging_mixin.py:188} INFO - [2024-03-11T20:59:46.961+0000] {dag.py:3834} INFO - Setting next_dagrun for example_dag_decorator to None, run_after=None
[2024-03-11T20:59:47.002+0000] {processor.py:183} INFO - Processing /home/airflow/.local/lib/python3.8/site-packages/airflow/example_dags/example_dag_decorator.py took 0.268 seconds
[2024-03-11T21:00:17.804+0000] {processor.py:161} INFO - Started process (PID=568) to work on /home/airflow/.local/lib/python3.8/site-packages/airflow/example_dags/example_dag_decorator.py
[2024-03-11T21:00:17.806+0000] {processor.py:830} INFO - Processing file /home/airflow/.local/lib/python3.8/site-packages/airflow/example_dags/example_dag_decorator.py for tasks to queue
[2024-03-11T21:00:17.809+0000] {logging_mixin.py:188} INFO - [2024-03-11T21:00:17.809+0000] {dagbag.py:540} INFO - Filling up the DagBag from /home/airflow/.local/lib/python3.8/site-packages/airflow/example_dags/example_dag_decorator.py
[2024-03-11T21:00:17.973+0000] {processor.py:840} INFO - DAG(s) 'example_dag_decorator' retrieved from /home/airflow/.local/lib/python3.8/site-packages/airflow/example_dags/example_dag_decorator.py
[2024-03-11T21:00:18.153+0000] {logging_mixin.py:188} INFO - [2024-03-11T21:00:18.153+0000] {dag.py:3047} INFO - Sync 1 DAGs
[2024-03-11T21:00:18.171+0000] {logging_mixin.py:188} INFO - [2024-03-11T21:00:18.170+0000] {dag.py:3834} INFO - Setting next_dagrun for example_dag_decorator to None, run_after=None
[2024-03-11T21:00:18.213+0000] {processor.py:183} INFO - Processing /home/airflow/.local/lib/python3.8/site-packages/airflow/example_dags/example_dag_decorator.py took 0.413 seconds
[2024-03-11T21:00:49.103+0000] {processor.py:161} INFO - Started process (PID=623) to work on /home/airflow/.local/lib/python3.8/site-packages/airflow/example_dags/example_dag_decorator.py
[2024-03-11T21:00:49.104+0000] {processor.py:830} INFO - Processing file /home/airflow/.local/lib/python3.8/site-packages/airflow/example_dags/example_dag_decorator.py for tasks to queue
[2024-03-11T21:00:49.106+0000] {logging_mixin.py:188} INFO - [2024-03-11T21:00:49.106+0000] {dagbag.py:540} INFO - Filling up the DagBag from /home/airflow/.local/lib/python3.8/site-packages/airflow/example_dags/example_dag_decorator.py
[2024-03-11T21:00:49.252+0000] {processor.py:840} INFO - DAG(s) 'example_dag_decorator' retrieved from /home/airflow/.local/lib/python3.8/site-packages/airflow/example_dags/example_dag_decorator.py
[2024-03-11T21:00:49.416+0000] {logging_mixin.py:188} INFO - [2024-03-11T21:00:49.415+0000] {dag.py:3047} INFO - Sync 1 DAGs
[2024-03-11T21:00:49.431+0000] {logging_mixin.py:188} INFO - [2024-03-11T21:00:49.431+0000] {dag.py:3834} INFO - Setting next_dagrun for example_dag_decorator to None, run_after=None
[2024-03-11T21:00:49.470+0000] {processor.py:183} INFO - Processing /home/airflow/.local/lib/python3.8/site-packages/airflow/example_dags/example_dag_decorator.py took 0.371 seconds
[2024-03-11T21:01:19.654+0000] {processor.py:161} INFO - Started process (PID=678) to work on /home/airflow/.local/lib/python3.8/site-packages/airflow/example_dags/example_dag_decorator.py
[2024-03-11T21:01:19.655+0000] {processor.py:830} INFO - Processing file /home/airflow/.local/lib/python3.8/site-packages/airflow/example_dags/example_dag_decorator.py for tasks to queue
[2024-03-11T21:01:19.658+0000] {logging_mixin.py:188} INFO - [2024-03-11T21:01:19.657+0000] {dagbag.py:540} INFO - Filling up the DagBag from /home/airflow/.local/lib/python3.8/site-packages/airflow/example_dags/example_dag_decorator.py
[2024-03-11T21:01:19.798+0000] {processor.py:840} INFO - DAG(s) 'example_dag_decorator' retrieved from /home/airflow/.local/lib/python3.8/site-packages/airflow/example_dags/example_dag_decorator.py
[2024-03-11T21:01:19.964+0000] {logging_mixin.py:188} INFO - [2024-03-11T21:01:19.963+0000] {dag.py:3047} INFO - Sync 1 DAGs
[2024-03-11T21:01:19.989+0000] {logging_mixin.py:188} INFO - [2024-03-11T21:01:19.988+0000] {dag.py:3834} INFO - Setting next_dagrun for example_dag_decorator to None, run_after=None
[2024-03-11T21:01:20.024+0000] {processor.py:183} INFO - Processing /home/airflow/.local/lib/python3.8/site-packages/airflow/example_dags/example_dag_decorator.py took 0.374 seconds
[2024-03-11T21:01:50.126+0000] {processor.py:161} INFO - Started process (PID=733) to work on /home/airflow/.local/lib/python3.8/site-packages/airflow/example_dags/example_dag_decorator.py
[2024-03-11T21:01:50.127+0000] {processor.py:830} INFO - Processing file /home/airflow/.local/lib/python3.8/site-packages/airflow/example_dags/example_dag_decorator.py for tasks to queue
[2024-03-11T21:01:50.130+0000] {logging_mixin.py:188} INFO - [2024-03-11T21:01:50.129+0000] {dagbag.py:540} INFO - Filling up the DagBag from /home/airflow/.local/lib/python3.8/site-packages/airflow/example_dags/example_dag_decorator.py
[2024-03-11T21:01:50.277+0000] {processor.py:840} INFO - DAG(s) 'example_dag_decorator' retrieved from /home/airflow/.local/lib/python3.8/site-packages/airflow/example_dags/example_dag_decorator.py
[2024-03-11T21:01:50.443+0000] {logging_mixin.py:188} INFO - [2024-03-11T21:01:50.443+0000] {dag.py:3047} INFO - Sync 1 DAGs
[2024-03-11T21:01:50.463+0000] {logging_mixin.py:188} INFO - [2024-03-11T21:01:50.463+0000] {dag.py:3834} INFO - Setting next_dagrun for example_dag_decorator to None, run_after=None
[2024-03-11T21:01:50.496+0000] {processor.py:183} INFO - Processing /home/airflow/.local/lib/python3.8/site-packages/airflow/example_dags/example_dag_decorator.py took 0.373 seconds
[2024-03-11T21:02:20.642+0000] {processor.py:161} INFO - Started process (PID=788) to work on /home/airflow/.local/lib/python3.8/site-packages/airflow/example_dags/example_dag_decorator.py
[2024-03-11T21:02:20.644+0000] {processor.py:830} INFO - Processing file /home/airflow/.local/lib/python3.8/site-packages/airflow/example_dags/example_dag_decorator.py for tasks to queue
[2024-03-11T21:02:20.646+0000] {logging_mixin.py:188} INFO - [2024-03-11T21:02:20.645+0000] {dagbag.py:540} INFO - Filling up the DagBag from /home/airflow/.local/lib/python3.8/site-packages/airflow/example_dags/example_dag_decorator.py
[2024-03-11T21:02:20.800+0000] {processor.py:840} INFO - DAG(s) 'example_dag_decorator' retrieved from /home/airflow/.local/lib/python3.8/site-packages/airflow/example_dags/example_dag_decorator.py
[2024-03-11T21:02:20.959+0000] {logging_mixin.py:188} INFO - [2024-03-11T21:02:20.958+0000] {dag.py:3047} INFO - Sync 1 DAGs
[2024-03-11T21:02:20.975+0000] {logging_mixin.py:188} INFO - [2024-03-11T21:02:20.975+0000] {dag.py:3834} INFO - Setting next_dagrun for example_dag_decorator to None, run_after=None
[2024-03-11T21:02:21.015+0000] {processor.py:183} INFO - Processing /home/airflow/.local/lib/python3.8/site-packages/airflow/example_dags/example_dag_decorator.py took 0.376 seconds
[2024-03-11T21:02:51.536+0000] {processor.py:161} INFO - Started process (PID=843) to work on /home/airflow/.local/lib/python3.8/site-packages/airflow/example_dags/example_dag_decorator.py
[2024-03-11T21:02:51.538+0000] {processor.py:830} INFO - Processing file /home/airflow/.local/lib/python3.8/site-packages/airflow/example_dags/example_dag_decorator.py for tasks to queue
[2024-03-11T21:02:51.541+0000] {logging_mixin.py:188} INFO - [2024-03-11T21:02:51.541+0000] {dagbag.py:540} INFO - Filling up the DagBag from /home/airflow/.local/lib/python3.8/site-packages/airflow/example_dags/example_dag_decorator.py
[2024-03-11T21:02:51.707+0000] {processor.py:840} INFO - DAG(s) 'example_dag_decorator' retrieved from /home/airflow/.local/lib/python3.8/site-packages/airflow/example_dags/example_dag_decorator.py
[2024-03-11T21:02:51.876+0000] {logging_mixin.py:188} INFO - [2024-03-11T21:02:51.875+0000] {dag.py:3047} INFO - Sync 1 DAGs
[2024-03-11T21:02:51.894+0000] {logging_mixin.py:188} INFO - [2024-03-11T21:02:51.894+0000] {dag.py:3834} INFO - Setting next_dagrun for example_dag_decorator to None, run_after=None
[2024-03-11T21:02:51.934+0000] {processor.py:183} INFO - Processing /home/airflow/.local/lib/python3.8/site-packages/airflow/example_dags/example_dag_decorator.py took 0.402 seconds
[2024-03-11T21:03:22.085+0000] {processor.py:161} INFO - Started process (PID=899) to work on /home/airflow/.local/lib/python3.8/site-packages/airflow/example_dags/example_dag_decorator.py
[2024-03-11T21:03:22.087+0000] {processor.py:830} INFO - Processing file /home/airflow/.local/lib/python3.8/site-packages/airflow/example_dags/example_dag_decorator.py for tasks to queue
[2024-03-11T21:03:22.089+0000] {logging_mixin.py:188} INFO - [2024-03-11T21:03:22.089+0000] {dagbag.py:540} INFO - Filling up the DagBag from /home/airflow/.local/lib/python3.8/site-packages/airflow/example_dags/example_dag_decorator.py
[2024-03-11T21:03:22.246+0000] {processor.py:840} INFO - DAG(s) 'example_dag_decorator' retrieved from /home/airflow/.local/lib/python3.8/site-packages/airflow/example_dags/example_dag_decorator.py
[2024-03-11T21:03:22.404+0000] {logging_mixin.py:188} INFO - [2024-03-11T21:03:22.404+0000] {dag.py:3047} INFO - Sync 1 DAGs
[2024-03-11T21:03:22.427+0000] {logging_mixin.py:188} INFO - [2024-03-11T21:03:22.427+0000] {dag.py:3834} INFO - Setting next_dagrun for example_dag_decorator to None, run_after=None
[2024-03-11T21:03:22.461+0000] {processor.py:183} INFO - Processing /home/airflow/.local/lib/python3.8/site-packages/airflow/example_dags/example_dag_decorator.py took 0.381 seconds
[2024-03-11T21:03:52.523+0000] {processor.py:161} INFO - Started process (PID=954) to work on /home/airflow/.local/lib/python3.8/site-packages/airflow/example_dags/example_dag_decorator.py
[2024-03-11T21:03:52.525+0000] {processor.py:830} INFO - Processing file /home/airflow/.local/lib/python3.8/site-packages/airflow/example_dags/example_dag_decorator.py for tasks to queue
[2024-03-11T21:03:52.527+0000] {logging_mixin.py:188} INFO - [2024-03-11T21:03:52.527+0000] {dagbag.py:540} INFO - Filling up the DagBag from /home/airflow/.local/lib/python3.8/site-packages/airflow/example_dags/example_dag_decorator.py
[2024-03-11T21:03:52.688+0000] {processor.py:840} INFO - DAG(s) 'example_dag_decorator' retrieved from /home/airflow/.local/lib/python3.8/site-packages/airflow/example_dags/example_dag_decorator.py
[2024-03-11T21:03:52.861+0000] {logging_mixin.py:188} INFO - [2024-03-11T21:03:52.860+0000] {dag.py:3047} INFO - Sync 1 DAGs
[2024-03-11T21:03:52.877+0000] {logging_mixin.py:188} INFO - [2024-03-11T21:03:52.876+0000] {dag.py:3834} INFO - Setting next_dagrun for example_dag_decorator to None, run_after=None
[2024-03-11T21:03:52.915+0000] {processor.py:183} INFO - Processing /home/airflow/.local/lib/python3.8/site-packages/airflow/example_dags/example_dag_decorator.py took 0.396 seconds
[2024-03-11T21:04:23.038+0000] {processor.py:161} INFO - Started process (PID=1010) to work on /home/airflow/.local/lib/python3.8/site-packages/airflow/example_dags/example_dag_decorator.py
[2024-03-11T21:04:23.039+0000] {processor.py:830} INFO - Processing file /home/airflow/.local/lib/python3.8/site-packages/airflow/example_dags/example_dag_decorator.py for tasks to queue
[2024-03-11T21:04:23.042+0000] {logging_mixin.py:188} INFO - [2024-03-11T21:04:23.041+0000] {dagbag.py:540} INFO - Filling up the DagBag from /home/airflow/.local/lib/python3.8/site-packages/airflow/example_dags/example_dag_decorator.py
[2024-03-11T21:04:23.194+0000] {processor.py:840} INFO - DAG(s) 'example_dag_decorator' retrieved from /home/airflow/.local/lib/python3.8/site-packages/airflow/example_dags/example_dag_decorator.py
[2024-03-11T21:04:23.362+0000] {logging_mixin.py:188} INFO - [2024-03-11T21:04:23.362+0000] {dag.py:3047} INFO - Sync 1 DAGs
[2024-03-11T21:04:23.379+0000] {logging_mixin.py:188} INFO - [2024-03-11T21:04:23.378+0000] {dag.py:3834} INFO - Setting next_dagrun for example_dag_decorator to None, run_after=None
[2024-03-11T21:04:23.410+0000] {processor.py:183} INFO - Processing /home/airflow/.local/lib/python3.8/site-packages/airflow/example_dags/example_dag_decorator.py took 0.376 seconds
[2024-03-11T21:04:53.867+0000] {processor.py:161} INFO - Started process (PID=1067) to work on /home/airflow/.local/lib/python3.8/site-packages/airflow/example_dags/example_dag_decorator.py
[2024-03-11T21:04:53.868+0000] {processor.py:830} INFO - Processing file /home/airflow/.local/lib/python3.8/site-packages/airflow/example_dags/example_dag_decorator.py for tasks to queue
[2024-03-11T21:04:53.871+0000] {logging_mixin.py:188} INFO - [2024-03-11T21:04:53.871+0000] {dagbag.py:540} INFO - Filling up the DagBag from /home/airflow/.local/lib/python3.8/site-packages/airflow/example_dags/example_dag_decorator.py
[2024-03-11T21:04:54.029+0000] {processor.py:840} INFO - DAG(s) 'example_dag_decorator' retrieved from /home/airflow/.local/lib/python3.8/site-packages/airflow/example_dags/example_dag_decorator.py
[2024-03-11T21:04:54.215+0000] {logging_mixin.py:188} INFO - [2024-03-11T21:04:54.215+0000] {dag.py:3047} INFO - Sync 1 DAGs
[2024-03-11T21:04:54.230+0000] {logging_mixin.py:188} INFO - [2024-03-11T21:04:54.230+0000] {dag.py:3834} INFO - Setting next_dagrun for example_dag_decorator to None, run_after=None
[2024-03-11T21:04:54.260+0000] {processor.py:183} INFO - Processing /home/airflow/.local/lib/python3.8/site-packages/airflow/example_dags/example_dag_decorator.py took 0.396 seconds
[2024-03-11T21:05:24.393+0000] {processor.py:161} INFO - Started process (PID=1122) to work on /home/airflow/.local/lib/python3.8/site-packages/airflow/example_dags/example_dag_decorator.py
[2024-03-11T21:05:24.394+0000] {processor.py:830} INFO - Processing file /home/airflow/.local/lib/python3.8/site-packages/airflow/example_dags/example_dag_decorator.py for tasks to queue
[2024-03-11T21:05:24.397+0000] {logging_mixin.py:188} INFO - [2024-03-11T21:05:24.396+0000] {dagbag.py:540} INFO - Filling up the DagBag from /home/airflow/.local/lib/python3.8/site-packages/airflow/example_dags/example_dag_decorator.py
[2024-03-11T21:05:24.549+0000] {processor.py:840} INFO - DAG(s) 'example_dag_decorator' retrieved from /home/airflow/.local/lib/python3.8/site-packages/airflow/example_dags/example_dag_decorator.py
[2024-03-11T21:05:24.769+0000] {logging_mixin.py:188} INFO - [2024-03-11T21:05:24.768+0000] {dag.py:3047} INFO - Sync 1 DAGs
[2024-03-11T21:05:24.797+0000] {logging_mixin.py:188} INFO - [2024-03-11T21:05:24.796+0000] {dag.py:3834} INFO - Setting next_dagrun for example_dag_decorator to None, run_after=None
[2024-03-11T21:05:24.845+0000] {processor.py:183} INFO - Processing /home/airflow/.local/lib/python3.8/site-packages/airflow/example_dags/example_dag_decorator.py took 0.456 seconds
[2024-03-11T21:05:54.888+0000] {processor.py:161} INFO - Started process (PID=1177) to work on /home/airflow/.local/lib/python3.8/site-packages/airflow/example_dags/example_dag_decorator.py
[2024-03-11T21:05:54.890+0000] {processor.py:830} INFO - Processing file /home/airflow/.local/lib/python3.8/site-packages/airflow/example_dags/example_dag_decorator.py for tasks to queue
[2024-03-11T21:05:54.892+0000] {logging_mixin.py:188} INFO - [2024-03-11T21:05:54.891+0000] {dagbag.py:540} INFO - Filling up the DagBag from /home/airflow/.local/lib/python3.8/site-packages/airflow/example_dags/example_dag_decorator.py
[2024-03-11T21:05:55.040+0000] {processor.py:840} INFO - DAG(s) 'example_dag_decorator' retrieved from /home/airflow/.local/lib/python3.8/site-packages/airflow/example_dags/example_dag_decorator.py
[2024-03-11T21:05:55.215+0000] {logging_mixin.py:188} INFO - [2024-03-11T21:05:55.215+0000] {dag.py:3047} INFO - Sync 1 DAGs
[2024-03-11T21:05:55.231+0000] {logging_mixin.py:188} INFO - [2024-03-11T21:05:55.230+0000] {dag.py:3834} INFO - Setting next_dagrun for example_dag_decorator to None, run_after=None
[2024-03-11T21:05:55.272+0000] {processor.py:183} INFO - Processing /home/airflow/.local/lib/python3.8/site-packages/airflow/example_dags/example_dag_decorator.py took 0.387 seconds
[2024-03-11T21:06:25.657+0000] {processor.py:161} INFO - Started process (PID=1233) to work on /home/airflow/.local/lib/python3.8/site-packages/airflow/example_dags/example_dag_decorator.py
[2024-03-11T21:06:25.658+0000] {processor.py:830} INFO - Processing file /home/airflow/.local/lib/python3.8/site-packages/airflow/example_dags/example_dag_decorator.py for tasks to queue
[2024-03-11T21:06:25.660+0000] {logging_mixin.py:188} INFO - [2024-03-11T21:06:25.660+0000] {dagbag.py:540} INFO - Filling up the DagBag from /home/airflow/.local/lib/python3.8/site-packages/airflow/example_dags/example_dag_decorator.py
[2024-03-11T21:06:25.820+0000] {processor.py:840} INFO - DAG(s) 'example_dag_decorator' retrieved from /home/airflow/.local/lib/python3.8/site-packages/airflow/example_dags/example_dag_decorator.py
[2024-03-11T21:06:25.976+0000] {logging_mixin.py:188} INFO - [2024-03-11T21:06:25.976+0000] {dag.py:3047} INFO - Sync 1 DAGs
[2024-03-11T21:06:25.993+0000] {logging_mixin.py:188} INFO - [2024-03-11T21:06:25.993+0000] {dag.py:3834} INFO - Setting next_dagrun for example_dag_decorator to None, run_after=None
[2024-03-11T21:06:26.026+0000] {processor.py:183} INFO - Processing /home/airflow/.local/lib/python3.8/site-packages/airflow/example_dags/example_dag_decorator.py took 0.372 seconds
[2024-03-11T21:06:56.198+0000] {processor.py:161} INFO - Started process (PID=1288) to work on /home/airflow/.local/lib/python3.8/site-packages/airflow/example_dags/example_dag_decorator.py
[2024-03-11T21:06:56.199+0000] {processor.py:830} INFO - Processing file /home/airflow/.local/lib/python3.8/site-packages/airflow/example_dags/example_dag_decorator.py for tasks to queue
[2024-03-11T21:06:56.202+0000] {logging_mixin.py:188} INFO - [2024-03-11T21:06:56.201+0000] {dagbag.py:540} INFO - Filling up the DagBag from /home/airflow/.local/lib/python3.8/site-packages/airflow/example_dags/example_dag_decorator.py
[2024-03-11T21:06:56.356+0000] {processor.py:840} INFO - DAG(s) 'example_dag_decorator' retrieved from /home/airflow/.local/lib/python3.8/site-packages/airflow/example_dags/example_dag_decorator.py
[2024-03-11T21:06:56.390+0000] {logging_mixin.py:188} INFO - [2024-03-11T21:06:56.389+0000] {dag.py:3047} INFO - Sync 1 DAGs
[2024-03-11T21:06:56.407+0000] {logging_mixin.py:188} INFO - [2024-03-11T21:06:56.406+0000] {dag.py:3834} INFO - Setting next_dagrun for example_dag_decorator to None, run_after=None
[2024-03-11T21:06:56.444+0000] {processor.py:183} INFO - Processing /home/airflow/.local/lib/python3.8/site-packages/airflow/example_dags/example_dag_decorator.py took 0.250 seconds
