[2024-03-11T20:55:44.024+0000] {processor.py:161} INFO - Started process (PID=74) to work on /home/airflow/.local/lib/python3.8/site-packages/airflow/example_dags/example_datasets.py
[2024-03-11T20:55:44.025+0000] {processor.py:830} INFO - Processing file /home/airflow/.local/lib/python3.8/site-packages/airflow/example_dags/example_datasets.py for tasks to queue
[2024-03-11T20:55:44.027+0000] {logging_mixin.py:188} INFO - [2024-03-11T20:55:44.027+0000] {dagbag.py:540} INFO - Filling up the DagBag from /home/airflow/.local/lib/python3.8/site-packages/airflow/example_dags/example_datasets.py
[2024-03-11T20:55:44.040+0000] {processor.py:840} INFO - DAG(s) 'dataset_produces_1', 'dataset_consumes_unknown_never_scheduled', 'dataset_consumes_1_never_scheduled', 'dataset_produces_2', 'dataset_consumes_1_and_2', 'dataset_consumes_1' retrieved from /home/airflow/.local/lib/python3.8/site-packages/airflow/example_dags/example_datasets.py
[2024-03-11T20:55:44.242+0000] {logging_mixin.py:188} INFO - [2024-03-11T20:55:44.241+0000] {override.py:1769} INFO - Created Permission View: can read on DAG:dataset_produces_1
[2024-03-11T20:55:44.265+0000] {logging_mixin.py:188} INFO - [2024-03-11T20:55:44.264+0000] {override.py:1769} INFO - Created Permission View: can delete on DAG:dataset_produces_1
[2024-03-11T20:55:44.279+0000] {logging_mixin.py:188} INFO - [2024-03-11T20:55:44.279+0000] {override.py:1769} INFO - Created Permission View: can edit on DAG:dataset_produces_1
[2024-03-11T20:55:44.303+0000] {logging_mixin.py:188} INFO - [2024-03-11T20:55:44.303+0000] {override.py:1769} INFO - Created Permission View: can read on DAG:dataset_consumes_unknown_never_scheduled
[2024-03-11T20:55:44.316+0000] {logging_mixin.py:188} INFO - [2024-03-11T20:55:44.316+0000] {override.py:1769} INFO - Created Permission View: can delete on DAG:dataset_consumes_unknown_never_scheduled
[2024-03-11T20:55:44.333+0000] {logging_mixin.py:188} INFO - [2024-03-11T20:55:44.333+0000] {override.py:1769} INFO - Created Permission View: can edit on DAG:dataset_consumes_unknown_never_scheduled
[2024-03-11T20:55:44.356+0000] {logging_mixin.py:188} INFO - [2024-03-11T20:55:44.355+0000] {override.py:1769} INFO - Created Permission View: can read on DAG:dataset_consumes_1_never_scheduled
[2024-03-11T20:55:44.368+0000] {logging_mixin.py:188} INFO - [2024-03-11T20:55:44.368+0000] {override.py:1769} INFO - Created Permission View: can delete on DAG:dataset_consumes_1_never_scheduled
[2024-03-11T20:55:44.380+0000] {logging_mixin.py:188} INFO - [2024-03-11T20:55:44.380+0000] {override.py:1769} INFO - Created Permission View: can edit on DAG:dataset_consumes_1_never_scheduled
[2024-03-11T20:55:44.403+0000] {logging_mixin.py:188} INFO - [2024-03-11T20:55:44.402+0000] {override.py:1769} INFO - Created Permission View: can read on DAG:dataset_produces_2
[2024-03-11T20:55:44.414+0000] {logging_mixin.py:188} INFO - [2024-03-11T20:55:44.414+0000] {override.py:1769} INFO - Created Permission View: can delete on DAG:dataset_produces_2
[2024-03-11T20:55:44.426+0000] {logging_mixin.py:188} INFO - [2024-03-11T20:55:44.426+0000] {override.py:1769} INFO - Created Permission View: can edit on DAG:dataset_produces_2
[2024-03-11T20:55:44.449+0000] {logging_mixin.py:188} INFO - [2024-03-11T20:55:44.449+0000] {override.py:1769} INFO - Created Permission View: can read on DAG:dataset_consumes_1_and_2
[2024-03-11T20:55:44.462+0000] {logging_mixin.py:188} INFO - [2024-03-11T20:55:44.461+0000] {override.py:1769} INFO - Created Permission View: can delete on DAG:dataset_consumes_1_and_2
[2024-03-11T20:55:44.476+0000] {logging_mixin.py:188} INFO - [2024-03-11T20:55:44.476+0000] {override.py:1769} INFO - Created Permission View: can edit on DAG:dataset_consumes_1_and_2
[2024-03-11T20:55:44.499+0000] {logging_mixin.py:188} INFO - [2024-03-11T20:55:44.498+0000] {override.py:1769} INFO - Created Permission View: can read on DAG:dataset_consumes_1
[2024-03-11T20:55:44.513+0000] {logging_mixin.py:188} INFO - [2024-03-11T20:55:44.512+0000] {override.py:1769} INFO - Created Permission View: can delete on DAG:dataset_consumes_1
[2024-03-11T20:55:44.525+0000] {logging_mixin.py:188} INFO - [2024-03-11T20:55:44.525+0000] {override.py:1769} INFO - Created Permission View: can edit on DAG:dataset_consumes_1
[2024-03-11T20:55:44.526+0000] {logging_mixin.py:188} INFO - [2024-03-11T20:55:44.526+0000] {dag.py:3047} INFO - Sync 6 DAGs
[2024-03-11T20:55:44.551+0000] {logging_mixin.py:188} INFO - [2024-03-11T20:55:44.551+0000] {dag.py:3069} INFO - Creating ORM DAG for dataset_produces_1
[2024-03-11T20:55:44.552+0000] {logging_mixin.py:188} INFO - [2024-03-11T20:55:44.552+0000] {dag.py:3069} INFO - Creating ORM DAG for dataset_consumes_1_never_scheduled
[2024-03-11T20:55:44.554+0000] {logging_mixin.py:188} INFO - [2024-03-11T20:55:44.554+0000] {dag.py:3069} INFO - Creating ORM DAG for dataset_consumes_1
[2024-03-11T20:55:44.556+0000] {logging_mixin.py:188} INFO - [2024-03-11T20:55:44.555+0000] {dag.py:3069} INFO - Creating ORM DAG for dataset_produces_2
[2024-03-11T20:55:44.557+0000] {logging_mixin.py:188} INFO - [2024-03-11T20:55:44.557+0000] {dag.py:3069} INFO - Creating ORM DAG for dataset_consumes_unknown_never_scheduled
[2024-03-11T20:55:44.558+0000] {logging_mixin.py:188} INFO - [2024-03-11T20:55:44.558+0000] {dag.py:3069} INFO - Creating ORM DAG for dataset_consumes_1_and_2
[2024-03-11T20:55:44.576+0000] {logging_mixin.py:188} INFO - [2024-03-11T20:55:44.576+0000] {dag.py:3834} INFO - Setting next_dagrun for dataset_consumes_1 to None, run_after=None
[2024-03-11T20:55:44.578+0000] {logging_mixin.py:188} INFO - [2024-03-11T20:55:44.578+0000] {dag.py:3834} INFO - Setting next_dagrun for dataset_consumes_1_and_2 to None, run_after=None
[2024-03-11T20:55:44.580+0000] {logging_mixin.py:188} INFO - [2024-03-11T20:55:44.579+0000] {dag.py:3834} INFO - Setting next_dagrun for dataset_consumes_1_never_scheduled to None, run_after=None
[2024-03-11T20:55:44.581+0000] {logging_mixin.py:188} INFO - [2024-03-11T20:55:44.581+0000] {dag.py:3834} INFO - Setting next_dagrun for dataset_consumes_unknown_never_scheduled to None, run_after=None
[2024-03-11T20:55:44.586+0000] {logging_mixin.py:188} INFO - [2024-03-11T20:55:44.586+0000] {dag.py:3834} INFO - Setting next_dagrun for dataset_produces_1 to 2024-03-10 00:00:00+00:00, run_after=2024-03-11 00:00:00+00:00
[2024-03-11T20:55:44.588+0000] {logging_mixin.py:188} INFO - [2024-03-11T20:55:44.588+0000] {dag.py:3834} INFO - Setting next_dagrun for dataset_produces_2 to None, run_after=None
[2024-03-11T20:55:44.662+0000] {processor.py:183} INFO - Processing /home/airflow/.local/lib/python3.8/site-packages/airflow/example_dags/example_datasets.py took 0.642 seconds
[2024-03-11T20:56:15.076+0000] {processor.py:161} INFO - Started process (PID=129) to work on /home/airflow/.local/lib/python3.8/site-packages/airflow/example_dags/example_datasets.py
[2024-03-11T20:56:15.077+0000] {processor.py:830} INFO - Processing file /home/airflow/.local/lib/python3.8/site-packages/airflow/example_dags/example_datasets.py for tasks to queue
[2024-03-11T20:56:15.079+0000] {logging_mixin.py:188} INFO - [2024-03-11T20:56:15.079+0000] {dagbag.py:540} INFO - Filling up the DagBag from /home/airflow/.local/lib/python3.8/site-packages/airflow/example_dags/example_datasets.py
[2024-03-11T20:56:15.091+0000] {processor.py:840} INFO - DAG(s) 'dataset_consumes_1_never_scheduled', 'dataset_produces_1', 'dataset_produces_2', 'dataset_consumes_1_and_2', 'dataset_consumes_1', 'dataset_consumes_unknown_never_scheduled' retrieved from /home/airflow/.local/lib/python3.8/site-packages/airflow/example_dags/example_datasets.py
[2024-03-11T20:56:15.149+0000] {logging_mixin.py:188} INFO - [2024-03-11T20:56:15.148+0000] {dag.py:3047} INFO - Sync 6 DAGs
[2024-03-11T20:56:15.186+0000] {logging_mixin.py:188} INFO - [2024-03-11T20:56:15.185+0000] {dag.py:3834} INFO - Setting next_dagrun for dataset_consumes_1 to None, run_after=None
[2024-03-11T20:56:15.194+0000] {logging_mixin.py:188} INFO - [2024-03-11T20:56:15.194+0000] {dag.py:3834} INFO - Setting next_dagrun for dataset_consumes_1_and_2 to None, run_after=None
[2024-03-11T20:56:15.197+0000] {logging_mixin.py:188} INFO - [2024-03-11T20:56:15.196+0000] {dag.py:3834} INFO - Setting next_dagrun for dataset_consumes_1_never_scheduled to None, run_after=None
[2024-03-11T20:56:15.199+0000] {logging_mixin.py:188} INFO - [2024-03-11T20:56:15.199+0000] {dag.py:3834} INFO - Setting next_dagrun for dataset_consumes_unknown_never_scheduled to None, run_after=None
[2024-03-11T20:56:15.205+0000] {logging_mixin.py:188} INFO - [2024-03-11T20:56:15.204+0000] {dag.py:3834} INFO - Setting next_dagrun for dataset_produces_1 to 2024-03-10 00:00:00+00:00, run_after=2024-03-11 00:00:00+00:00
[2024-03-11T20:56:15.207+0000] {logging_mixin.py:188} INFO - [2024-03-11T20:56:15.207+0000] {dag.py:3834} INFO - Setting next_dagrun for dataset_produces_2 to None, run_after=None
[2024-03-11T20:56:15.269+0000] {processor.py:183} INFO - Processing /home/airflow/.local/lib/python3.8/site-packages/airflow/example_dags/example_datasets.py took 0.197 seconds
[2024-03-11T20:56:45.518+0000] {processor.py:161} INFO - Started process (PID=184) to work on /home/airflow/.local/lib/python3.8/site-packages/airflow/example_dags/example_datasets.py
[2024-03-11T20:56:45.520+0000] {processor.py:830} INFO - Processing file /home/airflow/.local/lib/python3.8/site-packages/airflow/example_dags/example_datasets.py for tasks to queue
[2024-03-11T20:56:45.522+0000] {logging_mixin.py:188} INFO - [2024-03-11T20:56:45.522+0000] {dagbag.py:540} INFO - Filling up the DagBag from /home/airflow/.local/lib/python3.8/site-packages/airflow/example_dags/example_datasets.py
[2024-03-11T20:56:45.541+0000] {processor.py:840} INFO - DAG(s) 'dataset_consumes_1_and_2', 'dataset_produces_2', 'dataset_consumes_1_never_scheduled', 'dataset_consumes_unknown_never_scheduled', 'dataset_consumes_1', 'dataset_produces_1' retrieved from /home/airflow/.local/lib/python3.8/site-packages/airflow/example_dags/example_datasets.py
[2024-03-11T20:56:45.610+0000] {logging_mixin.py:188} INFO - [2024-03-11T20:56:45.609+0000] {dag.py:3047} INFO - Sync 6 DAGs
[2024-03-11T20:56:45.658+0000] {logging_mixin.py:188} INFO - [2024-03-11T20:56:45.657+0000] {dag.py:3834} INFO - Setting next_dagrun for dataset_consumes_1 to None, run_after=None
[2024-03-11T20:56:45.664+0000] {logging_mixin.py:188} INFO - [2024-03-11T20:56:45.664+0000] {dag.py:3834} INFO - Setting next_dagrun for dataset_consumes_1_and_2 to None, run_after=None
[2024-03-11T20:56:45.667+0000] {logging_mixin.py:188} INFO - [2024-03-11T20:56:45.666+0000] {dag.py:3834} INFO - Setting next_dagrun for dataset_consumes_1_never_scheduled to None, run_after=None
[2024-03-11T20:56:45.669+0000] {logging_mixin.py:188} INFO - [2024-03-11T20:56:45.669+0000] {dag.py:3834} INFO - Setting next_dagrun for dataset_consumes_unknown_never_scheduled to None, run_after=None
[2024-03-11T20:56:45.675+0000] {logging_mixin.py:188} INFO - [2024-03-11T20:56:45.674+0000] {dag.py:3834} INFO - Setting next_dagrun for dataset_produces_1 to 2024-03-10 00:00:00+00:00, run_after=2024-03-11 00:00:00+00:00
[2024-03-11T20:56:45.677+0000] {logging_mixin.py:188} INFO - [2024-03-11T20:56:45.677+0000] {dag.py:3834} INFO - Setting next_dagrun for dataset_produces_2 to None, run_after=None
[2024-03-11T20:56:45.737+0000] {processor.py:183} INFO - Processing /home/airflow/.local/lib/python3.8/site-packages/airflow/example_dags/example_datasets.py took 0.223 seconds
[2024-03-11T20:57:16.139+0000] {processor.py:161} INFO - Started process (PID=239) to work on /home/airflow/.local/lib/python3.8/site-packages/airflow/example_dags/example_datasets.py
[2024-03-11T20:57:16.140+0000] {processor.py:830} INFO - Processing file /home/airflow/.local/lib/python3.8/site-packages/airflow/example_dags/example_datasets.py for tasks to queue
[2024-03-11T20:57:16.143+0000] {logging_mixin.py:188} INFO - [2024-03-11T20:57:16.143+0000] {dagbag.py:540} INFO - Filling up the DagBag from /home/airflow/.local/lib/python3.8/site-packages/airflow/example_dags/example_datasets.py
[2024-03-11T20:57:16.156+0000] {processor.py:840} INFO - DAG(s) 'dataset_consumes_1_never_scheduled', 'dataset_consumes_1_and_2', 'dataset_consumes_unknown_never_scheduled', 'dataset_consumes_1', 'dataset_produces_2', 'dataset_produces_1' retrieved from /home/airflow/.local/lib/python3.8/site-packages/airflow/example_dags/example_datasets.py
[2024-03-11T20:57:16.222+0000] {logging_mixin.py:188} INFO - [2024-03-11T20:57:16.221+0000] {dag.py:3047} INFO - Sync 6 DAGs
[2024-03-11T20:57:16.259+0000] {logging_mixin.py:188} INFO - [2024-03-11T20:57:16.258+0000] {dag.py:3834} INFO - Setting next_dagrun for dataset_consumes_1 to None, run_after=None
[2024-03-11T20:57:16.266+0000] {logging_mixin.py:188} INFO - [2024-03-11T20:57:16.266+0000] {dag.py:3834} INFO - Setting next_dagrun for dataset_consumes_1_and_2 to None, run_after=None
[2024-03-11T20:57:16.269+0000] {logging_mixin.py:188} INFO - [2024-03-11T20:57:16.268+0000] {dag.py:3834} INFO - Setting next_dagrun for dataset_consumes_1_never_scheduled to None, run_after=None
[2024-03-11T20:57:16.271+0000] {logging_mixin.py:188} INFO - [2024-03-11T20:57:16.270+0000] {dag.py:3834} INFO - Setting next_dagrun for dataset_consumes_unknown_never_scheduled to None, run_after=None
[2024-03-11T20:57:16.276+0000] {logging_mixin.py:188} INFO - [2024-03-11T20:57:16.275+0000] {dag.py:3834} INFO - Setting next_dagrun for dataset_produces_1 to 2024-03-10 00:00:00+00:00, run_after=2024-03-11 00:00:00+00:00
[2024-03-11T20:57:16.278+0000] {logging_mixin.py:188} INFO - [2024-03-11T20:57:16.278+0000] {dag.py:3834} INFO - Setting next_dagrun for dataset_produces_2 to None, run_after=None
[2024-03-11T20:57:16.337+0000] {processor.py:183} INFO - Processing /home/airflow/.local/lib/python3.8/site-packages/airflow/example_dags/example_datasets.py took 0.203 seconds
[2024-03-11T20:57:46.512+0000] {processor.py:161} INFO - Started process (PID=294) to work on /home/airflow/.local/lib/python3.8/site-packages/airflow/example_dags/example_datasets.py
[2024-03-11T20:57:46.514+0000] {processor.py:830} INFO - Processing file /home/airflow/.local/lib/python3.8/site-packages/airflow/example_dags/example_datasets.py for tasks to queue
[2024-03-11T20:57:46.516+0000] {logging_mixin.py:188} INFO - [2024-03-11T20:57:46.516+0000] {dagbag.py:540} INFO - Filling up the DagBag from /home/airflow/.local/lib/python3.8/site-packages/airflow/example_dags/example_datasets.py
[2024-03-11T20:57:46.528+0000] {processor.py:840} INFO - DAG(s) 'dataset_produces_1', 'dataset_consumes_1_never_scheduled', 'dataset_consumes_1', 'dataset_produces_2', 'dataset_consumes_unknown_never_scheduled', 'dataset_consumes_1_and_2' retrieved from /home/airflow/.local/lib/python3.8/site-packages/airflow/example_dags/example_datasets.py
[2024-03-11T20:57:46.603+0000] {logging_mixin.py:188} INFO - [2024-03-11T20:57:46.603+0000] {dag.py:3047} INFO - Sync 6 DAGs
[2024-03-11T20:57:46.638+0000] {logging_mixin.py:188} INFO - [2024-03-11T20:57:46.638+0000] {dag.py:3834} INFO - Setting next_dagrun for dataset_consumes_1 to None, run_after=None
[2024-03-11T20:57:46.645+0000] {logging_mixin.py:188} INFO - [2024-03-11T20:57:46.644+0000] {dag.py:3834} INFO - Setting next_dagrun for dataset_consumes_1_and_2 to None, run_after=None
[2024-03-11T20:57:46.647+0000] {logging_mixin.py:188} INFO - [2024-03-11T20:57:46.647+0000] {dag.py:3834} INFO - Setting next_dagrun for dataset_consumes_1_never_scheduled to None, run_after=None
[2024-03-11T20:57:46.650+0000] {logging_mixin.py:188} INFO - [2024-03-11T20:57:46.649+0000] {dag.py:3834} INFO - Setting next_dagrun for dataset_consumes_unknown_never_scheduled to None, run_after=None
[2024-03-11T20:57:46.655+0000] {logging_mixin.py:188} INFO - [2024-03-11T20:57:46.654+0000] {dag.py:3834} INFO - Setting next_dagrun for dataset_produces_1 to 2024-03-10 00:00:00+00:00, run_after=2024-03-11 00:00:00+00:00
[2024-03-11T20:57:46.657+0000] {logging_mixin.py:188} INFO - [2024-03-11T20:57:46.657+0000] {dag.py:3834} INFO - Setting next_dagrun for dataset_produces_2 to None, run_after=None
[2024-03-11T20:57:46.709+0000] {processor.py:183} INFO - Processing /home/airflow/.local/lib/python3.8/site-packages/airflow/example_dags/example_datasets.py took 0.201 seconds
[2024-03-11T20:58:16.937+0000] {processor.py:161} INFO - Started process (PID=349) to work on /home/airflow/.local/lib/python3.8/site-packages/airflow/example_dags/example_datasets.py
[2024-03-11T20:58:16.939+0000] {processor.py:830} INFO - Processing file /home/airflow/.local/lib/python3.8/site-packages/airflow/example_dags/example_datasets.py for tasks to queue
[2024-03-11T20:58:16.941+0000] {logging_mixin.py:188} INFO - [2024-03-11T20:58:16.941+0000] {dagbag.py:540} INFO - Filling up the DagBag from /home/airflow/.local/lib/python3.8/site-packages/airflow/example_dags/example_datasets.py
[2024-03-11T20:58:16.959+0000] {processor.py:840} INFO - DAG(s) 'dataset_produces_1', 'dataset_consumes_1_never_scheduled', 'dataset_consumes_1', 'dataset_consumes_unknown_never_scheduled', 'dataset_produces_2', 'dataset_consumes_1_and_2' retrieved from /home/airflow/.local/lib/python3.8/site-packages/airflow/example_dags/example_datasets.py
[2024-03-11T20:58:17.016+0000] {logging_mixin.py:188} INFO - [2024-03-11T20:58:17.015+0000] {dag.py:3047} INFO - Sync 6 DAGs
[2024-03-11T20:58:17.052+0000] {logging_mixin.py:188} INFO - [2024-03-11T20:58:17.052+0000] {dag.py:3834} INFO - Setting next_dagrun for dataset_consumes_1 to None, run_after=None
[2024-03-11T20:58:17.058+0000] {logging_mixin.py:188} INFO - [2024-03-11T20:58:17.057+0000] {dag.py:3834} INFO - Setting next_dagrun for dataset_consumes_1_and_2 to None, run_after=None
[2024-03-11T20:58:17.060+0000] {logging_mixin.py:188} INFO - [2024-03-11T20:58:17.060+0000] {dag.py:3834} INFO - Setting next_dagrun for dataset_consumes_1_never_scheduled to None, run_after=None
[2024-03-11T20:58:17.062+0000] {logging_mixin.py:188} INFO - [2024-03-11T20:58:17.062+0000] {dag.py:3834} INFO - Setting next_dagrun for dataset_consumes_unknown_never_scheduled to None, run_after=None
[2024-03-11T20:58:17.067+0000] {logging_mixin.py:188} INFO - [2024-03-11T20:58:17.067+0000] {dag.py:3834} INFO - Setting next_dagrun for dataset_produces_1 to 2024-03-10 00:00:00+00:00, run_after=2024-03-11 00:00:00+00:00
[2024-03-11T20:58:17.070+0000] {logging_mixin.py:188} INFO - [2024-03-11T20:58:17.070+0000] {dag.py:3834} INFO - Setting next_dagrun for dataset_produces_2 to None, run_after=None
[2024-03-11T20:58:17.120+0000] {processor.py:183} INFO - Processing /home/airflow/.local/lib/python3.8/site-packages/airflow/example_dags/example_datasets.py took 0.188 seconds
[2024-03-11T20:58:47.183+0000] {processor.py:161} INFO - Started process (PID=405) to work on /home/airflow/.local/lib/python3.8/site-packages/airflow/example_dags/example_datasets.py
[2024-03-11T20:58:47.184+0000] {processor.py:830} INFO - Processing file /home/airflow/.local/lib/python3.8/site-packages/airflow/example_dags/example_datasets.py for tasks to queue
[2024-03-11T20:58:47.187+0000] {logging_mixin.py:188} INFO - [2024-03-11T20:58:47.186+0000] {dagbag.py:540} INFO - Filling up the DagBag from /home/airflow/.local/lib/python3.8/site-packages/airflow/example_dags/example_datasets.py
[2024-03-11T20:58:47.201+0000] {processor.py:840} INFO - DAG(s) 'dataset_consumes_1_never_scheduled', 'dataset_produces_1', 'dataset_consumes_unknown_never_scheduled', 'dataset_consumes_1_and_2', 'dataset_produces_2', 'dataset_consumes_1' retrieved from /home/airflow/.local/lib/python3.8/site-packages/airflow/example_dags/example_datasets.py
[2024-03-11T20:58:47.253+0000] {logging_mixin.py:188} INFO - [2024-03-11T20:58:47.253+0000] {dag.py:3047} INFO - Sync 6 DAGs
[2024-03-11T20:58:47.291+0000] {logging_mixin.py:188} INFO - [2024-03-11T20:58:47.290+0000] {dag.py:3834} INFO - Setting next_dagrun for dataset_consumes_1 to None, run_after=None
[2024-03-11T20:58:47.296+0000] {logging_mixin.py:188} INFO - [2024-03-11T20:58:47.295+0000] {dag.py:3834} INFO - Setting next_dagrun for dataset_consumes_1_and_2 to None, run_after=None
[2024-03-11T20:58:47.298+0000] {logging_mixin.py:188} INFO - [2024-03-11T20:58:47.298+0000] {dag.py:3834} INFO - Setting next_dagrun for dataset_consumes_1_never_scheduled to None, run_after=None
[2024-03-11T20:58:47.300+0000] {logging_mixin.py:188} INFO - [2024-03-11T20:58:47.300+0000] {dag.py:3834} INFO - Setting next_dagrun for dataset_consumes_unknown_never_scheduled to None, run_after=None
[2024-03-11T20:58:47.305+0000] {logging_mixin.py:188} INFO - [2024-03-11T20:58:47.305+0000] {dag.py:3834} INFO - Setting next_dagrun for dataset_produces_1 to 2024-03-10 00:00:00+00:00, run_after=2024-03-11 00:00:00+00:00
[2024-03-11T20:58:47.308+0000] {logging_mixin.py:188} INFO - [2024-03-11T20:58:47.307+0000] {dag.py:3834} INFO - Setting next_dagrun for dataset_produces_2 to None, run_after=None
[2024-03-11T20:58:47.369+0000] {processor.py:183} INFO - Processing /home/airflow/.local/lib/python3.8/site-packages/airflow/example_dags/example_datasets.py took 0.189 seconds
[2024-03-11T20:59:17.539+0000] {processor.py:161} INFO - Started process (PID=460) to work on /home/airflow/.local/lib/python3.8/site-packages/airflow/example_dags/example_datasets.py
[2024-03-11T20:59:17.541+0000] {processor.py:830} INFO - Processing file /home/airflow/.local/lib/python3.8/site-packages/airflow/example_dags/example_datasets.py for tasks to queue
[2024-03-11T20:59:17.544+0000] {logging_mixin.py:188} INFO - [2024-03-11T20:59:17.543+0000] {dagbag.py:540} INFO - Filling up the DagBag from /home/airflow/.local/lib/python3.8/site-packages/airflow/example_dags/example_datasets.py
[2024-03-11T20:59:17.560+0000] {processor.py:840} INFO - DAG(s) 'dataset_produces_2', 'dataset_consumes_1_never_scheduled', 'dataset_produces_1', 'dataset_consumes_1', 'dataset_consumes_1_and_2', 'dataset_consumes_unknown_never_scheduled' retrieved from /home/airflow/.local/lib/python3.8/site-packages/airflow/example_dags/example_datasets.py
[2024-03-11T20:59:17.638+0000] {logging_mixin.py:188} INFO - [2024-03-11T20:59:17.637+0000] {dag.py:3047} INFO - Sync 6 DAGs
[2024-03-11T20:59:17.682+0000] {logging_mixin.py:188} INFO - [2024-03-11T20:59:17.682+0000] {dag.py:3834} INFO - Setting next_dagrun for dataset_consumes_1 to None, run_after=None
[2024-03-11T20:59:17.689+0000] {logging_mixin.py:188} INFO - [2024-03-11T20:59:17.689+0000] {dag.py:3834} INFO - Setting next_dagrun for dataset_consumes_1_and_2 to None, run_after=None
[2024-03-11T20:59:17.693+0000] {logging_mixin.py:188} INFO - [2024-03-11T20:59:17.692+0000] {dag.py:3834} INFO - Setting next_dagrun for dataset_consumes_1_never_scheduled to None, run_after=None
[2024-03-11T20:59:17.696+0000] {logging_mixin.py:188} INFO - [2024-03-11T20:59:17.695+0000] {dag.py:3834} INFO - Setting next_dagrun for dataset_consumes_unknown_never_scheduled to None, run_after=None
[2024-03-11T20:59:17.703+0000] {logging_mixin.py:188} INFO - [2024-03-11T20:59:17.703+0000] {dag.py:3834} INFO - Setting next_dagrun for dataset_produces_1 to 2024-03-10 00:00:00+00:00, run_after=2024-03-11 00:00:00+00:00
[2024-03-11T20:59:17.707+0000] {logging_mixin.py:188} INFO - [2024-03-11T20:59:17.706+0000] {dag.py:3834} INFO - Setting next_dagrun for dataset_produces_2 to None, run_after=None
[2024-03-11T20:59:17.760+0000] {processor.py:183} INFO - Processing /home/airflow/.local/lib/python3.8/site-packages/airflow/example_dags/example_datasets.py took 0.226 seconds
[2024-03-11T20:59:48.051+0000] {processor.py:161} INFO - Started process (PID=515) to work on /home/airflow/.local/lib/python3.8/site-packages/airflow/example_dags/example_datasets.py
[2024-03-11T20:59:48.052+0000] {processor.py:830} INFO - Processing file /home/airflow/.local/lib/python3.8/site-packages/airflow/example_dags/example_datasets.py for tasks to queue
[2024-03-11T20:59:48.055+0000] {logging_mixin.py:188} INFO - [2024-03-11T20:59:48.054+0000] {dagbag.py:540} INFO - Filling up the DagBag from /home/airflow/.local/lib/python3.8/site-packages/airflow/example_dags/example_datasets.py
[2024-03-11T20:59:48.069+0000] {processor.py:840} INFO - DAG(s) 'dataset_consumes_1', 'dataset_consumes_1_never_scheduled', 'dataset_consumes_unknown_never_scheduled', 'dataset_produces_1', 'dataset_consumes_1_and_2', 'dataset_produces_2' retrieved from /home/airflow/.local/lib/python3.8/site-packages/airflow/example_dags/example_datasets.py
[2024-03-11T20:59:48.125+0000] {logging_mixin.py:188} INFO - [2024-03-11T20:59:48.125+0000] {dag.py:3047} INFO - Sync 6 DAGs
[2024-03-11T20:59:48.162+0000] {logging_mixin.py:188} INFO - [2024-03-11T20:59:48.162+0000] {dag.py:3834} INFO - Setting next_dagrun for dataset_consumes_1 to None, run_after=None
[2024-03-11T20:59:48.170+0000] {logging_mixin.py:188} INFO - [2024-03-11T20:59:48.169+0000] {dag.py:3834} INFO - Setting next_dagrun for dataset_consumes_1_and_2 to None, run_after=None
[2024-03-11T20:59:48.172+0000] {logging_mixin.py:188} INFO - [2024-03-11T20:59:48.172+0000] {dag.py:3834} INFO - Setting next_dagrun for dataset_consumes_1_never_scheduled to None, run_after=None
[2024-03-11T20:59:48.175+0000] {logging_mixin.py:188} INFO - [2024-03-11T20:59:48.174+0000] {dag.py:3834} INFO - Setting next_dagrun for dataset_consumes_unknown_never_scheduled to None, run_after=None
[2024-03-11T20:59:48.180+0000] {logging_mixin.py:188} INFO - [2024-03-11T20:59:48.180+0000] {dag.py:3834} INFO - Setting next_dagrun for dataset_produces_1 to 2024-03-10 00:00:00+00:00, run_after=2024-03-11 00:00:00+00:00
[2024-03-11T20:59:48.182+0000] {logging_mixin.py:188} INFO - [2024-03-11T20:59:48.182+0000] {dag.py:3834} INFO - Setting next_dagrun for dataset_produces_2 to None, run_after=None
[2024-03-11T20:59:48.237+0000] {processor.py:183} INFO - Processing /home/airflow/.local/lib/python3.8/site-packages/airflow/example_dags/example_datasets.py took 0.189 seconds
[2024-03-11T21:00:18.955+0000] {processor.py:161} INFO - Started process (PID=570) to work on /home/airflow/.local/lib/python3.8/site-packages/airflow/example_dags/example_datasets.py
[2024-03-11T21:00:18.956+0000] {processor.py:830} INFO - Processing file /home/airflow/.local/lib/python3.8/site-packages/airflow/example_dags/example_datasets.py for tasks to queue
[2024-03-11T21:00:18.960+0000] {logging_mixin.py:188} INFO - [2024-03-11T21:00:18.959+0000] {dagbag.py:540} INFO - Filling up the DagBag from /home/airflow/.local/lib/python3.8/site-packages/airflow/example_dags/example_datasets.py
[2024-03-11T21:00:18.979+0000] {processor.py:840} INFO - DAG(s) 'dataset_consumes_1', 'dataset_produces_1', 'dataset_consumes_1_never_scheduled', 'dataset_produces_2', 'dataset_consumes_unknown_never_scheduled', 'dataset_consumes_1_and_2' retrieved from /home/airflow/.local/lib/python3.8/site-packages/airflow/example_dags/example_datasets.py
[2024-03-11T21:00:19.044+0000] {logging_mixin.py:188} INFO - [2024-03-11T21:00:19.043+0000] {dag.py:3047} INFO - Sync 6 DAGs
[2024-03-11T21:00:19.089+0000] {logging_mixin.py:188} INFO - [2024-03-11T21:00:19.088+0000] {dag.py:3834} INFO - Setting next_dagrun for dataset_consumes_1 to None, run_after=None
[2024-03-11T21:00:19.098+0000] {logging_mixin.py:188} INFO - [2024-03-11T21:00:19.097+0000] {dag.py:3834} INFO - Setting next_dagrun for dataset_consumes_1_and_2 to None, run_after=None
[2024-03-11T21:00:19.101+0000] {logging_mixin.py:188} INFO - [2024-03-11T21:00:19.101+0000] {dag.py:3834} INFO - Setting next_dagrun for dataset_consumes_1_never_scheduled to None, run_after=None
[2024-03-11T21:00:19.104+0000] {logging_mixin.py:188} INFO - [2024-03-11T21:00:19.104+0000] {dag.py:3834} INFO - Setting next_dagrun for dataset_consumes_unknown_never_scheduled to None, run_after=None
[2024-03-11T21:00:19.109+0000] {logging_mixin.py:188} INFO - [2024-03-11T21:00:19.109+0000] {dag.py:3834} INFO - Setting next_dagrun for dataset_produces_1 to 2024-03-10 00:00:00+00:00, run_after=2024-03-11 00:00:00+00:00
[2024-03-11T21:00:19.112+0000] {logging_mixin.py:188} INFO - [2024-03-11T21:00:19.112+0000] {dag.py:3834} INFO - Setting next_dagrun for dataset_produces_2 to None, run_after=None
[2024-03-11T21:00:19.165+0000] {processor.py:183} INFO - Processing /home/airflow/.local/lib/python3.8/site-packages/airflow/example_dags/example_datasets.py took 0.215 seconds
[2024-03-11T21:00:49.512+0000] {processor.py:161} INFO - Started process (PID=625) to work on /home/airflow/.local/lib/python3.8/site-packages/airflow/example_dags/example_datasets.py
[2024-03-11T21:00:49.514+0000] {processor.py:830} INFO - Processing file /home/airflow/.local/lib/python3.8/site-packages/airflow/example_dags/example_datasets.py for tasks to queue
[2024-03-11T21:00:49.516+0000] {logging_mixin.py:188} INFO - [2024-03-11T21:00:49.516+0000] {dagbag.py:540} INFO - Filling up the DagBag from /home/airflow/.local/lib/python3.8/site-packages/airflow/example_dags/example_datasets.py
[2024-03-11T21:00:49.530+0000] {processor.py:840} INFO - DAG(s) 'dataset_produces_2', 'dataset_produces_1', 'dataset_consumes_1', 'dataset_consumes_1_and_2', 'dataset_consumes_unknown_never_scheduled', 'dataset_consumes_1_never_scheduled' retrieved from /home/airflow/.local/lib/python3.8/site-packages/airflow/example_dags/example_datasets.py
[2024-03-11T21:00:49.588+0000] {logging_mixin.py:188} INFO - [2024-03-11T21:00:49.588+0000] {dag.py:3047} INFO - Sync 6 DAGs
[2024-03-11T21:00:49.625+0000] {logging_mixin.py:188} INFO - [2024-03-11T21:00:49.625+0000] {dag.py:3834} INFO - Setting next_dagrun for dataset_consumes_1 to None, run_after=None
[2024-03-11T21:00:49.640+0000] {logging_mixin.py:188} INFO - [2024-03-11T21:00:49.639+0000] {dag.py:3834} INFO - Setting next_dagrun for dataset_consumes_1_and_2 to None, run_after=None
[2024-03-11T21:00:49.645+0000] {logging_mixin.py:188} INFO - [2024-03-11T21:00:49.644+0000] {dag.py:3834} INFO - Setting next_dagrun for dataset_consumes_1_never_scheduled to None, run_after=None
[2024-03-11T21:00:49.648+0000] {logging_mixin.py:188} INFO - [2024-03-11T21:00:49.647+0000] {dag.py:3834} INFO - Setting next_dagrun for dataset_consumes_unknown_never_scheduled to None, run_after=None
[2024-03-11T21:00:49.655+0000] {logging_mixin.py:188} INFO - [2024-03-11T21:00:49.655+0000] {dag.py:3834} INFO - Setting next_dagrun for dataset_produces_1 to 2024-03-10 00:00:00+00:00, run_after=2024-03-11 00:00:00+00:00
[2024-03-11T21:00:49.658+0000] {logging_mixin.py:188} INFO - [2024-03-11T21:00:49.657+0000] {dag.py:3834} INFO - Setting next_dagrun for dataset_produces_2 to None, run_after=None
[2024-03-11T21:00:49.726+0000] {processor.py:183} INFO - Processing /home/airflow/.local/lib/python3.8/site-packages/airflow/example_dags/example_datasets.py took 0.217 seconds
[2024-03-11T21:01:20.070+0000] {processor.py:161} INFO - Started process (PID=680) to work on /home/airflow/.local/lib/python3.8/site-packages/airflow/example_dags/example_datasets.py
[2024-03-11T21:01:20.071+0000] {processor.py:830} INFO - Processing file /home/airflow/.local/lib/python3.8/site-packages/airflow/example_dags/example_datasets.py for tasks to queue
[2024-03-11T21:01:20.074+0000] {logging_mixin.py:188} INFO - [2024-03-11T21:01:20.074+0000] {dagbag.py:540} INFO - Filling up the DagBag from /home/airflow/.local/lib/python3.8/site-packages/airflow/example_dags/example_datasets.py
[2024-03-11T21:01:20.092+0000] {processor.py:840} INFO - DAG(s) 'dataset_consumes_1_and_2', 'dataset_consumes_unknown_never_scheduled', 'dataset_produces_2', 'dataset_produces_1', 'dataset_consumes_1_never_scheduled', 'dataset_consumes_1' retrieved from /home/airflow/.local/lib/python3.8/site-packages/airflow/example_dags/example_datasets.py
[2024-03-11T21:01:20.157+0000] {logging_mixin.py:188} INFO - [2024-03-11T21:01:20.157+0000] {dag.py:3047} INFO - Sync 6 DAGs
[2024-03-11T21:01:20.195+0000] {logging_mixin.py:188} INFO - [2024-03-11T21:01:20.195+0000] {dag.py:3834} INFO - Setting next_dagrun for dataset_consumes_1 to None, run_after=None
[2024-03-11T21:01:20.201+0000] {logging_mixin.py:188} INFO - [2024-03-11T21:01:20.201+0000] {dag.py:3834} INFO - Setting next_dagrun for dataset_consumes_1_and_2 to None, run_after=None
[2024-03-11T21:01:20.204+0000] {logging_mixin.py:188} INFO - [2024-03-11T21:01:20.204+0000] {dag.py:3834} INFO - Setting next_dagrun for dataset_consumes_1_never_scheduled to None, run_after=None
[2024-03-11T21:01:20.206+0000] {logging_mixin.py:188} INFO - [2024-03-11T21:01:20.206+0000] {dag.py:3834} INFO - Setting next_dagrun for dataset_consumes_unknown_never_scheduled to None, run_after=None
[2024-03-11T21:01:20.211+0000] {logging_mixin.py:188} INFO - [2024-03-11T21:01:20.211+0000] {dag.py:3834} INFO - Setting next_dagrun for dataset_produces_1 to 2024-03-10 00:00:00+00:00, run_after=2024-03-11 00:00:00+00:00
[2024-03-11T21:01:20.214+0000] {logging_mixin.py:188} INFO - [2024-03-11T21:01:20.213+0000] {dag.py:3834} INFO - Setting next_dagrun for dataset_produces_2 to None, run_after=None
[2024-03-11T21:01:20.264+0000] {processor.py:183} INFO - Processing /home/airflow/.local/lib/python3.8/site-packages/airflow/example_dags/example_datasets.py took 0.200 seconds
[2024-03-11T21:01:50.538+0000] {processor.py:161} INFO - Started process (PID=735) to work on /home/airflow/.local/lib/python3.8/site-packages/airflow/example_dags/example_datasets.py
[2024-03-11T21:01:50.539+0000] {processor.py:830} INFO - Processing file /home/airflow/.local/lib/python3.8/site-packages/airflow/example_dags/example_datasets.py for tasks to queue
[2024-03-11T21:01:50.542+0000] {logging_mixin.py:188} INFO - [2024-03-11T21:01:50.541+0000] {dagbag.py:540} INFO - Filling up the DagBag from /home/airflow/.local/lib/python3.8/site-packages/airflow/example_dags/example_datasets.py
[2024-03-11T21:01:50.556+0000] {processor.py:840} INFO - DAG(s) 'dataset_consumes_1_and_2', 'dataset_consumes_1_never_scheduled', 'dataset_produces_2', 'dataset_consumes_1', 'dataset_produces_1', 'dataset_consumes_unknown_never_scheduled' retrieved from /home/airflow/.local/lib/python3.8/site-packages/airflow/example_dags/example_datasets.py
[2024-03-11T21:01:50.610+0000] {logging_mixin.py:188} INFO - [2024-03-11T21:01:50.609+0000] {dag.py:3047} INFO - Sync 6 DAGs
[2024-03-11T21:01:50.641+0000] {logging_mixin.py:188} INFO - [2024-03-11T21:01:50.641+0000] {dag.py:3834} INFO - Setting next_dagrun for dataset_consumes_1 to None, run_after=None
[2024-03-11T21:01:50.647+0000] {logging_mixin.py:188} INFO - [2024-03-11T21:01:50.647+0000] {dag.py:3834} INFO - Setting next_dagrun for dataset_consumes_1_and_2 to None, run_after=None
[2024-03-11T21:01:50.650+0000] {logging_mixin.py:188} INFO - [2024-03-11T21:01:50.649+0000] {dag.py:3834} INFO - Setting next_dagrun for dataset_consumes_1_never_scheduled to None, run_after=None
[2024-03-11T21:01:50.652+0000] {logging_mixin.py:188} INFO - [2024-03-11T21:01:50.652+0000] {dag.py:3834} INFO - Setting next_dagrun for dataset_consumes_unknown_never_scheduled to None, run_after=None
[2024-03-11T21:01:50.657+0000] {logging_mixin.py:188} INFO - [2024-03-11T21:01:50.657+0000] {dag.py:3834} INFO - Setting next_dagrun for dataset_produces_1 to 2024-03-10 00:00:00+00:00, run_after=2024-03-11 00:00:00+00:00
[2024-03-11T21:01:50.659+0000] {logging_mixin.py:188} INFO - [2024-03-11T21:01:50.659+0000] {dag.py:3834} INFO - Setting next_dagrun for dataset_produces_2 to None, run_after=None
[2024-03-11T21:01:50.714+0000] {processor.py:183} INFO - Processing /home/airflow/.local/lib/python3.8/site-packages/airflow/example_dags/example_datasets.py took 0.180 seconds
[2024-03-11T21:02:21.059+0000] {processor.py:161} INFO - Started process (PID=790) to work on /home/airflow/.local/lib/python3.8/site-packages/airflow/example_dags/example_datasets.py
[2024-03-11T21:02:21.061+0000] {processor.py:830} INFO - Processing file /home/airflow/.local/lib/python3.8/site-packages/airflow/example_dags/example_datasets.py for tasks to queue
[2024-03-11T21:02:21.063+0000] {logging_mixin.py:188} INFO - [2024-03-11T21:02:21.063+0000] {dagbag.py:540} INFO - Filling up the DagBag from /home/airflow/.local/lib/python3.8/site-packages/airflow/example_dags/example_datasets.py
[2024-03-11T21:02:21.076+0000] {processor.py:840} INFO - DAG(s) 'dataset_consumes_1_and_2', 'dataset_consumes_unknown_never_scheduled', 'dataset_consumes_1', 'dataset_produces_1', 'dataset_consumes_1_never_scheduled', 'dataset_produces_2' retrieved from /home/airflow/.local/lib/python3.8/site-packages/airflow/example_dags/example_datasets.py
[2024-03-11T21:02:21.128+0000] {logging_mixin.py:188} INFO - [2024-03-11T21:02:21.127+0000] {dag.py:3047} INFO - Sync 6 DAGs
[2024-03-11T21:02:21.161+0000] {logging_mixin.py:188} INFO - [2024-03-11T21:02:21.160+0000] {dag.py:3834} INFO - Setting next_dagrun for dataset_consumes_1 to None, run_after=None
[2024-03-11T21:02:21.167+0000] {logging_mixin.py:188} INFO - [2024-03-11T21:02:21.166+0000] {dag.py:3834} INFO - Setting next_dagrun for dataset_consumes_1_and_2 to None, run_after=None
[2024-03-11T21:02:21.169+0000] {logging_mixin.py:188} INFO - [2024-03-11T21:02:21.169+0000] {dag.py:3834} INFO - Setting next_dagrun for dataset_consumes_1_never_scheduled to None, run_after=None
[2024-03-11T21:02:21.172+0000] {logging_mixin.py:188} INFO - [2024-03-11T21:02:21.172+0000] {dag.py:3834} INFO - Setting next_dagrun for dataset_consumes_unknown_never_scheduled to None, run_after=None
[2024-03-11T21:02:21.177+0000] {logging_mixin.py:188} INFO - [2024-03-11T21:02:21.177+0000] {dag.py:3834} INFO - Setting next_dagrun for dataset_produces_1 to 2024-03-10 00:00:00+00:00, run_after=2024-03-11 00:00:00+00:00
[2024-03-11T21:02:21.179+0000] {logging_mixin.py:188} INFO - [2024-03-11T21:02:21.179+0000] {dag.py:3834} INFO - Setting next_dagrun for dataset_produces_2 to None, run_after=None
[2024-03-11T21:02:21.234+0000] {processor.py:183} INFO - Processing /home/airflow/.local/lib/python3.8/site-packages/airflow/example_dags/example_datasets.py took 0.180 seconds
[2024-03-11T21:02:51.753+0000] {processor.py:161} INFO - Started process (PID=845) to work on /home/airflow/.local/lib/python3.8/site-packages/airflow/example_dags/example_datasets.py
[2024-03-11T21:02:51.754+0000] {processor.py:830} INFO - Processing file /home/airflow/.local/lib/python3.8/site-packages/airflow/example_dags/example_datasets.py for tasks to queue
[2024-03-11T21:02:51.757+0000] {logging_mixin.py:188} INFO - [2024-03-11T21:02:51.757+0000] {dagbag.py:540} INFO - Filling up the DagBag from /home/airflow/.local/lib/python3.8/site-packages/airflow/example_dags/example_datasets.py
[2024-03-11T21:02:51.770+0000] {processor.py:840} INFO - DAG(s) 'dataset_consumes_1', 'dataset_consumes_1_never_scheduled', 'dataset_consumes_1_and_2', 'dataset_produces_1', 'dataset_consumes_unknown_never_scheduled', 'dataset_produces_2' retrieved from /home/airflow/.local/lib/python3.8/site-packages/airflow/example_dags/example_datasets.py
[2024-03-11T21:02:51.822+0000] {logging_mixin.py:188} INFO - [2024-03-11T21:02:51.822+0000] {dag.py:3047} INFO - Sync 6 DAGs
[2024-03-11T21:02:51.858+0000] {logging_mixin.py:188} INFO - [2024-03-11T21:02:51.857+0000] {dag.py:3834} INFO - Setting next_dagrun for dataset_consumes_1 to None, run_after=None
[2024-03-11T21:02:51.863+0000] {logging_mixin.py:188} INFO - [2024-03-11T21:02:51.863+0000] {dag.py:3834} INFO - Setting next_dagrun for dataset_consumes_1_and_2 to None, run_after=None
[2024-03-11T21:02:51.867+0000] {logging_mixin.py:188} INFO - [2024-03-11T21:02:51.866+0000] {dag.py:3834} INFO - Setting next_dagrun for dataset_consumes_1_never_scheduled to None, run_after=None
[2024-03-11T21:02:51.869+0000] {logging_mixin.py:188} INFO - [2024-03-11T21:02:51.869+0000] {dag.py:3834} INFO - Setting next_dagrun for dataset_consumes_unknown_never_scheduled to None, run_after=None
[2024-03-11T21:02:51.874+0000] {logging_mixin.py:188} INFO - [2024-03-11T21:02:51.874+0000] {dag.py:3834} INFO - Setting next_dagrun for dataset_produces_1 to 2024-03-10 00:00:00+00:00, run_after=2024-03-11 00:00:00+00:00
[2024-03-11T21:02:51.877+0000] {logging_mixin.py:188} INFO - [2024-03-11T21:02:51.877+0000] {dag.py:3834} INFO - Setting next_dagrun for dataset_produces_2 to None, run_after=None
[2024-03-11T21:02:51.936+0000] {processor.py:183} INFO - Processing /home/airflow/.local/lib/python3.8/site-packages/airflow/example_dags/example_datasets.py took 0.186 seconds
[2024-03-11T21:03:22.086+0000] {processor.py:161} INFO - Started process (PID=900) to work on /home/airflow/.local/lib/python3.8/site-packages/airflow/example_dags/example_datasets.py
[2024-03-11T21:03:22.087+0000] {processor.py:830} INFO - Processing file /home/airflow/.local/lib/python3.8/site-packages/airflow/example_dags/example_datasets.py for tasks to queue
[2024-03-11T21:03:22.090+0000] {logging_mixin.py:188} INFO - [2024-03-11T21:03:22.089+0000] {dagbag.py:540} INFO - Filling up the DagBag from /home/airflow/.local/lib/python3.8/site-packages/airflow/example_dags/example_datasets.py
[2024-03-11T21:03:22.102+0000] {processor.py:840} INFO - DAG(s) 'dataset_consumes_1', 'dataset_consumes_unknown_never_scheduled', 'dataset_produces_2', 'dataset_consumes_1_and_2', 'dataset_produces_1', 'dataset_consumes_1_never_scheduled' retrieved from /home/airflow/.local/lib/python3.8/site-packages/airflow/example_dags/example_datasets.py
[2024-03-11T21:03:22.157+0000] {logging_mixin.py:188} INFO - [2024-03-11T21:03:22.157+0000] {dag.py:3047} INFO - Sync 6 DAGs
[2024-03-11T21:03:22.196+0000] {logging_mixin.py:188} INFO - [2024-03-11T21:03:22.195+0000] {dag.py:3834} INFO - Setting next_dagrun for dataset_consumes_1 to None, run_after=None
[2024-03-11T21:03:22.202+0000] {logging_mixin.py:188} INFO - [2024-03-11T21:03:22.201+0000] {dag.py:3834} INFO - Setting next_dagrun for dataset_consumes_1_and_2 to None, run_after=None
[2024-03-11T21:03:22.204+0000] {logging_mixin.py:188} INFO - [2024-03-11T21:03:22.204+0000] {dag.py:3834} INFO - Setting next_dagrun for dataset_consumes_1_never_scheduled to None, run_after=None
[2024-03-11T21:03:22.206+0000] {logging_mixin.py:188} INFO - [2024-03-11T21:03:22.206+0000] {dag.py:3834} INFO - Setting next_dagrun for dataset_consumes_unknown_never_scheduled to None, run_after=None
[2024-03-11T21:03:22.211+0000] {logging_mixin.py:188} INFO - [2024-03-11T21:03:22.211+0000] {dag.py:3834} INFO - Setting next_dagrun for dataset_produces_1 to 2024-03-10 00:00:00+00:00, run_after=2024-03-11 00:00:00+00:00
[2024-03-11T21:03:22.214+0000] {logging_mixin.py:188} INFO - [2024-03-11T21:03:22.213+0000] {dag.py:3834} INFO - Setting next_dagrun for dataset_produces_2 to None, run_after=None
[2024-03-11T21:03:22.265+0000] {processor.py:183} INFO - Processing /home/airflow/.local/lib/python3.8/site-packages/airflow/example_dags/example_datasets.py took 0.184 seconds
[2024-03-11T21:03:52.748+0000] {processor.py:161} INFO - Started process (PID=956) to work on /home/airflow/.local/lib/python3.8/site-packages/airflow/example_dags/example_datasets.py
[2024-03-11T21:03:52.749+0000] {processor.py:830} INFO - Processing file /home/airflow/.local/lib/python3.8/site-packages/airflow/example_dags/example_datasets.py for tasks to queue
[2024-03-11T21:03:52.752+0000] {logging_mixin.py:188} INFO - [2024-03-11T21:03:52.751+0000] {dagbag.py:540} INFO - Filling up the DagBag from /home/airflow/.local/lib/python3.8/site-packages/airflow/example_dags/example_datasets.py
[2024-03-11T21:03:52.769+0000] {processor.py:840} INFO - DAG(s) 'dataset_consumes_1_and_2', 'dataset_consumes_1', 'dataset_produces_2', 'dataset_consumes_unknown_never_scheduled', 'dataset_produces_1', 'dataset_consumes_1_never_scheduled' retrieved from /home/airflow/.local/lib/python3.8/site-packages/airflow/example_dags/example_datasets.py
[2024-03-11T21:03:52.829+0000] {logging_mixin.py:188} INFO - [2024-03-11T21:03:52.829+0000] {dag.py:3047} INFO - Sync 6 DAGs
[2024-03-11T21:03:52.860+0000] {logging_mixin.py:188} INFO - [2024-03-11T21:03:52.860+0000] {dag.py:3834} INFO - Setting next_dagrun for dataset_consumes_1 to None, run_after=None
[2024-03-11T21:03:52.865+0000] {logging_mixin.py:188} INFO - [2024-03-11T21:03:52.865+0000] {dag.py:3834} INFO - Setting next_dagrun for dataset_consumes_1_and_2 to None, run_after=None
[2024-03-11T21:03:52.868+0000] {logging_mixin.py:188} INFO - [2024-03-11T21:03:52.868+0000] {dag.py:3834} INFO - Setting next_dagrun for dataset_consumes_1_never_scheduled to None, run_after=None
[2024-03-11T21:03:52.870+0000] {logging_mixin.py:188} INFO - [2024-03-11T21:03:52.870+0000] {dag.py:3834} INFO - Setting next_dagrun for dataset_consumes_unknown_never_scheduled to None, run_after=None
[2024-03-11T21:03:52.875+0000] {logging_mixin.py:188} INFO - [2024-03-11T21:03:52.875+0000] {dag.py:3834} INFO - Setting next_dagrun for dataset_produces_1 to 2024-03-10 00:00:00+00:00, run_after=2024-03-11 00:00:00+00:00
[2024-03-11T21:03:52.878+0000] {logging_mixin.py:188} INFO - [2024-03-11T21:03:52.878+0000] {dag.py:3834} INFO - Setting next_dagrun for dataset_produces_2 to None, run_after=None
[2024-03-11T21:03:52.928+0000] {processor.py:183} INFO - Processing /home/airflow/.local/lib/python3.8/site-packages/airflow/example_dags/example_datasets.py took 0.184 seconds
[2024-03-11T21:04:23.038+0000] {processor.py:161} INFO - Started process (PID=1011) to work on /home/airflow/.local/lib/python3.8/site-packages/airflow/example_dags/example_datasets.py
[2024-03-11T21:04:23.039+0000] {processor.py:830} INFO - Processing file /home/airflow/.local/lib/python3.8/site-packages/airflow/example_dags/example_datasets.py for tasks to queue
[2024-03-11T21:04:23.042+0000] {logging_mixin.py:188} INFO - [2024-03-11T21:04:23.042+0000] {dagbag.py:540} INFO - Filling up the DagBag from /home/airflow/.local/lib/python3.8/site-packages/airflow/example_dags/example_datasets.py
[2024-03-11T21:04:23.058+0000] {processor.py:840} INFO - DAG(s) 'dataset_consumes_unknown_never_scheduled', 'dataset_produces_2', 'dataset_consumes_1', 'dataset_consumes_1_never_scheduled', 'dataset_consumes_1_and_2', 'dataset_produces_1' retrieved from /home/airflow/.local/lib/python3.8/site-packages/airflow/example_dags/example_datasets.py
[2024-03-11T21:04:23.118+0000] {logging_mixin.py:188} INFO - [2024-03-11T21:04:23.117+0000] {dag.py:3047} INFO - Sync 6 DAGs
[2024-03-11T21:04:23.150+0000] {logging_mixin.py:188} INFO - [2024-03-11T21:04:23.149+0000] {dag.py:3834} INFO - Setting next_dagrun for dataset_consumes_1 to None, run_after=None
[2024-03-11T21:04:23.155+0000] {logging_mixin.py:188} INFO - [2024-03-11T21:04:23.155+0000] {dag.py:3834} INFO - Setting next_dagrun for dataset_consumes_1_and_2 to None, run_after=None
[2024-03-11T21:04:23.158+0000] {logging_mixin.py:188} INFO - [2024-03-11T21:04:23.157+0000] {dag.py:3834} INFO - Setting next_dagrun for dataset_consumes_1_never_scheduled to None, run_after=None
[2024-03-11T21:04:23.160+0000] {logging_mixin.py:188} INFO - [2024-03-11T21:04:23.160+0000] {dag.py:3834} INFO - Setting next_dagrun for dataset_consumes_unknown_never_scheduled to None, run_after=None
[2024-03-11T21:04:23.166+0000] {logging_mixin.py:188} INFO - [2024-03-11T21:04:23.165+0000] {dag.py:3834} INFO - Setting next_dagrun for dataset_produces_1 to 2024-03-10 00:00:00+00:00, run_after=2024-03-11 00:00:00+00:00
[2024-03-11T21:04:23.168+0000] {logging_mixin.py:188} INFO - [2024-03-11T21:04:23.168+0000] {dag.py:3834} INFO - Setting next_dagrun for dataset_produces_2 to None, run_after=None
[2024-03-11T21:04:23.226+0000] {processor.py:183} INFO - Processing /home/airflow/.local/lib/python3.8/site-packages/airflow/example_dags/example_datasets.py took 0.192 seconds
[2024-03-11T21:04:53.446+0000] {processor.py:161} INFO - Started process (PID=1065) to work on /home/airflow/.local/lib/python3.8/site-packages/airflow/example_dags/example_datasets.py
[2024-03-11T21:04:53.448+0000] {processor.py:830} INFO - Processing file /home/airflow/.local/lib/python3.8/site-packages/airflow/example_dags/example_datasets.py for tasks to queue
[2024-03-11T21:04:53.450+0000] {logging_mixin.py:188} INFO - [2024-03-11T21:04:53.450+0000] {dagbag.py:540} INFO - Filling up the DagBag from /home/airflow/.local/lib/python3.8/site-packages/airflow/example_dags/example_datasets.py
[2024-03-11T21:04:53.462+0000] {processor.py:840} INFO - DAG(s) 'dataset_consumes_1_never_scheduled', 'dataset_consumes_1_and_2', 'dataset_consumes_1', 'dataset_consumes_unknown_never_scheduled', 'dataset_produces_2', 'dataset_produces_1' retrieved from /home/airflow/.local/lib/python3.8/site-packages/airflow/example_dags/example_datasets.py
[2024-03-11T21:04:53.524+0000] {logging_mixin.py:188} INFO - [2024-03-11T21:04:53.524+0000] {dag.py:3047} INFO - Sync 6 DAGs
[2024-03-11T21:04:53.588+0000] {logging_mixin.py:188} INFO - [2024-03-11T21:04:53.587+0000] {dag.py:3834} INFO - Setting next_dagrun for dataset_consumes_1 to None, run_after=None
[2024-03-11T21:04:53.596+0000] {logging_mixin.py:188} INFO - [2024-03-11T21:04:53.596+0000] {dag.py:3834} INFO - Setting next_dagrun for dataset_consumes_1_and_2 to None, run_after=None
[2024-03-11T21:04:53.600+0000] {logging_mixin.py:188} INFO - [2024-03-11T21:04:53.599+0000] {dag.py:3834} INFO - Setting next_dagrun for dataset_consumes_1_never_scheduled to None, run_after=None
[2024-03-11T21:04:53.602+0000] {logging_mixin.py:188} INFO - [2024-03-11T21:04:53.602+0000] {dag.py:3834} INFO - Setting next_dagrun for dataset_consumes_unknown_never_scheduled to None, run_after=None
[2024-03-11T21:04:53.609+0000] {logging_mixin.py:188} INFO - [2024-03-11T21:04:53.608+0000] {dag.py:3834} INFO - Setting next_dagrun for dataset_produces_1 to 2024-03-10 00:00:00+00:00, run_after=2024-03-11 00:00:00+00:00
[2024-03-11T21:04:53.612+0000] {logging_mixin.py:188} INFO - [2024-03-11T21:04:53.611+0000] {dag.py:3834} INFO - Setting next_dagrun for dataset_produces_2 to None, run_after=None
[2024-03-11T21:04:53.683+0000] {processor.py:183} INFO - Processing /home/airflow/.local/lib/python3.8/site-packages/airflow/example_dags/example_datasets.py took 0.241 seconds
[2024-03-11T21:05:23.984+0000] {processor.py:161} INFO - Started process (PID=1120) to work on /home/airflow/.local/lib/python3.8/site-packages/airflow/example_dags/example_datasets.py
[2024-03-11T21:05:23.985+0000] {processor.py:830} INFO - Processing file /home/airflow/.local/lib/python3.8/site-packages/airflow/example_dags/example_datasets.py for tasks to queue
[2024-03-11T21:05:23.988+0000] {logging_mixin.py:188} INFO - [2024-03-11T21:05:23.987+0000] {dagbag.py:540} INFO - Filling up the DagBag from /home/airflow/.local/lib/python3.8/site-packages/airflow/example_dags/example_datasets.py
[2024-03-11T21:05:24.006+0000] {processor.py:840} INFO - DAG(s) 'dataset_consumes_1', 'dataset_consumes_unknown_never_scheduled', 'dataset_consumes_1_never_scheduled', 'dataset_produces_1', 'dataset_consumes_1_and_2', 'dataset_produces_2' retrieved from /home/airflow/.local/lib/python3.8/site-packages/airflow/example_dags/example_datasets.py
[2024-03-11T21:05:24.068+0000] {logging_mixin.py:188} INFO - [2024-03-11T21:05:24.067+0000] {dag.py:3047} INFO - Sync 6 DAGs
[2024-03-11T21:05:24.105+0000] {logging_mixin.py:188} INFO - [2024-03-11T21:05:24.105+0000] {dag.py:3834} INFO - Setting next_dagrun for dataset_consumes_1 to None, run_after=None
[2024-03-11T21:05:24.113+0000] {logging_mixin.py:188} INFO - [2024-03-11T21:05:24.112+0000] {dag.py:3834} INFO - Setting next_dagrun for dataset_consumes_1_and_2 to None, run_after=None
[2024-03-11T21:05:24.115+0000] {logging_mixin.py:188} INFO - [2024-03-11T21:05:24.115+0000] {dag.py:3834} INFO - Setting next_dagrun for dataset_consumes_1_never_scheduled to None, run_after=None
[2024-03-11T21:05:24.117+0000] {logging_mixin.py:188} INFO - [2024-03-11T21:05:24.117+0000] {dag.py:3834} INFO - Setting next_dagrun for dataset_consumes_unknown_never_scheduled to None, run_after=None
[2024-03-11T21:05:24.122+0000] {logging_mixin.py:188} INFO - [2024-03-11T21:05:24.122+0000] {dag.py:3834} INFO - Setting next_dagrun for dataset_produces_1 to 2024-03-10 00:00:00+00:00, run_after=2024-03-11 00:00:00+00:00
[2024-03-11T21:05:24.124+0000] {logging_mixin.py:188} INFO - [2024-03-11T21:05:24.124+0000] {dag.py:3834} INFO - Setting next_dagrun for dataset_produces_2 to None, run_after=None
[2024-03-11T21:05:24.190+0000] {processor.py:183} INFO - Processing /home/airflow/.local/lib/python3.8/site-packages/airflow/example_dags/example_datasets.py took 0.211 seconds
[2024-03-11T21:05:54.513+0000] {processor.py:161} INFO - Started process (PID=1175) to work on /home/airflow/.local/lib/python3.8/site-packages/airflow/example_dags/example_datasets.py
[2024-03-11T21:05:54.514+0000] {processor.py:830} INFO - Processing file /home/airflow/.local/lib/python3.8/site-packages/airflow/example_dags/example_datasets.py for tasks to queue
[2024-03-11T21:05:54.517+0000] {logging_mixin.py:188} INFO - [2024-03-11T21:05:54.516+0000] {dagbag.py:540} INFO - Filling up the DagBag from /home/airflow/.local/lib/python3.8/site-packages/airflow/example_dags/example_datasets.py
[2024-03-11T21:05:54.530+0000] {processor.py:840} INFO - DAG(s) 'dataset_consumes_1_never_scheduled', 'dataset_produces_2', 'dataset_produces_1', 'dataset_consumes_1', 'dataset_consumes_unknown_never_scheduled', 'dataset_consumes_1_and_2' retrieved from /home/airflow/.local/lib/python3.8/site-packages/airflow/example_dags/example_datasets.py
[2024-03-11T21:05:54.586+0000] {logging_mixin.py:188} INFO - [2024-03-11T21:05:54.585+0000] {dag.py:3047} INFO - Sync 6 DAGs
[2024-03-11T21:05:54.627+0000] {logging_mixin.py:188} INFO - [2024-03-11T21:05:54.626+0000] {dag.py:3834} INFO - Setting next_dagrun for dataset_consumes_1 to None, run_after=None
[2024-03-11T21:05:54.632+0000] {logging_mixin.py:188} INFO - [2024-03-11T21:05:54.632+0000] {dag.py:3834} INFO - Setting next_dagrun for dataset_consumes_1_and_2 to None, run_after=None
[2024-03-11T21:05:54.635+0000] {logging_mixin.py:188} INFO - [2024-03-11T21:05:54.634+0000] {dag.py:3834} INFO - Setting next_dagrun for dataset_consumes_1_never_scheduled to None, run_after=None
[2024-03-11T21:05:54.637+0000] {logging_mixin.py:188} INFO - [2024-03-11T21:05:54.636+0000] {dag.py:3834} INFO - Setting next_dagrun for dataset_consumes_unknown_never_scheduled to None, run_after=None
[2024-03-11T21:05:54.642+0000] {logging_mixin.py:188} INFO - [2024-03-11T21:05:54.641+0000] {dag.py:3834} INFO - Setting next_dagrun for dataset_produces_1 to 2024-03-10 00:00:00+00:00, run_after=2024-03-11 00:00:00+00:00
[2024-03-11T21:05:54.644+0000] {logging_mixin.py:188} INFO - [2024-03-11T21:05:54.644+0000] {dag.py:3834} INFO - Setting next_dagrun for dataset_produces_2 to None, run_after=None
[2024-03-11T21:05:54.701+0000] {processor.py:183} INFO - Processing /home/airflow/.local/lib/python3.8/site-packages/airflow/example_dags/example_datasets.py took 0.193 seconds
[2024-03-11T21:06:25.132+0000] {processor.py:161} INFO - Started process (PID=1230) to work on /home/airflow/.local/lib/python3.8/site-packages/airflow/example_dags/example_datasets.py
[2024-03-11T21:06:25.133+0000] {processor.py:830} INFO - Processing file /home/airflow/.local/lib/python3.8/site-packages/airflow/example_dags/example_datasets.py for tasks to queue
[2024-03-11T21:06:25.135+0000] {logging_mixin.py:188} INFO - [2024-03-11T21:06:25.135+0000] {dagbag.py:540} INFO - Filling up the DagBag from /home/airflow/.local/lib/python3.8/site-packages/airflow/example_dags/example_datasets.py
[2024-03-11T21:06:25.148+0000] {processor.py:840} INFO - DAG(s) 'dataset_produces_1', 'dataset_consumes_1', 'dataset_produces_2', 'dataset_consumes_unknown_never_scheduled', 'dataset_consumes_1_and_2', 'dataset_consumes_1_never_scheduled' retrieved from /home/airflow/.local/lib/python3.8/site-packages/airflow/example_dags/example_datasets.py
[2024-03-11T21:06:25.210+0000] {logging_mixin.py:188} INFO - [2024-03-11T21:06:25.210+0000] {dag.py:3047} INFO - Sync 6 DAGs
[2024-03-11T21:06:25.244+0000] {logging_mixin.py:188} INFO - [2024-03-11T21:06:25.244+0000] {dag.py:3834} INFO - Setting next_dagrun for dataset_consumes_1 to None, run_after=None
[2024-03-11T21:06:25.250+0000] {logging_mixin.py:188} INFO - [2024-03-11T21:06:25.250+0000] {dag.py:3834} INFO - Setting next_dagrun for dataset_consumes_1_and_2 to None, run_after=None
[2024-03-11T21:06:25.253+0000] {logging_mixin.py:188} INFO - [2024-03-11T21:06:25.253+0000] {dag.py:3834} INFO - Setting next_dagrun for dataset_consumes_1_never_scheduled to None, run_after=None
[2024-03-11T21:06:25.256+0000] {logging_mixin.py:188} INFO - [2024-03-11T21:06:25.255+0000] {dag.py:3834} INFO - Setting next_dagrun for dataset_consumes_unknown_never_scheduled to None, run_after=None
[2024-03-11T21:06:25.261+0000] {logging_mixin.py:188} INFO - [2024-03-11T21:06:25.260+0000] {dag.py:3834} INFO - Setting next_dagrun for dataset_produces_1 to 2024-03-10 00:00:00+00:00, run_after=2024-03-11 00:00:00+00:00
[2024-03-11T21:06:25.263+0000] {logging_mixin.py:188} INFO - [2024-03-11T21:06:25.263+0000] {dag.py:3834} INFO - Setting next_dagrun for dataset_produces_2 to None, run_after=None
[2024-03-11T21:06:25.320+0000] {processor.py:183} INFO - Processing /home/airflow/.local/lib/python3.8/site-packages/airflow/example_dags/example_datasets.py took 0.192 seconds
[2024-03-11T21:06:55.653+0000] {processor.py:161} INFO - Started process (PID=1285) to work on /home/airflow/.local/lib/python3.8/site-packages/airflow/example_dags/example_datasets.py
[2024-03-11T21:06:55.655+0000] {processor.py:830} INFO - Processing file /home/airflow/.local/lib/python3.8/site-packages/airflow/example_dags/example_datasets.py for tasks to queue
[2024-03-11T21:06:55.657+0000] {logging_mixin.py:188} INFO - [2024-03-11T21:06:55.657+0000] {dagbag.py:540} INFO - Filling up the DagBag from /home/airflow/.local/lib/python3.8/site-packages/airflow/example_dags/example_datasets.py
[2024-03-11T21:06:55.672+0000] {processor.py:840} INFO - DAG(s) 'dataset_consumes_1_never_scheduled', 'dataset_consumes_unknown_never_scheduled', 'dataset_produces_1', 'dataset_produces_2', 'dataset_consumes_1', 'dataset_consumes_1_and_2' retrieved from /home/airflow/.local/lib/python3.8/site-packages/airflow/example_dags/example_datasets.py
[2024-03-11T21:06:55.741+0000] {logging_mixin.py:188} INFO - [2024-03-11T21:06:55.740+0000] {dag.py:3047} INFO - Sync 6 DAGs
[2024-03-11T21:06:55.789+0000] {logging_mixin.py:188} INFO - [2024-03-11T21:06:55.788+0000] {dag.py:3834} INFO - Setting next_dagrun for dataset_consumes_1 to None, run_after=None
[2024-03-11T21:06:55.796+0000] {logging_mixin.py:188} INFO - [2024-03-11T21:06:55.795+0000] {dag.py:3834} INFO - Setting next_dagrun for dataset_consumes_1_and_2 to None, run_after=None
[2024-03-11T21:06:55.800+0000] {logging_mixin.py:188} INFO - [2024-03-11T21:06:55.800+0000] {dag.py:3834} INFO - Setting next_dagrun for dataset_consumes_1_never_scheduled to None, run_after=None
[2024-03-11T21:06:55.803+0000] {logging_mixin.py:188} INFO - [2024-03-11T21:06:55.803+0000] {dag.py:3834} INFO - Setting next_dagrun for dataset_consumes_unknown_never_scheduled to None, run_after=None
[2024-03-11T21:06:55.809+0000] {logging_mixin.py:188} INFO - [2024-03-11T21:06:55.809+0000] {dag.py:3834} INFO - Setting next_dagrun for dataset_produces_1 to 2024-03-10 00:00:00+00:00, run_after=2024-03-11 00:00:00+00:00
[2024-03-11T21:06:55.812+0000] {logging_mixin.py:188} INFO - [2024-03-11T21:06:55.811+0000] {dag.py:3834} INFO - Setting next_dagrun for dataset_produces_2 to None, run_after=None
[2024-03-11T21:06:55.868+0000] {processor.py:183} INFO - Processing /home/airflow/.local/lib/python3.8/site-packages/airflow/example_dags/example_datasets.py took 0.219 seconds
