[2024-03-11T20:55:39.835+0000] {processor.py:161} INFO - Started process (PID=48) to work on /home/airflow/.local/lib/python3.8/site-packages/airflow/example_dags/example_xcom.py
[2024-03-11T20:55:39.837+0000] {processor.py:830} INFO - Processing file /home/airflow/.local/lib/python3.8/site-packages/airflow/example_dags/example_xcom.py for tasks to queue
[2024-03-11T20:55:39.840+0000] {logging_mixin.py:188} INFO - [2024-03-11T20:55:39.839+0000] {dagbag.py:540} INFO - Filling up the DagBag from /home/airflow/.local/lib/python3.8/site-packages/airflow/example_dags/example_xcom.py
[2024-03-11T20:55:39.857+0000] {processor.py:840} INFO - DAG(s) 'example_xcom' retrieved from /home/airflow/.local/lib/python3.8/site-packages/airflow/example_dags/example_xcom.py
[2024-03-11T20:55:40.058+0000] {logging_mixin.py:188} INFO - [2024-03-11T20:55:40.057+0000] {override.py:1769} INFO - Created Permission View: can read on DAG:example_xcom
[2024-03-11T20:55:40.074+0000] {logging_mixin.py:188} INFO - [2024-03-11T20:55:40.073+0000] {override.py:1769} INFO - Created Permission View: can delete on DAG:example_xcom
[2024-03-11T20:55:40.086+0000] {logging_mixin.py:188} INFO - [2024-03-11T20:55:40.085+0000] {override.py:1769} INFO - Created Permission View: can edit on DAG:example_xcom
[2024-03-11T20:55:40.087+0000] {logging_mixin.py:188} INFO - [2024-03-11T20:55:40.087+0000] {dag.py:3047} INFO - Sync 1 DAGs
[2024-03-11T20:55:40.114+0000] {logging_mixin.py:188} INFO - [2024-03-11T20:55:40.113+0000] {dag.py:3069} INFO - Creating ORM DAG for example_xcom
[2024-03-11T20:55:40.144+0000] {logging_mixin.py:188} INFO - [2024-03-11T20:55:40.143+0000] {dag.py:3834} INFO - Setting next_dagrun for example_xcom to 2021-01-01 00:00:00+00:00, run_after=2021-01-01 00:00:00+00:00
[2024-03-11T20:55:40.181+0000] {processor.py:183} INFO - Processing /home/airflow/.local/lib/python3.8/site-packages/airflow/example_dags/example_xcom.py took 0.352 seconds
[2024-03-11T20:56:10.600+0000] {processor.py:161} INFO - Started process (PID=103) to work on /home/airflow/.local/lib/python3.8/site-packages/airflow/example_dags/example_xcom.py
[2024-03-11T20:56:10.601+0000] {processor.py:830} INFO - Processing file /home/airflow/.local/lib/python3.8/site-packages/airflow/example_dags/example_xcom.py for tasks to queue
[2024-03-11T20:56:10.603+0000] {logging_mixin.py:188} INFO - [2024-03-11T20:56:10.603+0000] {dagbag.py:540} INFO - Filling up the DagBag from /home/airflow/.local/lib/python3.8/site-packages/airflow/example_dags/example_xcom.py
[2024-03-11T20:56:10.614+0000] {processor.py:840} INFO - DAG(s) 'example_xcom' retrieved from /home/airflow/.local/lib/python3.8/site-packages/airflow/example_dags/example_xcom.py
[2024-03-11T20:56:10.644+0000] {logging_mixin.py:188} INFO - [2024-03-11T20:56:10.643+0000] {dag.py:3047} INFO - Sync 1 DAGs
[2024-03-11T20:56:10.673+0000] {logging_mixin.py:188} INFO - [2024-03-11T20:56:10.673+0000] {dag.py:3834} INFO - Setting next_dagrun for example_xcom to 2021-01-01 00:00:00+00:00, run_after=2021-01-01 00:00:00+00:00
[2024-03-11T20:56:10.702+0000] {processor.py:183} INFO - Processing /home/airflow/.local/lib/python3.8/site-packages/airflow/example_dags/example_xcom.py took 0.106 seconds
[2024-03-11T20:56:40.871+0000] {processor.py:161} INFO - Started process (PID=158) to work on /home/airflow/.local/lib/python3.8/site-packages/airflow/example_dags/example_xcom.py
[2024-03-11T20:56:40.872+0000] {processor.py:830} INFO - Processing file /home/airflow/.local/lib/python3.8/site-packages/airflow/example_dags/example_xcom.py for tasks to queue
[2024-03-11T20:56:40.874+0000] {logging_mixin.py:188} INFO - [2024-03-11T20:56:40.874+0000] {dagbag.py:540} INFO - Filling up the DagBag from /home/airflow/.local/lib/python3.8/site-packages/airflow/example_dags/example_xcom.py
[2024-03-11T20:56:40.884+0000] {processor.py:840} INFO - DAG(s) 'example_xcom' retrieved from /home/airflow/.local/lib/python3.8/site-packages/airflow/example_dags/example_xcom.py
[2024-03-11T20:56:40.912+0000] {logging_mixin.py:188} INFO - [2024-03-11T20:56:40.912+0000] {dag.py:3047} INFO - Sync 1 DAGs
[2024-03-11T20:56:40.947+0000] {logging_mixin.py:188} INFO - [2024-03-11T20:56:40.946+0000] {dag.py:3834} INFO - Setting next_dagrun for example_xcom to 2021-01-01 00:00:00+00:00, run_after=2021-01-01 00:00:00+00:00
[2024-03-11T20:56:40.976+0000] {processor.py:183} INFO - Processing /home/airflow/.local/lib/python3.8/site-packages/airflow/example_dags/example_xcom.py took 0.109 seconds
[2024-03-11T20:57:11.438+0000] {processor.py:161} INFO - Started process (PID=213) to work on /home/airflow/.local/lib/python3.8/site-packages/airflow/example_dags/example_xcom.py
[2024-03-11T20:57:11.440+0000] {processor.py:830} INFO - Processing file /home/airflow/.local/lib/python3.8/site-packages/airflow/example_dags/example_xcom.py for tasks to queue
[2024-03-11T20:57:11.442+0000] {logging_mixin.py:188} INFO - [2024-03-11T20:57:11.441+0000] {dagbag.py:540} INFO - Filling up the DagBag from /home/airflow/.local/lib/python3.8/site-packages/airflow/example_dags/example_xcom.py
[2024-03-11T20:57:11.453+0000] {processor.py:840} INFO - DAG(s) 'example_xcom' retrieved from /home/airflow/.local/lib/python3.8/site-packages/airflow/example_dags/example_xcom.py
[2024-03-11T20:57:11.485+0000] {logging_mixin.py:188} INFO - [2024-03-11T20:57:11.484+0000] {dag.py:3047} INFO - Sync 1 DAGs
[2024-03-11T20:57:11.530+0000] {logging_mixin.py:188} INFO - [2024-03-11T20:57:11.529+0000] {dag.py:3834} INFO - Setting next_dagrun for example_xcom to 2021-01-01 00:00:00+00:00, run_after=2021-01-01 00:00:00+00:00
[2024-03-11T20:57:11.568+0000] {processor.py:183} INFO - Processing /home/airflow/.local/lib/python3.8/site-packages/airflow/example_dags/example_xcom.py took 0.135 seconds
[2024-03-11T20:57:41.653+0000] {processor.py:161} INFO - Started process (PID=268) to work on /home/airflow/.local/lib/python3.8/site-packages/airflow/example_dags/example_xcom.py
[2024-03-11T20:57:41.654+0000] {processor.py:830} INFO - Processing file /home/airflow/.local/lib/python3.8/site-packages/airflow/example_dags/example_xcom.py for tasks to queue
[2024-03-11T20:57:41.657+0000] {logging_mixin.py:188} INFO - [2024-03-11T20:57:41.656+0000] {dagbag.py:540} INFO - Filling up the DagBag from /home/airflow/.local/lib/python3.8/site-packages/airflow/example_dags/example_xcom.py
[2024-03-11T20:57:41.666+0000] {processor.py:840} INFO - DAG(s) 'example_xcom' retrieved from /home/airflow/.local/lib/python3.8/site-packages/airflow/example_dags/example_xcom.py
[2024-03-11T20:57:41.694+0000] {logging_mixin.py:188} INFO - [2024-03-11T20:57:41.693+0000] {dag.py:3047} INFO - Sync 1 DAGs
[2024-03-11T20:57:41.725+0000] {logging_mixin.py:188} INFO - [2024-03-11T20:57:41.724+0000] {dag.py:3834} INFO - Setting next_dagrun for example_xcom to 2021-01-01 00:00:00+00:00, run_after=2021-01-01 00:00:00+00:00
[2024-03-11T20:57:41.764+0000] {processor.py:183} INFO - Processing /home/airflow/.local/lib/python3.8/site-packages/airflow/example_dags/example_xcom.py took 0.114 seconds
[2024-03-11T20:58:11.942+0000] {processor.py:161} INFO - Started process (PID=323) to work on /home/airflow/.local/lib/python3.8/site-packages/airflow/example_dags/example_xcom.py
[2024-03-11T20:58:11.943+0000] {processor.py:830} INFO - Processing file /home/airflow/.local/lib/python3.8/site-packages/airflow/example_dags/example_xcom.py for tasks to queue
[2024-03-11T20:58:11.946+0000] {logging_mixin.py:188} INFO - [2024-03-11T20:58:11.945+0000] {dagbag.py:540} INFO - Filling up the DagBag from /home/airflow/.local/lib/python3.8/site-packages/airflow/example_dags/example_xcom.py
[2024-03-11T20:58:11.955+0000] {processor.py:840} INFO - DAG(s) 'example_xcom' retrieved from /home/airflow/.local/lib/python3.8/site-packages/airflow/example_dags/example_xcom.py
[2024-03-11T20:58:11.985+0000] {logging_mixin.py:188} INFO - [2024-03-11T20:58:11.985+0000] {dag.py:3047} INFO - Sync 1 DAGs
[2024-03-11T20:58:12.020+0000] {logging_mixin.py:188} INFO - [2024-03-11T20:58:12.019+0000] {dag.py:3834} INFO - Setting next_dagrun for example_xcom to 2021-01-01 00:00:00+00:00, run_after=2021-01-01 00:00:00+00:00
[2024-03-11T20:58:12.052+0000] {processor.py:183} INFO - Processing /home/airflow/.local/lib/python3.8/site-packages/airflow/example_dags/example_xcom.py took 0.114 seconds
[2024-03-11T20:58:42.450+0000] {processor.py:161} INFO - Started process (PID=378) to work on /home/airflow/.local/lib/python3.8/site-packages/airflow/example_dags/example_xcom.py
[2024-03-11T20:58:42.451+0000] {processor.py:830} INFO - Processing file /home/airflow/.local/lib/python3.8/site-packages/airflow/example_dags/example_xcom.py for tasks to queue
[2024-03-11T20:58:42.453+0000] {logging_mixin.py:188} INFO - [2024-03-11T20:58:42.453+0000] {dagbag.py:540} INFO - Filling up the DagBag from /home/airflow/.local/lib/python3.8/site-packages/airflow/example_dags/example_xcom.py
[2024-03-11T20:58:42.462+0000] {processor.py:840} INFO - DAG(s) 'example_xcom' retrieved from /home/airflow/.local/lib/python3.8/site-packages/airflow/example_dags/example_xcom.py
[2024-03-11T20:58:42.493+0000] {logging_mixin.py:188} INFO - [2024-03-11T20:58:42.493+0000] {dag.py:3047} INFO - Sync 1 DAGs
[2024-03-11T20:58:42.523+0000] {logging_mixin.py:188} INFO - [2024-03-11T20:58:42.522+0000] {dag.py:3834} INFO - Setting next_dagrun for example_xcom to 2021-01-01 00:00:00+00:00, run_after=2021-01-01 00:00:00+00:00
[2024-03-11T20:58:42.556+0000] {processor.py:183} INFO - Processing /home/airflow/.local/lib/python3.8/site-packages/airflow/example_dags/example_xcom.py took 0.110 seconds
[2024-03-11T20:59:12.743+0000] {processor.py:161} INFO - Started process (PID=440) to work on /home/airflow/.local/lib/python3.8/site-packages/airflow/example_dags/example_xcom.py
[2024-03-11T20:59:12.744+0000] {processor.py:830} INFO - Processing file /home/airflow/.local/lib/python3.8/site-packages/airflow/example_dags/example_xcom.py for tasks to queue
[2024-03-11T20:59:12.746+0000] {logging_mixin.py:188} INFO - [2024-03-11T20:59:12.745+0000] {dagbag.py:540} INFO - Filling up the DagBag from /home/airflow/.local/lib/python3.8/site-packages/airflow/example_dags/example_xcom.py
[2024-03-11T20:59:12.755+0000] {processor.py:840} INFO - DAG(s) 'example_xcom' retrieved from /home/airflow/.local/lib/python3.8/site-packages/airflow/example_dags/example_xcom.py
[2024-03-11T20:59:12.785+0000] {logging_mixin.py:188} INFO - [2024-03-11T20:59:12.784+0000] {dag.py:3047} INFO - Sync 1 DAGs
[2024-03-11T20:59:12.829+0000] {logging_mixin.py:188} INFO - [2024-03-11T20:59:12.828+0000] {dag.py:3834} INFO - Setting next_dagrun for example_xcom to 2021-01-01 00:00:00+00:00, run_after=2021-01-01 00:00:00+00:00
[2024-03-11T20:59:12.859+0000] {processor.py:183} INFO - Processing /home/airflow/.local/lib/python3.8/site-packages/airflow/example_dags/example_xcom.py took 0.120 seconds
[2024-03-11T20:59:43.195+0000] {processor.py:161} INFO - Started process (PID=495) to work on /home/airflow/.local/lib/python3.8/site-packages/airflow/example_dags/example_xcom.py
[2024-03-11T20:59:43.196+0000] {processor.py:830} INFO - Processing file /home/airflow/.local/lib/python3.8/site-packages/airflow/example_dags/example_xcom.py for tasks to queue
[2024-03-11T20:59:43.198+0000] {logging_mixin.py:188} INFO - [2024-03-11T20:59:43.198+0000] {dagbag.py:540} INFO - Filling up the DagBag from /home/airflow/.local/lib/python3.8/site-packages/airflow/example_dags/example_xcom.py
[2024-03-11T20:59:43.212+0000] {processor.py:840} INFO - DAG(s) 'example_xcom' retrieved from /home/airflow/.local/lib/python3.8/site-packages/airflow/example_dags/example_xcom.py
[2024-03-11T20:59:43.248+0000] {logging_mixin.py:188} INFO - [2024-03-11T20:59:43.248+0000] {dag.py:3047} INFO - Sync 1 DAGs
[2024-03-11T20:59:43.281+0000] {logging_mixin.py:188} INFO - [2024-03-11T20:59:43.281+0000] {dag.py:3834} INFO - Setting next_dagrun for example_xcom to 2021-01-01 00:00:00+00:00, run_after=2021-01-01 00:00:00+00:00
[2024-03-11T20:59:43.316+0000] {processor.py:183} INFO - Processing /home/airflow/.local/lib/python3.8/site-packages/airflow/example_dags/example_xcom.py took 0.125 seconds
[2024-03-11T21:00:13.494+0000] {processor.py:161} INFO - Started process (PID=550) to work on /home/airflow/.local/lib/python3.8/site-packages/airflow/example_dags/example_xcom.py
[2024-03-11T21:00:13.496+0000] {processor.py:830} INFO - Processing file /home/airflow/.local/lib/python3.8/site-packages/airflow/example_dags/example_xcom.py for tasks to queue
[2024-03-11T21:00:13.498+0000] {logging_mixin.py:188} INFO - [2024-03-11T21:00:13.497+0000] {dagbag.py:540} INFO - Filling up the DagBag from /home/airflow/.local/lib/python3.8/site-packages/airflow/example_dags/example_xcom.py
[2024-03-11T21:00:13.507+0000] {processor.py:840} INFO - DAG(s) 'example_xcom' retrieved from /home/airflow/.local/lib/python3.8/site-packages/airflow/example_dags/example_xcom.py
[2024-03-11T21:00:13.536+0000] {logging_mixin.py:188} INFO - [2024-03-11T21:00:13.535+0000] {dag.py:3047} INFO - Sync 1 DAGs
[2024-03-11T21:00:13.569+0000] {logging_mixin.py:188} INFO - [2024-03-11T21:00:13.568+0000] {dag.py:3834} INFO - Setting next_dagrun for example_xcom to 2021-01-01 00:00:00+00:00, run_after=2021-01-01 00:00:00+00:00
[2024-03-11T21:00:13.599+0000] {processor.py:183} INFO - Processing /home/airflow/.local/lib/python3.8/site-packages/airflow/example_dags/example_xcom.py took 0.108 seconds
[2024-03-11T21:00:43.709+0000] {processor.py:161} INFO - Started process (PID=605) to work on /home/airflow/.local/lib/python3.8/site-packages/airflow/example_dags/example_xcom.py
[2024-03-11T21:00:43.710+0000] {processor.py:830} INFO - Processing file /home/airflow/.local/lib/python3.8/site-packages/airflow/example_dags/example_xcom.py for tasks to queue
[2024-03-11T21:00:43.712+0000] {logging_mixin.py:188} INFO - [2024-03-11T21:00:43.712+0000] {dagbag.py:540} INFO - Filling up the DagBag from /home/airflow/.local/lib/python3.8/site-packages/airflow/example_dags/example_xcom.py
[2024-03-11T21:00:43.723+0000] {processor.py:840} INFO - DAG(s) 'example_xcom' retrieved from /home/airflow/.local/lib/python3.8/site-packages/airflow/example_dags/example_xcom.py
[2024-03-11T21:00:43.756+0000] {logging_mixin.py:188} INFO - [2024-03-11T21:00:43.755+0000] {dag.py:3047} INFO - Sync 1 DAGs
[2024-03-11T21:00:43.792+0000] {logging_mixin.py:188} INFO - [2024-03-11T21:00:43.792+0000] {dag.py:3834} INFO - Setting next_dagrun for example_xcom to 2021-01-01 00:00:00+00:00, run_after=2021-01-01 00:00:00+00:00
[2024-03-11T21:00:43.822+0000] {processor.py:183} INFO - Processing /home/airflow/.local/lib/python3.8/site-packages/airflow/example_dags/example_xcom.py took 0.117 seconds
[2024-03-11T21:01:14.316+0000] {processor.py:161} INFO - Started process (PID=660) to work on /home/airflow/.local/lib/python3.8/site-packages/airflow/example_dags/example_xcom.py
[2024-03-11T21:01:14.317+0000] {processor.py:830} INFO - Processing file /home/airflow/.local/lib/python3.8/site-packages/airflow/example_dags/example_xcom.py for tasks to queue
[2024-03-11T21:01:14.320+0000] {logging_mixin.py:188} INFO - [2024-03-11T21:01:14.319+0000] {dagbag.py:540} INFO - Filling up the DagBag from /home/airflow/.local/lib/python3.8/site-packages/airflow/example_dags/example_xcom.py
[2024-03-11T21:01:14.330+0000] {processor.py:840} INFO - DAG(s) 'example_xcom' retrieved from /home/airflow/.local/lib/python3.8/site-packages/airflow/example_dags/example_xcom.py
[2024-03-11T21:01:14.359+0000] {logging_mixin.py:188} INFO - [2024-03-11T21:01:14.358+0000] {dag.py:3047} INFO - Sync 1 DAGs
[2024-03-11T21:01:14.391+0000] {logging_mixin.py:188} INFO - [2024-03-11T21:01:14.391+0000] {dag.py:3834} INFO - Setting next_dagrun for example_xcom to 2021-01-01 00:00:00+00:00, run_after=2021-01-01 00:00:00+00:00
[2024-03-11T21:01:14.422+0000] {processor.py:183} INFO - Processing /home/airflow/.local/lib/python3.8/site-packages/airflow/example_dags/example_xcom.py took 0.109 seconds
[2024-03-11T21:01:44.569+0000] {processor.py:161} INFO - Started process (PID=715) to work on /home/airflow/.local/lib/python3.8/site-packages/airflow/example_dags/example_xcom.py
[2024-03-11T21:01:44.571+0000] {processor.py:830} INFO - Processing file /home/airflow/.local/lib/python3.8/site-packages/airflow/example_dags/example_xcom.py for tasks to queue
[2024-03-11T21:01:44.573+0000] {logging_mixin.py:188} INFO - [2024-03-11T21:01:44.573+0000] {dagbag.py:540} INFO - Filling up the DagBag from /home/airflow/.local/lib/python3.8/site-packages/airflow/example_dags/example_xcom.py
[2024-03-11T21:01:44.583+0000] {processor.py:840} INFO - DAG(s) 'example_xcom' retrieved from /home/airflow/.local/lib/python3.8/site-packages/airflow/example_dags/example_xcom.py
[2024-03-11T21:01:44.615+0000] {logging_mixin.py:188} INFO - [2024-03-11T21:01:44.615+0000] {dag.py:3047} INFO - Sync 1 DAGs
[2024-03-11T21:01:44.651+0000] {logging_mixin.py:188} INFO - [2024-03-11T21:01:44.651+0000] {dag.py:3834} INFO - Setting next_dagrun for example_xcom to 2021-01-01 00:00:00+00:00, run_after=2021-01-01 00:00:00+00:00
[2024-03-11T21:01:44.684+0000] {processor.py:183} INFO - Processing /home/airflow/.local/lib/python3.8/site-packages/airflow/example_dags/example_xcom.py took 0.120 seconds
[2024-03-11T21:02:14.799+0000] {processor.py:161} INFO - Started process (PID=770) to work on /home/airflow/.local/lib/python3.8/site-packages/airflow/example_dags/example_xcom.py
[2024-03-11T21:02:14.800+0000] {processor.py:830} INFO - Processing file /home/airflow/.local/lib/python3.8/site-packages/airflow/example_dags/example_xcom.py for tasks to queue
[2024-03-11T21:02:14.802+0000] {logging_mixin.py:188} INFO - [2024-03-11T21:02:14.802+0000] {dagbag.py:540} INFO - Filling up the DagBag from /home/airflow/.local/lib/python3.8/site-packages/airflow/example_dags/example_xcom.py
[2024-03-11T21:02:14.812+0000] {processor.py:840} INFO - DAG(s) 'example_xcom' retrieved from /home/airflow/.local/lib/python3.8/site-packages/airflow/example_dags/example_xcom.py
[2024-03-11T21:02:14.843+0000] {logging_mixin.py:188} INFO - [2024-03-11T21:02:14.842+0000] {dag.py:3047} INFO - Sync 1 DAGs
[2024-03-11T21:02:14.883+0000] {logging_mixin.py:188} INFO - [2024-03-11T21:02:14.883+0000] {dag.py:3834} INFO - Setting next_dagrun for example_xcom to 2021-01-01 00:00:00+00:00, run_after=2021-01-01 00:00:00+00:00
[2024-03-11T21:02:14.918+0000] {processor.py:183} INFO - Processing /home/airflow/.local/lib/python3.8/site-packages/airflow/example_dags/example_xcom.py took 0.122 seconds
[2024-03-11T21:02:45.140+0000] {processor.py:161} INFO - Started process (PID=825) to work on /home/airflow/.local/lib/python3.8/site-packages/airflow/example_dags/example_xcom.py
[2024-03-11T21:02:45.142+0000] {processor.py:830} INFO - Processing file /home/airflow/.local/lib/python3.8/site-packages/airflow/example_dags/example_xcom.py for tasks to queue
[2024-03-11T21:02:45.144+0000] {logging_mixin.py:188} INFO - [2024-03-11T21:02:45.144+0000] {dagbag.py:540} INFO - Filling up the DagBag from /home/airflow/.local/lib/python3.8/site-packages/airflow/example_dags/example_xcom.py
[2024-03-11T21:02:45.159+0000] {processor.py:840} INFO - DAG(s) 'example_xcom' retrieved from /home/airflow/.local/lib/python3.8/site-packages/airflow/example_dags/example_xcom.py
[2024-03-11T21:02:45.192+0000] {logging_mixin.py:188} INFO - [2024-03-11T21:02:45.192+0000] {dag.py:3047} INFO - Sync 1 DAGs
[2024-03-11T21:02:45.224+0000] {logging_mixin.py:188} INFO - [2024-03-11T21:02:45.223+0000] {dag.py:3834} INFO - Setting next_dagrun for example_xcom to 2021-01-01 00:00:00+00:00, run_after=2021-01-01 00:00:00+00:00
[2024-03-11T21:02:45.255+0000] {processor.py:183} INFO - Processing /home/airflow/.local/lib/python3.8/site-packages/airflow/example_dags/example_xcom.py took 0.119 seconds
[2024-03-11T21:03:15.571+0000] {processor.py:161} INFO - Started process (PID=880) to work on /home/airflow/.local/lib/python3.8/site-packages/airflow/example_dags/example_xcom.py
[2024-03-11T21:03:15.572+0000] {processor.py:830} INFO - Processing file /home/airflow/.local/lib/python3.8/site-packages/airflow/example_dags/example_xcom.py for tasks to queue
[2024-03-11T21:03:15.575+0000] {logging_mixin.py:188} INFO - [2024-03-11T21:03:15.575+0000] {dagbag.py:540} INFO - Filling up the DagBag from /home/airflow/.local/lib/python3.8/site-packages/airflow/example_dags/example_xcom.py
[2024-03-11T21:03:15.585+0000] {processor.py:840} INFO - DAG(s) 'example_xcom' retrieved from /home/airflow/.local/lib/python3.8/site-packages/airflow/example_dags/example_xcom.py
[2024-03-11T21:03:15.614+0000] {logging_mixin.py:188} INFO - [2024-03-11T21:03:15.613+0000] {dag.py:3047} INFO - Sync 1 DAGs
[2024-03-11T21:03:15.646+0000] {logging_mixin.py:188} INFO - [2024-03-11T21:03:15.646+0000] {dag.py:3834} INFO - Setting next_dagrun for example_xcom to 2021-01-01 00:00:00+00:00, run_after=2021-01-01 00:00:00+00:00
[2024-03-11T21:03:15.675+0000] {processor.py:183} INFO - Processing /home/airflow/.local/lib/python3.8/site-packages/airflow/example_dags/example_xcom.py took 0.108 seconds
[2024-03-11T21:03:46.214+0000] {processor.py:161} INFO - Started process (PID=936) to work on /home/airflow/.local/lib/python3.8/site-packages/airflow/example_dags/example_xcom.py
[2024-03-11T21:03:46.216+0000] {processor.py:830} INFO - Processing file /home/airflow/.local/lib/python3.8/site-packages/airflow/example_dags/example_xcom.py for tasks to queue
[2024-03-11T21:03:46.219+0000] {logging_mixin.py:188} INFO - [2024-03-11T21:03:46.219+0000] {dagbag.py:540} INFO - Filling up the DagBag from /home/airflow/.local/lib/python3.8/site-packages/airflow/example_dags/example_xcom.py
[2024-03-11T21:03:46.229+0000] {processor.py:840} INFO - DAG(s) 'example_xcom' retrieved from /home/airflow/.local/lib/python3.8/site-packages/airflow/example_dags/example_xcom.py
[2024-03-11T21:03:46.262+0000] {logging_mixin.py:188} INFO - [2024-03-11T21:03:46.261+0000] {dag.py:3047} INFO - Sync 1 DAGs
[2024-03-11T21:03:46.293+0000] {logging_mixin.py:188} INFO - [2024-03-11T21:03:46.293+0000] {dag.py:3834} INFO - Setting next_dagrun for example_xcom to 2021-01-01 00:00:00+00:00, run_after=2021-01-01 00:00:00+00:00
[2024-03-11T21:03:46.326+0000] {processor.py:183} INFO - Processing /home/airflow/.local/lib/python3.8/site-packages/airflow/example_dags/example_xcom.py took 0.115 seconds
[2024-03-11T21:04:16.495+0000] {processor.py:161} INFO - Started process (PID=991) to work on /home/airflow/.local/lib/python3.8/site-packages/airflow/example_dags/example_xcom.py
[2024-03-11T21:04:16.497+0000] {processor.py:830} INFO - Processing file /home/airflow/.local/lib/python3.8/site-packages/airflow/example_dags/example_xcom.py for tasks to queue
[2024-03-11T21:04:16.499+0000] {logging_mixin.py:188} INFO - [2024-03-11T21:04:16.499+0000] {dagbag.py:540} INFO - Filling up the DagBag from /home/airflow/.local/lib/python3.8/site-packages/airflow/example_dags/example_xcom.py
[2024-03-11T21:04:16.509+0000] {processor.py:840} INFO - DAG(s) 'example_xcom' retrieved from /home/airflow/.local/lib/python3.8/site-packages/airflow/example_dags/example_xcom.py
[2024-03-11T21:04:16.536+0000] {logging_mixin.py:188} INFO - [2024-03-11T21:04:16.535+0000] {dag.py:3047} INFO - Sync 1 DAGs
[2024-03-11T21:04:16.567+0000] {logging_mixin.py:188} INFO - [2024-03-11T21:04:16.566+0000] {dag.py:3834} INFO - Setting next_dagrun for example_xcom to 2021-01-01 00:00:00+00:00, run_after=2021-01-01 00:00:00+00:00
[2024-03-11T21:04:16.593+0000] {processor.py:183} INFO - Processing /home/airflow/.local/lib/python3.8/site-packages/airflow/example_dags/example_xcom.py took 0.103 seconds
[2024-03-11T21:04:47.033+0000] {processor.py:161} INFO - Started process (PID=1046) to work on /home/airflow/.local/lib/python3.8/site-packages/airflow/example_dags/example_xcom.py
[2024-03-11T21:04:47.034+0000] {processor.py:830} INFO - Processing file /home/airflow/.local/lib/python3.8/site-packages/airflow/example_dags/example_xcom.py for tasks to queue
[2024-03-11T21:04:47.037+0000] {logging_mixin.py:188} INFO - [2024-03-11T21:04:47.036+0000] {dagbag.py:540} INFO - Filling up the DagBag from /home/airflow/.local/lib/python3.8/site-packages/airflow/example_dags/example_xcom.py
[2024-03-11T21:04:47.046+0000] {processor.py:840} INFO - DAG(s) 'example_xcom' retrieved from /home/airflow/.local/lib/python3.8/site-packages/airflow/example_dags/example_xcom.py
[2024-03-11T21:04:47.075+0000] {logging_mixin.py:188} INFO - [2024-03-11T21:04:47.075+0000] {dag.py:3047} INFO - Sync 1 DAGs
[2024-03-11T21:04:47.110+0000] {logging_mixin.py:188} INFO - [2024-03-11T21:04:47.110+0000] {dag.py:3834} INFO - Setting next_dagrun for example_xcom to 2021-01-01 00:00:00+00:00, run_after=2021-01-01 00:00:00+00:00
[2024-03-11T21:04:47.140+0000] {processor.py:183} INFO - Processing /home/airflow/.local/lib/python3.8/site-packages/airflow/example_dags/example_xcom.py took 0.111 seconds
[2024-03-11T21:05:17.556+0000] {processor.py:161} INFO - Started process (PID=1101) to work on /home/airflow/.local/lib/python3.8/site-packages/airflow/example_dags/example_xcom.py
[2024-03-11T21:05:17.558+0000] {processor.py:830} INFO - Processing file /home/airflow/.local/lib/python3.8/site-packages/airflow/example_dags/example_xcom.py for tasks to queue
[2024-03-11T21:05:17.560+0000] {logging_mixin.py:188} INFO - [2024-03-11T21:05:17.559+0000] {dagbag.py:540} INFO - Filling up the DagBag from /home/airflow/.local/lib/python3.8/site-packages/airflow/example_dags/example_xcom.py
[2024-03-11T21:05:17.574+0000] {processor.py:840} INFO - DAG(s) 'example_xcom' retrieved from /home/airflow/.local/lib/python3.8/site-packages/airflow/example_dags/example_xcom.py
[2024-03-11T21:05:17.606+0000] {logging_mixin.py:188} INFO - [2024-03-11T21:05:17.606+0000] {dag.py:3047} INFO - Sync 1 DAGs
[2024-03-11T21:05:17.636+0000] {logging_mixin.py:188} INFO - [2024-03-11T21:05:17.636+0000] {dag.py:3834} INFO - Setting next_dagrun for example_xcom to 2021-01-01 00:00:00+00:00, run_after=2021-01-01 00:00:00+00:00
[2024-03-11T21:05:17.665+0000] {processor.py:183} INFO - Processing /home/airflow/.local/lib/python3.8/site-packages/airflow/example_dags/example_xcom.py took 0.112 seconds
[2024-03-11T21:05:48.195+0000] {processor.py:161} INFO - Started process (PID=1156) to work on /home/airflow/.local/lib/python3.8/site-packages/airflow/example_dags/example_xcom.py
[2024-03-11T21:05:48.196+0000] {processor.py:830} INFO - Processing file /home/airflow/.local/lib/python3.8/site-packages/airflow/example_dags/example_xcom.py for tasks to queue
[2024-03-11T21:05:48.199+0000] {logging_mixin.py:188} INFO - [2024-03-11T21:05:48.199+0000] {dagbag.py:540} INFO - Filling up the DagBag from /home/airflow/.local/lib/python3.8/site-packages/airflow/example_dags/example_xcom.py
[2024-03-11T21:05:48.209+0000] {processor.py:840} INFO - DAG(s) 'example_xcom' retrieved from /home/airflow/.local/lib/python3.8/site-packages/airflow/example_dags/example_xcom.py
[2024-03-11T21:05:48.240+0000] {logging_mixin.py:188} INFO - [2024-03-11T21:05:48.240+0000] {dag.py:3047} INFO - Sync 1 DAGs
[2024-03-11T21:05:48.271+0000] {logging_mixin.py:188} INFO - [2024-03-11T21:05:48.270+0000] {dag.py:3834} INFO - Setting next_dagrun for example_xcom to 2021-01-01 00:00:00+00:00, run_after=2021-01-01 00:00:00+00:00
[2024-03-11T21:05:48.302+0000] {processor.py:183} INFO - Processing /home/airflow/.local/lib/python3.8/site-packages/airflow/example_dags/example_xcom.py took 0.111 seconds
[2024-03-11T21:06:18.618+0000] {processor.py:161} INFO - Started process (PID=1211) to work on /home/airflow/.local/lib/python3.8/site-packages/airflow/example_dags/example_xcom.py
[2024-03-11T21:06:18.620+0000] {processor.py:830} INFO - Processing file /home/airflow/.local/lib/python3.8/site-packages/airflow/example_dags/example_xcom.py for tasks to queue
[2024-03-11T21:06:18.622+0000] {logging_mixin.py:188} INFO - [2024-03-11T21:06:18.622+0000] {dagbag.py:540} INFO - Filling up the DagBag from /home/airflow/.local/lib/python3.8/site-packages/airflow/example_dags/example_xcom.py
[2024-03-11T21:06:18.635+0000] {processor.py:840} INFO - DAG(s) 'example_xcom' retrieved from /home/airflow/.local/lib/python3.8/site-packages/airflow/example_dags/example_xcom.py
[2024-03-11T21:06:18.665+0000] {logging_mixin.py:188} INFO - [2024-03-11T21:06:18.665+0000] {dag.py:3047} INFO - Sync 1 DAGs
[2024-03-11T21:06:18.697+0000] {logging_mixin.py:188} INFO - [2024-03-11T21:06:18.697+0000] {dag.py:3834} INFO - Setting next_dagrun for example_xcom to 2021-01-01 00:00:00+00:00, run_after=2021-01-01 00:00:00+00:00
[2024-03-11T21:06:18.728+0000] {processor.py:183} INFO - Processing /home/airflow/.local/lib/python3.8/site-packages/airflow/example_dags/example_xcom.py took 0.113 seconds
[2024-03-11T21:06:49.320+0000] {processor.py:161} INFO - Started process (PID=1266) to work on /home/airflow/.local/lib/python3.8/site-packages/airflow/example_dags/example_xcom.py
[2024-03-11T21:06:49.322+0000] {processor.py:830} INFO - Processing file /home/airflow/.local/lib/python3.8/site-packages/airflow/example_dags/example_xcom.py for tasks to queue
[2024-03-11T21:06:49.324+0000] {logging_mixin.py:188} INFO - [2024-03-11T21:06:49.324+0000] {dagbag.py:540} INFO - Filling up the DagBag from /home/airflow/.local/lib/python3.8/site-packages/airflow/example_dags/example_xcom.py
[2024-03-11T21:06:49.334+0000] {processor.py:840} INFO - DAG(s) 'example_xcom' retrieved from /home/airflow/.local/lib/python3.8/site-packages/airflow/example_dags/example_xcom.py
[2024-03-11T21:06:49.364+0000] {logging_mixin.py:188} INFO - [2024-03-11T21:06:49.364+0000] {dag.py:3047} INFO - Sync 1 DAGs
[2024-03-11T21:06:49.396+0000] {logging_mixin.py:188} INFO - [2024-03-11T21:06:49.395+0000] {dag.py:3834} INFO - Setting next_dagrun for example_xcom to 2021-01-01 00:00:00+00:00, run_after=2021-01-01 00:00:00+00:00
[2024-03-11T21:06:49.427+0000] {processor.py:183} INFO - Processing /home/airflow/.local/lib/python3.8/site-packages/airflow/example_dags/example_xcom.py took 0.111 seconds
[2024-03-11T21:07:19.919+0000] {processor.py:161} INFO - Started process (PID=1321) to work on /home/airflow/.local/lib/python3.8/site-packages/airflow/example_dags/example_xcom.py
[2024-03-11T21:07:19.920+0000] {processor.py:830} INFO - Processing file /home/airflow/.local/lib/python3.8/site-packages/airflow/example_dags/example_xcom.py for tasks to queue
[2024-03-11T21:07:19.923+0000] {logging_mixin.py:188} INFO - [2024-03-11T21:07:19.922+0000] {dagbag.py:540} INFO - Filling up the DagBag from /home/airflow/.local/lib/python3.8/site-packages/airflow/example_dags/example_xcom.py
[2024-03-11T21:07:19.938+0000] {processor.py:840} INFO - DAG(s) 'example_xcom' retrieved from /home/airflow/.local/lib/python3.8/site-packages/airflow/example_dags/example_xcom.py
[2024-03-11T21:07:19.971+0000] {logging_mixin.py:188} INFO - [2024-03-11T21:07:19.971+0000] {dag.py:3047} INFO - Sync 1 DAGs
[2024-03-11T21:07:20.028+0000] {logging_mixin.py:188} INFO - [2024-03-11T21:07:20.027+0000] {dag.py:3834} INFO - Setting next_dagrun for example_xcom to 2021-01-01 00:00:00+00:00, run_after=2021-01-01 00:00:00+00:00
[2024-03-11T21:07:20.075+0000] {processor.py:183} INFO - Processing /home/airflow/.local/lib/python3.8/site-packages/airflow/example_dags/example_xcom.py took 0.160 seconds
