[2024-03-11T20:55:44.705+0000] {processor.py:161} INFO - Started process (PID=77) to work on /home/airflow/.local/lib/python3.8/site-packages/airflow/example_dags/example_python_decorator.py
[2024-03-11T20:55:44.707+0000] {processor.py:830} INFO - Processing file /home/airflow/.local/lib/python3.8/site-packages/airflow/example_dags/example_python_decorator.py for tasks to queue
[2024-03-11T20:55:44.709+0000] {logging_mixin.py:188} INFO - [2024-03-11T20:55:44.709+0000] {dagbag.py:540} INFO - Filling up the DagBag from /home/airflow/.local/lib/python3.8/site-packages/airflow/example_dags/example_python_decorator.py
[2024-03-11T20:55:44.731+0000] {processor.py:840} INFO - DAG(s) 'example_python_decorator' retrieved from /home/airflow/.local/lib/python3.8/site-packages/airflow/example_dags/example_python_decorator.py
[2024-03-11T20:55:44.907+0000] {logging_mixin.py:188} INFO - [2024-03-11T20:55:44.906+0000] {override.py:1769} INFO - Created Permission View: can read on DAG:example_python_decorator
[2024-03-11T20:55:44.924+0000] {logging_mixin.py:188} INFO - [2024-03-11T20:55:44.924+0000] {override.py:1769} INFO - Created Permission View: can delete on DAG:example_python_decorator
[2024-03-11T20:55:44.940+0000] {logging_mixin.py:188} INFO - [2024-03-11T20:55:44.939+0000] {override.py:1769} INFO - Created Permission View: can edit on DAG:example_python_decorator
[2024-03-11T20:55:44.941+0000] {logging_mixin.py:188} INFO - [2024-03-11T20:55:44.941+0000] {dag.py:3047} INFO - Sync 1 DAGs
[2024-03-11T20:55:44.967+0000] {logging_mixin.py:188} INFO - [2024-03-11T20:55:44.967+0000] {dag.py:3069} INFO - Creating ORM DAG for example_python_decorator
[2024-03-11T20:55:44.969+0000] {logging_mixin.py:188} INFO - [2024-03-11T20:55:44.968+0000] {dag.py:3834} INFO - Setting next_dagrun for example_python_decorator to None, run_after=None
[2024-03-11T20:55:45.005+0000] {processor.py:183} INFO - Processing /home/airflow/.local/lib/python3.8/site-packages/airflow/example_dags/example_python_decorator.py took 0.304 seconds
[2024-03-11T20:56:15.447+0000] {processor.py:161} INFO - Started process (PID=132) to work on /home/airflow/.local/lib/python3.8/site-packages/airflow/example_dags/example_python_decorator.py
[2024-03-11T20:56:15.448+0000] {processor.py:830} INFO - Processing file /home/airflow/.local/lib/python3.8/site-packages/airflow/example_dags/example_python_decorator.py for tasks to queue
[2024-03-11T20:56:15.450+0000] {logging_mixin.py:188} INFO - [2024-03-11T20:56:15.450+0000] {dagbag.py:540} INFO - Filling up the DagBag from /home/airflow/.local/lib/python3.8/site-packages/airflow/example_dags/example_python_decorator.py
[2024-03-11T20:56:15.470+0000] {processor.py:840} INFO - DAG(s) 'example_python_decorator' retrieved from /home/airflow/.local/lib/python3.8/site-packages/airflow/example_dags/example_python_decorator.py
[2024-03-11T20:56:15.505+0000] {logging_mixin.py:188} INFO - [2024-03-11T20:56:15.505+0000] {dag.py:3047} INFO - Sync 1 DAGs
[2024-03-11T20:56:15.528+0000] {logging_mixin.py:188} INFO - [2024-03-11T20:56:15.527+0000] {dag.py:3834} INFO - Setting next_dagrun for example_python_decorator to None, run_after=None
[2024-03-11T20:56:15.565+0000] {processor.py:183} INFO - Processing /home/airflow/.local/lib/python3.8/site-packages/airflow/example_dags/example_python_decorator.py took 0.121 seconds
[2024-03-11T20:56:45.923+0000] {processor.py:161} INFO - Started process (PID=187) to work on /home/airflow/.local/lib/python3.8/site-packages/airflow/example_dags/example_python_decorator.py
[2024-03-11T20:56:45.924+0000] {processor.py:830} INFO - Processing file /home/airflow/.local/lib/python3.8/site-packages/airflow/example_dags/example_python_decorator.py for tasks to queue
[2024-03-11T20:56:45.926+0000] {logging_mixin.py:188} INFO - [2024-03-11T20:56:45.926+0000] {dagbag.py:540} INFO - Filling up the DagBag from /home/airflow/.local/lib/python3.8/site-packages/airflow/example_dags/example_python_decorator.py
[2024-03-11T20:56:45.949+0000] {processor.py:840} INFO - DAG(s) 'example_python_decorator' retrieved from /home/airflow/.local/lib/python3.8/site-packages/airflow/example_dags/example_python_decorator.py
[2024-03-11T20:56:45.983+0000] {logging_mixin.py:188} INFO - [2024-03-11T20:56:45.982+0000] {dag.py:3047} INFO - Sync 1 DAGs
[2024-03-11T20:56:46.001+0000] {logging_mixin.py:188} INFO - [2024-03-11T20:56:46.001+0000] {dag.py:3834} INFO - Setting next_dagrun for example_python_decorator to None, run_after=None
[2024-03-11T20:56:46.037+0000] {processor.py:183} INFO - Processing /home/airflow/.local/lib/python3.8/site-packages/airflow/example_dags/example_python_decorator.py took 0.118 seconds
[2024-03-11T20:57:16.533+0000] {processor.py:161} INFO - Started process (PID=242) to work on /home/airflow/.local/lib/python3.8/site-packages/airflow/example_dags/example_python_decorator.py
[2024-03-11T20:57:16.534+0000] {processor.py:830} INFO - Processing file /home/airflow/.local/lib/python3.8/site-packages/airflow/example_dags/example_python_decorator.py for tasks to queue
[2024-03-11T20:57:16.536+0000] {logging_mixin.py:188} INFO - [2024-03-11T20:57:16.536+0000] {dagbag.py:540} INFO - Filling up the DagBag from /home/airflow/.local/lib/python3.8/site-packages/airflow/example_dags/example_python_decorator.py
[2024-03-11T20:57:16.554+0000] {processor.py:840} INFO - DAG(s) 'example_python_decorator' retrieved from /home/airflow/.local/lib/python3.8/site-packages/airflow/example_dags/example_python_decorator.py
[2024-03-11T20:57:16.584+0000] {logging_mixin.py:188} INFO - [2024-03-11T20:57:16.583+0000] {dag.py:3047} INFO - Sync 1 DAGs
[2024-03-11T20:57:16.601+0000] {logging_mixin.py:188} INFO - [2024-03-11T20:57:16.601+0000] {dag.py:3834} INFO - Setting next_dagrun for example_python_decorator to None, run_after=None
[2024-03-11T20:57:16.642+0000] {processor.py:183} INFO - Processing /home/airflow/.local/lib/python3.8/site-packages/airflow/example_dags/example_python_decorator.py took 0.113 seconds
[2024-03-11T20:57:46.895+0000] {processor.py:161} INFO - Started process (PID=297) to work on /home/airflow/.local/lib/python3.8/site-packages/airflow/example_dags/example_python_decorator.py
[2024-03-11T20:57:46.896+0000] {processor.py:830} INFO - Processing file /home/airflow/.local/lib/python3.8/site-packages/airflow/example_dags/example_python_decorator.py for tasks to queue
[2024-03-11T20:57:46.899+0000] {logging_mixin.py:188} INFO - [2024-03-11T20:57:46.898+0000] {dagbag.py:540} INFO - Filling up the DagBag from /home/airflow/.local/lib/python3.8/site-packages/airflow/example_dags/example_python_decorator.py
[2024-03-11T20:57:46.920+0000] {processor.py:840} INFO - DAG(s) 'example_python_decorator' retrieved from /home/airflow/.local/lib/python3.8/site-packages/airflow/example_dags/example_python_decorator.py
[2024-03-11T20:57:46.950+0000] {logging_mixin.py:188} INFO - [2024-03-11T20:57:46.949+0000] {dag.py:3047} INFO - Sync 1 DAGs
[2024-03-11T20:57:46.969+0000] {logging_mixin.py:188} INFO - [2024-03-11T20:57:46.968+0000] {dag.py:3834} INFO - Setting next_dagrun for example_python_decorator to None, run_after=None
[2024-03-11T20:57:47.011+0000] {processor.py:183} INFO - Processing /home/airflow/.local/lib/python3.8/site-packages/airflow/example_dags/example_python_decorator.py took 0.120 seconds
[2024-03-11T20:58:17.346+0000] {processor.py:161} INFO - Started process (PID=352) to work on /home/airflow/.local/lib/python3.8/site-packages/airflow/example_dags/example_python_decorator.py
[2024-03-11T20:58:17.348+0000] {processor.py:830} INFO - Processing file /home/airflow/.local/lib/python3.8/site-packages/airflow/example_dags/example_python_decorator.py for tasks to queue
[2024-03-11T20:58:17.353+0000] {logging_mixin.py:188} INFO - [2024-03-11T20:58:17.352+0000] {dagbag.py:540} INFO - Filling up the DagBag from /home/airflow/.local/lib/python3.8/site-packages/airflow/example_dags/example_python_decorator.py
[2024-03-11T20:58:17.386+0000] {processor.py:840} INFO - DAG(s) 'example_python_decorator' retrieved from /home/airflow/.local/lib/python3.8/site-packages/airflow/example_dags/example_python_decorator.py
[2024-03-11T20:58:17.420+0000] {logging_mixin.py:188} INFO - [2024-03-11T20:58:17.420+0000] {dag.py:3047} INFO - Sync 1 DAGs
[2024-03-11T20:58:17.441+0000] {logging_mixin.py:188} INFO - [2024-03-11T20:58:17.441+0000] {dag.py:3834} INFO - Setting next_dagrun for example_python_decorator to None, run_after=None
[2024-03-11T20:58:17.471+0000] {processor.py:183} INFO - Processing /home/airflow/.local/lib/python3.8/site-packages/airflow/example_dags/example_python_decorator.py took 0.133 seconds
[2024-03-11T20:58:47.563+0000] {processor.py:161} INFO - Started process (PID=408) to work on /home/airflow/.local/lib/python3.8/site-packages/airflow/example_dags/example_python_decorator.py
[2024-03-11T20:58:47.565+0000] {processor.py:830} INFO - Processing file /home/airflow/.local/lib/python3.8/site-packages/airflow/example_dags/example_python_decorator.py for tasks to queue
[2024-03-11T20:58:47.568+0000] {logging_mixin.py:188} INFO - [2024-03-11T20:58:47.567+0000] {dagbag.py:540} INFO - Filling up the DagBag from /home/airflow/.local/lib/python3.8/site-packages/airflow/example_dags/example_python_decorator.py
[2024-03-11T20:58:47.586+0000] {processor.py:840} INFO - DAG(s) 'example_python_decorator' retrieved from /home/airflow/.local/lib/python3.8/site-packages/airflow/example_dags/example_python_decorator.py
[2024-03-11T20:58:47.615+0000] {logging_mixin.py:188} INFO - [2024-03-11T20:58:47.615+0000] {dag.py:3047} INFO - Sync 1 DAGs
[2024-03-11T20:58:47.634+0000] {logging_mixin.py:188} INFO - [2024-03-11T20:58:47.634+0000] {dag.py:3834} INFO - Setting next_dagrun for example_python_decorator to None, run_after=None
[2024-03-11T20:58:47.672+0000] {processor.py:183} INFO - Processing /home/airflow/.local/lib/python3.8/site-packages/airflow/example_dags/example_python_decorator.py took 0.111 seconds
[2024-03-11T20:59:17.946+0000] {processor.py:161} INFO - Started process (PID=463) to work on /home/airflow/.local/lib/python3.8/site-packages/airflow/example_dags/example_python_decorator.py
[2024-03-11T20:59:17.947+0000] {processor.py:830} INFO - Processing file /home/airflow/.local/lib/python3.8/site-packages/airflow/example_dags/example_python_decorator.py for tasks to queue
[2024-03-11T20:59:17.949+0000] {logging_mixin.py:188} INFO - [2024-03-11T20:59:17.949+0000] {dagbag.py:540} INFO - Filling up the DagBag from /home/airflow/.local/lib/python3.8/site-packages/airflow/example_dags/example_python_decorator.py
[2024-03-11T20:59:17.967+0000] {processor.py:840} INFO - DAG(s) 'example_python_decorator' retrieved from /home/airflow/.local/lib/python3.8/site-packages/airflow/example_dags/example_python_decorator.py
[2024-03-11T20:59:17.996+0000] {logging_mixin.py:188} INFO - [2024-03-11T20:59:17.996+0000] {dag.py:3047} INFO - Sync 1 DAGs
[2024-03-11T20:59:18.015+0000] {logging_mixin.py:188} INFO - [2024-03-11T20:59:18.014+0000] {dag.py:3834} INFO - Setting next_dagrun for example_python_decorator to None, run_after=None
[2024-03-11T20:59:18.053+0000] {processor.py:183} INFO - Processing /home/airflow/.local/lib/python3.8/site-packages/airflow/example_dags/example_python_decorator.py took 0.110 seconds
[2024-03-11T20:59:48.417+0000] {processor.py:161} INFO - Started process (PID=518) to work on /home/airflow/.local/lib/python3.8/site-packages/airflow/example_dags/example_python_decorator.py
[2024-03-11T20:59:48.418+0000] {processor.py:830} INFO - Processing file /home/airflow/.local/lib/python3.8/site-packages/airflow/example_dags/example_python_decorator.py for tasks to queue
[2024-03-11T20:59:48.421+0000] {logging_mixin.py:188} INFO - [2024-03-11T20:59:48.420+0000] {dagbag.py:540} INFO - Filling up the DagBag from /home/airflow/.local/lib/python3.8/site-packages/airflow/example_dags/example_python_decorator.py
[2024-03-11T20:59:48.438+0000] {processor.py:840} INFO - DAG(s) 'example_python_decorator' retrieved from /home/airflow/.local/lib/python3.8/site-packages/airflow/example_dags/example_python_decorator.py
[2024-03-11T20:59:48.470+0000] {logging_mixin.py:188} INFO - [2024-03-11T20:59:48.469+0000] {dag.py:3047} INFO - Sync 1 DAGs
[2024-03-11T20:59:48.488+0000] {logging_mixin.py:188} INFO - [2024-03-11T20:59:48.488+0000] {dag.py:3834} INFO - Setting next_dagrun for example_python_decorator to None, run_after=None
[2024-03-11T20:59:48.519+0000] {processor.py:183} INFO - Processing /home/airflow/.local/lib/python3.8/site-packages/airflow/example_dags/example_python_decorator.py took 0.107 seconds
[2024-03-11T21:00:19.352+0000] {processor.py:161} INFO - Started process (PID=573) to work on /home/airflow/.local/lib/python3.8/site-packages/airflow/example_dags/example_python_decorator.py
[2024-03-11T21:00:19.354+0000] {processor.py:830} INFO - Processing file /home/airflow/.local/lib/python3.8/site-packages/airflow/example_dags/example_python_decorator.py for tasks to queue
[2024-03-11T21:00:19.356+0000] {logging_mixin.py:188} INFO - [2024-03-11T21:00:19.355+0000] {dagbag.py:540} INFO - Filling up the DagBag from /home/airflow/.local/lib/python3.8/site-packages/airflow/example_dags/example_python_decorator.py
[2024-03-11T21:00:19.377+0000] {processor.py:840} INFO - DAG(s) 'example_python_decorator' retrieved from /home/airflow/.local/lib/python3.8/site-packages/airflow/example_dags/example_python_decorator.py
[2024-03-11T21:00:19.423+0000] {logging_mixin.py:188} INFO - [2024-03-11T21:00:19.422+0000] {dag.py:3047} INFO - Sync 1 DAGs
[2024-03-11T21:00:19.442+0000] {logging_mixin.py:188} INFO - [2024-03-11T21:00:19.442+0000] {dag.py:3834} INFO - Setting next_dagrun for example_python_decorator to None, run_after=None
[2024-03-11T21:00:19.471+0000] {processor.py:183} INFO - Processing /home/airflow/.local/lib/python3.8/site-packages/airflow/example_dags/example_python_decorator.py took 0.123 seconds
[2024-03-11T21:00:49.910+0000] {processor.py:161} INFO - Started process (PID=628) to work on /home/airflow/.local/lib/python3.8/site-packages/airflow/example_dags/example_python_decorator.py
[2024-03-11T21:00:49.912+0000] {processor.py:830} INFO - Processing file /home/airflow/.local/lib/python3.8/site-packages/airflow/example_dags/example_python_decorator.py for tasks to queue
[2024-03-11T21:00:49.914+0000] {logging_mixin.py:188} INFO - [2024-03-11T21:00:49.913+0000] {dagbag.py:540} INFO - Filling up the DagBag from /home/airflow/.local/lib/python3.8/site-packages/airflow/example_dags/example_python_decorator.py
[2024-03-11T21:00:49.931+0000] {processor.py:840} INFO - DAG(s) 'example_python_decorator' retrieved from /home/airflow/.local/lib/python3.8/site-packages/airflow/example_dags/example_python_decorator.py
[2024-03-11T21:00:49.960+0000] {logging_mixin.py:188} INFO - [2024-03-11T21:00:49.959+0000] {dag.py:3047} INFO - Sync 1 DAGs
[2024-03-11T21:00:49.985+0000] {logging_mixin.py:188} INFO - [2024-03-11T21:00:49.985+0000] {dag.py:3834} INFO - Setting next_dagrun for example_python_decorator to None, run_after=None
[2024-03-11T21:00:50.016+0000] {processor.py:183} INFO - Processing /home/airflow/.local/lib/python3.8/site-packages/airflow/example_dags/example_python_decorator.py took 0.110 seconds
[2024-03-11T21:01:20.441+0000] {processor.py:161} INFO - Started process (PID=683) to work on /home/airflow/.local/lib/python3.8/site-packages/airflow/example_dags/example_python_decorator.py
[2024-03-11T21:01:20.442+0000] {processor.py:830} INFO - Processing file /home/airflow/.local/lib/python3.8/site-packages/airflow/example_dags/example_python_decorator.py for tasks to queue
[2024-03-11T21:01:20.445+0000] {logging_mixin.py:188} INFO - [2024-03-11T21:01:20.444+0000] {dagbag.py:540} INFO - Filling up the DagBag from /home/airflow/.local/lib/python3.8/site-packages/airflow/example_dags/example_python_decorator.py
[2024-03-11T21:01:20.462+0000] {processor.py:840} INFO - DAG(s) 'example_python_decorator' retrieved from /home/airflow/.local/lib/python3.8/site-packages/airflow/example_dags/example_python_decorator.py
[2024-03-11T21:01:20.491+0000] {logging_mixin.py:188} INFO - [2024-03-11T21:01:20.491+0000] {dag.py:3047} INFO - Sync 1 DAGs
[2024-03-11T21:01:20.508+0000] {logging_mixin.py:188} INFO - [2024-03-11T21:01:20.508+0000] {dag.py:3834} INFO - Setting next_dagrun for example_python_decorator to None, run_after=None
[2024-03-11T21:01:20.540+0000] {processor.py:183} INFO - Processing /home/airflow/.local/lib/python3.8/site-packages/airflow/example_dags/example_python_decorator.py took 0.103 seconds
[2024-03-11T21:01:51.070+0000] {processor.py:161} INFO - Started process (PID=738) to work on /home/airflow/.local/lib/python3.8/site-packages/airflow/example_dags/example_python_decorator.py
[2024-03-11T21:01:51.071+0000] {processor.py:830} INFO - Processing file /home/airflow/.local/lib/python3.8/site-packages/airflow/example_dags/example_python_decorator.py for tasks to queue
[2024-03-11T21:01:51.074+0000] {logging_mixin.py:188} INFO - [2024-03-11T21:01:51.074+0000] {dagbag.py:540} INFO - Filling up the DagBag from /home/airflow/.local/lib/python3.8/site-packages/airflow/example_dags/example_python_decorator.py
[2024-03-11T21:01:51.100+0000] {processor.py:840} INFO - DAG(s) 'example_python_decorator' retrieved from /home/airflow/.local/lib/python3.8/site-packages/airflow/example_dags/example_python_decorator.py
[2024-03-11T21:01:51.137+0000] {logging_mixin.py:188} INFO - [2024-03-11T21:01:51.137+0000] {dag.py:3047} INFO - Sync 1 DAGs
[2024-03-11T21:01:51.155+0000] {logging_mixin.py:188} INFO - [2024-03-11T21:01:51.155+0000] {dag.py:3834} INFO - Setting next_dagrun for example_python_decorator to None, run_after=None
[2024-03-11T21:01:51.183+0000] {processor.py:183} INFO - Processing /home/airflow/.local/lib/python3.8/site-packages/airflow/example_dags/example_python_decorator.py took 0.117 seconds
[2024-03-11T21:02:21.437+0000] {processor.py:161} INFO - Started process (PID=793) to work on /home/airflow/.local/lib/python3.8/site-packages/airflow/example_dags/example_python_decorator.py
[2024-03-11T21:02:21.439+0000] {processor.py:830} INFO - Processing file /home/airflow/.local/lib/python3.8/site-packages/airflow/example_dags/example_python_decorator.py for tasks to queue
[2024-03-11T21:02:21.442+0000] {logging_mixin.py:188} INFO - [2024-03-11T21:02:21.441+0000] {dagbag.py:540} INFO - Filling up the DagBag from /home/airflow/.local/lib/python3.8/site-packages/airflow/example_dags/example_python_decorator.py
[2024-03-11T21:02:21.466+0000] {processor.py:840} INFO - DAG(s) 'example_python_decorator' retrieved from /home/airflow/.local/lib/python3.8/site-packages/airflow/example_dags/example_python_decorator.py
[2024-03-11T21:02:21.499+0000] {logging_mixin.py:188} INFO - [2024-03-11T21:02:21.498+0000] {dag.py:3047} INFO - Sync 1 DAGs
[2024-03-11T21:02:21.520+0000] {logging_mixin.py:188} INFO - [2024-03-11T21:02:21.520+0000] {dag.py:3834} INFO - Setting next_dagrun for example_python_decorator to None, run_after=None
[2024-03-11T21:02:21.563+0000] {processor.py:183} INFO - Processing /home/airflow/.local/lib/python3.8/site-packages/airflow/example_dags/example_python_decorator.py took 0.131 seconds
[2024-03-11T21:02:52.127+0000] {processor.py:161} INFO - Started process (PID=848) to work on /home/airflow/.local/lib/python3.8/site-packages/airflow/example_dags/example_python_decorator.py
[2024-03-11T21:02:52.129+0000] {processor.py:830} INFO - Processing file /home/airflow/.local/lib/python3.8/site-packages/airflow/example_dags/example_python_decorator.py for tasks to queue
[2024-03-11T21:02:52.131+0000] {logging_mixin.py:188} INFO - [2024-03-11T21:02:52.131+0000] {dagbag.py:540} INFO - Filling up the DagBag from /home/airflow/.local/lib/python3.8/site-packages/airflow/example_dags/example_python_decorator.py
[2024-03-11T21:02:52.153+0000] {processor.py:840} INFO - DAG(s) 'example_python_decorator' retrieved from /home/airflow/.local/lib/python3.8/site-packages/airflow/example_dags/example_python_decorator.py
[2024-03-11T21:02:52.187+0000] {logging_mixin.py:188} INFO - [2024-03-11T21:02:52.187+0000] {dag.py:3047} INFO - Sync 1 DAGs
[2024-03-11T21:02:52.207+0000] {logging_mixin.py:188} INFO - [2024-03-11T21:02:52.206+0000] {dag.py:3834} INFO - Setting next_dagrun for example_python_decorator to None, run_after=None
[2024-03-11T21:02:52.236+0000] {processor.py:183} INFO - Processing /home/airflow/.local/lib/python3.8/site-packages/airflow/example_dags/example_python_decorator.py took 0.112 seconds
[2024-03-11T21:03:22.499+0000] {processor.py:161} INFO - Started process (PID=903) to work on /home/airflow/.local/lib/python3.8/site-packages/airflow/example_dags/example_python_decorator.py
[2024-03-11T21:03:22.501+0000] {processor.py:830} INFO - Processing file /home/airflow/.local/lib/python3.8/site-packages/airflow/example_dags/example_python_decorator.py for tasks to queue
[2024-03-11T21:03:22.503+0000] {logging_mixin.py:188} INFO - [2024-03-11T21:03:22.502+0000] {dagbag.py:540} INFO - Filling up the DagBag from /home/airflow/.local/lib/python3.8/site-packages/airflow/example_dags/example_python_decorator.py
[2024-03-11T21:03:22.523+0000] {processor.py:840} INFO - DAG(s) 'example_python_decorator' retrieved from /home/airflow/.local/lib/python3.8/site-packages/airflow/example_dags/example_python_decorator.py
[2024-03-11T21:03:22.564+0000] {logging_mixin.py:188} INFO - [2024-03-11T21:03:22.563+0000] {dag.py:3047} INFO - Sync 1 DAGs
[2024-03-11T21:03:22.594+0000] {logging_mixin.py:188} INFO - [2024-03-11T21:03:22.594+0000] {dag.py:3834} INFO - Setting next_dagrun for example_python_decorator to None, run_after=None
[2024-03-11T21:03:22.632+0000] {processor.py:183} INFO - Processing /home/airflow/.local/lib/python3.8/site-packages/airflow/example_dags/example_python_decorator.py took 0.137 seconds
[2024-03-11T21:03:53.099+0000] {processor.py:161} INFO - Started process (PID=959) to work on /home/airflow/.local/lib/python3.8/site-packages/airflow/example_dags/example_python_decorator.py
[2024-03-11T21:03:53.100+0000] {processor.py:830} INFO - Processing file /home/airflow/.local/lib/python3.8/site-packages/airflow/example_dags/example_python_decorator.py for tasks to queue
[2024-03-11T21:03:53.102+0000] {logging_mixin.py:188} INFO - [2024-03-11T21:03:53.102+0000] {dagbag.py:540} INFO - Filling up the DagBag from /home/airflow/.local/lib/python3.8/site-packages/airflow/example_dags/example_python_decorator.py
[2024-03-11T21:03:53.119+0000] {processor.py:840} INFO - DAG(s) 'example_python_decorator' retrieved from /home/airflow/.local/lib/python3.8/site-packages/airflow/example_dags/example_python_decorator.py
[2024-03-11T21:03:53.148+0000] {logging_mixin.py:188} INFO - [2024-03-11T21:03:53.147+0000] {dag.py:3047} INFO - Sync 1 DAGs
[2024-03-11T21:03:53.165+0000] {logging_mixin.py:188} INFO - [2024-03-11T21:03:53.165+0000] {dag.py:3834} INFO - Setting next_dagrun for example_python_decorator to None, run_after=None
[2024-03-11T21:03:53.196+0000] {processor.py:183} INFO - Processing /home/airflow/.local/lib/python3.8/site-packages/airflow/example_dags/example_python_decorator.py took 0.100 seconds
[2024-03-11T21:04:23.447+0000] {processor.py:161} INFO - Started process (PID=1014) to work on /home/airflow/.local/lib/python3.8/site-packages/airflow/example_dags/example_python_decorator.py
[2024-03-11T21:04:23.448+0000] {processor.py:830} INFO - Processing file /home/airflow/.local/lib/python3.8/site-packages/airflow/example_dags/example_python_decorator.py for tasks to queue
[2024-03-11T21:04:23.450+0000] {logging_mixin.py:188} INFO - [2024-03-11T21:04:23.450+0000] {dagbag.py:540} INFO - Filling up the DagBag from /home/airflow/.local/lib/python3.8/site-packages/airflow/example_dags/example_python_decorator.py
[2024-03-11T21:04:23.466+0000] {processor.py:840} INFO - DAG(s) 'example_python_decorator' retrieved from /home/airflow/.local/lib/python3.8/site-packages/airflow/example_dags/example_python_decorator.py
[2024-03-11T21:04:23.496+0000] {logging_mixin.py:188} INFO - [2024-03-11T21:04:23.496+0000] {dag.py:3047} INFO - Sync 1 DAGs
[2024-03-11T21:04:23.515+0000] {logging_mixin.py:188} INFO - [2024-03-11T21:04:23.514+0000] {dag.py:3834} INFO - Setting next_dagrun for example_python_decorator to None, run_after=None
[2024-03-11T21:04:23.542+0000] {processor.py:183} INFO - Processing /home/airflow/.local/lib/python3.8/site-packages/airflow/example_dags/example_python_decorator.py took 0.099 seconds
[2024-03-11T21:04:54.012+0000] {processor.py:161} INFO - Started process (PID=1069) to work on /home/airflow/.local/lib/python3.8/site-packages/airflow/example_dags/example_python_decorator.py
[2024-03-11T21:04:54.014+0000] {processor.py:830} INFO - Processing file /home/airflow/.local/lib/python3.8/site-packages/airflow/example_dags/example_python_decorator.py for tasks to queue
[2024-03-11T21:04:54.016+0000] {logging_mixin.py:188} INFO - [2024-03-11T21:04:54.016+0000] {dagbag.py:540} INFO - Filling up the DagBag from /home/airflow/.local/lib/python3.8/site-packages/airflow/example_dags/example_python_decorator.py
[2024-03-11T21:04:54.033+0000] {processor.py:840} INFO - DAG(s) 'example_python_decorator' retrieved from /home/airflow/.local/lib/python3.8/site-packages/airflow/example_dags/example_python_decorator.py
[2024-03-11T21:04:54.065+0000] {logging_mixin.py:188} INFO - [2024-03-11T21:04:54.065+0000] {dag.py:3047} INFO - Sync 1 DAGs
[2024-03-11T21:04:54.089+0000] {logging_mixin.py:188} INFO - [2024-03-11T21:04:54.088+0000] {dag.py:3834} INFO - Setting next_dagrun for example_python_decorator to None, run_after=None
[2024-03-11T21:04:54.128+0000] {processor.py:183} INFO - Processing /home/airflow/.local/lib/python3.8/site-packages/airflow/example_dags/example_python_decorator.py took 0.120 seconds
[2024-03-11T21:05:24.567+0000] {processor.py:161} INFO - Started process (PID=1124) to work on /home/airflow/.local/lib/python3.8/site-packages/airflow/example_dags/example_python_decorator.py
[2024-03-11T21:05:24.568+0000] {processor.py:830} INFO - Processing file /home/airflow/.local/lib/python3.8/site-packages/airflow/example_dags/example_python_decorator.py for tasks to queue
[2024-03-11T21:05:24.570+0000] {logging_mixin.py:188} INFO - [2024-03-11T21:05:24.570+0000] {dagbag.py:540} INFO - Filling up the DagBag from /home/airflow/.local/lib/python3.8/site-packages/airflow/example_dags/example_python_decorator.py
[2024-03-11T21:05:24.597+0000] {processor.py:840} INFO - DAG(s) 'example_python_decorator' retrieved from /home/airflow/.local/lib/python3.8/site-packages/airflow/example_dags/example_python_decorator.py
[2024-03-11T21:05:24.637+0000] {logging_mixin.py:188} INFO - [2024-03-11T21:05:24.636+0000] {dag.py:3047} INFO - Sync 1 DAGs
[2024-03-11T21:05:24.665+0000] {logging_mixin.py:188} INFO - [2024-03-11T21:05:24.664+0000] {dag.py:3834} INFO - Setting next_dagrun for example_python_decorator to None, run_after=None
[2024-03-11T21:05:24.705+0000] {processor.py:183} INFO - Processing /home/airflow/.local/lib/python3.8/site-packages/airflow/example_dags/example_python_decorator.py took 0.142 seconds
[2024-03-11T21:05:55.030+0000] {processor.py:161} INFO - Started process (PID=1179) to work on /home/airflow/.local/lib/python3.8/site-packages/airflow/example_dags/example_python_decorator.py
[2024-03-11T21:05:55.032+0000] {processor.py:830} INFO - Processing file /home/airflow/.local/lib/python3.8/site-packages/airflow/example_dags/example_python_decorator.py for tasks to queue
[2024-03-11T21:05:55.034+0000] {logging_mixin.py:188} INFO - [2024-03-11T21:05:55.034+0000] {dagbag.py:540} INFO - Filling up the DagBag from /home/airflow/.local/lib/python3.8/site-packages/airflow/example_dags/example_python_decorator.py
[2024-03-11T21:05:55.051+0000] {processor.py:840} INFO - DAG(s) 'example_python_decorator' retrieved from /home/airflow/.local/lib/python3.8/site-packages/airflow/example_dags/example_python_decorator.py
[2024-03-11T21:05:55.083+0000] {logging_mixin.py:188} INFO - [2024-03-11T21:05:55.083+0000] {dag.py:3047} INFO - Sync 1 DAGs
[2024-03-11T21:05:55.109+0000] {logging_mixin.py:188} INFO - [2024-03-11T21:05:55.109+0000] {dag.py:3834} INFO - Setting next_dagrun for example_python_decorator to None, run_after=None
[2024-03-11T21:05:55.148+0000] {processor.py:183} INFO - Processing /home/airflow/.local/lib/python3.8/site-packages/airflow/example_dags/example_python_decorator.py took 0.121 seconds
[2024-03-11T21:06:25.658+0000] {processor.py:161} INFO - Started process (PID=1234) to work on /home/airflow/.local/lib/python3.8/site-packages/airflow/example_dags/example_python_decorator.py
[2024-03-11T21:06:25.659+0000] {processor.py:830} INFO - Processing file /home/airflow/.local/lib/python3.8/site-packages/airflow/example_dags/example_python_decorator.py for tasks to queue
[2024-03-11T21:06:25.661+0000] {logging_mixin.py:188} INFO - [2024-03-11T21:06:25.661+0000] {dagbag.py:540} INFO - Filling up the DagBag from /home/airflow/.local/lib/python3.8/site-packages/airflow/example_dags/example_python_decorator.py
[2024-03-11T21:06:25.677+0000] {processor.py:840} INFO - DAG(s) 'example_python_decorator' retrieved from /home/airflow/.local/lib/python3.8/site-packages/airflow/example_dags/example_python_decorator.py
[2024-03-11T21:06:25.708+0000] {logging_mixin.py:188} INFO - [2024-03-11T21:06:25.708+0000] {dag.py:3047} INFO - Sync 1 DAGs
[2024-03-11T21:06:25.726+0000] {logging_mixin.py:188} INFO - [2024-03-11T21:06:25.726+0000] {dag.py:3834} INFO - Setting next_dagrun for example_python_decorator to None, run_after=None
[2024-03-11T21:06:25.758+0000] {processor.py:183} INFO - Processing /home/airflow/.local/lib/python3.8/site-packages/airflow/example_dags/example_python_decorator.py took 0.103 seconds
[2024-03-11T21:06:56.198+0000] {processor.py:161} INFO - Started process (PID=1289) to work on /home/airflow/.local/lib/python3.8/site-packages/airflow/example_dags/example_python_decorator.py
[2024-03-11T21:06:56.199+0000] {processor.py:830} INFO - Processing file /home/airflow/.local/lib/python3.8/site-packages/airflow/example_dags/example_python_decorator.py for tasks to queue
[2024-03-11T21:06:56.202+0000] {logging_mixin.py:188} INFO - [2024-03-11T21:06:56.201+0000] {dagbag.py:540} INFO - Filling up the DagBag from /home/airflow/.local/lib/python3.8/site-packages/airflow/example_dags/example_python_decorator.py
[2024-03-11T21:06:56.222+0000] {processor.py:840} INFO - DAG(s) 'example_python_decorator' retrieved from /home/airflow/.local/lib/python3.8/site-packages/airflow/example_dags/example_python_decorator.py
[2024-03-11T21:06:56.252+0000] {logging_mixin.py:188} INFO - [2024-03-11T21:06:56.251+0000] {dag.py:3047} INFO - Sync 1 DAGs
[2024-03-11T21:06:56.271+0000] {logging_mixin.py:188} INFO - [2024-03-11T21:06:56.271+0000] {dag.py:3834} INFO - Setting next_dagrun for example_python_decorator to None, run_after=None
[2024-03-11T21:06:56.309+0000] {processor.py:183} INFO - Processing /home/airflow/.local/lib/python3.8/site-packages/airflow/example_dags/example_python_decorator.py took 0.114 seconds
