[2024-03-11T20:55:43.856+0000] {processor.py:161} INFO - Started process (PID=73) to work on /home/airflow/.local/lib/python3.8/site-packages/airflow/example_dags/example_params_ui_tutorial.py
[2024-03-11T20:55:43.858+0000] {processor.py:830} INFO - Processing file /home/airflow/.local/lib/python3.8/site-packages/airflow/example_dags/example_params_ui_tutorial.py for tasks to queue
[2024-03-11T20:55:43.862+0000] {logging_mixin.py:188} INFO - [2024-03-11T20:55:43.861+0000] {dagbag.py:540} INFO - Filling up the DagBag from /home/airflow/.local/lib/python3.8/site-packages/airflow/example_dags/example_params_ui_tutorial.py
[2024-03-11T20:55:43.882+0000] {processor.py:840} INFO - DAG(s) 'example_params_ui_tutorial' retrieved from /home/airflow/.local/lib/python3.8/site-packages/airflow/example_dags/example_params_ui_tutorial.py
[2024-03-11T20:55:44.162+0000] {logging_mixin.py:188} INFO - [2024-03-11T20:55:44.161+0000] {override.py:1769} INFO - Created Permission View: can read on DAG:example_params_ui_tutorial
[2024-03-11T20:55:44.179+0000] {logging_mixin.py:188} INFO - [2024-03-11T20:55:44.179+0000] {override.py:1769} INFO - Created Permission View: can delete on DAG:example_params_ui_tutorial
[2024-03-11T20:55:44.191+0000] {logging_mixin.py:188} INFO - [2024-03-11T20:55:44.191+0000] {override.py:1769} INFO - Created Permission View: can edit on DAG:example_params_ui_tutorial
[2024-03-11T20:55:44.192+0000] {logging_mixin.py:188} INFO - [2024-03-11T20:55:44.192+0000] {dag.py:3047} INFO - Sync 1 DAGs
[2024-03-11T20:55:44.211+0000] {logging_mixin.py:188} INFO - [2024-03-11T20:55:44.210+0000] {dag.py:3069} INFO - Creating ORM DAG for example_params_ui_tutorial
[2024-03-11T20:55:44.213+0000] {logging_mixin.py:188} INFO - [2024-03-11T20:55:44.212+0000] {dag.py:3834} INFO - Setting next_dagrun for example_params_ui_tutorial to None, run_after=None
[2024-03-11T20:55:44.248+0000] {processor.py:183} INFO - Processing /home/airflow/.local/lib/python3.8/site-packages/airflow/example_dags/example_params_ui_tutorial.py took 0.396 seconds
[2024-03-11T20:56:15.076+0000] {processor.py:161} INFO - Started process (PID=128) to work on /home/airflow/.local/lib/python3.8/site-packages/airflow/example_dags/example_params_ui_tutorial.py
[2024-03-11T20:56:15.077+0000] {processor.py:830} INFO - Processing file /home/airflow/.local/lib/python3.8/site-packages/airflow/example_dags/example_params_ui_tutorial.py for tasks to queue
[2024-03-11T20:56:15.079+0000] {logging_mixin.py:188} INFO - [2024-03-11T20:56:15.079+0000] {dagbag.py:540} INFO - Filling up the DagBag from /home/airflow/.local/lib/python3.8/site-packages/airflow/example_dags/example_params_ui_tutorial.py
[2024-03-11T20:56:15.093+0000] {processor.py:840} INFO - DAG(s) 'example_params_ui_tutorial' retrieved from /home/airflow/.local/lib/python3.8/site-packages/airflow/example_dags/example_params_ui_tutorial.py
[2024-03-11T20:56:15.204+0000] {logging_mixin.py:188} INFO - [2024-03-11T20:56:15.203+0000] {dag.py:3047} INFO - Sync 1 DAGs
[2024-03-11T20:56:15.227+0000] {logging_mixin.py:188} INFO - [2024-03-11T20:56:15.227+0000] {dag.py:3834} INFO - Setting next_dagrun for example_params_ui_tutorial to None, run_after=None
[2024-03-11T20:56:15.267+0000] {processor.py:183} INFO - Processing /home/airflow/.local/lib/python3.8/site-packages/airflow/example_dags/example_params_ui_tutorial.py took 0.195 seconds
[2024-03-11T20:56:45.520+0000] {processor.py:161} INFO - Started process (PID=183) to work on /home/airflow/.local/lib/python3.8/site-packages/airflow/example_dags/example_params_ui_tutorial.py
[2024-03-11T20:56:45.521+0000] {processor.py:830} INFO - Processing file /home/airflow/.local/lib/python3.8/site-packages/airflow/example_dags/example_params_ui_tutorial.py for tasks to queue
[2024-03-11T20:56:45.524+0000] {logging_mixin.py:188} INFO - [2024-03-11T20:56:45.523+0000] {dagbag.py:540} INFO - Filling up the DagBag from /home/airflow/.local/lib/python3.8/site-packages/airflow/example_dags/example_params_ui_tutorial.py
[2024-03-11T20:56:45.544+0000] {processor.py:840} INFO - DAG(s) 'example_params_ui_tutorial' retrieved from /home/airflow/.local/lib/python3.8/site-packages/airflow/example_dags/example_params_ui_tutorial.py
[2024-03-11T20:56:45.668+0000] {logging_mixin.py:188} INFO - [2024-03-11T20:56:45.668+0000] {dag.py:3047} INFO - Sync 1 DAGs
[2024-03-11T20:56:45.691+0000] {logging_mixin.py:188} INFO - [2024-03-11T20:56:45.690+0000] {dag.py:3834} INFO - Setting next_dagrun for example_params_ui_tutorial to None, run_after=None
[2024-03-11T20:56:45.729+0000] {processor.py:183} INFO - Processing /home/airflow/.local/lib/python3.8/site-packages/airflow/example_dags/example_params_ui_tutorial.py took 0.214 seconds
[2024-03-11T20:57:16.139+0000] {processor.py:161} INFO - Started process (PID=238) to work on /home/airflow/.local/lib/python3.8/site-packages/airflow/example_dags/example_params_ui_tutorial.py
[2024-03-11T20:57:16.140+0000] {processor.py:830} INFO - Processing file /home/airflow/.local/lib/python3.8/site-packages/airflow/example_dags/example_params_ui_tutorial.py for tasks to queue
[2024-03-11T20:57:16.143+0000] {logging_mixin.py:188} INFO - [2024-03-11T20:57:16.143+0000] {dagbag.py:540} INFO - Filling up the DagBag from /home/airflow/.local/lib/python3.8/site-packages/airflow/example_dags/example_params_ui_tutorial.py
[2024-03-11T20:57:16.159+0000] {processor.py:840} INFO - DAG(s) 'example_params_ui_tutorial' retrieved from /home/airflow/.local/lib/python3.8/site-packages/airflow/example_dags/example_params_ui_tutorial.py
[2024-03-11T20:57:16.278+0000] {logging_mixin.py:188} INFO - [2024-03-11T20:57:16.278+0000] {dag.py:3047} INFO - Sync 1 DAGs
[2024-03-11T20:57:16.297+0000] {logging_mixin.py:188} INFO - [2024-03-11T20:57:16.296+0000] {dag.py:3834} INFO - Setting next_dagrun for example_params_ui_tutorial to None, run_after=None
[2024-03-11T20:57:16.336+0000] {processor.py:183} INFO - Processing /home/airflow/.local/lib/python3.8/site-packages/airflow/example_dags/example_params_ui_tutorial.py took 0.202 seconds
[2024-03-11T20:57:46.512+0000] {processor.py:161} INFO - Started process (PID=293) to work on /home/airflow/.local/lib/python3.8/site-packages/airflow/example_dags/example_params_ui_tutorial.py
[2024-03-11T20:57:46.513+0000] {processor.py:830} INFO - Processing file /home/airflow/.local/lib/python3.8/site-packages/airflow/example_dags/example_params_ui_tutorial.py for tasks to queue
[2024-03-11T20:57:46.516+0000] {logging_mixin.py:188} INFO - [2024-03-11T20:57:46.516+0000] {dagbag.py:540} INFO - Filling up the DagBag from /home/airflow/.local/lib/python3.8/site-packages/airflow/example_dags/example_params_ui_tutorial.py
[2024-03-11T20:57:46.530+0000] {processor.py:840} INFO - DAG(s) 'example_params_ui_tutorial' retrieved from /home/airflow/.local/lib/python3.8/site-packages/airflow/example_dags/example_params_ui_tutorial.py
[2024-03-11T20:57:46.654+0000] {logging_mixin.py:188} INFO - [2024-03-11T20:57:46.654+0000] {dag.py:3047} INFO - Sync 1 DAGs
[2024-03-11T20:57:46.672+0000] {logging_mixin.py:188} INFO - [2024-03-11T20:57:46.671+0000] {dag.py:3834} INFO - Setting next_dagrun for example_params_ui_tutorial to None, run_after=None
[2024-03-11T20:57:46.702+0000] {processor.py:183} INFO - Processing /home/airflow/.local/lib/python3.8/site-packages/airflow/example_dags/example_params_ui_tutorial.py took 0.194 seconds
[2024-03-11T20:58:16.937+0000] {processor.py:161} INFO - Started process (PID=348) to work on /home/airflow/.local/lib/python3.8/site-packages/airflow/example_dags/example_params_ui_tutorial.py
[2024-03-11T20:58:16.938+0000] {processor.py:830} INFO - Processing file /home/airflow/.local/lib/python3.8/site-packages/airflow/example_dags/example_params_ui_tutorial.py for tasks to queue
[2024-03-11T20:58:16.941+0000] {logging_mixin.py:188} INFO - [2024-03-11T20:58:16.940+0000] {dagbag.py:540} INFO - Filling up the DagBag from /home/airflow/.local/lib/python3.8/site-packages/airflow/example_dags/example_params_ui_tutorial.py
[2024-03-11T20:58:16.962+0000] {processor.py:840} INFO - DAG(s) 'example_params_ui_tutorial' retrieved from /home/airflow/.local/lib/python3.8/site-packages/airflow/example_dags/example_params_ui_tutorial.py
[2024-03-11T20:58:17.061+0000] {logging_mixin.py:188} INFO - [2024-03-11T20:58:17.060+0000] {dag.py:3047} INFO - Sync 1 DAGs
[2024-03-11T20:58:17.079+0000] {logging_mixin.py:188} INFO - [2024-03-11T20:58:17.079+0000] {dag.py:3834} INFO - Setting next_dagrun for example_params_ui_tutorial to None, run_after=None
[2024-03-11T20:58:17.117+0000] {processor.py:183} INFO - Processing /home/airflow/.local/lib/python3.8/site-packages/airflow/example_dags/example_params_ui_tutorial.py took 0.184 seconds
[2024-03-11T20:58:47.183+0000] {processor.py:161} INFO - Started process (PID=404) to work on /home/airflow/.local/lib/python3.8/site-packages/airflow/example_dags/example_params_ui_tutorial.py
[2024-03-11T20:58:47.184+0000] {processor.py:830} INFO - Processing file /home/airflow/.local/lib/python3.8/site-packages/airflow/example_dags/example_params_ui_tutorial.py for tasks to queue
[2024-03-11T20:58:47.187+0000] {logging_mixin.py:188} INFO - [2024-03-11T20:58:47.187+0000] {dagbag.py:540} INFO - Filling up the DagBag from /home/airflow/.local/lib/python3.8/site-packages/airflow/example_dags/example_params_ui_tutorial.py
[2024-03-11T20:58:47.203+0000] {processor.py:840} INFO - DAG(s) 'example_params_ui_tutorial' retrieved from /home/airflow/.local/lib/python3.8/site-packages/airflow/example_dags/example_params_ui_tutorial.py
[2024-03-11T20:58:47.303+0000] {logging_mixin.py:188} INFO - [2024-03-11T20:58:47.302+0000] {dag.py:3047} INFO - Sync 1 DAGs
[2024-03-11T20:58:47.326+0000] {logging_mixin.py:188} INFO - [2024-03-11T20:58:47.326+0000] {dag.py:3834} INFO - Setting next_dagrun for example_params_ui_tutorial to None, run_after=None
[2024-03-11T20:58:47.367+0000] {processor.py:183} INFO - Processing /home/airflow/.local/lib/python3.8/site-packages/airflow/example_dags/example_params_ui_tutorial.py took 0.187 seconds
[2024-03-11T20:59:17.538+0000] {processor.py:161} INFO - Started process (PID=459) to work on /home/airflow/.local/lib/python3.8/site-packages/airflow/example_dags/example_params_ui_tutorial.py
[2024-03-11T20:59:17.540+0000] {processor.py:830} INFO - Processing file /home/airflow/.local/lib/python3.8/site-packages/airflow/example_dags/example_params_ui_tutorial.py for tasks to queue
[2024-03-11T20:59:17.543+0000] {logging_mixin.py:188} INFO - [2024-03-11T20:59:17.543+0000] {dagbag.py:540} INFO - Filling up the DagBag from /home/airflow/.local/lib/python3.8/site-packages/airflow/example_dags/example_params_ui_tutorial.py
[2024-03-11T20:59:17.563+0000] {processor.py:840} INFO - DAG(s) 'example_params_ui_tutorial' retrieved from /home/airflow/.local/lib/python3.8/site-packages/airflow/example_dags/example_params_ui_tutorial.py
[2024-03-11T20:59:17.709+0000] {logging_mixin.py:188} INFO - [2024-03-11T20:59:17.709+0000] {dag.py:3047} INFO - Sync 1 DAGs
[2024-03-11T20:59:17.731+0000] {logging_mixin.py:188} INFO - [2024-03-11T20:59:17.731+0000] {dag.py:3834} INFO - Setting next_dagrun for example_params_ui_tutorial to None, run_after=None
[2024-03-11T20:59:17.763+0000] {processor.py:183} INFO - Processing /home/airflow/.local/lib/python3.8/site-packages/airflow/example_dags/example_params_ui_tutorial.py took 0.230 seconds
[2024-03-11T20:59:48.051+0000] {processor.py:161} INFO - Started process (PID=514) to work on /home/airflow/.local/lib/python3.8/site-packages/airflow/example_dags/example_params_ui_tutorial.py
[2024-03-11T20:59:48.052+0000] {processor.py:830} INFO - Processing file /home/airflow/.local/lib/python3.8/site-packages/airflow/example_dags/example_params_ui_tutorial.py for tasks to queue
[2024-03-11T20:59:48.055+0000] {logging_mixin.py:188} INFO - [2024-03-11T20:59:48.054+0000] {dagbag.py:540} INFO - Filling up the DagBag from /home/airflow/.local/lib/python3.8/site-packages/airflow/example_dags/example_params_ui_tutorial.py
[2024-03-11T20:59:48.071+0000] {processor.py:840} INFO - DAG(s) 'example_params_ui_tutorial' retrieved from /home/airflow/.local/lib/python3.8/site-packages/airflow/example_dags/example_params_ui_tutorial.py
[2024-03-11T20:59:48.173+0000] {logging_mixin.py:188} INFO - [2024-03-11T20:59:48.173+0000] {dag.py:3047} INFO - Sync 1 DAGs
[2024-03-11T20:59:48.190+0000] {logging_mixin.py:188} INFO - [2024-03-11T20:59:48.190+0000] {dag.py:3834} INFO - Setting next_dagrun for example_params_ui_tutorial to None, run_after=None
[2024-03-11T20:59:48.222+0000] {processor.py:183} INFO - Processing /home/airflow/.local/lib/python3.8/site-packages/airflow/example_dags/example_params_ui_tutorial.py took 0.174 seconds
[2024-03-11T21:00:18.955+0000] {processor.py:161} INFO - Started process (PID=569) to work on /home/airflow/.local/lib/python3.8/site-packages/airflow/example_dags/example_params_ui_tutorial.py
[2024-03-11T21:00:18.956+0000] {processor.py:830} INFO - Processing file /home/airflow/.local/lib/python3.8/site-packages/airflow/example_dags/example_params_ui_tutorial.py for tasks to queue
[2024-03-11T21:00:18.959+0000] {logging_mixin.py:188} INFO - [2024-03-11T21:00:18.959+0000] {dagbag.py:540} INFO - Filling up the DagBag from /home/airflow/.local/lib/python3.8/site-packages/airflow/example_dags/example_params_ui_tutorial.py
[2024-03-11T21:00:18.980+0000] {processor.py:840} INFO - DAG(s) 'example_params_ui_tutorial' retrieved from /home/airflow/.local/lib/python3.8/site-packages/airflow/example_dags/example_params_ui_tutorial.py
[2024-03-11T21:00:19.111+0000] {logging_mixin.py:188} INFO - [2024-03-11T21:00:19.110+0000] {dag.py:3047} INFO - Sync 1 DAGs
[2024-03-11T21:00:19.141+0000] {logging_mixin.py:188} INFO - [2024-03-11T21:00:19.140+0000] {dag.py:3834} INFO - Setting next_dagrun for example_params_ui_tutorial to None, run_after=None
[2024-03-11T21:00:19.178+0000] {processor.py:183} INFO - Processing /home/airflow/.local/lib/python3.8/site-packages/airflow/example_dags/example_params_ui_tutorial.py took 0.228 seconds
[2024-03-11T21:00:49.512+0000] {processor.py:161} INFO - Started process (PID=624) to work on /home/airflow/.local/lib/python3.8/site-packages/airflow/example_dags/example_params_ui_tutorial.py
[2024-03-11T21:00:49.513+0000] {processor.py:830} INFO - Processing file /home/airflow/.local/lib/python3.8/site-packages/airflow/example_dags/example_params_ui_tutorial.py for tasks to queue
[2024-03-11T21:00:49.516+0000] {logging_mixin.py:188} INFO - [2024-03-11T21:00:49.515+0000] {dagbag.py:540} INFO - Filling up the DagBag from /home/airflow/.local/lib/python3.8/site-packages/airflow/example_dags/example_params_ui_tutorial.py
[2024-03-11T21:00:49.533+0000] {processor.py:840} INFO - DAG(s) 'example_params_ui_tutorial' retrieved from /home/airflow/.local/lib/python3.8/site-packages/airflow/example_dags/example_params_ui_tutorial.py
[2024-03-11T21:00:49.662+0000] {logging_mixin.py:188} INFO - [2024-03-11T21:00:49.661+0000] {dag.py:3047} INFO - Sync 1 DAGs
[2024-03-11T21:00:49.682+0000] {logging_mixin.py:188} INFO - [2024-03-11T21:00:49.682+0000] {dag.py:3834} INFO - Setting next_dagrun for example_params_ui_tutorial to None, run_after=None
[2024-03-11T21:00:49.726+0000] {processor.py:183} INFO - Processing /home/airflow/.local/lib/python3.8/site-packages/airflow/example_dags/example_params_ui_tutorial.py took 0.218 seconds
[2024-03-11T21:01:20.068+0000] {processor.py:161} INFO - Started process (PID=679) to work on /home/airflow/.local/lib/python3.8/site-packages/airflow/example_dags/example_params_ui_tutorial.py
[2024-03-11T21:01:20.070+0000] {processor.py:830} INFO - Processing file /home/airflow/.local/lib/python3.8/site-packages/airflow/example_dags/example_params_ui_tutorial.py for tasks to queue
[2024-03-11T21:01:20.072+0000] {logging_mixin.py:188} INFO - [2024-03-11T21:01:20.072+0000] {dagbag.py:540} INFO - Filling up the DagBag from /home/airflow/.local/lib/python3.8/site-packages/airflow/example_dags/example_params_ui_tutorial.py
[2024-03-11T21:01:20.089+0000] {processor.py:840} INFO - DAG(s) 'example_params_ui_tutorial' retrieved from /home/airflow/.local/lib/python3.8/site-packages/airflow/example_dags/example_params_ui_tutorial.py
[2024-03-11T21:01:20.200+0000] {logging_mixin.py:188} INFO - [2024-03-11T21:01:20.199+0000] {dag.py:3047} INFO - Sync 1 DAGs
[2024-03-11T21:01:20.217+0000] {logging_mixin.py:188} INFO - [2024-03-11T21:01:20.217+0000] {dag.py:3834} INFO - Setting next_dagrun for example_params_ui_tutorial to None, run_after=None
[2024-03-11T21:01:20.247+0000] {processor.py:183} INFO - Processing /home/airflow/.local/lib/python3.8/site-packages/airflow/example_dags/example_params_ui_tutorial.py took 0.183 seconds
[2024-03-11T21:01:50.538+0000] {processor.py:161} INFO - Started process (PID=734) to work on /home/airflow/.local/lib/python3.8/site-packages/airflow/example_dags/example_params_ui_tutorial.py
[2024-03-11T21:01:50.540+0000] {processor.py:830} INFO - Processing file /home/airflow/.local/lib/python3.8/site-packages/airflow/example_dags/example_params_ui_tutorial.py for tasks to queue
[2024-03-11T21:01:50.543+0000] {logging_mixin.py:188} INFO - [2024-03-11T21:01:50.542+0000] {dagbag.py:540} INFO - Filling up the DagBag from /home/airflow/.local/lib/python3.8/site-packages/airflow/example_dags/example_params_ui_tutorial.py
[2024-03-11T21:01:50.558+0000] {processor.py:840} INFO - DAG(s) 'example_params_ui_tutorial' retrieved from /home/airflow/.local/lib/python3.8/site-packages/airflow/example_dags/example_params_ui_tutorial.py
[2024-03-11T21:01:50.651+0000] {logging_mixin.py:188} INFO - [2024-03-11T21:01:50.650+0000] {dag.py:3047} INFO - Sync 1 DAGs
[2024-03-11T21:01:50.668+0000] {logging_mixin.py:188} INFO - [2024-03-11T21:01:50.668+0000] {dag.py:3834} INFO - Setting next_dagrun for example_params_ui_tutorial to None, run_after=None
[2024-03-11T21:01:50.709+0000] {processor.py:183} INFO - Processing /home/airflow/.local/lib/python3.8/site-packages/airflow/example_dags/example_params_ui_tutorial.py took 0.175 seconds
[2024-03-11T21:02:21.058+0000] {processor.py:161} INFO - Started process (PID=789) to work on /home/airflow/.local/lib/python3.8/site-packages/airflow/example_dags/example_params_ui_tutorial.py
[2024-03-11T21:02:21.060+0000] {processor.py:830} INFO - Processing file /home/airflow/.local/lib/python3.8/site-packages/airflow/example_dags/example_params_ui_tutorial.py for tasks to queue
[2024-03-11T21:02:21.062+0000] {logging_mixin.py:188} INFO - [2024-03-11T21:02:21.062+0000] {dagbag.py:540} INFO - Filling up the DagBag from /home/airflow/.local/lib/python3.8/site-packages/airflow/example_dags/example_params_ui_tutorial.py
[2024-03-11T21:02:21.077+0000] {processor.py:840} INFO - DAG(s) 'example_params_ui_tutorial' retrieved from /home/airflow/.local/lib/python3.8/site-packages/airflow/example_dags/example_params_ui_tutorial.py
[2024-03-11T21:02:21.167+0000] {logging_mixin.py:188} INFO - [2024-03-11T21:02:21.166+0000] {dag.py:3047} INFO - Sync 1 DAGs
[2024-03-11T21:02:21.193+0000] {logging_mixin.py:188} INFO - [2024-03-11T21:02:21.193+0000] {dag.py:3834} INFO - Setting next_dagrun for example_params_ui_tutorial to None, run_after=None
[2024-03-11T21:02:21.231+0000] {processor.py:183} INFO - Processing /home/airflow/.local/lib/python3.8/site-packages/airflow/example_dags/example_params_ui_tutorial.py took 0.177 seconds
[2024-03-11T21:02:51.540+0000] {processor.py:161} INFO - Started process (PID=844) to work on /home/airflow/.local/lib/python3.8/site-packages/airflow/example_dags/example_params_ui_tutorial.py
[2024-03-11T21:02:51.541+0000] {processor.py:830} INFO - Processing file /home/airflow/.local/lib/python3.8/site-packages/airflow/example_dags/example_params_ui_tutorial.py for tasks to queue
[2024-03-11T21:02:51.544+0000] {logging_mixin.py:188} INFO - [2024-03-11T21:02:51.543+0000] {dagbag.py:540} INFO - Filling up the DagBag from /home/airflow/.local/lib/python3.8/site-packages/airflow/example_dags/example_params_ui_tutorial.py
[2024-03-11T21:02:51.558+0000] {processor.py:840} INFO - DAG(s) 'example_params_ui_tutorial' retrieved from /home/airflow/.local/lib/python3.8/site-packages/airflow/example_dags/example_params_ui_tutorial.py
[2024-03-11T21:02:51.680+0000] {logging_mixin.py:188} INFO - [2024-03-11T21:02:51.679+0000] {dag.py:3047} INFO - Sync 1 DAGs
[2024-03-11T21:02:51.698+0000] {logging_mixin.py:188} INFO - [2024-03-11T21:02:51.698+0000] {dag.py:3834} INFO - Setting next_dagrun for example_params_ui_tutorial to None, run_after=None
[2024-03-11T21:02:51.724+0000] {processor.py:183} INFO - Processing /home/airflow/.local/lib/python3.8/site-packages/airflow/example_dags/example_params_ui_tutorial.py took 0.189 seconds
[2024-03-11T21:03:21.886+0000] {processor.py:161} INFO - Started process (PID=898) to work on /home/airflow/.local/lib/python3.8/site-packages/airflow/example_dags/example_params_ui_tutorial.py
[2024-03-11T21:03:21.888+0000] {processor.py:830} INFO - Processing file /home/airflow/.local/lib/python3.8/site-packages/airflow/example_dags/example_params_ui_tutorial.py for tasks to queue
[2024-03-11T21:03:21.890+0000] {logging_mixin.py:188} INFO - [2024-03-11T21:03:21.890+0000] {dagbag.py:540} INFO - Filling up the DagBag from /home/airflow/.local/lib/python3.8/site-packages/airflow/example_dags/example_params_ui_tutorial.py
[2024-03-11T21:03:21.904+0000] {processor.py:840} INFO - DAG(s) 'example_params_ui_tutorial' retrieved from /home/airflow/.local/lib/python3.8/site-packages/airflow/example_dags/example_params_ui_tutorial.py
[2024-03-11T21:03:21.995+0000] {logging_mixin.py:188} INFO - [2024-03-11T21:03:21.995+0000] {dag.py:3047} INFO - Sync 1 DAGs
[2024-03-11T21:03:22.014+0000] {logging_mixin.py:188} INFO - [2024-03-11T21:03:22.014+0000] {dag.py:3834} INFO - Setting next_dagrun for example_params_ui_tutorial to None, run_after=None
[2024-03-11T21:03:22.043+0000] {processor.py:183} INFO - Processing /home/airflow/.local/lib/python3.8/site-packages/airflow/example_dags/example_params_ui_tutorial.py took 0.161 seconds
[2024-03-11T21:03:52.524+0000] {processor.py:161} INFO - Started process (PID=955) to work on /home/airflow/.local/lib/python3.8/site-packages/airflow/example_dags/example_params_ui_tutorial.py
[2024-03-11T21:03:52.525+0000] {processor.py:830} INFO - Processing file /home/airflow/.local/lib/python3.8/site-packages/airflow/example_dags/example_params_ui_tutorial.py for tasks to queue
[2024-03-11T21:03:52.528+0000] {logging_mixin.py:188} INFO - [2024-03-11T21:03:52.528+0000] {dagbag.py:540} INFO - Filling up the DagBag from /home/airflow/.local/lib/python3.8/site-packages/airflow/example_dags/example_params_ui_tutorial.py
[2024-03-11T21:03:52.549+0000] {processor.py:840} INFO - DAG(s) 'example_params_ui_tutorial' retrieved from /home/airflow/.local/lib/python3.8/site-packages/airflow/example_dags/example_params_ui_tutorial.py
[2024-03-11T21:03:52.662+0000] {logging_mixin.py:188} INFO - [2024-03-11T21:03:52.661+0000] {dag.py:3047} INFO - Sync 1 DAGs
[2024-03-11T21:03:52.679+0000] {logging_mixin.py:188} INFO - [2024-03-11T21:03:52.679+0000] {dag.py:3834} INFO - Setting next_dagrun for example_params_ui_tutorial to None, run_after=None
[2024-03-11T21:03:52.716+0000] {processor.py:183} INFO - Processing /home/airflow/.local/lib/python3.8/site-packages/airflow/example_dags/example_params_ui_tutorial.py took 0.196 seconds
[2024-03-11T21:04:22.838+0000] {processor.py:161} INFO - Started process (PID=1009) to work on /home/airflow/.local/lib/python3.8/site-packages/airflow/example_dags/example_params_ui_tutorial.py
[2024-03-11T21:04:22.839+0000] {processor.py:830} INFO - Processing file /home/airflow/.local/lib/python3.8/site-packages/airflow/example_dags/example_params_ui_tutorial.py for tasks to queue
[2024-03-11T21:04:22.842+0000] {logging_mixin.py:188} INFO - [2024-03-11T21:04:22.841+0000] {dagbag.py:540} INFO - Filling up the DagBag from /home/airflow/.local/lib/python3.8/site-packages/airflow/example_dags/example_params_ui_tutorial.py
[2024-03-11T21:04:22.856+0000] {processor.py:840} INFO - DAG(s) 'example_params_ui_tutorial' retrieved from /home/airflow/.local/lib/python3.8/site-packages/airflow/example_dags/example_params_ui_tutorial.py
[2024-03-11T21:04:22.946+0000] {logging_mixin.py:188} INFO - [2024-03-11T21:04:22.946+0000] {dag.py:3047} INFO - Sync 1 DAGs
[2024-03-11T21:04:22.963+0000] {logging_mixin.py:188} INFO - [2024-03-11T21:04:22.963+0000] {dag.py:3834} INFO - Setting next_dagrun for example_params_ui_tutorial to None, run_after=None
[2024-03-11T21:04:23.000+0000] {processor.py:183} INFO - Processing /home/airflow/.local/lib/python3.8/site-packages/airflow/example_dags/example_params_ui_tutorial.py took 0.165 seconds
[2024-03-11T21:04:53.447+0000] {processor.py:161} INFO - Started process (PID=1064) to work on /home/airflow/.local/lib/python3.8/site-packages/airflow/example_dags/example_params_ui_tutorial.py
[2024-03-11T21:04:53.449+0000] {processor.py:830} INFO - Processing file /home/airflow/.local/lib/python3.8/site-packages/airflow/example_dags/example_params_ui_tutorial.py for tasks to queue
[2024-03-11T21:04:53.451+0000] {logging_mixin.py:188} INFO - [2024-03-11T21:04:53.450+0000] {dagbag.py:540} INFO - Filling up the DagBag from /home/airflow/.local/lib/python3.8/site-packages/airflow/example_dags/example_params_ui_tutorial.py
[2024-03-11T21:04:53.465+0000] {processor.py:840} INFO - DAG(s) 'example_params_ui_tutorial' retrieved from /home/airflow/.local/lib/python3.8/site-packages/airflow/example_dags/example_params_ui_tutorial.py
[2024-03-11T21:04:53.615+0000] {logging_mixin.py:188} INFO - [2024-03-11T21:04:53.615+0000] {dag.py:3047} INFO - Sync 1 DAGs
[2024-03-11T21:04:53.641+0000] {logging_mixin.py:188} INFO - [2024-03-11T21:04:53.641+0000] {dag.py:3834} INFO - Setting next_dagrun for example_params_ui_tutorial to None, run_after=None
[2024-03-11T21:04:53.683+0000] {processor.py:183} INFO - Processing /home/airflow/.local/lib/python3.8/site-packages/airflow/example_dags/example_params_ui_tutorial.py took 0.241 seconds
[2024-03-11T21:05:23.984+0000] {processor.py:161} INFO - Started process (PID=1119) to work on /home/airflow/.local/lib/python3.8/site-packages/airflow/example_dags/example_params_ui_tutorial.py
[2024-03-11T21:05:23.985+0000] {processor.py:830} INFO - Processing file /home/airflow/.local/lib/python3.8/site-packages/airflow/example_dags/example_params_ui_tutorial.py for tasks to queue
[2024-03-11T21:05:23.988+0000] {logging_mixin.py:188} INFO - [2024-03-11T21:05:23.987+0000] {dagbag.py:540} INFO - Filling up the DagBag from /home/airflow/.local/lib/python3.8/site-packages/airflow/example_dags/example_params_ui_tutorial.py
[2024-03-11T21:05:24.002+0000] {processor.py:840} INFO - DAG(s) 'example_params_ui_tutorial' retrieved from /home/airflow/.local/lib/python3.8/site-packages/airflow/example_dags/example_params_ui_tutorial.py
[2024-03-11T21:05:24.140+0000] {logging_mixin.py:188} INFO - [2024-03-11T21:05:24.139+0000] {dag.py:3047} INFO - Sync 1 DAGs
[2024-03-11T21:05:24.166+0000] {logging_mixin.py:188} INFO - [2024-03-11T21:05:24.165+0000] {dag.py:3834} INFO - Setting next_dagrun for example_params_ui_tutorial to None, run_after=None
[2024-03-11T21:05:24.197+0000] {processor.py:183} INFO - Processing /home/airflow/.local/lib/python3.8/site-packages/airflow/example_dags/example_params_ui_tutorial.py took 0.217 seconds
[2024-03-11T21:05:54.513+0000] {processor.py:161} INFO - Started process (PID=1174) to work on /home/airflow/.local/lib/python3.8/site-packages/airflow/example_dags/example_params_ui_tutorial.py
[2024-03-11T21:05:54.514+0000] {processor.py:830} INFO - Processing file /home/airflow/.local/lib/python3.8/site-packages/airflow/example_dags/example_params_ui_tutorial.py for tasks to queue
[2024-03-11T21:05:54.517+0000] {logging_mixin.py:188} INFO - [2024-03-11T21:05:54.516+0000] {dagbag.py:540} INFO - Filling up the DagBag from /home/airflow/.local/lib/python3.8/site-packages/airflow/example_dags/example_params_ui_tutorial.py
[2024-03-11T21:05:54.532+0000] {processor.py:840} INFO - DAG(s) 'example_params_ui_tutorial' retrieved from /home/airflow/.local/lib/python3.8/site-packages/airflow/example_dags/example_params_ui_tutorial.py
[2024-03-11T21:05:54.641+0000] {logging_mixin.py:188} INFO - [2024-03-11T21:05:54.641+0000] {dag.py:3047} INFO - Sync 1 DAGs
[2024-03-11T21:05:54.661+0000] {logging_mixin.py:188} INFO - [2024-03-11T21:05:54.661+0000] {dag.py:3834} INFO - Setting next_dagrun for example_params_ui_tutorial to None, run_after=None
[2024-03-11T21:05:54.700+0000] {processor.py:183} INFO - Processing /home/airflow/.local/lib/python3.8/site-packages/airflow/example_dags/example_params_ui_tutorial.py took 0.191 seconds
[2024-03-11T21:06:25.131+0000] {processor.py:161} INFO - Started process (PID=1229) to work on /home/airflow/.local/lib/python3.8/site-packages/airflow/example_dags/example_params_ui_tutorial.py
[2024-03-11T21:06:25.133+0000] {processor.py:830} INFO - Processing file /home/airflow/.local/lib/python3.8/site-packages/airflow/example_dags/example_params_ui_tutorial.py for tasks to queue
[2024-03-11T21:06:25.135+0000] {logging_mixin.py:188} INFO - [2024-03-11T21:06:25.135+0000] {dagbag.py:540} INFO - Filling up the DagBag from /home/airflow/.local/lib/python3.8/site-packages/airflow/example_dags/example_params_ui_tutorial.py
[2024-03-11T21:06:25.152+0000] {processor.py:840} INFO - DAG(s) 'example_params_ui_tutorial' retrieved from /home/airflow/.local/lib/python3.8/site-packages/airflow/example_dags/example_params_ui_tutorial.py
[2024-03-11T21:06:25.258+0000] {logging_mixin.py:188} INFO - [2024-03-11T21:06:25.258+0000] {dag.py:3047} INFO - Sync 1 DAGs
[2024-03-11T21:06:25.276+0000] {logging_mixin.py:188} INFO - [2024-03-11T21:06:25.275+0000] {dag.py:3834} INFO - Setting next_dagrun for example_params_ui_tutorial to None, run_after=None
[2024-03-11T21:06:25.317+0000] {processor.py:183} INFO - Processing /home/airflow/.local/lib/python3.8/site-packages/airflow/example_dags/example_params_ui_tutorial.py took 0.189 seconds
[2024-03-11T21:06:55.653+0000] {processor.py:161} INFO - Started process (PID=1284) to work on /home/airflow/.local/lib/python3.8/site-packages/airflow/example_dags/example_params_ui_tutorial.py
[2024-03-11T21:06:55.655+0000] {processor.py:830} INFO - Processing file /home/airflow/.local/lib/python3.8/site-packages/airflow/example_dags/example_params_ui_tutorial.py for tasks to queue
[2024-03-11T21:06:55.657+0000] {logging_mixin.py:188} INFO - [2024-03-11T21:06:55.657+0000] {dagbag.py:540} INFO - Filling up the DagBag from /home/airflow/.local/lib/python3.8/site-packages/airflow/example_dags/example_params_ui_tutorial.py
[2024-03-11T21:06:55.674+0000] {processor.py:840} INFO - DAG(s) 'example_params_ui_tutorial' retrieved from /home/airflow/.local/lib/python3.8/site-packages/airflow/example_dags/example_params_ui_tutorial.py
[2024-03-11T21:06:55.811+0000] {logging_mixin.py:188} INFO - [2024-03-11T21:06:55.810+0000] {dag.py:3047} INFO - Sync 1 DAGs
[2024-03-11T21:06:55.835+0000] {logging_mixin.py:188} INFO - [2024-03-11T21:06:55.835+0000] {dag.py:3834} INFO - Setting next_dagrun for example_params_ui_tutorial to None, run_after=None
[2024-03-11T21:06:55.865+0000] {processor.py:183} INFO - Processing /home/airflow/.local/lib/python3.8/site-packages/airflow/example_dags/example_params_ui_tutorial.py took 0.216 seconds
