[2024-03-11T20:55:41.959+0000] {processor.py:161} INFO - Started process (PID=59) to work on /home/airflow/.local/lib/python3.8/site-packages/airflow/example_dags/example_params_trigger_ui.py
[2024-03-11T20:55:41.960+0000] {processor.py:830} INFO - Processing file /home/airflow/.local/lib/python3.8/site-packages/airflow/example_dags/example_params_trigger_ui.py for tasks to queue
[2024-03-11T20:55:41.964+0000] {logging_mixin.py:188} INFO - [2024-03-11T20:55:41.963+0000] {dagbag.py:540} INFO - Filling up the DagBag from /home/airflow/.local/lib/python3.8/site-packages/airflow/example_dags/example_params_trigger_ui.py
[2024-03-11T20:55:41.988+0000] {processor.py:840} INFO - DAG(s) 'example_params_trigger_ui' retrieved from /home/airflow/.local/lib/python3.8/site-packages/airflow/example_dags/example_params_trigger_ui.py
[2024-03-11T20:55:42.362+0000] {logging_mixin.py:188} INFO - [2024-03-11T20:55:42.360+0000] {override.py:1769} INFO - Created Permission View: can read on DAG:example_params_trigger_ui
[2024-03-11T20:55:42.390+0000] {logging_mixin.py:188} INFO - [2024-03-11T20:55:42.389+0000] {override.py:1769} INFO - Created Permission View: can delete on DAG:example_params_trigger_ui
[2024-03-11T20:55:42.437+0000] {logging_mixin.py:188} INFO - [2024-03-11T20:55:42.436+0000] {override.py:1769} INFO - Created Permission View: can edit on DAG:example_params_trigger_ui
[2024-03-11T20:55:42.438+0000] {logging_mixin.py:188} INFO - [2024-03-11T20:55:42.438+0000] {dag.py:3047} INFO - Sync 1 DAGs
[2024-03-11T20:55:42.465+0000] {logging_mixin.py:188} INFO - [2024-03-11T20:55:42.464+0000] {dag.py:3069} INFO - Creating ORM DAG for example_params_trigger_ui
[2024-03-11T20:55:42.467+0000] {logging_mixin.py:188} INFO - [2024-03-11T20:55:42.466+0000] {dag.py:3834} INFO - Setting next_dagrun for example_params_trigger_ui to None, run_after=None
[2024-03-11T20:55:42.526+0000] {processor.py:183} INFO - Processing /home/airflow/.local/lib/python3.8/site-packages/airflow/example_dags/example_params_trigger_ui.py took 0.572 seconds
[2024-03-11T20:56:13.295+0000] {processor.py:161} INFO - Started process (PID=120) to work on /home/airflow/.local/lib/python3.8/site-packages/airflow/example_dags/example_params_trigger_ui.py
[2024-03-11T20:56:13.296+0000] {processor.py:830} INFO - Processing file /home/airflow/.local/lib/python3.8/site-packages/airflow/example_dags/example_params_trigger_ui.py for tasks to queue
[2024-03-11T20:56:13.298+0000] {logging_mixin.py:188} INFO - [2024-03-11T20:56:13.298+0000] {dagbag.py:540} INFO - Filling up the DagBag from /home/airflow/.local/lib/python3.8/site-packages/airflow/example_dags/example_params_trigger_ui.py
[2024-03-11T20:56:13.318+0000] {processor.py:840} INFO - DAG(s) 'example_params_trigger_ui' retrieved from /home/airflow/.local/lib/python3.8/site-packages/airflow/example_dags/example_params_trigger_ui.py
[2024-03-11T20:56:13.413+0000] {logging_mixin.py:188} INFO - [2024-03-11T20:56:13.412+0000] {dag.py:3047} INFO - Sync 1 DAGs
[2024-03-11T20:56:13.432+0000] {logging_mixin.py:188} INFO - [2024-03-11T20:56:13.431+0000] {dag.py:3834} INFO - Setting next_dagrun for example_params_trigger_ui to None, run_after=None
[2024-03-11T20:56:13.471+0000] {processor.py:183} INFO - Processing /home/airflow/.local/lib/python3.8/site-packages/airflow/example_dags/example_params_trigger_ui.py took 0.181 seconds
[2024-03-11T20:56:43.697+0000] {processor.py:161} INFO - Started process (PID=174) to work on /home/airflow/.local/lib/python3.8/site-packages/airflow/example_dags/example_params_trigger_ui.py
[2024-03-11T20:56:43.699+0000] {processor.py:830} INFO - Processing file /home/airflow/.local/lib/python3.8/site-packages/airflow/example_dags/example_params_trigger_ui.py for tasks to queue
[2024-03-11T20:56:43.707+0000] {logging_mixin.py:188} INFO - [2024-03-11T20:56:43.705+0000] {dagbag.py:540} INFO - Filling up the DagBag from /home/airflow/.local/lib/python3.8/site-packages/airflow/example_dags/example_params_trigger_ui.py
[2024-03-11T20:56:43.727+0000] {processor.py:840} INFO - DAG(s) 'example_params_trigger_ui' retrieved from /home/airflow/.local/lib/python3.8/site-packages/airflow/example_dags/example_params_trigger_ui.py
[2024-03-11T20:56:43.808+0000] {logging_mixin.py:188} INFO - [2024-03-11T20:56:43.808+0000] {dag.py:3047} INFO - Sync 1 DAGs
[2024-03-11T20:56:43.827+0000] {logging_mixin.py:188} INFO - [2024-03-11T20:56:43.826+0000] {dag.py:3834} INFO - Setting next_dagrun for example_params_trigger_ui to None, run_after=None
[2024-03-11T20:56:43.859+0000] {processor.py:183} INFO - Processing /home/airflow/.local/lib/python3.8/site-packages/airflow/example_dags/example_params_trigger_ui.py took 0.168 seconds
[2024-03-11T20:57:14.265+0000] {processor.py:161} INFO - Started process (PID=230) to work on /home/airflow/.local/lib/python3.8/site-packages/airflow/example_dags/example_params_trigger_ui.py
[2024-03-11T20:57:14.267+0000] {processor.py:830} INFO - Processing file /home/airflow/.local/lib/python3.8/site-packages/airflow/example_dags/example_params_trigger_ui.py for tasks to queue
[2024-03-11T20:57:14.270+0000] {logging_mixin.py:188} INFO - [2024-03-11T20:57:14.269+0000] {dagbag.py:540} INFO - Filling up the DagBag from /home/airflow/.local/lib/python3.8/site-packages/airflow/example_dags/example_params_trigger_ui.py
[2024-03-11T20:57:14.287+0000] {processor.py:840} INFO - DAG(s) 'example_params_trigger_ui' retrieved from /home/airflow/.local/lib/python3.8/site-packages/airflow/example_dags/example_params_trigger_ui.py
[2024-03-11T20:57:14.381+0000] {logging_mixin.py:188} INFO - [2024-03-11T20:57:14.381+0000] {dag.py:3047} INFO - Sync 1 DAGs
[2024-03-11T20:57:14.401+0000] {logging_mixin.py:188} INFO - [2024-03-11T20:57:14.401+0000] {dag.py:3834} INFO - Setting next_dagrun for example_params_trigger_ui to None, run_after=None
[2024-03-11T20:57:14.442+0000] {processor.py:183} INFO - Processing /home/airflow/.local/lib/python3.8/site-packages/airflow/example_dags/example_params_trigger_ui.py took 0.181 seconds
[2024-03-11T20:57:44.523+0000] {processor.py:161} INFO - Started process (PID=284) to work on /home/airflow/.local/lib/python3.8/site-packages/airflow/example_dags/example_params_trigger_ui.py
[2024-03-11T20:57:44.525+0000] {processor.py:830} INFO - Processing file /home/airflow/.local/lib/python3.8/site-packages/airflow/example_dags/example_params_trigger_ui.py for tasks to queue
[2024-03-11T20:57:44.527+0000] {logging_mixin.py:188} INFO - [2024-03-11T20:57:44.526+0000] {dagbag.py:540} INFO - Filling up the DagBag from /home/airflow/.local/lib/python3.8/site-packages/airflow/example_dags/example_params_trigger_ui.py
[2024-03-11T20:57:44.544+0000] {processor.py:840} INFO - DAG(s) 'example_params_trigger_ui' retrieved from /home/airflow/.local/lib/python3.8/site-packages/airflow/example_dags/example_params_trigger_ui.py
[2024-03-11T20:57:44.632+0000] {logging_mixin.py:188} INFO - [2024-03-11T20:57:44.631+0000] {dag.py:3047} INFO - Sync 1 DAGs
[2024-03-11T20:57:44.651+0000] {logging_mixin.py:188} INFO - [2024-03-11T20:57:44.650+0000] {dag.py:3834} INFO - Setting next_dagrun for example_params_trigger_ui to None, run_after=None
[2024-03-11T20:57:44.691+0000] {processor.py:183} INFO - Processing /home/airflow/.local/lib/python3.8/site-packages/airflow/example_dags/example_params_trigger_ui.py took 0.172 seconds
[2024-03-11T20:58:14.753+0000] {processor.py:161} INFO - Started process (PID=339) to work on /home/airflow/.local/lib/python3.8/site-packages/airflow/example_dags/example_params_trigger_ui.py
[2024-03-11T20:58:14.755+0000] {processor.py:830} INFO - Processing file /home/airflow/.local/lib/python3.8/site-packages/airflow/example_dags/example_params_trigger_ui.py for tasks to queue
[2024-03-11T20:58:14.760+0000] {logging_mixin.py:188} INFO - [2024-03-11T20:58:14.759+0000] {dagbag.py:540} INFO - Filling up the DagBag from /home/airflow/.local/lib/python3.8/site-packages/airflow/example_dags/example_params_trigger_ui.py
[2024-03-11T20:58:14.791+0000] {processor.py:840} INFO - DAG(s) 'example_params_trigger_ui' retrieved from /home/airflow/.local/lib/python3.8/site-packages/airflow/example_dags/example_params_trigger_ui.py
[2024-03-11T20:58:14.925+0000] {logging_mixin.py:188} INFO - [2024-03-11T20:58:14.924+0000] {dag.py:3047} INFO - Sync 1 DAGs
[2024-03-11T20:58:14.951+0000] {logging_mixin.py:188} INFO - [2024-03-11T20:58:14.951+0000] {dag.py:3834} INFO - Setting next_dagrun for example_params_trigger_ui to None, run_after=None
[2024-03-11T20:58:14.985+0000] {processor.py:183} INFO - Processing /home/airflow/.local/lib/python3.8/site-packages/airflow/example_dags/example_params_trigger_ui.py took 0.237 seconds
[2024-03-11T20:58:45.080+0000] {processor.py:161} INFO - Started process (PID=395) to work on /home/airflow/.local/lib/python3.8/site-packages/airflow/example_dags/example_params_trigger_ui.py
[2024-03-11T20:58:45.081+0000] {processor.py:830} INFO - Processing file /home/airflow/.local/lib/python3.8/site-packages/airflow/example_dags/example_params_trigger_ui.py for tasks to queue
[2024-03-11T20:58:45.083+0000] {logging_mixin.py:188} INFO - [2024-03-11T20:58:45.083+0000] {dagbag.py:540} INFO - Filling up the DagBag from /home/airflow/.local/lib/python3.8/site-packages/airflow/example_dags/example_params_trigger_ui.py
[2024-03-11T20:58:45.100+0000] {processor.py:840} INFO - DAG(s) 'example_params_trigger_ui' retrieved from /home/airflow/.local/lib/python3.8/site-packages/airflow/example_dags/example_params_trigger_ui.py
[2024-03-11T20:58:45.176+0000] {logging_mixin.py:188} INFO - [2024-03-11T20:58:45.176+0000] {dag.py:3047} INFO - Sync 1 DAGs
[2024-03-11T20:58:45.194+0000] {logging_mixin.py:188} INFO - [2024-03-11T20:58:45.194+0000] {dag.py:3834} INFO - Setting next_dagrun for example_params_trigger_ui to None, run_after=None
[2024-03-11T20:58:45.224+0000] {processor.py:183} INFO - Processing /home/airflow/.local/lib/python3.8/site-packages/airflow/example_dags/example_params_trigger_ui.py took 0.148 seconds
[2024-03-11T20:59:15.428+0000] {processor.py:161} INFO - Started process (PID=450) to work on /home/airflow/.local/lib/python3.8/site-packages/airflow/example_dags/example_params_trigger_ui.py
[2024-03-11T20:59:15.429+0000] {processor.py:830} INFO - Processing file /home/airflow/.local/lib/python3.8/site-packages/airflow/example_dags/example_params_trigger_ui.py for tasks to queue
[2024-03-11T20:59:15.432+0000] {logging_mixin.py:188} INFO - [2024-03-11T20:59:15.431+0000] {dagbag.py:540} INFO - Filling up the DagBag from /home/airflow/.local/lib/python3.8/site-packages/airflow/example_dags/example_params_trigger_ui.py
[2024-03-11T20:59:15.449+0000] {processor.py:840} INFO - DAG(s) 'example_params_trigger_ui' retrieved from /home/airflow/.local/lib/python3.8/site-packages/airflow/example_dags/example_params_trigger_ui.py
[2024-03-11T20:59:15.528+0000] {logging_mixin.py:188} INFO - [2024-03-11T20:59:15.528+0000] {dag.py:3047} INFO - Sync 1 DAGs
[2024-03-11T20:59:15.546+0000] {logging_mixin.py:188} INFO - [2024-03-11T20:59:15.546+0000] {dag.py:3834} INFO - Setting next_dagrun for example_params_trigger_ui to None, run_after=None
[2024-03-11T20:59:15.579+0000] {processor.py:183} INFO - Processing /home/airflow/.local/lib/python3.8/site-packages/airflow/example_dags/example_params_trigger_ui.py took 0.155 seconds
[2024-03-11T20:59:45.906+0000] {processor.py:161} INFO - Started process (PID=505) to work on /home/airflow/.local/lib/python3.8/site-packages/airflow/example_dags/example_params_trigger_ui.py
[2024-03-11T20:59:45.907+0000] {processor.py:830} INFO - Processing file /home/airflow/.local/lib/python3.8/site-packages/airflow/example_dags/example_params_trigger_ui.py for tasks to queue
[2024-03-11T20:59:45.910+0000] {logging_mixin.py:188} INFO - [2024-03-11T20:59:45.909+0000] {dagbag.py:540} INFO - Filling up the DagBag from /home/airflow/.local/lib/python3.8/site-packages/airflow/example_dags/example_params_trigger_ui.py
[2024-03-11T20:59:45.926+0000] {processor.py:840} INFO - DAG(s) 'example_params_trigger_ui' retrieved from /home/airflow/.local/lib/python3.8/site-packages/airflow/example_dags/example_params_trigger_ui.py
[2024-03-11T20:59:46.012+0000] {logging_mixin.py:188} INFO - [2024-03-11T20:59:46.011+0000] {dag.py:3047} INFO - Sync 1 DAGs
[2024-03-11T20:59:46.031+0000] {logging_mixin.py:188} INFO - [2024-03-11T20:59:46.031+0000] {dag.py:3834} INFO - Setting next_dagrun for example_params_trigger_ui to None, run_after=None
[2024-03-11T20:59:46.064+0000] {processor.py:183} INFO - Processing /home/airflow/.local/lib/python3.8/site-packages/airflow/example_dags/example_params_trigger_ui.py took 0.162 seconds
[2024-03-11T21:00:16.135+0000] {processor.py:161} INFO - Started process (PID=560) to work on /home/airflow/.local/lib/python3.8/site-packages/airflow/example_dags/example_params_trigger_ui.py
[2024-03-11T21:00:16.136+0000] {processor.py:830} INFO - Processing file /home/airflow/.local/lib/python3.8/site-packages/airflow/example_dags/example_params_trigger_ui.py for tasks to queue
[2024-03-11T21:00:16.139+0000] {logging_mixin.py:188} INFO - [2024-03-11T21:00:16.138+0000] {dagbag.py:540} INFO - Filling up the DagBag from /home/airflow/.local/lib/python3.8/site-packages/airflow/example_dags/example_params_trigger_ui.py
[2024-03-11T21:00:16.156+0000] {processor.py:840} INFO - DAG(s) 'example_params_trigger_ui' retrieved from /home/airflow/.local/lib/python3.8/site-packages/airflow/example_dags/example_params_trigger_ui.py
[2024-03-11T21:00:16.249+0000] {logging_mixin.py:188} INFO - [2024-03-11T21:00:16.248+0000] {dag.py:3047} INFO - Sync 1 DAGs
[2024-03-11T21:00:16.266+0000] {logging_mixin.py:188} INFO - [2024-03-11T21:00:16.266+0000] {dag.py:3834} INFO - Setting next_dagrun for example_params_trigger_ui to None, run_after=None
[2024-03-11T21:00:16.298+0000] {processor.py:183} INFO - Processing /home/airflow/.local/lib/python3.8/site-packages/airflow/example_dags/example_params_trigger_ui.py took 0.167 seconds
[2024-03-11T21:00:46.409+0000] {processor.py:161} INFO - Started process (PID=615) to work on /home/airflow/.local/lib/python3.8/site-packages/airflow/example_dags/example_params_trigger_ui.py
[2024-03-11T21:00:46.410+0000] {processor.py:830} INFO - Processing file /home/airflow/.local/lib/python3.8/site-packages/airflow/example_dags/example_params_trigger_ui.py for tasks to queue
[2024-03-11T21:00:46.413+0000] {logging_mixin.py:188} INFO - [2024-03-11T21:00:46.412+0000] {dagbag.py:540} INFO - Filling up the DagBag from /home/airflow/.local/lib/python3.8/site-packages/airflow/example_dags/example_params_trigger_ui.py
[2024-03-11T21:00:46.438+0000] {processor.py:840} INFO - DAG(s) 'example_params_trigger_ui' retrieved from /home/airflow/.local/lib/python3.8/site-packages/airflow/example_dags/example_params_trigger_ui.py
[2024-03-11T21:00:46.552+0000] {logging_mixin.py:188} INFO - [2024-03-11T21:00:46.552+0000] {dag.py:3047} INFO - Sync 1 DAGs
[2024-03-11T21:00:46.570+0000] {logging_mixin.py:188} INFO - [2024-03-11T21:00:46.569+0000] {dag.py:3834} INFO - Setting next_dagrun for example_params_trigger_ui to None, run_after=None
[2024-03-11T21:00:46.599+0000] {processor.py:183} INFO - Processing /home/airflow/.local/lib/python3.8/site-packages/airflow/example_dags/example_params_trigger_ui.py took 0.194 seconds
[2024-03-11T21:01:17.024+0000] {processor.py:161} INFO - Started process (PID=670) to work on /home/airflow/.local/lib/python3.8/site-packages/airflow/example_dags/example_params_trigger_ui.py
[2024-03-11T21:01:17.025+0000] {processor.py:830} INFO - Processing file /home/airflow/.local/lib/python3.8/site-packages/airflow/example_dags/example_params_trigger_ui.py for tasks to queue
[2024-03-11T21:01:17.027+0000] {logging_mixin.py:188} INFO - [2024-03-11T21:01:17.027+0000] {dagbag.py:540} INFO - Filling up the DagBag from /home/airflow/.local/lib/python3.8/site-packages/airflow/example_dags/example_params_trigger_ui.py
[2024-03-11T21:01:17.044+0000] {processor.py:840} INFO - DAG(s) 'example_params_trigger_ui' retrieved from /home/airflow/.local/lib/python3.8/site-packages/airflow/example_dags/example_params_trigger_ui.py
[2024-03-11T21:01:17.120+0000] {logging_mixin.py:188} INFO - [2024-03-11T21:01:17.120+0000] {dag.py:3047} INFO - Sync 1 DAGs
[2024-03-11T21:01:17.140+0000] {logging_mixin.py:188} INFO - [2024-03-11T21:01:17.140+0000] {dag.py:3834} INFO - Setting next_dagrun for example_params_trigger_ui to None, run_after=None
[2024-03-11T21:01:17.173+0000] {processor.py:183} INFO - Processing /home/airflow/.local/lib/python3.8/site-packages/airflow/example_dags/example_params_trigger_ui.py took 0.153 seconds
[2024-03-11T21:01:47.451+0000] {processor.py:161} INFO - Started process (PID=725) to work on /home/airflow/.local/lib/python3.8/site-packages/airflow/example_dags/example_params_trigger_ui.py
[2024-03-11T21:01:47.453+0000] {processor.py:830} INFO - Processing file /home/airflow/.local/lib/python3.8/site-packages/airflow/example_dags/example_params_trigger_ui.py for tasks to queue
[2024-03-11T21:01:47.455+0000] {logging_mixin.py:188} INFO - [2024-03-11T21:01:47.454+0000] {dagbag.py:540} INFO - Filling up the DagBag from /home/airflow/.local/lib/python3.8/site-packages/airflow/example_dags/example_params_trigger_ui.py
[2024-03-11T21:01:47.471+0000] {processor.py:840} INFO - DAG(s) 'example_params_trigger_ui' retrieved from /home/airflow/.local/lib/python3.8/site-packages/airflow/example_dags/example_params_trigger_ui.py
[2024-03-11T21:01:47.573+0000] {logging_mixin.py:188} INFO - [2024-03-11T21:01:47.573+0000] {dag.py:3047} INFO - Sync 1 DAGs
[2024-03-11T21:01:47.591+0000] {logging_mixin.py:188} INFO - [2024-03-11T21:01:47.591+0000] {dag.py:3834} INFO - Setting next_dagrun for example_params_trigger_ui to None, run_after=None
[2024-03-11T21:01:47.619+0000] {processor.py:183} INFO - Processing /home/airflow/.local/lib/python3.8/site-packages/airflow/example_dags/example_params_trigger_ui.py took 0.171 seconds
[2024-03-11T21:02:17.990+0000] {processor.py:161} INFO - Started process (PID=780) to work on /home/airflow/.local/lib/python3.8/site-packages/airflow/example_dags/example_params_trigger_ui.py
[2024-03-11T21:02:17.992+0000] {processor.py:830} INFO - Processing file /home/airflow/.local/lib/python3.8/site-packages/airflow/example_dags/example_params_trigger_ui.py for tasks to queue
[2024-03-11T21:02:17.995+0000] {logging_mixin.py:188} INFO - [2024-03-11T21:02:17.994+0000] {dagbag.py:540} INFO - Filling up the DagBag from /home/airflow/.local/lib/python3.8/site-packages/airflow/example_dags/example_params_trigger_ui.py
[2024-03-11T21:02:18.022+0000] {processor.py:840} INFO - DAG(s) 'example_params_trigger_ui' retrieved from /home/airflow/.local/lib/python3.8/site-packages/airflow/example_dags/example_params_trigger_ui.py
[2024-03-11T21:02:18.144+0000] {logging_mixin.py:188} INFO - [2024-03-11T21:02:18.143+0000] {dag.py:3047} INFO - Sync 1 DAGs
[2024-03-11T21:02:18.166+0000] {logging_mixin.py:188} INFO - [2024-03-11T21:02:18.165+0000] {dag.py:3834} INFO - Setting next_dagrun for example_params_trigger_ui to None, run_after=None
[2024-03-11T21:02:18.205+0000] {processor.py:183} INFO - Processing /home/airflow/.local/lib/python3.8/site-packages/airflow/example_dags/example_params_trigger_ui.py took 0.220 seconds
[2024-03-11T21:02:48.851+0000] {processor.py:161} INFO - Started process (PID=835) to work on /home/airflow/.local/lib/python3.8/site-packages/airflow/example_dags/example_params_trigger_ui.py
[2024-03-11T21:02:48.853+0000] {processor.py:830} INFO - Processing file /home/airflow/.local/lib/python3.8/site-packages/airflow/example_dags/example_params_trigger_ui.py for tasks to queue
[2024-03-11T21:02:48.856+0000] {logging_mixin.py:188} INFO - [2024-03-11T21:02:48.855+0000] {dagbag.py:540} INFO - Filling up the DagBag from /home/airflow/.local/lib/python3.8/site-packages/airflow/example_dags/example_params_trigger_ui.py
[2024-03-11T21:02:48.877+0000] {processor.py:840} INFO - DAG(s) 'example_params_trigger_ui' retrieved from /home/airflow/.local/lib/python3.8/site-packages/airflow/example_dags/example_params_trigger_ui.py
[2024-03-11T21:02:48.958+0000] {logging_mixin.py:188} INFO - [2024-03-11T21:02:48.958+0000] {dag.py:3047} INFO - Sync 1 DAGs
[2024-03-11T21:02:48.977+0000] {logging_mixin.py:188} INFO - [2024-03-11T21:02:48.976+0000] {dag.py:3834} INFO - Setting next_dagrun for example_params_trigger_ui to None, run_after=None
[2024-03-11T21:02:49.011+0000] {processor.py:183} INFO - Processing /home/airflow/.local/lib/python3.8/site-packages/airflow/example_dags/example_params_trigger_ui.py took 0.164 seconds
[2024-03-11T21:03:19.254+0000] {processor.py:161} INFO - Started process (PID=890) to work on /home/airflow/.local/lib/python3.8/site-packages/airflow/example_dags/example_params_trigger_ui.py
[2024-03-11T21:03:19.255+0000] {processor.py:830} INFO - Processing file /home/airflow/.local/lib/python3.8/site-packages/airflow/example_dags/example_params_trigger_ui.py for tasks to queue
[2024-03-11T21:03:19.258+0000] {logging_mixin.py:188} INFO - [2024-03-11T21:03:19.257+0000] {dagbag.py:540} INFO - Filling up the DagBag from /home/airflow/.local/lib/python3.8/site-packages/airflow/example_dags/example_params_trigger_ui.py
[2024-03-11T21:03:19.278+0000] {processor.py:840} INFO - DAG(s) 'example_params_trigger_ui' retrieved from /home/airflow/.local/lib/python3.8/site-packages/airflow/example_dags/example_params_trigger_ui.py
[2024-03-11T21:03:19.371+0000] {logging_mixin.py:188} INFO - [2024-03-11T21:03:19.371+0000] {dag.py:3047} INFO - Sync 1 DAGs
[2024-03-11T21:03:19.397+0000] {logging_mixin.py:188} INFO - [2024-03-11T21:03:19.396+0000] {dag.py:3834} INFO - Setting next_dagrun for example_params_trigger_ui to None, run_after=None
[2024-03-11T21:03:19.436+0000] {processor.py:183} INFO - Processing /home/airflow/.local/lib/python3.8/site-packages/airflow/example_dags/example_params_trigger_ui.py took 0.186 seconds
[2024-03-11T21:03:50.051+0000] {processor.py:161} INFO - Started process (PID=946) to work on /home/airflow/.local/lib/python3.8/site-packages/airflow/example_dags/example_params_trigger_ui.py
[2024-03-11T21:03:50.053+0000] {processor.py:830} INFO - Processing file /home/airflow/.local/lib/python3.8/site-packages/airflow/example_dags/example_params_trigger_ui.py for tasks to queue
[2024-03-11T21:03:50.055+0000] {logging_mixin.py:188} INFO - [2024-03-11T21:03:50.055+0000] {dagbag.py:540} INFO - Filling up the DagBag from /home/airflow/.local/lib/python3.8/site-packages/airflow/example_dags/example_params_trigger_ui.py
[2024-03-11T21:03:50.072+0000] {processor.py:840} INFO - DAG(s) 'example_params_trigger_ui' retrieved from /home/airflow/.local/lib/python3.8/site-packages/airflow/example_dags/example_params_trigger_ui.py
[2024-03-11T21:03:50.153+0000] {logging_mixin.py:188} INFO - [2024-03-11T21:03:50.153+0000] {dag.py:3047} INFO - Sync 1 DAGs
[2024-03-11T21:03:50.170+0000] {logging_mixin.py:188} INFO - [2024-03-11T21:03:50.170+0000] {dag.py:3834} INFO - Setting next_dagrun for example_params_trigger_ui to None, run_after=None
[2024-03-11T21:03:50.199+0000] {processor.py:183} INFO - Processing /home/airflow/.local/lib/python3.8/site-packages/airflow/example_dags/example_params_trigger_ui.py took 0.153 seconds
[2024-03-11T21:04:20.238+0000] {processor.py:161} INFO - Started process (PID=1002) to work on /home/airflow/.local/lib/python3.8/site-packages/airflow/example_dags/example_params_trigger_ui.py
[2024-03-11T21:04:20.239+0000] {processor.py:830} INFO - Processing file /home/airflow/.local/lib/python3.8/site-packages/airflow/example_dags/example_params_trigger_ui.py for tasks to queue
[2024-03-11T21:04:20.241+0000] {logging_mixin.py:188} INFO - [2024-03-11T21:04:20.241+0000] {dagbag.py:540} INFO - Filling up the DagBag from /home/airflow/.local/lib/python3.8/site-packages/airflow/example_dags/example_params_trigger_ui.py
[2024-03-11T21:04:20.260+0000] {processor.py:840} INFO - DAG(s) 'example_params_trigger_ui' retrieved from /home/airflow/.local/lib/python3.8/site-packages/airflow/example_dags/example_params_trigger_ui.py
[2024-03-11T21:04:20.353+0000] {logging_mixin.py:188} INFO - [2024-03-11T21:04:20.353+0000] {dag.py:3047} INFO - Sync 1 DAGs
[2024-03-11T21:04:20.376+0000] {logging_mixin.py:188} INFO - [2024-03-11T21:04:20.375+0000] {dag.py:3834} INFO - Setting next_dagrun for example_params_trigger_ui to None, run_after=None
[2024-03-11T21:04:20.408+0000] {processor.py:183} INFO - Processing /home/airflow/.local/lib/python3.8/site-packages/airflow/example_dags/example_params_trigger_ui.py took 0.173 seconds
[2024-03-11T21:04:50.961+0000] {processor.py:161} INFO - Started process (PID=1057) to work on /home/airflow/.local/lib/python3.8/site-packages/airflow/example_dags/example_params_trigger_ui.py
[2024-03-11T21:04:50.962+0000] {processor.py:830} INFO - Processing file /home/airflow/.local/lib/python3.8/site-packages/airflow/example_dags/example_params_trigger_ui.py for tasks to queue
[2024-03-11T21:04:50.965+0000] {logging_mixin.py:188} INFO - [2024-03-11T21:04:50.965+0000] {dagbag.py:540} INFO - Filling up the DagBag from /home/airflow/.local/lib/python3.8/site-packages/airflow/example_dags/example_params_trigger_ui.py
[2024-03-11T21:04:50.992+0000] {processor.py:840} INFO - DAG(s) 'example_params_trigger_ui' retrieved from /home/airflow/.local/lib/python3.8/site-packages/airflow/example_dags/example_params_trigger_ui.py
[2024-03-11T21:04:51.103+0000] {logging_mixin.py:188} INFO - [2024-03-11T21:04:51.103+0000] {dag.py:3047} INFO - Sync 1 DAGs
[2024-03-11T21:04:51.127+0000] {logging_mixin.py:188} INFO - [2024-03-11T21:04:51.127+0000] {dag.py:3834} INFO - Setting next_dagrun for example_params_trigger_ui to None, run_after=None
[2024-03-11T21:04:51.162+0000] {processor.py:183} INFO - Processing /home/airflow/.local/lib/python3.8/site-packages/airflow/example_dags/example_params_trigger_ui.py took 0.208 seconds
[2024-03-11T21:05:21.538+0000] {processor.py:161} INFO - Started process (PID=1112) to work on /home/airflow/.local/lib/python3.8/site-packages/airflow/example_dags/example_params_trigger_ui.py
[2024-03-11T21:05:21.539+0000] {processor.py:830} INFO - Processing file /home/airflow/.local/lib/python3.8/site-packages/airflow/example_dags/example_params_trigger_ui.py for tasks to queue
[2024-03-11T21:05:21.541+0000] {logging_mixin.py:188} INFO - [2024-03-11T21:05:21.541+0000] {dagbag.py:540} INFO - Filling up the DagBag from /home/airflow/.local/lib/python3.8/site-packages/airflow/example_dags/example_params_trigger_ui.py
[2024-03-11T21:05:21.561+0000] {processor.py:840} INFO - DAG(s) 'example_params_trigger_ui' retrieved from /home/airflow/.local/lib/python3.8/site-packages/airflow/example_dags/example_params_trigger_ui.py
[2024-03-11T21:05:21.662+0000] {logging_mixin.py:188} INFO - [2024-03-11T21:05:21.661+0000] {dag.py:3047} INFO - Sync 1 DAGs
[2024-03-11T21:05:21.688+0000] {logging_mixin.py:188} INFO - [2024-03-11T21:05:21.688+0000] {dag.py:3834} INFO - Setting next_dagrun for example_params_trigger_ui to None, run_after=None
[2024-03-11T21:05:21.723+0000] {processor.py:183} INFO - Processing /home/airflow/.local/lib/python3.8/site-packages/airflow/example_dags/example_params_trigger_ui.py took 0.189 seconds
[2024-03-11T21:05:51.947+0000] {processor.py:161} INFO - Started process (PID=1167) to work on /home/airflow/.local/lib/python3.8/site-packages/airflow/example_dags/example_params_trigger_ui.py
[2024-03-11T21:05:51.948+0000] {processor.py:830} INFO - Processing file /home/airflow/.local/lib/python3.8/site-packages/airflow/example_dags/example_params_trigger_ui.py for tasks to queue
[2024-03-11T21:05:51.950+0000] {logging_mixin.py:188} INFO - [2024-03-11T21:05:51.949+0000] {dagbag.py:540} INFO - Filling up the DagBag from /home/airflow/.local/lib/python3.8/site-packages/airflow/example_dags/example_params_trigger_ui.py
[2024-03-11T21:05:51.966+0000] {processor.py:840} INFO - DAG(s) 'example_params_trigger_ui' retrieved from /home/airflow/.local/lib/python3.8/site-packages/airflow/example_dags/example_params_trigger_ui.py
[2024-03-11T21:05:52.042+0000] {logging_mixin.py:188} INFO - [2024-03-11T21:05:52.041+0000] {dag.py:3047} INFO - Sync 1 DAGs
[2024-03-11T21:05:52.059+0000] {logging_mixin.py:188} INFO - [2024-03-11T21:05:52.059+0000] {dag.py:3834} INFO - Setting next_dagrun for example_params_trigger_ui to None, run_after=None
[2024-03-11T21:05:52.090+0000] {processor.py:183} INFO - Processing /home/airflow/.local/lib/python3.8/site-packages/airflow/example_dags/example_params_trigger_ui.py took 0.147 seconds
[2024-03-11T21:06:22.305+0000] {processor.py:161} INFO - Started process (PID=1221) to work on /home/airflow/.local/lib/python3.8/site-packages/airflow/example_dags/example_params_trigger_ui.py
[2024-03-11T21:06:22.306+0000] {processor.py:830} INFO - Processing file /home/airflow/.local/lib/python3.8/site-packages/airflow/example_dags/example_params_trigger_ui.py for tasks to queue
[2024-03-11T21:06:22.309+0000] {logging_mixin.py:188} INFO - [2024-03-11T21:06:22.308+0000] {dagbag.py:540} INFO - Filling up the DagBag from /home/airflow/.local/lib/python3.8/site-packages/airflow/example_dags/example_params_trigger_ui.py
[2024-03-11T21:06:22.327+0000] {processor.py:840} INFO - DAG(s) 'example_params_trigger_ui' retrieved from /home/airflow/.local/lib/python3.8/site-packages/airflow/example_dags/example_params_trigger_ui.py
[2024-03-11T21:06:22.402+0000] {logging_mixin.py:188} INFO - [2024-03-11T21:06:22.402+0000] {dag.py:3047} INFO - Sync 1 DAGs
[2024-03-11T21:06:22.419+0000] {logging_mixin.py:188} INFO - [2024-03-11T21:06:22.419+0000] {dag.py:3834} INFO - Setting next_dagrun for example_params_trigger_ui to None, run_after=None
[2024-03-11T21:06:22.450+0000] {processor.py:183} INFO - Processing /home/airflow/.local/lib/python3.8/site-packages/airflow/example_dags/example_params_trigger_ui.py took 0.150 seconds
[2024-03-11T21:06:53.034+0000] {processor.py:161} INFO - Started process (PID=1276) to work on /home/airflow/.local/lib/python3.8/site-packages/airflow/example_dags/example_params_trigger_ui.py
[2024-03-11T21:06:53.035+0000] {processor.py:830} INFO - Processing file /home/airflow/.local/lib/python3.8/site-packages/airflow/example_dags/example_params_trigger_ui.py for tasks to queue
[2024-03-11T21:06:53.038+0000] {logging_mixin.py:188} INFO - [2024-03-11T21:06:53.038+0000] {dagbag.py:540} INFO - Filling up the DagBag from /home/airflow/.local/lib/python3.8/site-packages/airflow/example_dags/example_params_trigger_ui.py
[2024-03-11T21:06:53.055+0000] {processor.py:840} INFO - DAG(s) 'example_params_trigger_ui' retrieved from /home/airflow/.local/lib/python3.8/site-packages/airflow/example_dags/example_params_trigger_ui.py
[2024-03-11T21:06:53.136+0000] {logging_mixin.py:188} INFO - [2024-03-11T21:06:53.135+0000] {dag.py:3047} INFO - Sync 1 DAGs
[2024-03-11T21:06:53.152+0000] {logging_mixin.py:188} INFO - [2024-03-11T21:06:53.152+0000] {dag.py:3834} INFO - Setting next_dagrun for example_params_trigger_ui to None, run_after=None
[2024-03-11T21:06:53.182+0000] {processor.py:183} INFO - Processing /home/airflow/.local/lib/python3.8/site-packages/airflow/example_dags/example_params_trigger_ui.py took 0.153 seconds
