[2024-03-11T20:55:46.460+0000] {processor.py:161} INFO - Started process (PID=86) to work on /home/airflow/.local/lib/python3.8/site-packages/airflow/example_dags/example_branch_python_dop_operator_3.py
[2024-03-11T20:55:46.462+0000] {processor.py:830} INFO - Processing file /home/airflow/.local/lib/python3.8/site-packages/airflow/example_dags/example_branch_python_dop_operator_3.py for tasks to queue
[2024-03-11T20:55:46.464+0000] {logging_mixin.py:188} INFO - [2024-03-11T20:55:46.464+0000] {dagbag.py:540} INFO - Filling up the DagBag from /home/airflow/.local/lib/python3.8/site-packages/airflow/example_dags/example_branch_python_dop_operator_3.py
[2024-03-11T20:55:46.477+0000] {processor.py:840} INFO - DAG(s) 'example_branch_dop_operator_v3' retrieved from /home/airflow/.local/lib/python3.8/site-packages/airflow/example_dags/example_branch_python_dop_operator_3.py
[2024-03-11T20:55:46.671+0000] {logging_mixin.py:188} INFO - [2024-03-11T20:55:46.670+0000] {override.py:1769} INFO - Created Permission View: can read on DAG:example_branch_dop_operator_v3
[2024-03-11T20:55:46.688+0000] {logging_mixin.py:188} INFO - [2024-03-11T20:55:46.687+0000] {override.py:1769} INFO - Created Permission View: can delete on DAG:example_branch_dop_operator_v3
[2024-03-11T20:55:46.702+0000] {logging_mixin.py:188} INFO - [2024-03-11T20:55:46.702+0000] {override.py:1769} INFO - Created Permission View: can edit on DAG:example_branch_dop_operator_v3
[2024-03-11T20:55:46.704+0000] {logging_mixin.py:188} INFO - [2024-03-11T20:55:46.703+0000] {dag.py:3047} INFO - Sync 1 DAGs
[2024-03-11T20:55:46.727+0000] {logging_mixin.py:188} INFO - [2024-03-11T20:55:46.727+0000] {dag.py:3069} INFO - Creating ORM DAG for example_branch_dop_operator_v3
[2024-03-11T20:55:46.770+0000] {logging_mixin.py:188} INFO - [2024-03-11T20:55:46.769+0000] {dag.py:3834} INFO - Setting next_dagrun for example_branch_dop_operator_v3 to 2024-03-11 20:54:00+00:00, run_after=2024-03-11 20:55:00+00:00
[2024-03-11T20:55:46.810+0000] {processor.py:183} INFO - Processing /home/airflow/.local/lib/python3.8/site-packages/airflow/example_dags/example_branch_python_dop_operator_3.py took 0.353 seconds
[2024-03-11T20:56:17.377+0000] {processor.py:161} INFO - Started process (PID=141) to work on /home/airflow/.local/lib/python3.8/site-packages/airflow/example_dags/example_branch_python_dop_operator_3.py
[2024-03-11T20:56:17.379+0000] {processor.py:830} INFO - Processing file /home/airflow/.local/lib/python3.8/site-packages/airflow/example_dags/example_branch_python_dop_operator_3.py for tasks to queue
[2024-03-11T20:56:17.382+0000] {logging_mixin.py:188} INFO - [2024-03-11T20:56:17.381+0000] {dagbag.py:540} INFO - Filling up the DagBag from /home/airflow/.local/lib/python3.8/site-packages/airflow/example_dags/example_branch_python_dop_operator_3.py
[2024-03-11T20:56:17.393+0000] {processor.py:840} INFO - DAG(s) 'example_branch_dop_operator_v3' retrieved from /home/airflow/.local/lib/python3.8/site-packages/airflow/example_dags/example_branch_python_dop_operator_3.py
[2024-03-11T20:56:17.418+0000] {logging_mixin.py:188} INFO - [2024-03-11T20:56:17.418+0000] {dag.py:3047} INFO - Sync 1 DAGs
[2024-03-11T20:56:17.456+0000] {logging_mixin.py:188} INFO - [2024-03-11T20:56:17.456+0000] {dag.py:3834} INFO - Setting next_dagrun for example_branch_dop_operator_v3 to 2024-03-11 20:55:00+00:00, run_after=2024-03-11 20:56:00+00:00
[2024-03-11T20:56:17.485+0000] {processor.py:183} INFO - Processing /home/airflow/.local/lib/python3.8/site-packages/airflow/example_dags/example_branch_python_dop_operator_3.py took 0.112 seconds
[2024-03-11T20:56:47.861+0000] {processor.py:161} INFO - Started process (PID=196) to work on /home/airflow/.local/lib/python3.8/site-packages/airflow/example_dags/example_branch_python_dop_operator_3.py
[2024-03-11T20:56:47.863+0000] {processor.py:830} INFO - Processing file /home/airflow/.local/lib/python3.8/site-packages/airflow/example_dags/example_branch_python_dop_operator_3.py for tasks to queue
[2024-03-11T20:56:47.865+0000] {logging_mixin.py:188} INFO - [2024-03-11T20:56:47.865+0000] {dagbag.py:540} INFO - Filling up the DagBag from /home/airflow/.local/lib/python3.8/site-packages/airflow/example_dags/example_branch_python_dop_operator_3.py
[2024-03-11T20:56:47.877+0000] {processor.py:840} INFO - DAG(s) 'example_branch_dop_operator_v3' retrieved from /home/airflow/.local/lib/python3.8/site-packages/airflow/example_dags/example_branch_python_dop_operator_3.py
[2024-03-11T20:56:47.909+0000] {logging_mixin.py:188} INFO - [2024-03-11T20:56:47.908+0000] {dag.py:3047} INFO - Sync 1 DAGs
[2024-03-11T20:56:47.958+0000] {logging_mixin.py:188} INFO - [2024-03-11T20:56:47.957+0000] {dag.py:3834} INFO - Setting next_dagrun for example_branch_dop_operator_v3 to 2024-03-11 20:55:00+00:00, run_after=2024-03-11 20:56:00+00:00
[2024-03-11T20:56:47.993+0000] {processor.py:183} INFO - Processing /home/airflow/.local/lib/python3.8/site-packages/airflow/example_dags/example_branch_python_dop_operator_3.py took 0.136 seconds
[2024-03-11T20:57:18.319+0000] {processor.py:161} INFO - Started process (PID=251) to work on /home/airflow/.local/lib/python3.8/site-packages/airflow/example_dags/example_branch_python_dop_operator_3.py
[2024-03-11T20:57:18.320+0000] {processor.py:830} INFO - Processing file /home/airflow/.local/lib/python3.8/site-packages/airflow/example_dags/example_branch_python_dop_operator_3.py for tasks to queue
[2024-03-11T20:57:18.323+0000] {logging_mixin.py:188} INFO - [2024-03-11T20:57:18.322+0000] {dagbag.py:540} INFO - Filling up the DagBag from /home/airflow/.local/lib/python3.8/site-packages/airflow/example_dags/example_branch_python_dop_operator_3.py
[2024-03-11T20:57:18.337+0000] {processor.py:840} INFO - DAG(s) 'example_branch_dop_operator_v3' retrieved from /home/airflow/.local/lib/python3.8/site-packages/airflow/example_dags/example_branch_python_dop_operator_3.py
[2024-03-11T20:57:18.363+0000] {logging_mixin.py:188} INFO - [2024-03-11T20:57:18.363+0000] {dag.py:3047} INFO - Sync 1 DAGs
[2024-03-11T20:57:18.401+0000] {logging_mixin.py:188} INFO - [2024-03-11T20:57:18.401+0000] {dag.py:3834} INFO - Setting next_dagrun for example_branch_dop_operator_v3 to 2024-03-11 20:56:00+00:00, run_after=2024-03-11 20:57:00+00:00
[2024-03-11T20:57:18.441+0000] {processor.py:183} INFO - Processing /home/airflow/.local/lib/python3.8/site-packages/airflow/example_dags/example_branch_python_dop_operator_3.py took 0.125 seconds
[2024-03-11T20:57:48.675+0000] {processor.py:161} INFO - Started process (PID=306) to work on /home/airflow/.local/lib/python3.8/site-packages/airflow/example_dags/example_branch_python_dop_operator_3.py
[2024-03-11T20:57:48.677+0000] {processor.py:830} INFO - Processing file /home/airflow/.local/lib/python3.8/site-packages/airflow/example_dags/example_branch_python_dop_operator_3.py for tasks to queue
[2024-03-11T20:57:48.679+0000] {logging_mixin.py:188} INFO - [2024-03-11T20:57:48.679+0000] {dagbag.py:540} INFO - Filling up the DagBag from /home/airflow/.local/lib/python3.8/site-packages/airflow/example_dags/example_branch_python_dop_operator_3.py
[2024-03-11T20:57:48.691+0000] {processor.py:840} INFO - DAG(s) 'example_branch_dop_operator_v3' retrieved from /home/airflow/.local/lib/python3.8/site-packages/airflow/example_dags/example_branch_python_dop_operator_3.py
[2024-03-11T20:57:48.718+0000] {logging_mixin.py:188} INFO - [2024-03-11T20:57:48.718+0000] {dag.py:3047} INFO - Sync 1 DAGs
[2024-03-11T20:57:48.758+0000] {logging_mixin.py:188} INFO - [2024-03-11T20:57:48.757+0000] {dag.py:3834} INFO - Setting next_dagrun for example_branch_dop_operator_v3 to 2024-03-11 20:56:00+00:00, run_after=2024-03-11 20:57:00+00:00
[2024-03-11T20:57:48.797+0000] {processor.py:183} INFO - Processing /home/airflow/.local/lib/python3.8/site-packages/airflow/example_dags/example_branch_python_dop_operator_3.py took 0.125 seconds
[2024-03-11T20:58:19.178+0000] {processor.py:161} INFO - Started process (PID=361) to work on /home/airflow/.local/lib/python3.8/site-packages/airflow/example_dags/example_branch_python_dop_operator_3.py
[2024-03-11T20:58:19.179+0000] {processor.py:830} INFO - Processing file /home/airflow/.local/lib/python3.8/site-packages/airflow/example_dags/example_branch_python_dop_operator_3.py for tasks to queue
[2024-03-11T20:58:19.181+0000] {logging_mixin.py:188} INFO - [2024-03-11T20:58:19.181+0000] {dagbag.py:540} INFO - Filling up the DagBag from /home/airflow/.local/lib/python3.8/site-packages/airflow/example_dags/example_branch_python_dop_operator_3.py
[2024-03-11T20:58:19.193+0000] {processor.py:840} INFO - DAG(s) 'example_branch_dop_operator_v3' retrieved from /home/airflow/.local/lib/python3.8/site-packages/airflow/example_dags/example_branch_python_dop_operator_3.py
[2024-03-11T20:58:19.219+0000] {logging_mixin.py:188} INFO - [2024-03-11T20:58:19.218+0000] {dag.py:3047} INFO - Sync 1 DAGs
[2024-03-11T20:58:19.259+0000] {logging_mixin.py:188} INFO - [2024-03-11T20:58:19.259+0000] {dag.py:3834} INFO - Setting next_dagrun for example_branch_dop_operator_v3 to 2024-03-11 20:57:00+00:00, run_after=2024-03-11 20:58:00+00:00
[2024-03-11T20:58:19.301+0000] {processor.py:183} INFO - Processing /home/airflow/.local/lib/python3.8/site-packages/airflow/example_dags/example_branch_python_dop_operator_3.py took 0.127 seconds
[2024-03-11T20:58:49.352+0000] {processor.py:161} INFO - Started process (PID=417) to work on /home/airflow/.local/lib/python3.8/site-packages/airflow/example_dags/example_branch_python_dop_operator_3.py
[2024-03-11T20:58:49.353+0000] {processor.py:830} INFO - Processing file /home/airflow/.local/lib/python3.8/site-packages/airflow/example_dags/example_branch_python_dop_operator_3.py for tasks to queue
[2024-03-11T20:58:49.356+0000] {logging_mixin.py:188} INFO - [2024-03-11T20:58:49.356+0000] {dagbag.py:540} INFO - Filling up the DagBag from /home/airflow/.local/lib/python3.8/site-packages/airflow/example_dags/example_branch_python_dop_operator_3.py
[2024-03-11T20:58:49.370+0000] {processor.py:840} INFO - DAG(s) 'example_branch_dop_operator_v3' retrieved from /home/airflow/.local/lib/python3.8/site-packages/airflow/example_dags/example_branch_python_dop_operator_3.py
[2024-03-11T20:58:49.397+0000] {logging_mixin.py:188} INFO - [2024-03-11T20:58:49.397+0000] {dag.py:3047} INFO - Sync 1 DAGs
[2024-03-11T20:58:49.438+0000] {logging_mixin.py:188} INFO - [2024-03-11T20:58:49.437+0000] {dag.py:3834} INFO - Setting next_dagrun for example_branch_dop_operator_v3 to 2024-03-11 20:57:00+00:00, run_after=2024-03-11 20:58:00+00:00
[2024-03-11T20:58:49.471+0000] {processor.py:183} INFO - Processing /home/airflow/.local/lib/python3.8/site-packages/airflow/example_dags/example_branch_python_dop_operator_3.py took 0.123 seconds
[2024-03-11T20:59:19.921+0000] {processor.py:161} INFO - Started process (PID=472) to work on /home/airflow/.local/lib/python3.8/site-packages/airflow/example_dags/example_branch_python_dop_operator_3.py
[2024-03-11T20:59:19.923+0000] {processor.py:830} INFO - Processing file /home/airflow/.local/lib/python3.8/site-packages/airflow/example_dags/example_branch_python_dop_operator_3.py for tasks to queue
[2024-03-11T20:59:19.925+0000] {logging_mixin.py:188} INFO - [2024-03-11T20:59:19.925+0000] {dagbag.py:540} INFO - Filling up the DagBag from /home/airflow/.local/lib/python3.8/site-packages/airflow/example_dags/example_branch_python_dop_operator_3.py
[2024-03-11T20:59:19.937+0000] {processor.py:840} INFO - DAG(s) 'example_branch_dop_operator_v3' retrieved from /home/airflow/.local/lib/python3.8/site-packages/airflow/example_dags/example_branch_python_dop_operator_3.py
[2024-03-11T20:59:19.966+0000] {logging_mixin.py:188} INFO - [2024-03-11T20:59:19.966+0000] {dag.py:3047} INFO - Sync 1 DAGs
[2024-03-11T20:59:20.005+0000] {logging_mixin.py:188} INFO - [2024-03-11T20:59:20.004+0000] {dag.py:3834} INFO - Setting next_dagrun for example_branch_dop_operator_v3 to 2024-03-11 20:58:00+00:00, run_after=2024-03-11 20:59:00+00:00
[2024-03-11T20:59:20.041+0000] {processor.py:183} INFO - Processing /home/airflow/.local/lib/python3.8/site-packages/airflow/example_dags/example_branch_python_dop_operator_3.py took 0.124 seconds
[2024-03-11T20:59:50.231+0000] {processor.py:161} INFO - Started process (PID=527) to work on /home/airflow/.local/lib/python3.8/site-packages/airflow/example_dags/example_branch_python_dop_operator_3.py
[2024-03-11T20:59:50.232+0000] {processor.py:830} INFO - Processing file /home/airflow/.local/lib/python3.8/site-packages/airflow/example_dags/example_branch_python_dop_operator_3.py for tasks to queue
[2024-03-11T20:59:50.234+0000] {logging_mixin.py:188} INFO - [2024-03-11T20:59:50.233+0000] {dagbag.py:540} INFO - Filling up the DagBag from /home/airflow/.local/lib/python3.8/site-packages/airflow/example_dags/example_branch_python_dop_operator_3.py
[2024-03-11T20:59:50.245+0000] {processor.py:840} INFO - DAG(s) 'example_branch_dop_operator_v3' retrieved from /home/airflow/.local/lib/python3.8/site-packages/airflow/example_dags/example_branch_python_dop_operator_3.py
[2024-03-11T20:59:50.270+0000] {logging_mixin.py:188} INFO - [2024-03-11T20:59:50.270+0000] {dag.py:3047} INFO - Sync 1 DAGs
[2024-03-11T20:59:50.311+0000] {logging_mixin.py:188} INFO - [2024-03-11T20:59:50.311+0000] {dag.py:3834} INFO - Setting next_dagrun for example_branch_dop_operator_v3 to 2024-03-11 20:58:00+00:00, run_after=2024-03-11 20:59:00+00:00
[2024-03-11T20:59:50.342+0000] {processor.py:183} INFO - Processing /home/airflow/.local/lib/python3.8/site-packages/airflow/example_dags/example_branch_python_dop_operator_3.py took 0.115 seconds
[2024-03-11T21:00:21.115+0000] {processor.py:161} INFO - Started process (PID=582) to work on /home/airflow/.local/lib/python3.8/site-packages/airflow/example_dags/example_branch_python_dop_operator_3.py
[2024-03-11T21:00:21.117+0000] {processor.py:830} INFO - Processing file /home/airflow/.local/lib/python3.8/site-packages/airflow/example_dags/example_branch_python_dop_operator_3.py for tasks to queue
[2024-03-11T21:00:21.119+0000] {logging_mixin.py:188} INFO - [2024-03-11T21:00:21.119+0000] {dagbag.py:540} INFO - Filling up the DagBag from /home/airflow/.local/lib/python3.8/site-packages/airflow/example_dags/example_branch_python_dop_operator_3.py
[2024-03-11T21:00:21.133+0000] {processor.py:840} INFO - DAG(s) 'example_branch_dop_operator_v3' retrieved from /home/airflow/.local/lib/python3.8/site-packages/airflow/example_dags/example_branch_python_dop_operator_3.py
[2024-03-11T21:00:21.160+0000] {logging_mixin.py:188} INFO - [2024-03-11T21:00:21.160+0000] {dag.py:3047} INFO - Sync 1 DAGs
[2024-03-11T21:00:21.200+0000] {logging_mixin.py:188} INFO - [2024-03-11T21:00:21.199+0000] {dag.py:3834} INFO - Setting next_dagrun for example_branch_dop_operator_v3 to 2024-03-11 20:59:00+00:00, run_after=2024-03-11 21:00:00+00:00
[2024-03-11T21:00:21.229+0000] {processor.py:183} INFO - Processing /home/airflow/.local/lib/python3.8/site-packages/airflow/example_dags/example_branch_python_dop_operator_3.py took 0.117 seconds
[2024-03-11T21:00:51.639+0000] {processor.py:161} INFO - Started process (PID=637) to work on /home/airflow/.local/lib/python3.8/site-packages/airflow/example_dags/example_branch_python_dop_operator_3.py
[2024-03-11T21:00:51.641+0000] {processor.py:830} INFO - Processing file /home/airflow/.local/lib/python3.8/site-packages/airflow/example_dags/example_branch_python_dop_operator_3.py for tasks to queue
[2024-03-11T21:00:51.643+0000] {logging_mixin.py:188} INFO - [2024-03-11T21:00:51.643+0000] {dagbag.py:540} INFO - Filling up the DagBag from /home/airflow/.local/lib/python3.8/site-packages/airflow/example_dags/example_branch_python_dop_operator_3.py
[2024-03-11T21:00:51.660+0000] {processor.py:840} INFO - DAG(s) 'example_branch_dop_operator_v3' retrieved from /home/airflow/.local/lib/python3.8/site-packages/airflow/example_dags/example_branch_python_dop_operator_3.py
[2024-03-11T21:00:51.687+0000] {logging_mixin.py:188} INFO - [2024-03-11T21:00:51.687+0000] {dag.py:3047} INFO - Sync 1 DAGs
[2024-03-11T21:00:51.734+0000] {logging_mixin.py:188} INFO - [2024-03-11T21:00:51.734+0000] {dag.py:3834} INFO - Setting next_dagrun for example_branch_dop_operator_v3 to 2024-03-11 20:59:00+00:00, run_after=2024-03-11 21:00:00+00:00
[2024-03-11T21:00:51.767+0000] {processor.py:183} INFO - Processing /home/airflow/.local/lib/python3.8/site-packages/airflow/example_dags/example_branch_python_dop_operator_3.py took 0.132 seconds
[2024-03-11T21:01:22.274+0000] {processor.py:161} INFO - Started process (PID=692) to work on /home/airflow/.local/lib/python3.8/site-packages/airflow/example_dags/example_branch_python_dop_operator_3.py
[2024-03-11T21:01:22.276+0000] {processor.py:830} INFO - Processing file /home/airflow/.local/lib/python3.8/site-packages/airflow/example_dags/example_branch_python_dop_operator_3.py for tasks to queue
[2024-03-11T21:01:22.278+0000] {logging_mixin.py:188} INFO - [2024-03-11T21:01:22.278+0000] {dagbag.py:540} INFO - Filling up the DagBag from /home/airflow/.local/lib/python3.8/site-packages/airflow/example_dags/example_branch_python_dop_operator_3.py
[2024-03-11T21:01:22.295+0000] {processor.py:840} INFO - DAG(s) 'example_branch_dop_operator_v3' retrieved from /home/airflow/.local/lib/python3.8/site-packages/airflow/example_dags/example_branch_python_dop_operator_3.py
[2024-03-11T21:01:22.334+0000] {logging_mixin.py:188} INFO - [2024-03-11T21:01:22.333+0000] {dag.py:3047} INFO - Sync 1 DAGs
[2024-03-11T21:01:22.399+0000] {logging_mixin.py:188} INFO - [2024-03-11T21:01:22.398+0000] {dag.py:3834} INFO - Setting next_dagrun for example_branch_dop_operator_v3 to 2024-03-11 21:00:00+00:00, run_after=2024-03-11 21:01:00+00:00
[2024-03-11T21:01:22.443+0000] {processor.py:183} INFO - Processing /home/airflow/.local/lib/python3.8/site-packages/airflow/example_dags/example_branch_python_dop_operator_3.py took 0.175 seconds
[2024-03-11T21:01:52.898+0000] {processor.py:161} INFO - Started process (PID=747) to work on /home/airflow/.local/lib/python3.8/site-packages/airflow/example_dags/example_branch_python_dop_operator_3.py
[2024-03-11T21:01:52.900+0000] {processor.py:830} INFO - Processing file /home/airflow/.local/lib/python3.8/site-packages/airflow/example_dags/example_branch_python_dop_operator_3.py for tasks to queue
[2024-03-11T21:01:52.902+0000] {logging_mixin.py:188} INFO - [2024-03-11T21:01:52.901+0000] {dagbag.py:540} INFO - Filling up the DagBag from /home/airflow/.local/lib/python3.8/site-packages/airflow/example_dags/example_branch_python_dop_operator_3.py
[2024-03-11T21:01:52.918+0000] {processor.py:840} INFO - DAG(s) 'example_branch_dop_operator_v3' retrieved from /home/airflow/.local/lib/python3.8/site-packages/airflow/example_dags/example_branch_python_dop_operator_3.py
[2024-03-11T21:01:52.953+0000] {logging_mixin.py:188} INFO - [2024-03-11T21:01:52.953+0000] {dag.py:3047} INFO - Sync 1 DAGs
[2024-03-11T21:01:53.008+0000] {logging_mixin.py:188} INFO - [2024-03-11T21:01:53.007+0000] {dag.py:3834} INFO - Setting next_dagrun for example_branch_dop_operator_v3 to 2024-03-11 21:00:00+00:00, run_after=2024-03-11 21:01:00+00:00
[2024-03-11T21:01:53.046+0000] {processor.py:183} INFO - Processing /home/airflow/.local/lib/python3.8/site-packages/airflow/example_dags/example_branch_python_dop_operator_3.py took 0.152 seconds
[2024-03-11T21:02:23.394+0000] {processor.py:161} INFO - Started process (PID=802) to work on /home/airflow/.local/lib/python3.8/site-packages/airflow/example_dags/example_branch_python_dop_operator_3.py
[2024-03-11T21:02:23.396+0000] {processor.py:830} INFO - Processing file /home/airflow/.local/lib/python3.8/site-packages/airflow/example_dags/example_branch_python_dop_operator_3.py for tasks to queue
[2024-03-11T21:02:23.399+0000] {logging_mixin.py:188} INFO - [2024-03-11T21:02:23.398+0000] {dagbag.py:540} INFO - Filling up the DagBag from /home/airflow/.local/lib/python3.8/site-packages/airflow/example_dags/example_branch_python_dop_operator_3.py
[2024-03-11T21:02:23.412+0000] {processor.py:840} INFO - DAG(s) 'example_branch_dop_operator_v3' retrieved from /home/airflow/.local/lib/python3.8/site-packages/airflow/example_dags/example_branch_python_dop_operator_3.py
[2024-03-11T21:02:23.441+0000] {logging_mixin.py:188} INFO - [2024-03-11T21:02:23.441+0000] {dag.py:3047} INFO - Sync 1 DAGs
[2024-03-11T21:02:23.482+0000] {logging_mixin.py:188} INFO - [2024-03-11T21:02:23.481+0000] {dag.py:3834} INFO - Setting next_dagrun for example_branch_dop_operator_v3 to 2024-03-11 21:01:00+00:00, run_after=2024-03-11 21:02:00+00:00
[2024-03-11T21:02:23.514+0000] {processor.py:183} INFO - Processing /home/airflow/.local/lib/python3.8/site-packages/airflow/example_dags/example_branch_python_dop_operator_3.py took 0.124 seconds
[2024-03-11T21:02:53.912+0000] {processor.py:161} INFO - Started process (PID=857) to work on /home/airflow/.local/lib/python3.8/site-packages/airflow/example_dags/example_branch_python_dop_operator_3.py
[2024-03-11T21:02:53.913+0000] {processor.py:830} INFO - Processing file /home/airflow/.local/lib/python3.8/site-packages/airflow/example_dags/example_branch_python_dop_operator_3.py for tasks to queue
[2024-03-11T21:02:53.915+0000] {logging_mixin.py:188} INFO - [2024-03-11T21:02:53.915+0000] {dagbag.py:540} INFO - Filling up the DagBag from /home/airflow/.local/lib/python3.8/site-packages/airflow/example_dags/example_branch_python_dop_operator_3.py
[2024-03-11T21:02:53.927+0000] {processor.py:840} INFO - DAG(s) 'example_branch_dop_operator_v3' retrieved from /home/airflow/.local/lib/python3.8/site-packages/airflow/example_dags/example_branch_python_dop_operator_3.py
[2024-03-11T21:02:53.954+0000] {logging_mixin.py:188} INFO - [2024-03-11T21:02:53.953+0000] {dag.py:3047} INFO - Sync 1 DAGs
[2024-03-11T21:02:53.993+0000] {logging_mixin.py:188} INFO - [2024-03-11T21:02:53.992+0000] {dag.py:3834} INFO - Setting next_dagrun for example_branch_dop_operator_v3 to 2024-03-11 21:01:00+00:00, run_after=2024-03-11 21:02:00+00:00
[2024-03-11T21:02:54.032+0000] {processor.py:183} INFO - Processing /home/airflow/.local/lib/python3.8/site-packages/airflow/example_dags/example_branch_python_dop_operator_3.py took 0.123 seconds
[2024-03-11T21:03:24.439+0000] {processor.py:161} INFO - Started process (PID=912) to work on /home/airflow/.local/lib/python3.8/site-packages/airflow/example_dags/example_branch_python_dop_operator_3.py
[2024-03-11T21:03:24.440+0000] {processor.py:830} INFO - Processing file /home/airflow/.local/lib/python3.8/site-packages/airflow/example_dags/example_branch_python_dop_operator_3.py for tasks to queue
[2024-03-11T21:03:24.443+0000] {logging_mixin.py:188} INFO - [2024-03-11T21:03:24.442+0000] {dagbag.py:540} INFO - Filling up the DagBag from /home/airflow/.local/lib/python3.8/site-packages/airflow/example_dags/example_branch_python_dop_operator_3.py
[2024-03-11T21:03:24.455+0000] {processor.py:840} INFO - DAG(s) 'example_branch_dop_operator_v3' retrieved from /home/airflow/.local/lib/python3.8/site-packages/airflow/example_dags/example_branch_python_dop_operator_3.py
[2024-03-11T21:03:24.484+0000] {logging_mixin.py:188} INFO - [2024-03-11T21:03:24.484+0000] {dag.py:3047} INFO - Sync 1 DAGs
[2024-03-11T21:03:24.531+0000] {logging_mixin.py:188} INFO - [2024-03-11T21:03:24.531+0000] {dag.py:3834} INFO - Setting next_dagrun for example_branch_dop_operator_v3 to 2024-03-11 21:02:00+00:00, run_after=2024-03-11 21:03:00+00:00
[2024-03-11T21:03:24.572+0000] {processor.py:183} INFO - Processing /home/airflow/.local/lib/python3.8/site-packages/airflow/example_dags/example_branch_python_dop_operator_3.py took 0.137 seconds
[2024-03-11T21:03:54.877+0000] {processor.py:161} INFO - Started process (PID=968) to work on /home/airflow/.local/lib/python3.8/site-packages/airflow/example_dags/example_branch_python_dop_operator_3.py
[2024-03-11T21:03:54.879+0000] {processor.py:830} INFO - Processing file /home/airflow/.local/lib/python3.8/site-packages/airflow/example_dags/example_branch_python_dop_operator_3.py for tasks to queue
[2024-03-11T21:03:54.881+0000] {logging_mixin.py:188} INFO - [2024-03-11T21:03:54.881+0000] {dagbag.py:540} INFO - Filling up the DagBag from /home/airflow/.local/lib/python3.8/site-packages/airflow/example_dags/example_branch_python_dop_operator_3.py
[2024-03-11T21:03:54.895+0000] {processor.py:840} INFO - DAG(s) 'example_branch_dop_operator_v3' retrieved from /home/airflow/.local/lib/python3.8/site-packages/airflow/example_dags/example_branch_python_dop_operator_3.py
[2024-03-11T21:03:54.923+0000] {logging_mixin.py:188} INFO - [2024-03-11T21:03:54.922+0000] {dag.py:3047} INFO - Sync 1 DAGs
[2024-03-11T21:03:54.964+0000] {logging_mixin.py:188} INFO - [2024-03-11T21:03:54.963+0000] {dag.py:3834} INFO - Setting next_dagrun for example_branch_dop_operator_v3 to 2024-03-11 21:02:00+00:00, run_after=2024-03-11 21:03:00+00:00
[2024-03-11T21:03:55.003+0000] {processor.py:183} INFO - Processing /home/airflow/.local/lib/python3.8/site-packages/airflow/example_dags/example_branch_python_dop_operator_3.py took 0.130 seconds
[2024-03-11T21:04:25.350+0000] {processor.py:161} INFO - Started process (PID=1023) to work on /home/airflow/.local/lib/python3.8/site-packages/airflow/example_dags/example_branch_python_dop_operator_3.py
[2024-03-11T21:04:25.351+0000] {processor.py:830} INFO - Processing file /home/airflow/.local/lib/python3.8/site-packages/airflow/example_dags/example_branch_python_dop_operator_3.py for tasks to queue
[2024-03-11T21:04:25.354+0000] {logging_mixin.py:188} INFO - [2024-03-11T21:04:25.353+0000] {dagbag.py:540} INFO - Filling up the DagBag from /home/airflow/.local/lib/python3.8/site-packages/airflow/example_dags/example_branch_python_dop_operator_3.py
[2024-03-11T21:04:25.367+0000] {processor.py:840} INFO - DAG(s) 'example_branch_dop_operator_v3' retrieved from /home/airflow/.local/lib/python3.8/site-packages/airflow/example_dags/example_branch_python_dop_operator_3.py
[2024-03-11T21:04:25.393+0000] {logging_mixin.py:188} INFO - [2024-03-11T21:04:25.393+0000] {dag.py:3047} INFO - Sync 1 DAGs
[2024-03-11T21:04:25.432+0000] {logging_mixin.py:188} INFO - [2024-03-11T21:04:25.432+0000] {dag.py:3834} INFO - Setting next_dagrun for example_branch_dop_operator_v3 to 2024-03-11 21:03:00+00:00, run_after=2024-03-11 21:04:00+00:00
[2024-03-11T21:04:25.472+0000] {processor.py:183} INFO - Processing /home/airflow/.local/lib/python3.8/site-packages/airflow/example_dags/example_branch_python_dop_operator_3.py took 0.126 seconds
[2024-03-11T21:04:55.773+0000] {processor.py:161} INFO - Started process (PID=1078) to work on /home/airflow/.local/lib/python3.8/site-packages/airflow/example_dags/example_branch_python_dop_operator_3.py
[2024-03-11T21:04:55.775+0000] {processor.py:830} INFO - Processing file /home/airflow/.local/lib/python3.8/site-packages/airflow/example_dags/example_branch_python_dop_operator_3.py for tasks to queue
[2024-03-11T21:04:55.780+0000] {logging_mixin.py:188} INFO - [2024-03-11T21:04:55.779+0000] {dagbag.py:540} INFO - Filling up the DagBag from /home/airflow/.local/lib/python3.8/site-packages/airflow/example_dags/example_branch_python_dop_operator_3.py
[2024-03-11T21:04:55.796+0000] {processor.py:840} INFO - DAG(s) 'example_branch_dop_operator_v3' retrieved from /home/airflow/.local/lib/python3.8/site-packages/airflow/example_dags/example_branch_python_dop_operator_3.py
[2024-03-11T21:04:55.825+0000] {logging_mixin.py:188} INFO - [2024-03-11T21:04:55.825+0000] {dag.py:3047} INFO - Sync 1 DAGs
[2024-03-11T21:04:55.868+0000] {logging_mixin.py:188} INFO - [2024-03-11T21:04:55.867+0000] {dag.py:3834} INFO - Setting next_dagrun for example_branch_dop_operator_v3 to 2024-03-11 21:03:00+00:00, run_after=2024-03-11 21:04:00+00:00
[2024-03-11T21:04:55.910+0000] {processor.py:183} INFO - Processing /home/airflow/.local/lib/python3.8/site-packages/airflow/example_dags/example_branch_python_dop_operator_3.py took 0.142 seconds
[2024-03-11T21:05:26.454+0000] {processor.py:161} INFO - Started process (PID=1133) to work on /home/airflow/.local/lib/python3.8/site-packages/airflow/example_dags/example_branch_python_dop_operator_3.py
[2024-03-11T21:05:26.455+0000] {processor.py:830} INFO - Processing file /home/airflow/.local/lib/python3.8/site-packages/airflow/example_dags/example_branch_python_dop_operator_3.py for tasks to queue
[2024-03-11T21:05:26.457+0000] {logging_mixin.py:188} INFO - [2024-03-11T21:05:26.456+0000] {dagbag.py:540} INFO - Filling up the DagBag from /home/airflow/.local/lib/python3.8/site-packages/airflow/example_dags/example_branch_python_dop_operator_3.py
[2024-03-11T21:05:26.468+0000] {processor.py:840} INFO - DAG(s) 'example_branch_dop_operator_v3' retrieved from /home/airflow/.local/lib/python3.8/site-packages/airflow/example_dags/example_branch_python_dop_operator_3.py
[2024-03-11T21:05:26.495+0000] {logging_mixin.py:188} INFO - [2024-03-11T21:05:26.495+0000] {dag.py:3047} INFO - Sync 1 DAGs
[2024-03-11T21:05:26.540+0000] {logging_mixin.py:188} INFO - [2024-03-11T21:05:26.539+0000] {dag.py:3834} INFO - Setting next_dagrun for example_branch_dop_operator_v3 to 2024-03-11 21:04:00+00:00, run_after=2024-03-11 21:05:00+00:00
[2024-03-11T21:05:26.574+0000] {processor.py:183} INFO - Processing /home/airflow/.local/lib/python3.8/site-packages/airflow/example_dags/example_branch_python_dop_operator_3.py took 0.124 seconds
[2024-03-11T21:05:56.835+0000] {processor.py:161} INFO - Started process (PID=1188) to work on /home/airflow/.local/lib/python3.8/site-packages/airflow/example_dags/example_branch_python_dop_operator_3.py
[2024-03-11T21:05:56.836+0000] {processor.py:830} INFO - Processing file /home/airflow/.local/lib/python3.8/site-packages/airflow/example_dags/example_branch_python_dop_operator_3.py for tasks to queue
[2024-03-11T21:05:56.838+0000] {logging_mixin.py:188} INFO - [2024-03-11T21:05:56.838+0000] {dagbag.py:540} INFO - Filling up the DagBag from /home/airflow/.local/lib/python3.8/site-packages/airflow/example_dags/example_branch_python_dop_operator_3.py
[2024-03-11T21:05:56.856+0000] {processor.py:840} INFO - DAG(s) 'example_branch_dop_operator_v3' retrieved from /home/airflow/.local/lib/python3.8/site-packages/airflow/example_dags/example_branch_python_dop_operator_3.py
[2024-03-11T21:05:56.886+0000] {logging_mixin.py:188} INFO - [2024-03-11T21:05:56.886+0000] {dag.py:3047} INFO - Sync 1 DAGs
[2024-03-11T21:05:56.930+0000] {logging_mixin.py:188} INFO - [2024-03-11T21:05:56.929+0000] {dag.py:3834} INFO - Setting next_dagrun for example_branch_dop_operator_v3 to 2024-03-11 21:04:00+00:00, run_after=2024-03-11 21:05:00+00:00
[2024-03-11T21:05:56.961+0000] {processor.py:183} INFO - Processing /home/airflow/.local/lib/python3.8/site-packages/airflow/example_dags/example_branch_python_dop_operator_3.py took 0.129 seconds
[2024-03-11T21:06:27.575+0000] {processor.py:161} INFO - Started process (PID=1243) to work on /home/airflow/.local/lib/python3.8/site-packages/airflow/example_dags/example_branch_python_dop_operator_3.py
[2024-03-11T21:06:27.576+0000] {processor.py:830} INFO - Processing file /home/airflow/.local/lib/python3.8/site-packages/airflow/example_dags/example_branch_python_dop_operator_3.py for tasks to queue
[2024-03-11T21:06:27.579+0000] {logging_mixin.py:188} INFO - [2024-03-11T21:06:27.578+0000] {dagbag.py:540} INFO - Filling up the DagBag from /home/airflow/.local/lib/python3.8/site-packages/airflow/example_dags/example_branch_python_dop_operator_3.py
[2024-03-11T21:06:27.591+0000] {processor.py:840} INFO - DAG(s) 'example_branch_dop_operator_v3' retrieved from /home/airflow/.local/lib/python3.8/site-packages/airflow/example_dags/example_branch_python_dop_operator_3.py
[2024-03-11T21:06:27.616+0000] {logging_mixin.py:188} INFO - [2024-03-11T21:06:27.615+0000] {dag.py:3047} INFO - Sync 1 DAGs
[2024-03-11T21:06:27.658+0000] {logging_mixin.py:188} INFO - [2024-03-11T21:06:27.658+0000] {dag.py:3834} INFO - Setting next_dagrun for example_branch_dop_operator_v3 to 2024-03-11 21:05:00+00:00, run_after=2024-03-11 21:06:00+00:00
[2024-03-11T21:06:27.689+0000] {processor.py:183} INFO - Processing /home/airflow/.local/lib/python3.8/site-packages/airflow/example_dags/example_branch_python_dop_operator_3.py took 0.118 seconds
[2024-03-11T21:06:58.032+0000] {processor.py:161} INFO - Started process (PID=1298) to work on /home/airflow/.local/lib/python3.8/site-packages/airflow/example_dags/example_branch_python_dop_operator_3.py
[2024-03-11T21:06:58.034+0000] {processor.py:830} INFO - Processing file /home/airflow/.local/lib/python3.8/site-packages/airflow/example_dags/example_branch_python_dop_operator_3.py for tasks to queue
[2024-03-11T21:06:58.037+0000] {logging_mixin.py:188} INFO - [2024-03-11T21:06:58.036+0000] {dagbag.py:540} INFO - Filling up the DagBag from /home/airflow/.local/lib/python3.8/site-packages/airflow/example_dags/example_branch_python_dop_operator_3.py
[2024-03-11T21:06:58.055+0000] {processor.py:840} INFO - DAG(s) 'example_branch_dop_operator_v3' retrieved from /home/airflow/.local/lib/python3.8/site-packages/airflow/example_dags/example_branch_python_dop_operator_3.py
[2024-03-11T21:06:58.092+0000] {logging_mixin.py:188} INFO - [2024-03-11T21:06:58.092+0000] {dag.py:3047} INFO - Sync 1 DAGs
[2024-03-11T21:06:58.144+0000] {logging_mixin.py:188} INFO - [2024-03-11T21:06:58.143+0000] {dag.py:3834} INFO - Setting next_dagrun for example_branch_dop_operator_v3 to 2024-03-11 21:05:00+00:00, run_after=2024-03-11 21:06:00+00:00
[2024-03-11T21:06:58.178+0000] {processor.py:183} INFO - Processing /home/airflow/.local/lib/python3.8/site-packages/airflow/example_dags/example_branch_python_dop_operator_3.py took 0.152 seconds
