[2024-03-11T20:55:43.501+0000] {processor.py:161} INFO - Started process (PID=71) to work on /home/airflow/.local/lib/python3.8/site-packages/airflow/example_dags/example_task_group_decorator.py
[2024-03-11T20:55:43.502+0000] {processor.py:830} INFO - Processing file /home/airflow/.local/lib/python3.8/site-packages/airflow/example_dags/example_task_group_decorator.py for tasks to queue
[2024-03-11T20:55:43.505+0000] {logging_mixin.py:188} INFO - [2024-03-11T20:55:43.504+0000] {dagbag.py:540} INFO - Filling up the DagBag from /home/airflow/.local/lib/python3.8/site-packages/airflow/example_dags/example_task_group_decorator.py
[2024-03-11T20:55:43.528+0000] {processor.py:840} INFO - DAG(s) 'example_task_group_decorator' retrieved from /home/airflow/.local/lib/python3.8/site-packages/airflow/example_dags/example_task_group_decorator.py
[2024-03-11T20:55:43.721+0000] {logging_mixin.py:188} INFO - [2024-03-11T20:55:43.719+0000] {override.py:1769} INFO - Created Permission View: can read on DAG:example_task_group_decorator
[2024-03-11T20:55:43.738+0000] {logging_mixin.py:188} INFO - [2024-03-11T20:55:43.738+0000] {override.py:1769} INFO - Created Permission View: can delete on DAG:example_task_group_decorator
[2024-03-11T20:55:43.751+0000] {logging_mixin.py:188} INFO - [2024-03-11T20:55:43.750+0000] {override.py:1769} INFO - Created Permission View: can edit on DAG:example_task_group_decorator
[2024-03-11T20:55:43.752+0000] {logging_mixin.py:188} INFO - [2024-03-11T20:55:43.751+0000] {dag.py:3047} INFO - Sync 1 DAGs
[2024-03-11T20:55:43.770+0000] {logging_mixin.py:188} INFO - [2024-03-11T20:55:43.769+0000] {dag.py:3069} INFO - Creating ORM DAG for example_task_group_decorator
[2024-03-11T20:55:43.786+0000] {logging_mixin.py:188} INFO - [2024-03-11T20:55:43.785+0000] {dag.py:3834} INFO - Setting next_dagrun for example_task_group_decorator to 2024-03-10 00:00:00+00:00, run_after=2024-03-11 00:00:00+00:00
[2024-03-11T20:55:43.814+0000] {processor.py:183} INFO - Processing /home/airflow/.local/lib/python3.8/site-packages/airflow/example_dags/example_task_group_decorator.py took 0.318 seconds
[2024-03-11T20:56:13.912+0000] {processor.py:161} INFO - Started process (PID=126) to work on /home/airflow/.local/lib/python3.8/site-packages/airflow/example_dags/example_task_group_decorator.py
[2024-03-11T20:56:13.913+0000] {processor.py:830} INFO - Processing file /home/airflow/.local/lib/python3.8/site-packages/airflow/example_dags/example_task_group_decorator.py for tasks to queue
[2024-03-11T20:56:13.915+0000] {logging_mixin.py:188} INFO - [2024-03-11T20:56:13.915+0000] {dagbag.py:540} INFO - Filling up the DagBag from /home/airflow/.local/lib/python3.8/site-packages/airflow/example_dags/example_task_group_decorator.py
[2024-03-11T20:56:13.936+0000] {processor.py:840} INFO - DAG(s) 'example_task_group_decorator' retrieved from /home/airflow/.local/lib/python3.8/site-packages/airflow/example_dags/example_task_group_decorator.py
[2024-03-11T20:56:13.967+0000] {logging_mixin.py:188} INFO - [2024-03-11T20:56:13.967+0000] {dag.py:3047} INFO - Sync 1 DAGs
[2024-03-11T20:56:13.998+0000] {logging_mixin.py:188} INFO - [2024-03-11T20:56:13.997+0000] {dag.py:3834} INFO - Setting next_dagrun for example_task_group_decorator to 2024-03-10 00:00:00+00:00, run_after=2024-03-11 00:00:00+00:00
[2024-03-11T20:56:14.027+0000] {processor.py:183} INFO - Processing /home/airflow/.local/lib/python3.8/site-packages/airflow/example_dags/example_task_group_decorator.py took 0.118 seconds
[2024-03-11T20:56:44.324+0000] {processor.py:161} INFO - Started process (PID=181) to work on /home/airflow/.local/lib/python3.8/site-packages/airflow/example_dags/example_task_group_decorator.py
[2024-03-11T20:56:44.325+0000] {processor.py:830} INFO - Processing file /home/airflow/.local/lib/python3.8/site-packages/airflow/example_dags/example_task_group_decorator.py for tasks to queue
[2024-03-11T20:56:44.327+0000] {logging_mixin.py:188} INFO - [2024-03-11T20:56:44.327+0000] {dagbag.py:540} INFO - Filling up the DagBag from /home/airflow/.local/lib/python3.8/site-packages/airflow/example_dags/example_task_group_decorator.py
[2024-03-11T20:56:44.348+0000] {processor.py:840} INFO - DAG(s) 'example_task_group_decorator' retrieved from /home/airflow/.local/lib/python3.8/site-packages/airflow/example_dags/example_task_group_decorator.py
[2024-03-11T20:56:44.389+0000] {logging_mixin.py:188} INFO - [2024-03-11T20:56:44.389+0000] {dag.py:3047} INFO - Sync 1 DAGs
[2024-03-11T20:56:44.427+0000] {logging_mixin.py:188} INFO - [2024-03-11T20:56:44.426+0000] {dag.py:3834} INFO - Setting next_dagrun for example_task_group_decorator to 2024-03-10 00:00:00+00:00, run_after=2024-03-11 00:00:00+00:00
[2024-03-11T20:56:44.469+0000] {processor.py:183} INFO - Processing /home/airflow/.local/lib/python3.8/site-packages/airflow/example_dags/example_task_group_decorator.py took 0.149 seconds
[2024-03-11T20:57:14.958+0000] {processor.py:161} INFO - Started process (PID=236) to work on /home/airflow/.local/lib/python3.8/site-packages/airflow/example_dags/example_task_group_decorator.py
[2024-03-11T20:57:14.960+0000] {processor.py:830} INFO - Processing file /home/airflow/.local/lib/python3.8/site-packages/airflow/example_dags/example_task_group_decorator.py for tasks to queue
[2024-03-11T20:57:14.962+0000] {logging_mixin.py:188} INFO - [2024-03-11T20:57:14.962+0000] {dagbag.py:540} INFO - Filling up the DagBag from /home/airflow/.local/lib/python3.8/site-packages/airflow/example_dags/example_task_group_decorator.py
[2024-03-11T20:57:14.983+0000] {processor.py:840} INFO - DAG(s) 'example_task_group_decorator' retrieved from /home/airflow/.local/lib/python3.8/site-packages/airflow/example_dags/example_task_group_decorator.py
[2024-03-11T20:57:15.024+0000] {logging_mixin.py:188} INFO - [2024-03-11T20:57:15.024+0000] {dag.py:3047} INFO - Sync 1 DAGs
[2024-03-11T20:57:15.058+0000] {logging_mixin.py:188} INFO - [2024-03-11T20:57:15.058+0000] {dag.py:3834} INFO - Setting next_dagrun for example_task_group_decorator to 2024-03-10 00:00:00+00:00, run_after=2024-03-11 00:00:00+00:00
[2024-03-11T20:57:15.090+0000] {processor.py:183} INFO - Processing /home/airflow/.local/lib/python3.8/site-packages/airflow/example_dags/example_task_group_decorator.py took 0.135 seconds
[2024-03-11T20:57:45.322+0000] {processor.py:161} INFO - Started process (PID=291) to work on /home/airflow/.local/lib/python3.8/site-packages/airflow/example_dags/example_task_group_decorator.py
[2024-03-11T20:57:45.324+0000] {processor.py:830} INFO - Processing file /home/airflow/.local/lib/python3.8/site-packages/airflow/example_dags/example_task_group_decorator.py for tasks to queue
[2024-03-11T20:57:45.327+0000] {logging_mixin.py:188} INFO - [2024-03-11T20:57:45.326+0000] {dagbag.py:540} INFO - Filling up the DagBag from /home/airflow/.local/lib/python3.8/site-packages/airflow/example_dags/example_task_group_decorator.py
[2024-03-11T20:57:45.353+0000] {processor.py:840} INFO - DAG(s) 'example_task_group_decorator' retrieved from /home/airflow/.local/lib/python3.8/site-packages/airflow/example_dags/example_task_group_decorator.py
[2024-03-11T20:57:45.390+0000] {logging_mixin.py:188} INFO - [2024-03-11T20:57:45.389+0000] {dag.py:3047} INFO - Sync 1 DAGs
[2024-03-11T20:57:45.429+0000] {logging_mixin.py:188} INFO - [2024-03-11T20:57:45.428+0000] {dag.py:3834} INFO - Setting next_dagrun for example_task_group_decorator to 2024-03-10 00:00:00+00:00, run_after=2024-03-11 00:00:00+00:00
[2024-03-11T20:57:45.464+0000] {processor.py:183} INFO - Processing /home/airflow/.local/lib/python3.8/site-packages/airflow/example_dags/example_task_group_decorator.py took 0.147 seconds
[2024-03-11T20:58:15.756+0000] {processor.py:161} INFO - Started process (PID=346) to work on /home/airflow/.local/lib/python3.8/site-packages/airflow/example_dags/example_task_group_decorator.py
[2024-03-11T20:58:15.757+0000] {processor.py:830} INFO - Processing file /home/airflow/.local/lib/python3.8/site-packages/airflow/example_dags/example_task_group_decorator.py for tasks to queue
[2024-03-11T20:58:15.760+0000] {logging_mixin.py:188} INFO - [2024-03-11T20:58:15.759+0000] {dagbag.py:540} INFO - Filling up the DagBag from /home/airflow/.local/lib/python3.8/site-packages/airflow/example_dags/example_task_group_decorator.py
[2024-03-11T20:58:15.796+0000] {processor.py:840} INFO - DAG(s) 'example_task_group_decorator' retrieved from /home/airflow/.local/lib/python3.8/site-packages/airflow/example_dags/example_task_group_decorator.py
[2024-03-11T20:58:15.835+0000] {logging_mixin.py:188} INFO - [2024-03-11T20:58:15.835+0000] {dag.py:3047} INFO - Sync 1 DAGs
[2024-03-11T20:58:15.866+0000] {logging_mixin.py:188} INFO - [2024-03-11T20:58:15.866+0000] {dag.py:3834} INFO - Setting next_dagrun for example_task_group_decorator to 2024-03-10 00:00:00+00:00, run_after=2024-03-11 00:00:00+00:00
[2024-03-11T20:58:15.897+0000] {processor.py:183} INFO - Processing /home/airflow/.local/lib/python3.8/site-packages/airflow/example_dags/example_task_group_decorator.py took 0.144 seconds
[2024-03-11T20:58:45.999+0000] {processor.py:161} INFO - Started process (PID=402) to work on /home/airflow/.local/lib/python3.8/site-packages/airflow/example_dags/example_task_group_decorator.py
[2024-03-11T20:58:46.000+0000] {processor.py:830} INFO - Processing file /home/airflow/.local/lib/python3.8/site-packages/airflow/example_dags/example_task_group_decorator.py for tasks to queue
[2024-03-11T20:58:46.002+0000] {logging_mixin.py:188} INFO - [2024-03-11T20:58:46.002+0000] {dagbag.py:540} INFO - Filling up the DagBag from /home/airflow/.local/lib/python3.8/site-packages/airflow/example_dags/example_task_group_decorator.py
[2024-03-11T20:58:46.023+0000] {processor.py:840} INFO - DAG(s) 'example_task_group_decorator' retrieved from /home/airflow/.local/lib/python3.8/site-packages/airflow/example_dags/example_task_group_decorator.py
[2024-03-11T20:58:46.060+0000] {logging_mixin.py:188} INFO - [2024-03-11T20:58:46.060+0000] {dag.py:3047} INFO - Sync 1 DAGs
[2024-03-11T20:58:46.091+0000] {logging_mixin.py:188} INFO - [2024-03-11T20:58:46.091+0000] {dag.py:3834} INFO - Setting next_dagrun for example_task_group_decorator to 2024-03-10 00:00:00+00:00, run_after=2024-03-11 00:00:00+00:00
[2024-03-11T20:58:46.132+0000] {processor.py:183} INFO - Processing /home/airflow/.local/lib/python3.8/site-packages/airflow/example_dags/example_task_group_decorator.py took 0.136 seconds
[2024-03-11T20:59:16.186+0000] {processor.py:161} INFO - Started process (PID=457) to work on /home/airflow/.local/lib/python3.8/site-packages/airflow/example_dags/example_task_group_decorator.py
[2024-03-11T20:59:16.188+0000] {processor.py:830} INFO - Processing file /home/airflow/.local/lib/python3.8/site-packages/airflow/example_dags/example_task_group_decorator.py for tasks to queue
[2024-03-11T20:59:16.190+0000] {logging_mixin.py:188} INFO - [2024-03-11T20:59:16.190+0000] {dagbag.py:540} INFO - Filling up the DagBag from /home/airflow/.local/lib/python3.8/site-packages/airflow/example_dags/example_task_group_decorator.py
[2024-03-11T20:59:16.211+0000] {processor.py:840} INFO - DAG(s) 'example_task_group_decorator' retrieved from /home/airflow/.local/lib/python3.8/site-packages/airflow/example_dags/example_task_group_decorator.py
[2024-03-11T20:59:16.245+0000] {logging_mixin.py:188} INFO - [2024-03-11T20:59:16.245+0000] {dag.py:3047} INFO - Sync 1 DAGs
[2024-03-11T20:59:16.277+0000] {logging_mixin.py:188} INFO - [2024-03-11T20:59:16.277+0000] {dag.py:3834} INFO - Setting next_dagrun for example_task_group_decorator to 2024-03-10 00:00:00+00:00, run_after=2024-03-11 00:00:00+00:00
[2024-03-11T20:59:16.308+0000] {processor.py:183} INFO - Processing /home/airflow/.local/lib/python3.8/site-packages/airflow/example_dags/example_task_group_decorator.py took 0.126 seconds
[2024-03-11T20:59:46.404+0000] {processor.py:161} INFO - Started process (PID=511) to work on /home/airflow/.local/lib/python3.8/site-packages/airflow/example_dags/example_task_group_decorator.py
[2024-03-11T20:59:46.406+0000] {processor.py:830} INFO - Processing file /home/airflow/.local/lib/python3.8/site-packages/airflow/example_dags/example_task_group_decorator.py for tasks to queue
[2024-03-11T20:59:46.408+0000] {logging_mixin.py:188} INFO - [2024-03-11T20:59:46.408+0000] {dagbag.py:540} INFO - Filling up the DagBag from /home/airflow/.local/lib/python3.8/site-packages/airflow/example_dags/example_task_group_decorator.py
[2024-03-11T20:59:46.433+0000] {processor.py:840} INFO - DAG(s) 'example_task_group_decorator' retrieved from /home/airflow/.local/lib/python3.8/site-packages/airflow/example_dags/example_task_group_decorator.py
[2024-03-11T20:59:46.470+0000] {logging_mixin.py:188} INFO - [2024-03-11T20:59:46.469+0000] {dag.py:3047} INFO - Sync 1 DAGs
[2024-03-11T20:59:46.504+0000] {logging_mixin.py:188} INFO - [2024-03-11T20:59:46.504+0000] {dag.py:3834} INFO - Setting next_dagrun for example_task_group_decorator to 2024-03-10 00:00:00+00:00, run_after=2024-03-11 00:00:00+00:00
[2024-03-11T20:59:46.538+0000] {processor.py:183} INFO - Processing /home/airflow/.local/lib/python3.8/site-packages/airflow/example_dags/example_task_group_decorator.py took 0.138 seconds
[2024-03-11T21:00:16.606+0000] {processor.py:161} INFO - Started process (PID=566) to work on /home/airflow/.local/lib/python3.8/site-packages/airflow/example_dags/example_task_group_decorator.py
[2024-03-11T21:00:16.608+0000] {processor.py:830} INFO - Processing file /home/airflow/.local/lib/python3.8/site-packages/airflow/example_dags/example_task_group_decorator.py for tasks to queue
[2024-03-11T21:00:16.611+0000] {logging_mixin.py:188} INFO - [2024-03-11T21:00:16.610+0000] {dagbag.py:540} INFO - Filling up the DagBag from /home/airflow/.local/lib/python3.8/site-packages/airflow/example_dags/example_task_group_decorator.py
[2024-03-11T21:00:16.642+0000] {processor.py:840} INFO - DAG(s) 'example_task_group_decorator' retrieved from /home/airflow/.local/lib/python3.8/site-packages/airflow/example_dags/example_task_group_decorator.py
[2024-03-11T21:00:16.682+0000] {logging_mixin.py:188} INFO - [2024-03-11T21:00:16.681+0000] {dag.py:3047} INFO - Sync 1 DAGs
[2024-03-11T21:00:16.717+0000] {logging_mixin.py:188} INFO - [2024-03-11T21:00:16.716+0000] {dag.py:3834} INFO - Setting next_dagrun for example_task_group_decorator to 2024-03-10 00:00:00+00:00, run_after=2024-03-11 00:00:00+00:00
[2024-03-11T21:00:16.747+0000] {processor.py:183} INFO - Processing /home/airflow/.local/lib/python3.8/site-packages/airflow/example_dags/example_task_group_decorator.py took 0.147 seconds
[2024-03-11T21:00:46.917+0000] {processor.py:161} INFO - Started process (PID=621) to work on /home/airflow/.local/lib/python3.8/site-packages/airflow/example_dags/example_task_group_decorator.py
[2024-03-11T21:00:46.918+0000] {processor.py:830} INFO - Processing file /home/airflow/.local/lib/python3.8/site-packages/airflow/example_dags/example_task_group_decorator.py for tasks to queue
[2024-03-11T21:00:46.921+0000] {logging_mixin.py:188} INFO - [2024-03-11T21:00:46.920+0000] {dagbag.py:540} INFO - Filling up the DagBag from /home/airflow/.local/lib/python3.8/site-packages/airflow/example_dags/example_task_group_decorator.py
[2024-03-11T21:00:46.944+0000] {processor.py:840} INFO - DAG(s) 'example_task_group_decorator' retrieved from /home/airflow/.local/lib/python3.8/site-packages/airflow/example_dags/example_task_group_decorator.py
[2024-03-11T21:00:46.981+0000] {logging_mixin.py:188} INFO - [2024-03-11T21:00:46.980+0000] {dag.py:3047} INFO - Sync 1 DAGs
[2024-03-11T21:00:47.014+0000] {logging_mixin.py:188} INFO - [2024-03-11T21:00:47.014+0000] {dag.py:3834} INFO - Setting next_dagrun for example_task_group_decorator to 2024-03-10 00:00:00+00:00, run_after=2024-03-11 00:00:00+00:00
[2024-03-11T21:00:47.048+0000] {processor.py:183} INFO - Processing /home/airflow/.local/lib/python3.8/site-packages/airflow/example_dags/example_task_group_decorator.py took 0.134 seconds
[2024-03-11T21:01:17.481+0000] {processor.py:161} INFO - Started process (PID=676) to work on /home/airflow/.local/lib/python3.8/site-packages/airflow/example_dags/example_task_group_decorator.py
[2024-03-11T21:01:17.482+0000] {processor.py:830} INFO - Processing file /home/airflow/.local/lib/python3.8/site-packages/airflow/example_dags/example_task_group_decorator.py for tasks to queue
[2024-03-11T21:01:17.485+0000] {logging_mixin.py:188} INFO - [2024-03-11T21:01:17.484+0000] {dagbag.py:540} INFO - Filling up the DagBag from /home/airflow/.local/lib/python3.8/site-packages/airflow/example_dags/example_task_group_decorator.py
[2024-03-11T21:01:17.505+0000] {processor.py:840} INFO - DAG(s) 'example_task_group_decorator' retrieved from /home/airflow/.local/lib/python3.8/site-packages/airflow/example_dags/example_task_group_decorator.py
[2024-03-11T21:01:17.538+0000] {logging_mixin.py:188} INFO - [2024-03-11T21:01:17.537+0000] {dag.py:3047} INFO - Sync 1 DAGs
[2024-03-11T21:01:17.572+0000] {logging_mixin.py:188} INFO - [2024-03-11T21:01:17.571+0000] {dag.py:3834} INFO - Setting next_dagrun for example_task_group_decorator to 2024-03-10 00:00:00+00:00, run_after=2024-03-11 00:00:00+00:00
[2024-03-11T21:01:17.602+0000] {processor.py:183} INFO - Processing /home/airflow/.local/lib/python3.8/site-packages/airflow/example_dags/example_task_group_decorator.py took 0.124 seconds
[2024-03-11T21:01:47.927+0000] {processor.py:161} INFO - Started process (PID=731) to work on /home/airflow/.local/lib/python3.8/site-packages/airflow/example_dags/example_task_group_decorator.py
[2024-03-11T21:01:47.929+0000] {processor.py:830} INFO - Processing file /home/airflow/.local/lib/python3.8/site-packages/airflow/example_dags/example_task_group_decorator.py for tasks to queue
[2024-03-11T21:01:47.932+0000] {logging_mixin.py:188} INFO - [2024-03-11T21:01:47.931+0000] {dagbag.py:540} INFO - Filling up the DagBag from /home/airflow/.local/lib/python3.8/site-packages/airflow/example_dags/example_task_group_decorator.py
[2024-03-11T21:01:47.966+0000] {processor.py:840} INFO - DAG(s) 'example_task_group_decorator' retrieved from /home/airflow/.local/lib/python3.8/site-packages/airflow/example_dags/example_task_group_decorator.py
[2024-03-11T21:01:48.005+0000] {logging_mixin.py:188} INFO - [2024-03-11T21:01:48.004+0000] {dag.py:3047} INFO - Sync 1 DAGs
[2024-03-11T21:01:48.044+0000] {logging_mixin.py:188} INFO - [2024-03-11T21:01:48.044+0000] {dag.py:3834} INFO - Setting next_dagrun for example_task_group_decorator to 2024-03-10 00:00:00+00:00, run_after=2024-03-11 00:00:00+00:00
[2024-03-11T21:01:48.071+0000] {processor.py:183} INFO - Processing /home/airflow/.local/lib/python3.8/site-packages/airflow/example_dags/example_task_group_decorator.py took 0.149 seconds
[2024-03-11T21:02:18.457+0000] {processor.py:161} INFO - Started process (PID=786) to work on /home/airflow/.local/lib/python3.8/site-packages/airflow/example_dags/example_task_group_decorator.py
[2024-03-11T21:02:18.458+0000] {processor.py:830} INFO - Processing file /home/airflow/.local/lib/python3.8/site-packages/airflow/example_dags/example_task_group_decorator.py for tasks to queue
[2024-03-11T21:02:18.460+0000] {logging_mixin.py:188} INFO - [2024-03-11T21:02:18.460+0000] {dagbag.py:540} INFO - Filling up the DagBag from /home/airflow/.local/lib/python3.8/site-packages/airflow/example_dags/example_task_group_decorator.py
[2024-03-11T21:02:18.483+0000] {processor.py:840} INFO - DAG(s) 'example_task_group_decorator' retrieved from /home/airflow/.local/lib/python3.8/site-packages/airflow/example_dags/example_task_group_decorator.py
[2024-03-11T21:02:18.519+0000] {logging_mixin.py:188} INFO - [2024-03-11T21:02:18.518+0000] {dag.py:3047} INFO - Sync 1 DAGs
[2024-03-11T21:02:18.551+0000] {logging_mixin.py:188} INFO - [2024-03-11T21:02:18.550+0000] {dag.py:3834} INFO - Setting next_dagrun for example_task_group_decorator to 2024-03-10 00:00:00+00:00, run_after=2024-03-11 00:00:00+00:00
[2024-03-11T21:02:18.590+0000] {processor.py:183} INFO - Processing /home/airflow/.local/lib/python3.8/site-packages/airflow/example_dags/example_task_group_decorator.py took 0.136 seconds
[2024-03-11T21:02:49.340+0000] {processor.py:161} INFO - Started process (PID=841) to work on /home/airflow/.local/lib/python3.8/site-packages/airflow/example_dags/example_task_group_decorator.py
[2024-03-11T21:02:49.342+0000] {processor.py:830} INFO - Processing file /home/airflow/.local/lib/python3.8/site-packages/airflow/example_dags/example_task_group_decorator.py for tasks to queue
[2024-03-11T21:02:49.344+0000] {logging_mixin.py:188} INFO - [2024-03-11T21:02:49.344+0000] {dagbag.py:540} INFO - Filling up the DagBag from /home/airflow/.local/lib/python3.8/site-packages/airflow/example_dags/example_task_group_decorator.py
[2024-03-11T21:02:49.372+0000] {processor.py:840} INFO - DAG(s) 'example_task_group_decorator' retrieved from /home/airflow/.local/lib/python3.8/site-packages/airflow/example_dags/example_task_group_decorator.py
[2024-03-11T21:02:49.408+0000] {logging_mixin.py:188} INFO - [2024-03-11T21:02:49.408+0000] {dag.py:3047} INFO - Sync 1 DAGs
[2024-03-11T21:02:49.441+0000] {logging_mixin.py:188} INFO - [2024-03-11T21:02:49.440+0000] {dag.py:3834} INFO - Setting next_dagrun for example_task_group_decorator to 2024-03-10 00:00:00+00:00, run_after=2024-03-11 00:00:00+00:00
[2024-03-11T21:02:49.478+0000] {processor.py:183} INFO - Processing /home/airflow/.local/lib/python3.8/site-packages/airflow/example_dags/example_task_group_decorator.py took 0.141 seconds
[2024-03-11T21:03:19.708+0000] {processor.py:161} INFO - Started process (PID=896) to work on /home/airflow/.local/lib/python3.8/site-packages/airflow/example_dags/example_task_group_decorator.py
[2024-03-11T21:03:19.710+0000] {processor.py:830} INFO - Processing file /home/airflow/.local/lib/python3.8/site-packages/airflow/example_dags/example_task_group_decorator.py for tasks to queue
[2024-03-11T21:03:19.712+0000] {logging_mixin.py:188} INFO - [2024-03-11T21:03:19.712+0000] {dagbag.py:540} INFO - Filling up the DagBag from /home/airflow/.local/lib/python3.8/site-packages/airflow/example_dags/example_task_group_decorator.py
[2024-03-11T21:03:19.734+0000] {processor.py:840} INFO - DAG(s) 'example_task_group_decorator' retrieved from /home/airflow/.local/lib/python3.8/site-packages/airflow/example_dags/example_task_group_decorator.py
[2024-03-11T21:03:19.770+0000] {logging_mixin.py:188} INFO - [2024-03-11T21:03:19.769+0000] {dag.py:3047} INFO - Sync 1 DAGs
[2024-03-11T21:03:19.802+0000] {logging_mixin.py:188} INFO - [2024-03-11T21:03:19.801+0000] {dag.py:3834} INFO - Setting next_dagrun for example_task_group_decorator to 2024-03-10 00:00:00+00:00, run_after=2024-03-11 00:00:00+00:00
[2024-03-11T21:03:19.831+0000] {processor.py:183} INFO - Processing /home/airflow/.local/lib/python3.8/site-packages/airflow/example_dags/example_task_group_decorator.py took 0.126 seconds
[2024-03-11T21:03:50.479+0000] {processor.py:161} INFO - Started process (PID=952) to work on /home/airflow/.local/lib/python3.8/site-packages/airflow/example_dags/example_task_group_decorator.py
[2024-03-11T21:03:50.480+0000] {processor.py:830} INFO - Processing file /home/airflow/.local/lib/python3.8/site-packages/airflow/example_dags/example_task_group_decorator.py for tasks to queue
[2024-03-11T21:03:50.483+0000] {logging_mixin.py:188} INFO - [2024-03-11T21:03:50.483+0000] {dagbag.py:540} INFO - Filling up the DagBag from /home/airflow/.local/lib/python3.8/site-packages/airflow/example_dags/example_task_group_decorator.py
[2024-03-11T21:03:50.505+0000] {processor.py:840} INFO - DAG(s) 'example_task_group_decorator' retrieved from /home/airflow/.local/lib/python3.8/site-packages/airflow/example_dags/example_task_group_decorator.py
[2024-03-11T21:03:50.537+0000] {logging_mixin.py:188} INFO - [2024-03-11T21:03:50.537+0000] {dag.py:3047} INFO - Sync 1 DAGs
[2024-03-11T21:03:50.567+0000] {logging_mixin.py:188} INFO - [2024-03-11T21:03:50.566+0000] {dag.py:3834} INFO - Setting next_dagrun for example_task_group_decorator to 2024-03-10 00:00:00+00:00, run_after=2024-03-11 00:00:00+00:00
[2024-03-11T21:03:50.594+0000] {processor.py:183} INFO - Processing /home/airflow/.local/lib/python3.8/site-packages/airflow/example_dags/example_task_group_decorator.py took 0.119 seconds
[2024-03-11T21:04:20.645+0000] {processor.py:161} INFO - Started process (PID=1007) to work on /home/airflow/.local/lib/python3.8/site-packages/airflow/example_dags/example_task_group_decorator.py
[2024-03-11T21:04:20.646+0000] {processor.py:830} INFO - Processing file /home/airflow/.local/lib/python3.8/site-packages/airflow/example_dags/example_task_group_decorator.py for tasks to queue
[2024-03-11T21:04:20.649+0000] {logging_mixin.py:188} INFO - [2024-03-11T21:04:20.649+0000] {dagbag.py:540} INFO - Filling up the DagBag from /home/airflow/.local/lib/python3.8/site-packages/airflow/example_dags/example_task_group_decorator.py
[2024-03-11T21:04:20.673+0000] {processor.py:840} INFO - DAG(s) 'example_task_group_decorator' retrieved from /home/airflow/.local/lib/python3.8/site-packages/airflow/example_dags/example_task_group_decorator.py
[2024-03-11T21:04:20.711+0000] {logging_mixin.py:188} INFO - [2024-03-11T21:04:20.711+0000] {dag.py:3047} INFO - Sync 1 DAGs
[2024-03-11T21:04:20.747+0000] {logging_mixin.py:188} INFO - [2024-03-11T21:04:20.746+0000] {dag.py:3834} INFO - Setting next_dagrun for example_task_group_decorator to 2024-03-10 00:00:00+00:00, run_after=2024-03-11 00:00:00+00:00
[2024-03-11T21:04:20.779+0000] {processor.py:183} INFO - Processing /home/airflow/.local/lib/python3.8/site-packages/airflow/example_dags/example_task_group_decorator.py took 0.139 seconds
[2024-03-11T21:04:51.372+0000] {processor.py:161} INFO - Started process (PID=1062) to work on /home/airflow/.local/lib/python3.8/site-packages/airflow/example_dags/example_task_group_decorator.py
[2024-03-11T21:04:51.374+0000] {processor.py:830} INFO - Processing file /home/airflow/.local/lib/python3.8/site-packages/airflow/example_dags/example_task_group_decorator.py for tasks to queue
[2024-03-11T21:04:51.377+0000] {logging_mixin.py:188} INFO - [2024-03-11T21:04:51.377+0000] {dagbag.py:540} INFO - Filling up the DagBag from /home/airflow/.local/lib/python3.8/site-packages/airflow/example_dags/example_task_group_decorator.py
[2024-03-11T21:04:51.405+0000] {processor.py:840} INFO - DAG(s) 'example_task_group_decorator' retrieved from /home/airflow/.local/lib/python3.8/site-packages/airflow/example_dags/example_task_group_decorator.py
[2024-03-11T21:04:51.458+0000] {logging_mixin.py:188} INFO - [2024-03-11T21:04:51.457+0000] {dag.py:3047} INFO - Sync 1 DAGs
[2024-03-11T21:04:51.504+0000] {logging_mixin.py:188} INFO - [2024-03-11T21:04:51.504+0000] {dag.py:3834} INFO - Setting next_dagrun for example_task_group_decorator to 2024-03-10 00:00:00+00:00, run_after=2024-03-11 00:00:00+00:00
[2024-03-11T21:04:51.545+0000] {processor.py:183} INFO - Processing /home/airflow/.local/lib/python3.8/site-packages/airflow/example_dags/example_task_group_decorator.py took 0.177 seconds
[2024-03-11T21:05:21.908+0000] {processor.py:161} INFO - Started process (PID=1117) to work on /home/airflow/.local/lib/python3.8/site-packages/airflow/example_dags/example_task_group_decorator.py
[2024-03-11T21:05:21.910+0000] {processor.py:830} INFO - Processing file /home/airflow/.local/lib/python3.8/site-packages/airflow/example_dags/example_task_group_decorator.py for tasks to queue
[2024-03-11T21:05:21.912+0000] {logging_mixin.py:188} INFO - [2024-03-11T21:05:21.912+0000] {dagbag.py:540} INFO - Filling up the DagBag from /home/airflow/.local/lib/python3.8/site-packages/airflow/example_dags/example_task_group_decorator.py
[2024-03-11T21:05:21.932+0000] {processor.py:840} INFO - DAG(s) 'example_task_group_decorator' retrieved from /home/airflow/.local/lib/python3.8/site-packages/airflow/example_dags/example_task_group_decorator.py
[2024-03-11T21:05:21.973+0000] {logging_mixin.py:188} INFO - [2024-03-11T21:05:21.972+0000] {dag.py:3047} INFO - Sync 1 DAGs
[2024-03-11T21:05:22.012+0000] {logging_mixin.py:188} INFO - [2024-03-11T21:05:22.012+0000] {dag.py:3834} INFO - Setting next_dagrun for example_task_group_decorator to 2024-03-10 00:00:00+00:00, run_after=2024-03-11 00:00:00+00:00
[2024-03-11T21:05:22.050+0000] {processor.py:183} INFO - Processing /home/airflow/.local/lib/python3.8/site-packages/airflow/example_dags/example_task_group_decorator.py took 0.145 seconds
[2024-03-11T21:05:52.335+0000] {processor.py:161} INFO - Started process (PID=1172) to work on /home/airflow/.local/lib/python3.8/site-packages/airflow/example_dags/example_task_group_decorator.py
[2024-03-11T21:05:52.336+0000] {processor.py:830} INFO - Processing file /home/airflow/.local/lib/python3.8/site-packages/airflow/example_dags/example_task_group_decorator.py for tasks to queue
[2024-03-11T21:05:52.339+0000] {logging_mixin.py:188} INFO - [2024-03-11T21:05:52.339+0000] {dagbag.py:540} INFO - Filling up the DagBag from /home/airflow/.local/lib/python3.8/site-packages/airflow/example_dags/example_task_group_decorator.py
[2024-03-11T21:05:52.360+0000] {processor.py:840} INFO - DAG(s) 'example_task_group_decorator' retrieved from /home/airflow/.local/lib/python3.8/site-packages/airflow/example_dags/example_task_group_decorator.py
[2024-03-11T21:05:52.397+0000] {logging_mixin.py:188} INFO - [2024-03-11T21:05:52.397+0000] {dag.py:3047} INFO - Sync 1 DAGs
[2024-03-11T21:05:52.428+0000] {logging_mixin.py:188} INFO - [2024-03-11T21:05:52.428+0000] {dag.py:3834} INFO - Setting next_dagrun for example_task_group_decorator to 2024-03-10 00:00:00+00:00, run_after=2024-03-11 00:00:00+00:00
[2024-03-11T21:05:52.459+0000] {processor.py:183} INFO - Processing /home/airflow/.local/lib/python3.8/site-packages/airflow/example_dags/example_task_group_decorator.py took 0.127 seconds
[2024-03-11T21:06:22.954+0000] {processor.py:161} INFO - Started process (PID=1227) to work on /home/airflow/.local/lib/python3.8/site-packages/airflow/example_dags/example_task_group_decorator.py
[2024-03-11T21:06:22.955+0000] {processor.py:830} INFO - Processing file /home/airflow/.local/lib/python3.8/site-packages/airflow/example_dags/example_task_group_decorator.py for tasks to queue
[2024-03-11T21:06:22.958+0000] {logging_mixin.py:188} INFO - [2024-03-11T21:06:22.957+0000] {dagbag.py:540} INFO - Filling up the DagBag from /home/airflow/.local/lib/python3.8/site-packages/airflow/example_dags/example_task_group_decorator.py
[2024-03-11T21:06:22.978+0000] {processor.py:840} INFO - DAG(s) 'example_task_group_decorator' retrieved from /home/airflow/.local/lib/python3.8/site-packages/airflow/example_dags/example_task_group_decorator.py
[2024-03-11T21:06:23.012+0000] {logging_mixin.py:188} INFO - [2024-03-11T21:06:23.012+0000] {dag.py:3047} INFO - Sync 1 DAGs
[2024-03-11T21:06:23.043+0000] {logging_mixin.py:188} INFO - [2024-03-11T21:06:23.043+0000] {dag.py:3834} INFO - Setting next_dagrun for example_task_group_decorator to 2024-03-10 00:00:00+00:00, run_after=2024-03-11 00:00:00+00:00
[2024-03-11T21:06:23.074+0000] {processor.py:183} INFO - Processing /home/airflow/.local/lib/python3.8/site-packages/airflow/example_dags/example_task_group_decorator.py took 0.124 seconds
[2024-03-11T21:06:53.469+0000] {processor.py:161} INFO - Started process (PID=1282) to work on /home/airflow/.local/lib/python3.8/site-packages/airflow/example_dags/example_task_group_decorator.py
[2024-03-11T21:06:53.471+0000] {processor.py:830} INFO - Processing file /home/airflow/.local/lib/python3.8/site-packages/airflow/example_dags/example_task_group_decorator.py for tasks to queue
[2024-03-11T21:06:53.473+0000] {logging_mixin.py:188} INFO - [2024-03-11T21:06:53.473+0000] {dagbag.py:540} INFO - Filling up the DagBag from /home/airflow/.local/lib/python3.8/site-packages/airflow/example_dags/example_task_group_decorator.py
[2024-03-11T21:06:53.495+0000] {processor.py:840} INFO - DAG(s) 'example_task_group_decorator' retrieved from /home/airflow/.local/lib/python3.8/site-packages/airflow/example_dags/example_task_group_decorator.py
[2024-03-11T21:06:53.539+0000] {logging_mixin.py:188} INFO - [2024-03-11T21:06:53.538+0000] {dag.py:3047} INFO - Sync 1 DAGs
[2024-03-11T21:06:53.580+0000] {logging_mixin.py:188} INFO - [2024-03-11T21:06:53.579+0000] {dag.py:3834} INFO - Setting next_dagrun for example_task_group_decorator to 2024-03-10 00:00:00+00:00, run_after=2024-03-11 00:00:00+00:00
[2024-03-11T21:06:53.613+0000] {processor.py:183} INFO - Processing /home/airflow/.local/lib/python3.8/site-packages/airflow/example_dags/example_task_group_decorator.py took 0.148 seconds
