[2024-03-11T20:55:46.151+0000] {processor.py:161} INFO - Started process (PID=85) to work on /home/airflow/.local/lib/python3.8/site-packages/airflow/example_dags/example_latest_only.py
[2024-03-11T20:55:46.152+0000] {processor.py:830} INFO - Processing file /home/airflow/.local/lib/python3.8/site-packages/airflow/example_dags/example_latest_only.py for tasks to queue
[2024-03-11T20:55:46.155+0000] {logging_mixin.py:188} INFO - [2024-03-11T20:55:46.154+0000] {dagbag.py:540} INFO - Filling up the DagBag from /home/airflow/.local/lib/python3.8/site-packages/airflow/example_dags/example_latest_only.py
[2024-03-11T20:55:46.162+0000] {processor.py:840} INFO - DAG(s) 'latest_only' retrieved from /home/airflow/.local/lib/python3.8/site-packages/airflow/example_dags/example_latest_only.py
[2024-03-11T20:55:46.348+0000] {logging_mixin.py:188} INFO - [2024-03-11T20:55:46.347+0000] {override.py:1769} INFO - Created Permission View: can read on DAG:latest_only
[2024-03-11T20:55:46.366+0000] {logging_mixin.py:188} INFO - [2024-03-11T20:55:46.365+0000] {override.py:1769} INFO - Created Permission View: can delete on DAG:latest_only
[2024-03-11T20:55:46.380+0000] {logging_mixin.py:188} INFO - [2024-03-11T20:55:46.379+0000] {override.py:1769} INFO - Created Permission View: can edit on DAG:latest_only
[2024-03-11T20:55:46.381+0000] {logging_mixin.py:188} INFO - [2024-03-11T20:55:46.381+0000] {dag.py:3047} INFO - Sync 1 DAGs
[2024-03-11T20:55:46.405+0000] {logging_mixin.py:188} INFO - [2024-03-11T20:55:46.404+0000] {dag.py:3069} INFO - Creating ORM DAG for latest_only
[2024-03-11T20:55:46.424+0000] {logging_mixin.py:188} INFO - [2024-03-11T20:55:46.424+0000] {dag.py:3834} INFO - Setting next_dagrun for latest_only to 2024-03-11 16:00:00+00:00, run_after=2024-03-11 20:00:00+00:00
[2024-03-11T20:55:46.455+0000] {processor.py:183} INFO - Processing /home/airflow/.local/lib/python3.8/site-packages/airflow/example_dags/example_latest_only.py took 0.308 seconds
[2024-03-11T20:56:17.270+0000] {processor.py:161} INFO - Started process (PID=140) to work on /home/airflow/.local/lib/python3.8/site-packages/airflow/example_dags/example_latest_only.py
[2024-03-11T20:56:17.272+0000] {processor.py:830} INFO - Processing file /home/airflow/.local/lib/python3.8/site-packages/airflow/example_dags/example_latest_only.py for tasks to queue
[2024-03-11T20:56:17.274+0000] {logging_mixin.py:188} INFO - [2024-03-11T20:56:17.273+0000] {dagbag.py:540} INFO - Filling up the DagBag from /home/airflow/.local/lib/python3.8/site-packages/airflow/example_dags/example_latest_only.py
[2024-03-11T20:56:17.279+0000] {processor.py:840} INFO - DAG(s) 'latest_only' retrieved from /home/airflow/.local/lib/python3.8/site-packages/airflow/example_dags/example_latest_only.py
[2024-03-11T20:56:17.307+0000] {logging_mixin.py:188} INFO - [2024-03-11T20:56:17.306+0000] {dag.py:3047} INFO - Sync 1 DAGs
[2024-03-11T20:56:17.339+0000] {logging_mixin.py:188} INFO - [2024-03-11T20:56:17.339+0000] {dag.py:3834} INFO - Setting next_dagrun for latest_only to 2024-03-11 16:00:00+00:00, run_after=2024-03-11 20:00:00+00:00
[2024-03-11T20:56:17.370+0000] {processor.py:183} INFO - Processing /home/airflow/.local/lib/python3.8/site-packages/airflow/example_dags/example_latest_only.py took 0.103 seconds
[2024-03-11T20:56:47.726+0000] {processor.py:161} INFO - Started process (PID=195) to work on /home/airflow/.local/lib/python3.8/site-packages/airflow/example_dags/example_latest_only.py
[2024-03-11T20:56:47.727+0000] {processor.py:830} INFO - Processing file /home/airflow/.local/lib/python3.8/site-packages/airflow/example_dags/example_latest_only.py for tasks to queue
[2024-03-11T20:56:47.729+0000] {logging_mixin.py:188} INFO - [2024-03-11T20:56:47.729+0000] {dagbag.py:540} INFO - Filling up the DagBag from /home/airflow/.local/lib/python3.8/site-packages/airflow/example_dags/example_latest_only.py
[2024-03-11T20:56:47.735+0000] {processor.py:840} INFO - DAG(s) 'latest_only' retrieved from /home/airflow/.local/lib/python3.8/site-packages/airflow/example_dags/example_latest_only.py
[2024-03-11T20:56:47.763+0000] {logging_mixin.py:188} INFO - [2024-03-11T20:56:47.762+0000] {dag.py:3047} INFO - Sync 1 DAGs
[2024-03-11T20:56:47.796+0000] {logging_mixin.py:188} INFO - [2024-03-11T20:56:47.795+0000] {dag.py:3834} INFO - Setting next_dagrun for latest_only to 2024-03-11 16:00:00+00:00, run_after=2024-03-11 20:00:00+00:00
[2024-03-11T20:56:47.826+0000] {processor.py:183} INFO - Processing /home/airflow/.local/lib/python3.8/site-packages/airflow/example_dags/example_latest_only.py took 0.104 seconds
[2024-03-11T20:57:18.213+0000] {processor.py:161} INFO - Started process (PID=250) to work on /home/airflow/.local/lib/python3.8/site-packages/airflow/example_dags/example_latest_only.py
[2024-03-11T20:57:18.214+0000] {processor.py:830} INFO - Processing file /home/airflow/.local/lib/python3.8/site-packages/airflow/example_dags/example_latest_only.py for tasks to queue
[2024-03-11T20:57:18.216+0000] {logging_mixin.py:188} INFO - [2024-03-11T20:57:18.216+0000] {dagbag.py:540} INFO - Filling up the DagBag from /home/airflow/.local/lib/python3.8/site-packages/airflow/example_dags/example_latest_only.py
[2024-03-11T20:57:18.222+0000] {processor.py:840} INFO - DAG(s) 'latest_only' retrieved from /home/airflow/.local/lib/python3.8/site-packages/airflow/example_dags/example_latest_only.py
[2024-03-11T20:57:18.247+0000] {logging_mixin.py:188} INFO - [2024-03-11T20:57:18.246+0000] {dag.py:3047} INFO - Sync 1 DAGs
[2024-03-11T20:57:18.278+0000] {logging_mixin.py:188} INFO - [2024-03-11T20:57:18.277+0000] {dag.py:3834} INFO - Setting next_dagrun for latest_only to 2024-03-11 16:00:00+00:00, run_after=2024-03-11 20:00:00+00:00
[2024-03-11T20:57:18.312+0000] {processor.py:183} INFO - Processing /home/airflow/.local/lib/python3.8/site-packages/airflow/example_dags/example_latest_only.py took 0.102 seconds
[2024-03-11T20:57:48.533+0000] {processor.py:161} INFO - Started process (PID=305) to work on /home/airflow/.local/lib/python3.8/site-packages/airflow/example_dags/example_latest_only.py
[2024-03-11T20:57:48.535+0000] {processor.py:830} INFO - Processing file /home/airflow/.local/lib/python3.8/site-packages/airflow/example_dags/example_latest_only.py for tasks to queue
[2024-03-11T20:57:48.537+0000] {logging_mixin.py:188} INFO - [2024-03-11T20:57:48.537+0000] {dagbag.py:540} INFO - Filling up the DagBag from /home/airflow/.local/lib/python3.8/site-packages/airflow/example_dags/example_latest_only.py
[2024-03-11T20:57:48.543+0000] {processor.py:840} INFO - DAG(s) 'latest_only' retrieved from /home/airflow/.local/lib/python3.8/site-packages/airflow/example_dags/example_latest_only.py
[2024-03-11T20:57:48.571+0000] {logging_mixin.py:188} INFO - [2024-03-11T20:57:48.570+0000] {dag.py:3047} INFO - Sync 1 DAGs
[2024-03-11T20:57:48.604+0000] {logging_mixin.py:188} INFO - [2024-03-11T20:57:48.603+0000] {dag.py:3834} INFO - Setting next_dagrun for latest_only to 2024-03-11 16:00:00+00:00, run_after=2024-03-11 20:00:00+00:00
[2024-03-11T20:57:48.634+0000] {processor.py:183} INFO - Processing /home/airflow/.local/lib/python3.8/site-packages/airflow/example_dags/example_latest_only.py took 0.105 seconds
[2024-03-11T20:58:19.037+0000] {processor.py:161} INFO - Started process (PID=360) to work on /home/airflow/.local/lib/python3.8/site-packages/airflow/example_dags/example_latest_only.py
[2024-03-11T20:58:19.039+0000] {processor.py:830} INFO - Processing file /home/airflow/.local/lib/python3.8/site-packages/airflow/example_dags/example_latest_only.py for tasks to queue
[2024-03-11T20:58:19.041+0000] {logging_mixin.py:188} INFO - [2024-03-11T20:58:19.041+0000] {dagbag.py:540} INFO - Filling up the DagBag from /home/airflow/.local/lib/python3.8/site-packages/airflow/example_dags/example_latest_only.py
[2024-03-11T20:58:19.049+0000] {processor.py:840} INFO - DAG(s) 'latest_only' retrieved from /home/airflow/.local/lib/python3.8/site-packages/airflow/example_dags/example_latest_only.py
[2024-03-11T20:58:19.078+0000] {logging_mixin.py:188} INFO - [2024-03-11T20:58:19.077+0000] {dag.py:3047} INFO - Sync 1 DAGs
[2024-03-11T20:58:19.109+0000] {logging_mixin.py:188} INFO - [2024-03-11T20:58:19.108+0000] {dag.py:3834} INFO - Setting next_dagrun for latest_only to 2024-03-11 16:00:00+00:00, run_after=2024-03-11 20:00:00+00:00
[2024-03-11T20:58:19.136+0000] {processor.py:183} INFO - Processing /home/airflow/.local/lib/python3.8/site-packages/airflow/example_dags/example_latest_only.py took 0.103 seconds
[2024-03-11T20:58:49.176+0000] {processor.py:161} INFO - Started process (PID=415) to work on /home/airflow/.local/lib/python3.8/site-packages/airflow/example_dags/example_latest_only.py
[2024-03-11T20:58:49.177+0000] {processor.py:830} INFO - Processing file /home/airflow/.local/lib/python3.8/site-packages/airflow/example_dags/example_latest_only.py for tasks to queue
[2024-03-11T20:58:49.180+0000] {logging_mixin.py:188} INFO - [2024-03-11T20:58:49.180+0000] {dagbag.py:540} INFO - Filling up the DagBag from /home/airflow/.local/lib/python3.8/site-packages/airflow/example_dags/example_latest_only.py
[2024-03-11T20:58:49.186+0000] {processor.py:840} INFO - DAG(s) 'latest_only' retrieved from /home/airflow/.local/lib/python3.8/site-packages/airflow/example_dags/example_latest_only.py
[2024-03-11T20:58:49.213+0000] {logging_mixin.py:188} INFO - [2024-03-11T20:58:49.213+0000] {dag.py:3047} INFO - Sync 1 DAGs
[2024-03-11T20:58:49.247+0000] {logging_mixin.py:188} INFO - [2024-03-11T20:58:49.246+0000] {dag.py:3834} INFO - Setting next_dagrun for latest_only to 2024-03-11 16:00:00+00:00, run_after=2024-03-11 20:00:00+00:00
[2024-03-11T20:58:49.287+0000] {processor.py:183} INFO - Processing /home/airflow/.local/lib/python3.8/site-packages/airflow/example_dags/example_latest_only.py took 0.114 seconds
[2024-03-11T20:59:19.756+0000] {processor.py:161} INFO - Started process (PID=471) to work on /home/airflow/.local/lib/python3.8/site-packages/airflow/example_dags/example_latest_only.py
[2024-03-11T20:59:19.757+0000] {processor.py:830} INFO - Processing file /home/airflow/.local/lib/python3.8/site-packages/airflow/example_dags/example_latest_only.py for tasks to queue
[2024-03-11T20:59:19.760+0000] {logging_mixin.py:188} INFO - [2024-03-11T20:59:19.760+0000] {dagbag.py:540} INFO - Filling up the DagBag from /home/airflow/.local/lib/python3.8/site-packages/airflow/example_dags/example_latest_only.py
[2024-03-11T20:59:19.768+0000] {processor.py:840} INFO - DAG(s) 'latest_only' retrieved from /home/airflow/.local/lib/python3.8/site-packages/airflow/example_dags/example_latest_only.py
[2024-03-11T20:59:19.797+0000] {logging_mixin.py:188} INFO - [2024-03-11T20:59:19.796+0000] {dag.py:3047} INFO - Sync 1 DAGs
[2024-03-11T20:59:19.838+0000] {logging_mixin.py:188} INFO - [2024-03-11T20:59:19.837+0000] {dag.py:3834} INFO - Setting next_dagrun for latest_only to 2024-03-11 16:00:00+00:00, run_after=2024-03-11 20:00:00+00:00
[2024-03-11T20:59:19.877+0000] {processor.py:183} INFO - Processing /home/airflow/.local/lib/python3.8/site-packages/airflow/example_dags/example_latest_only.py took 0.125 seconds
[2024-03-11T20:59:50.226+0000] {processor.py:161} INFO - Started process (PID=526) to work on /home/airflow/.local/lib/python3.8/site-packages/airflow/example_dags/example_latest_only.py
[2024-03-11T20:59:50.228+0000] {processor.py:830} INFO - Processing file /home/airflow/.local/lib/python3.8/site-packages/airflow/example_dags/example_latest_only.py for tasks to queue
[2024-03-11T20:59:50.230+0000] {logging_mixin.py:188} INFO - [2024-03-11T20:59:50.230+0000] {dagbag.py:540} INFO - Filling up the DagBag from /home/airflow/.local/lib/python3.8/site-packages/airflow/example_dags/example_latest_only.py
[2024-03-11T20:59:50.237+0000] {processor.py:840} INFO - DAG(s) 'latest_only' retrieved from /home/airflow/.local/lib/python3.8/site-packages/airflow/example_dags/example_latest_only.py
[2024-03-11T20:59:50.262+0000] {logging_mixin.py:188} INFO - [2024-03-11T20:59:50.262+0000] {dag.py:3047} INFO - Sync 1 DAGs
[2024-03-11T20:59:50.297+0000] {logging_mixin.py:188} INFO - [2024-03-11T20:59:50.297+0000] {dag.py:3834} INFO - Setting next_dagrun for latest_only to 2024-03-11 16:00:00+00:00, run_after=2024-03-11 20:00:00+00:00
[2024-03-11T20:59:50.328+0000] {processor.py:183} INFO - Processing /home/airflow/.local/lib/python3.8/site-packages/airflow/example_dags/example_latest_only.py took 0.106 seconds
[2024-03-11T21:00:21.076+0000] {processor.py:161} INFO - Started process (PID=581) to work on /home/airflow/.local/lib/python3.8/site-packages/airflow/example_dags/example_latest_only.py
[2024-03-11T21:00:21.077+0000] {processor.py:830} INFO - Processing file /home/airflow/.local/lib/python3.8/site-packages/airflow/example_dags/example_latest_only.py for tasks to queue
[2024-03-11T21:00:21.079+0000] {logging_mixin.py:188} INFO - [2024-03-11T21:00:21.079+0000] {dagbag.py:540} INFO - Filling up the DagBag from /home/airflow/.local/lib/python3.8/site-packages/airflow/example_dags/example_latest_only.py
[2024-03-11T21:00:21.086+0000] {processor.py:840} INFO - DAG(s) 'latest_only' retrieved from /home/airflow/.local/lib/python3.8/site-packages/airflow/example_dags/example_latest_only.py
[2024-03-11T21:00:21.116+0000] {logging_mixin.py:188} INFO - [2024-03-11T21:00:21.116+0000] {dag.py:3047} INFO - Sync 1 DAGs
[2024-03-11T21:00:21.152+0000] {logging_mixin.py:188} INFO - [2024-03-11T21:00:21.151+0000] {dag.py:3834} INFO - Setting next_dagrun for latest_only to 2024-03-11 16:00:00+00:00, run_after=2024-03-11 20:00:00+00:00
[2024-03-11T21:00:21.181+0000] {processor.py:183} INFO - Processing /home/airflow/.local/lib/python3.8/site-packages/airflow/example_dags/example_latest_only.py took 0.108 seconds
[2024-03-11T21:00:51.597+0000] {processor.py:161} INFO - Started process (PID=636) to work on /home/airflow/.local/lib/python3.8/site-packages/airflow/example_dags/example_latest_only.py
[2024-03-11T21:00:51.598+0000] {processor.py:830} INFO - Processing file /home/airflow/.local/lib/python3.8/site-packages/airflow/example_dags/example_latest_only.py for tasks to queue
[2024-03-11T21:00:51.601+0000] {logging_mixin.py:188} INFO - [2024-03-11T21:00:51.601+0000] {dagbag.py:540} INFO - Filling up the DagBag from /home/airflow/.local/lib/python3.8/site-packages/airflow/example_dags/example_latest_only.py
[2024-03-11T21:00:51.610+0000] {processor.py:840} INFO - DAG(s) 'latest_only' retrieved from /home/airflow/.local/lib/python3.8/site-packages/airflow/example_dags/example_latest_only.py
[2024-03-11T21:00:51.647+0000] {logging_mixin.py:188} INFO - [2024-03-11T21:00:51.646+0000] {dag.py:3047} INFO - Sync 1 DAGs
[2024-03-11T21:00:51.682+0000] {logging_mixin.py:188} INFO - [2024-03-11T21:00:51.681+0000] {dag.py:3834} INFO - Setting next_dagrun for latest_only to 2024-03-11 16:00:00+00:00, run_after=2024-03-11 20:00:00+00:00
[2024-03-11T21:00:51.718+0000] {processor.py:183} INFO - Processing /home/airflow/.local/lib/python3.8/site-packages/airflow/example_dags/example_latest_only.py took 0.125 seconds
[2024-03-11T21:01:22.224+0000] {processor.py:161} INFO - Started process (PID=691) to work on /home/airflow/.local/lib/python3.8/site-packages/airflow/example_dags/example_latest_only.py
[2024-03-11T21:01:22.225+0000] {processor.py:830} INFO - Processing file /home/airflow/.local/lib/python3.8/site-packages/airflow/example_dags/example_latest_only.py for tasks to queue
[2024-03-11T21:01:22.229+0000] {logging_mixin.py:188} INFO - [2024-03-11T21:01:22.228+0000] {dagbag.py:540} INFO - Filling up the DagBag from /home/airflow/.local/lib/python3.8/site-packages/airflow/example_dags/example_latest_only.py
[2024-03-11T21:01:22.237+0000] {processor.py:840} INFO - DAG(s) 'latest_only' retrieved from /home/airflow/.local/lib/python3.8/site-packages/airflow/example_dags/example_latest_only.py
[2024-03-11T21:01:22.274+0000] {logging_mixin.py:188} INFO - [2024-03-11T21:01:22.274+0000] {dag.py:3047} INFO - Sync 1 DAGs
[2024-03-11T21:01:22.320+0000] {logging_mixin.py:188} INFO - [2024-03-11T21:01:22.320+0000] {dag.py:3834} INFO - Setting next_dagrun for latest_only to 2024-03-11 16:00:00+00:00, run_after=2024-03-11 20:00:00+00:00
[2024-03-11T21:01:22.353+0000] {processor.py:183} INFO - Processing /home/airflow/.local/lib/python3.8/site-packages/airflow/example_dags/example_latest_only.py took 0.133 seconds
[2024-03-11T21:01:52.750+0000] {processor.py:161} INFO - Started process (PID=746) to work on /home/airflow/.local/lib/python3.8/site-packages/airflow/example_dags/example_latest_only.py
[2024-03-11T21:01:52.754+0000] {processor.py:830} INFO - Processing file /home/airflow/.local/lib/python3.8/site-packages/airflow/example_dags/example_latest_only.py for tasks to queue
[2024-03-11T21:01:52.757+0000] {logging_mixin.py:188} INFO - [2024-03-11T21:01:52.757+0000] {dagbag.py:540} INFO - Filling up the DagBag from /home/airflow/.local/lib/python3.8/site-packages/airflow/example_dags/example_latest_only.py
[2024-03-11T21:01:52.763+0000] {processor.py:840} INFO - DAG(s) 'latest_only' retrieved from /home/airflow/.local/lib/python3.8/site-packages/airflow/example_dags/example_latest_only.py
[2024-03-11T21:01:52.794+0000] {logging_mixin.py:188} INFO - [2024-03-11T21:01:52.794+0000] {dag.py:3047} INFO - Sync 1 DAGs
[2024-03-11T21:01:52.833+0000] {logging_mixin.py:188} INFO - [2024-03-11T21:01:52.833+0000] {dag.py:3834} INFO - Setting next_dagrun for latest_only to 2024-03-11 16:00:00+00:00, run_after=2024-03-11 20:00:00+00:00
[2024-03-11T21:01:52.862+0000] {processor.py:183} INFO - Processing /home/airflow/.local/lib/python3.8/site-packages/airflow/example_dags/example_latest_only.py took 0.117 seconds
[2024-03-11T21:02:23.246+0000] {processor.py:161} INFO - Started process (PID=801) to work on /home/airflow/.local/lib/python3.8/site-packages/airflow/example_dags/example_latest_only.py
[2024-03-11T21:02:23.248+0000] {processor.py:830} INFO - Processing file /home/airflow/.local/lib/python3.8/site-packages/airflow/example_dags/example_latest_only.py for tasks to queue
[2024-03-11T21:02:23.250+0000] {logging_mixin.py:188} INFO - [2024-03-11T21:02:23.250+0000] {dagbag.py:540} INFO - Filling up the DagBag from /home/airflow/.local/lib/python3.8/site-packages/airflow/example_dags/example_latest_only.py
[2024-03-11T21:02:23.256+0000] {processor.py:840} INFO - DAG(s) 'latest_only' retrieved from /home/airflow/.local/lib/python3.8/site-packages/airflow/example_dags/example_latest_only.py
[2024-03-11T21:02:23.284+0000] {logging_mixin.py:188} INFO - [2024-03-11T21:02:23.284+0000] {dag.py:3047} INFO - Sync 1 DAGs
[2024-03-11T21:02:23.317+0000] {logging_mixin.py:188} INFO - [2024-03-11T21:02:23.317+0000] {dag.py:3834} INFO - Setting next_dagrun for latest_only to 2024-03-11 16:00:00+00:00, run_after=2024-03-11 20:00:00+00:00
[2024-03-11T21:02:23.356+0000] {processor.py:183} INFO - Processing /home/airflow/.local/lib/python3.8/site-packages/airflow/example_dags/example_latest_only.py took 0.113 seconds
[2024-03-11T21:02:53.788+0000] {processor.py:161} INFO - Started process (PID=856) to work on /home/airflow/.local/lib/python3.8/site-packages/airflow/example_dags/example_latest_only.py
[2024-03-11T21:02:53.789+0000] {processor.py:830} INFO - Processing file /home/airflow/.local/lib/python3.8/site-packages/airflow/example_dags/example_latest_only.py for tasks to queue
[2024-03-11T21:02:53.791+0000] {logging_mixin.py:188} INFO - [2024-03-11T21:02:53.791+0000] {dagbag.py:540} INFO - Filling up the DagBag from /home/airflow/.local/lib/python3.8/site-packages/airflow/example_dags/example_latest_only.py
[2024-03-11T21:02:53.798+0000] {processor.py:840} INFO - DAG(s) 'latest_only' retrieved from /home/airflow/.local/lib/python3.8/site-packages/airflow/example_dags/example_latest_only.py
[2024-03-11T21:02:53.826+0000] {logging_mixin.py:188} INFO - [2024-03-11T21:02:53.826+0000] {dag.py:3047} INFO - Sync 1 DAGs
[2024-03-11T21:02:53.862+0000] {logging_mixin.py:188} INFO - [2024-03-11T21:02:53.862+0000] {dag.py:3834} INFO - Setting next_dagrun for latest_only to 2024-03-11 16:00:00+00:00, run_after=2024-03-11 20:00:00+00:00
[2024-03-11T21:02:53.888+0000] {processor.py:183} INFO - Processing /home/airflow/.local/lib/python3.8/site-packages/airflow/example_dags/example_latest_only.py took 0.104 seconds
[2024-03-11T21:03:24.279+0000] {processor.py:161} INFO - Started process (PID=911) to work on /home/airflow/.local/lib/python3.8/site-packages/airflow/example_dags/example_latest_only.py
[2024-03-11T21:03:24.280+0000] {processor.py:830} INFO - Processing file /home/airflow/.local/lib/python3.8/site-packages/airflow/example_dags/example_latest_only.py for tasks to queue
[2024-03-11T21:03:24.283+0000] {logging_mixin.py:188} INFO - [2024-03-11T21:03:24.282+0000] {dagbag.py:540} INFO - Filling up the DagBag from /home/airflow/.local/lib/python3.8/site-packages/airflow/example_dags/example_latest_only.py
[2024-03-11T21:03:24.289+0000] {processor.py:840} INFO - DAG(s) 'latest_only' retrieved from /home/airflow/.local/lib/python3.8/site-packages/airflow/example_dags/example_latest_only.py
[2024-03-11T21:03:24.318+0000] {logging_mixin.py:188} INFO - [2024-03-11T21:03:24.318+0000] {dag.py:3047} INFO - Sync 1 DAGs
[2024-03-11T21:03:24.351+0000] {logging_mixin.py:188} INFO - [2024-03-11T21:03:24.351+0000] {dag.py:3834} INFO - Setting next_dagrun for latest_only to 2024-03-11 16:00:00+00:00, run_after=2024-03-11 20:00:00+00:00
[2024-03-11T21:03:24.392+0000] {processor.py:183} INFO - Processing /home/airflow/.local/lib/python3.8/site-packages/airflow/example_dags/example_latest_only.py took 0.116 seconds
[2024-03-11T21:03:54.733+0000] {processor.py:161} INFO - Started process (PID=967) to work on /home/airflow/.local/lib/python3.8/site-packages/airflow/example_dags/example_latest_only.py
[2024-03-11T21:03:54.734+0000] {processor.py:830} INFO - Processing file /home/airflow/.local/lib/python3.8/site-packages/airflow/example_dags/example_latest_only.py for tasks to queue
[2024-03-11T21:03:54.737+0000] {logging_mixin.py:188} INFO - [2024-03-11T21:03:54.736+0000] {dagbag.py:540} INFO - Filling up the DagBag from /home/airflow/.local/lib/python3.8/site-packages/airflow/example_dags/example_latest_only.py
[2024-03-11T21:03:54.743+0000] {processor.py:840} INFO - DAG(s) 'latest_only' retrieved from /home/airflow/.local/lib/python3.8/site-packages/airflow/example_dags/example_latest_only.py
[2024-03-11T21:03:54.770+0000] {logging_mixin.py:188} INFO - [2024-03-11T21:03:54.769+0000] {dag.py:3047} INFO - Sync 1 DAGs
[2024-03-11T21:03:54.801+0000] {logging_mixin.py:188} INFO - [2024-03-11T21:03:54.800+0000] {dag.py:3834} INFO - Setting next_dagrun for latest_only to 2024-03-11 16:00:00+00:00, run_after=2024-03-11 20:00:00+00:00
[2024-03-11T21:03:54.840+0000] {processor.py:183} INFO - Processing /home/airflow/.local/lib/python3.8/site-packages/airflow/example_dags/example_latest_only.py took 0.111 seconds
[2024-03-11T21:04:25.201+0000] {processor.py:161} INFO - Started process (PID=1022) to work on /home/airflow/.local/lib/python3.8/site-packages/airflow/example_dags/example_latest_only.py
[2024-03-11T21:04:25.202+0000] {processor.py:830} INFO - Processing file /home/airflow/.local/lib/python3.8/site-packages/airflow/example_dags/example_latest_only.py for tasks to queue
[2024-03-11T21:04:25.205+0000] {logging_mixin.py:188} INFO - [2024-03-11T21:04:25.204+0000] {dagbag.py:540} INFO - Filling up the DagBag from /home/airflow/.local/lib/python3.8/site-packages/airflow/example_dags/example_latest_only.py
[2024-03-11T21:04:25.211+0000] {processor.py:840} INFO - DAG(s) 'latest_only' retrieved from /home/airflow/.local/lib/python3.8/site-packages/airflow/example_dags/example_latest_only.py
[2024-03-11T21:04:25.236+0000] {logging_mixin.py:188} INFO - [2024-03-11T21:04:25.236+0000] {dag.py:3047} INFO - Sync 1 DAGs
[2024-03-11T21:04:25.268+0000] {logging_mixin.py:188} INFO - [2024-03-11T21:04:25.267+0000] {dag.py:3834} INFO - Setting next_dagrun for latest_only to 2024-03-11 16:00:00+00:00, run_after=2024-03-11 20:00:00+00:00
[2024-03-11T21:04:25.308+0000] {processor.py:183} INFO - Processing /home/airflow/.local/lib/python3.8/site-packages/airflow/example_dags/example_latest_only.py took 0.110 seconds
[2024-03-11T21:04:55.656+0000] {processor.py:161} INFO - Started process (PID=1077) to work on /home/airflow/.local/lib/python3.8/site-packages/airflow/example_dags/example_latest_only.py
[2024-03-11T21:04:55.657+0000] {processor.py:830} INFO - Processing file /home/airflow/.local/lib/python3.8/site-packages/airflow/example_dags/example_latest_only.py for tasks to queue
[2024-03-11T21:04:55.659+0000] {logging_mixin.py:188} INFO - [2024-03-11T21:04:55.659+0000] {dagbag.py:540} INFO - Filling up the DagBag from /home/airflow/.local/lib/python3.8/site-packages/airflow/example_dags/example_latest_only.py
[2024-03-11T21:04:55.664+0000] {processor.py:840} INFO - DAG(s) 'latest_only' retrieved from /home/airflow/.local/lib/python3.8/site-packages/airflow/example_dags/example_latest_only.py
[2024-03-11T21:04:55.689+0000] {logging_mixin.py:188} INFO - [2024-03-11T21:04:55.689+0000] {dag.py:3047} INFO - Sync 1 DAGs
[2024-03-11T21:04:55.719+0000] {logging_mixin.py:188} INFO - [2024-03-11T21:04:55.719+0000] {dag.py:3834} INFO - Setting next_dagrun for latest_only to 2024-03-11 16:00:00+00:00, run_after=2024-03-11 20:00:00+00:00
[2024-03-11T21:04:55.751+0000] {processor.py:183} INFO - Processing /home/airflow/.local/lib/python3.8/site-packages/airflow/example_dags/example_latest_only.py took 0.098 seconds
[2024-03-11T21:05:26.422+0000] {processor.py:161} INFO - Started process (PID=1132) to work on /home/airflow/.local/lib/python3.8/site-packages/airflow/example_dags/example_latest_only.py
[2024-03-11T21:05:26.423+0000] {processor.py:830} INFO - Processing file /home/airflow/.local/lib/python3.8/site-packages/airflow/example_dags/example_latest_only.py for tasks to queue
[2024-03-11T21:05:26.426+0000] {logging_mixin.py:188} INFO - [2024-03-11T21:05:26.425+0000] {dagbag.py:540} INFO - Filling up the DagBag from /home/airflow/.local/lib/python3.8/site-packages/airflow/example_dags/example_latest_only.py
[2024-03-11T21:05:26.433+0000] {processor.py:840} INFO - DAG(s) 'latest_only' retrieved from /home/airflow/.local/lib/python3.8/site-packages/airflow/example_dags/example_latest_only.py
[2024-03-11T21:05:26.463+0000] {logging_mixin.py:188} INFO - [2024-03-11T21:05:26.462+0000] {dag.py:3047} INFO - Sync 1 DAGs
[2024-03-11T21:05:26.500+0000] {logging_mixin.py:188} INFO - [2024-03-11T21:05:26.499+0000] {dag.py:3834} INFO - Setting next_dagrun for latest_only to 2024-03-11 16:00:00+00:00, run_after=2024-03-11 20:00:00+00:00
[2024-03-11T21:05:26.531+0000] {processor.py:183} INFO - Processing /home/airflow/.local/lib/python3.8/site-packages/airflow/example_dags/example_latest_only.py took 0.114 seconds
[2024-03-11T21:05:56.794+0000] {processor.py:161} INFO - Started process (PID=1187) to work on /home/airflow/.local/lib/python3.8/site-packages/airflow/example_dags/example_latest_only.py
[2024-03-11T21:05:56.795+0000] {processor.py:830} INFO - Processing file /home/airflow/.local/lib/python3.8/site-packages/airflow/example_dags/example_latest_only.py for tasks to queue
[2024-03-11T21:05:56.798+0000] {logging_mixin.py:188} INFO - [2024-03-11T21:05:56.797+0000] {dagbag.py:540} INFO - Filling up the DagBag from /home/airflow/.local/lib/python3.8/site-packages/airflow/example_dags/example_latest_only.py
[2024-03-11T21:05:56.804+0000] {processor.py:840} INFO - DAG(s) 'latest_only' retrieved from /home/airflow/.local/lib/python3.8/site-packages/airflow/example_dags/example_latest_only.py
[2024-03-11T21:05:56.833+0000] {logging_mixin.py:188} INFO - [2024-03-11T21:05:56.833+0000] {dag.py:3047} INFO - Sync 1 DAGs
[2024-03-11T21:05:56.868+0000] {logging_mixin.py:188} INFO - [2024-03-11T21:05:56.868+0000] {dag.py:3834} INFO - Setting next_dagrun for latest_only to 2024-03-11 16:00:00+00:00, run_after=2024-03-11 20:00:00+00:00
[2024-03-11T21:05:56.900+0000] {processor.py:183} INFO - Processing /home/airflow/.local/lib/python3.8/site-packages/airflow/example_dags/example_latest_only.py took 0.110 seconds
[2024-03-11T21:06:27.533+0000] {processor.py:161} INFO - Started process (PID=1242) to work on /home/airflow/.local/lib/python3.8/site-packages/airflow/example_dags/example_latest_only.py
[2024-03-11T21:06:27.534+0000] {processor.py:830} INFO - Processing file /home/airflow/.local/lib/python3.8/site-packages/airflow/example_dags/example_latest_only.py for tasks to queue
[2024-03-11T21:06:27.536+0000] {logging_mixin.py:188} INFO - [2024-03-11T21:06:27.536+0000] {dagbag.py:540} INFO - Filling up the DagBag from /home/airflow/.local/lib/python3.8/site-packages/airflow/example_dags/example_latest_only.py
[2024-03-11T21:06:27.542+0000] {processor.py:840} INFO - DAG(s) 'latest_only' retrieved from /home/airflow/.local/lib/python3.8/site-packages/airflow/example_dags/example_latest_only.py
[2024-03-11T21:06:27.575+0000] {logging_mixin.py:188} INFO - [2024-03-11T21:06:27.574+0000] {dag.py:3047} INFO - Sync 1 DAGs
[2024-03-11T21:06:27.610+0000] {logging_mixin.py:188} INFO - [2024-03-11T21:06:27.610+0000] {dag.py:3834} INFO - Setting next_dagrun for latest_only to 2024-03-11 16:00:00+00:00, run_after=2024-03-11 20:00:00+00:00
[2024-03-11T21:06:27.642+0000] {processor.py:183} INFO - Processing /home/airflow/.local/lib/python3.8/site-packages/airflow/example_dags/example_latest_only.py took 0.113 seconds
[2024-03-11T21:06:57.979+0000] {processor.py:161} INFO - Started process (PID=1297) to work on /home/airflow/.local/lib/python3.8/site-packages/airflow/example_dags/example_latest_only.py
[2024-03-11T21:06:57.981+0000] {processor.py:830} INFO - Processing file /home/airflow/.local/lib/python3.8/site-packages/airflow/example_dags/example_latest_only.py for tasks to queue
[2024-03-11T21:06:57.984+0000] {logging_mixin.py:188} INFO - [2024-03-11T21:06:57.983+0000] {dagbag.py:540} INFO - Filling up the DagBag from /home/airflow/.local/lib/python3.8/site-packages/airflow/example_dags/example_latest_only.py
[2024-03-11T21:06:57.994+0000] {processor.py:840} INFO - DAG(s) 'latest_only' retrieved from /home/airflow/.local/lib/python3.8/site-packages/airflow/example_dags/example_latest_only.py
[2024-03-11T21:06:58.034+0000] {logging_mixin.py:188} INFO - [2024-03-11T21:06:58.033+0000] {dag.py:3047} INFO - Sync 1 DAGs
[2024-03-11T21:06:58.077+0000] {logging_mixin.py:188} INFO - [2024-03-11T21:06:58.077+0000] {dag.py:3834} INFO - Setting next_dagrun for latest_only to 2024-03-11 16:00:00+00:00, run_after=2024-03-11 20:00:00+00:00
[2024-03-11T21:06:58.123+0000] {processor.py:183} INFO - Processing /home/airflow/.local/lib/python3.8/site-packages/airflow/example_dags/example_latest_only.py took 0.149 seconds
