[2024-03-11T20:55:39.567+0000] {processor.py:161} INFO - Started process (PID=47) to work on /home/airflow/.local/lib/python3.8/site-packages/airflow/example_dags/example_branch_labels.py
[2024-03-11T20:55:39.569+0000] {processor.py:830} INFO - Processing file /home/airflow/.local/lib/python3.8/site-packages/airflow/example_dags/example_branch_labels.py for tasks to queue
[2024-03-11T20:55:39.572+0000] {logging_mixin.py:188} INFO - [2024-03-11T20:55:39.571+0000] {dagbag.py:540} INFO - Filling up the DagBag from /home/airflow/.local/lib/python3.8/site-packages/airflow/example_dags/example_branch_labels.py
[2024-03-11T20:55:39.599+0000] {processor.py:840} INFO - DAG(s) 'example_branch_labels' retrieved from /home/airflow/.local/lib/python3.8/site-packages/airflow/example_dags/example_branch_labels.py
[2024-03-11T20:55:39.821+0000] {logging_mixin.py:188} INFO - [2024-03-11T20:55:39.819+0000] {override.py:1769} INFO - Created Permission View: can read on DAG:example_branch_labels
[2024-03-11T20:55:39.842+0000] {logging_mixin.py:188} INFO - [2024-03-11T20:55:39.841+0000] {override.py:1769} INFO - Created Permission View: can delete on DAG:example_branch_labels
[2024-03-11T20:55:39.856+0000] {logging_mixin.py:188} INFO - [2024-03-11T20:55:39.856+0000] {override.py:1769} INFO - Created Permission View: can edit on DAG:example_branch_labels
[2024-03-11T20:55:39.857+0000] {logging_mixin.py:188} INFO - [2024-03-11T20:55:39.857+0000] {dag.py:3047} INFO - Sync 1 DAGs
[2024-03-11T20:55:39.878+0000] {logging_mixin.py:188} INFO - [2024-03-11T20:55:39.878+0000] {dag.py:3069} INFO - Creating ORM DAG for example_branch_labels
[2024-03-11T20:55:39.896+0000] {logging_mixin.py:188} INFO - [2024-03-11T20:55:39.895+0000] {dag.py:3834} INFO - Setting next_dagrun for example_branch_labels to 2024-03-10 00:00:00+00:00, run_after=2024-03-11 00:00:00+00:00
[2024-03-11T20:55:39.923+0000] {processor.py:183} INFO - Processing /home/airflow/.local/lib/python3.8/site-packages/airflow/example_dags/example_branch_labels.py took 0.360 seconds
[2024-03-11T20:56:10.483+0000] {processor.py:161} INFO - Started process (PID=102) to work on /home/airflow/.local/lib/python3.8/site-packages/airflow/example_dags/example_branch_labels.py
[2024-03-11T20:56:10.484+0000] {processor.py:830} INFO - Processing file /home/airflow/.local/lib/python3.8/site-packages/airflow/example_dags/example_branch_labels.py for tasks to queue
[2024-03-11T20:56:10.486+0000] {logging_mixin.py:188} INFO - [2024-03-11T20:56:10.486+0000] {dagbag.py:540} INFO - Filling up the DagBag from /home/airflow/.local/lib/python3.8/site-packages/airflow/example_dags/example_branch_labels.py
[2024-03-11T20:56:10.498+0000] {processor.py:840} INFO - DAG(s) 'example_branch_labels' retrieved from /home/airflow/.local/lib/python3.8/site-packages/airflow/example_dags/example_branch_labels.py
[2024-03-11T20:56:10.532+0000] {logging_mixin.py:188} INFO - [2024-03-11T20:56:10.531+0000] {dag.py:3047} INFO - Sync 1 DAGs
[2024-03-11T20:56:10.567+0000] {logging_mixin.py:188} INFO - [2024-03-11T20:56:10.566+0000] {dag.py:3834} INFO - Setting next_dagrun for example_branch_labels to 2024-03-10 00:00:00+00:00, run_after=2024-03-11 00:00:00+00:00
[2024-03-11T20:56:10.597+0000] {processor.py:183} INFO - Processing /home/airflow/.local/lib/python3.8/site-packages/airflow/example_dags/example_branch_labels.py took 0.119 seconds
[2024-03-11T20:56:40.762+0000] {processor.py:161} INFO - Started process (PID=157) to work on /home/airflow/.local/lib/python3.8/site-packages/airflow/example_dags/example_branch_labels.py
[2024-03-11T20:56:40.763+0000] {processor.py:830} INFO - Processing file /home/airflow/.local/lib/python3.8/site-packages/airflow/example_dags/example_branch_labels.py for tasks to queue
[2024-03-11T20:56:40.766+0000] {logging_mixin.py:188} INFO - [2024-03-11T20:56:40.766+0000] {dagbag.py:540} INFO - Filling up the DagBag from /home/airflow/.local/lib/python3.8/site-packages/airflow/example_dags/example_branch_labels.py
[2024-03-11T20:56:40.777+0000] {processor.py:840} INFO - DAG(s) 'example_branch_labels' retrieved from /home/airflow/.local/lib/python3.8/site-packages/airflow/example_dags/example_branch_labels.py
[2024-03-11T20:56:40.805+0000] {logging_mixin.py:188} INFO - [2024-03-11T20:56:40.804+0000] {dag.py:3047} INFO - Sync 1 DAGs
[2024-03-11T20:56:40.839+0000] {logging_mixin.py:188} INFO - [2024-03-11T20:56:40.838+0000] {dag.py:3834} INFO - Setting next_dagrun for example_branch_labels to 2024-03-10 00:00:00+00:00, run_after=2024-03-11 00:00:00+00:00
[2024-03-11T20:56:40.871+0000] {processor.py:183} INFO - Processing /home/airflow/.local/lib/python3.8/site-packages/airflow/example_dags/example_branch_labels.py took 0.113 seconds
[2024-03-11T20:57:11.276+0000] {processor.py:161} INFO - Started process (PID=212) to work on /home/airflow/.local/lib/python3.8/site-packages/airflow/example_dags/example_branch_labels.py
[2024-03-11T20:57:11.278+0000] {processor.py:830} INFO - Processing file /home/airflow/.local/lib/python3.8/site-packages/airflow/example_dags/example_branch_labels.py for tasks to queue
[2024-03-11T20:57:11.280+0000] {logging_mixin.py:188} INFO - [2024-03-11T20:57:11.280+0000] {dagbag.py:540} INFO - Filling up the DagBag from /home/airflow/.local/lib/python3.8/site-packages/airflow/example_dags/example_branch_labels.py
[2024-03-11T20:57:11.291+0000] {processor.py:840} INFO - DAG(s) 'example_branch_labels' retrieved from /home/airflow/.local/lib/python3.8/site-packages/airflow/example_dags/example_branch_labels.py
[2024-03-11T20:57:11.320+0000] {logging_mixin.py:188} INFO - [2024-03-11T20:57:11.320+0000] {dag.py:3047} INFO - Sync 1 DAGs
[2024-03-11T20:57:11.355+0000] {logging_mixin.py:188} INFO - [2024-03-11T20:57:11.355+0000] {dag.py:3834} INFO - Setting next_dagrun for example_branch_labels to 2024-03-10 00:00:00+00:00, run_after=2024-03-11 00:00:00+00:00
[2024-03-11T20:57:11.394+0000] {processor.py:183} INFO - Processing /home/airflow/.local/lib/python3.8/site-packages/airflow/example_dags/example_branch_labels.py took 0.121 seconds
[2024-03-11T20:57:41.493+0000] {processor.py:161} INFO - Started process (PID=267) to work on /home/airflow/.local/lib/python3.8/site-packages/airflow/example_dags/example_branch_labels.py
[2024-03-11T20:57:41.495+0000] {processor.py:830} INFO - Processing file /home/airflow/.local/lib/python3.8/site-packages/airflow/example_dags/example_branch_labels.py for tasks to queue
[2024-03-11T20:57:41.497+0000] {logging_mixin.py:188} INFO - [2024-03-11T20:57:41.497+0000] {dagbag.py:540} INFO - Filling up the DagBag from /home/airflow/.local/lib/python3.8/site-packages/airflow/example_dags/example_branch_labels.py
[2024-03-11T20:57:41.509+0000] {processor.py:840} INFO - DAG(s) 'example_branch_labels' retrieved from /home/airflow/.local/lib/python3.8/site-packages/airflow/example_dags/example_branch_labels.py
[2024-03-11T20:57:41.539+0000] {logging_mixin.py:188} INFO - [2024-03-11T20:57:41.539+0000] {dag.py:3047} INFO - Sync 1 DAGs
[2024-03-11T20:57:41.585+0000] {logging_mixin.py:188} INFO - [2024-03-11T20:57:41.584+0000] {dag.py:3834} INFO - Setting next_dagrun for example_branch_labels to 2024-03-10 00:00:00+00:00, run_after=2024-03-11 00:00:00+00:00
[2024-03-11T20:57:41.616+0000] {processor.py:183} INFO - Processing /home/airflow/.local/lib/python3.8/site-packages/airflow/example_dags/example_branch_labels.py took 0.127 seconds
[2024-03-11T20:58:11.942+0000] {processor.py:161} INFO - Started process (PID=322) to work on /home/airflow/.local/lib/python3.8/site-packages/airflow/example_dags/example_branch_labels.py
[2024-03-11T20:58:11.943+0000] {processor.py:830} INFO - Processing file /home/airflow/.local/lib/python3.8/site-packages/airflow/example_dags/example_branch_labels.py for tasks to queue
[2024-03-11T20:58:11.946+0000] {logging_mixin.py:188} INFO - [2024-03-11T20:58:11.945+0000] {dagbag.py:540} INFO - Filling up the DagBag from /home/airflow/.local/lib/python3.8/site-packages/airflow/example_dags/example_branch_labels.py
[2024-03-11T20:58:11.957+0000] {processor.py:840} INFO - DAG(s) 'example_branch_labels' retrieved from /home/airflow/.local/lib/python3.8/site-packages/airflow/example_dags/example_branch_labels.py
[2024-03-11T20:58:11.985+0000] {logging_mixin.py:188} INFO - [2024-03-11T20:58:11.985+0000] {dag.py:3047} INFO - Sync 1 DAGs
[2024-03-11T20:58:12.022+0000] {logging_mixin.py:188} INFO - [2024-03-11T20:58:12.022+0000] {dag.py:3834} INFO - Setting next_dagrun for example_branch_labels to 2024-03-10 00:00:00+00:00, run_after=2024-03-11 00:00:00+00:00
[2024-03-11T20:58:12.054+0000] {processor.py:183} INFO - Processing /home/airflow/.local/lib/python3.8/site-packages/airflow/example_dags/example_branch_labels.py took 0.115 seconds
[2024-03-11T20:58:42.345+0000] {processor.py:161} INFO - Started process (PID=377) to work on /home/airflow/.local/lib/python3.8/site-packages/airflow/example_dags/example_branch_labels.py
[2024-03-11T20:58:42.346+0000] {processor.py:830} INFO - Processing file /home/airflow/.local/lib/python3.8/site-packages/airflow/example_dags/example_branch_labels.py for tasks to queue
[2024-03-11T20:58:42.349+0000] {logging_mixin.py:188} INFO - [2024-03-11T20:58:42.349+0000] {dagbag.py:540} INFO - Filling up the DagBag from /home/airflow/.local/lib/python3.8/site-packages/airflow/example_dags/example_branch_labels.py
[2024-03-11T20:58:42.360+0000] {processor.py:840} INFO - DAG(s) 'example_branch_labels' retrieved from /home/airflow/.local/lib/python3.8/site-packages/airflow/example_dags/example_branch_labels.py
[2024-03-11T20:58:42.388+0000] {logging_mixin.py:188} INFO - [2024-03-11T20:58:42.388+0000] {dag.py:3047} INFO - Sync 1 DAGs
[2024-03-11T20:58:42.429+0000] {logging_mixin.py:188} INFO - [2024-03-11T20:58:42.429+0000] {dag.py:3834} INFO - Setting next_dagrun for example_branch_labels to 2024-03-10 00:00:00+00:00, run_after=2024-03-11 00:00:00+00:00
[2024-03-11T20:58:42.458+0000] {processor.py:183} INFO - Processing /home/airflow/.local/lib/python3.8/site-packages/airflow/example_dags/example_branch_labels.py took 0.117 seconds
[2024-03-11T20:59:12.629+0000] {processor.py:161} INFO - Started process (PID=433) to work on /home/airflow/.local/lib/python3.8/site-packages/airflow/example_dags/example_branch_labels.py
[2024-03-11T20:59:12.631+0000] {processor.py:830} INFO - Processing file /home/airflow/.local/lib/python3.8/site-packages/airflow/example_dags/example_branch_labels.py for tasks to queue
[2024-03-11T20:59:12.635+0000] {logging_mixin.py:188} INFO - [2024-03-11T20:59:12.633+0000] {dagbag.py:540} INFO - Filling up the DagBag from /home/airflow/.local/lib/python3.8/site-packages/airflow/example_dags/example_branch_labels.py
[2024-03-11T20:59:12.652+0000] {processor.py:840} INFO - DAG(s) 'example_branch_labels' retrieved from /home/airflow/.local/lib/python3.8/site-packages/airflow/example_dags/example_branch_labels.py
[2024-03-11T20:59:12.686+0000] {logging_mixin.py:188} INFO - [2024-03-11T20:59:12.686+0000] {dag.py:3047} INFO - Sync 1 DAGs
[2024-03-11T20:59:12.722+0000] {logging_mixin.py:188} INFO - [2024-03-11T20:59:12.721+0000] {dag.py:3834} INFO - Setting next_dagrun for example_branch_labels to 2024-03-10 00:00:00+00:00, run_after=2024-03-11 00:00:00+00:00
[2024-03-11T20:59:12.749+0000] {processor.py:183} INFO - Processing /home/airflow/.local/lib/python3.8/site-packages/airflow/example_dags/example_branch_labels.py took 0.126 seconds
[2024-03-11T20:59:43.088+0000] {processor.py:161} INFO - Started process (PID=494) to work on /home/airflow/.local/lib/python3.8/site-packages/airflow/example_dags/example_branch_labels.py
[2024-03-11T20:59:43.089+0000] {processor.py:830} INFO - Processing file /home/airflow/.local/lib/python3.8/site-packages/airflow/example_dags/example_branch_labels.py for tasks to queue
[2024-03-11T20:59:43.091+0000] {logging_mixin.py:188} INFO - [2024-03-11T20:59:43.091+0000] {dagbag.py:540} INFO - Filling up the DagBag from /home/airflow/.local/lib/python3.8/site-packages/airflow/example_dags/example_branch_labels.py
[2024-03-11T20:59:43.105+0000] {processor.py:840} INFO - DAG(s) 'example_branch_labels' retrieved from /home/airflow/.local/lib/python3.8/site-packages/airflow/example_dags/example_branch_labels.py
[2024-03-11T20:59:43.134+0000] {logging_mixin.py:188} INFO - [2024-03-11T20:59:43.134+0000] {dag.py:3047} INFO - Sync 1 DAGs
[2024-03-11T20:59:43.179+0000] {logging_mixin.py:188} INFO - [2024-03-11T20:59:43.178+0000] {dag.py:3834} INFO - Setting next_dagrun for example_branch_labels to 2024-03-10 00:00:00+00:00, run_after=2024-03-11 00:00:00+00:00
[2024-03-11T20:59:43.211+0000] {processor.py:183} INFO - Processing /home/airflow/.local/lib/python3.8/site-packages/airflow/example_dags/example_branch_labels.py took 0.128 seconds
[2024-03-11T21:00:13.392+0000] {processor.py:161} INFO - Started process (PID=549) to work on /home/airflow/.local/lib/python3.8/site-packages/airflow/example_dags/example_branch_labels.py
[2024-03-11T21:00:13.393+0000] {processor.py:830} INFO - Processing file /home/airflow/.local/lib/python3.8/site-packages/airflow/example_dags/example_branch_labels.py for tasks to queue
[2024-03-11T21:00:13.397+0000] {logging_mixin.py:188} INFO - [2024-03-11T21:00:13.396+0000] {dagbag.py:540} INFO - Filling up the DagBag from /home/airflow/.local/lib/python3.8/site-packages/airflow/example_dags/example_branch_labels.py
[2024-03-11T21:00:13.408+0000] {processor.py:840} INFO - DAG(s) 'example_branch_labels' retrieved from /home/airflow/.local/lib/python3.8/site-packages/airflow/example_dags/example_branch_labels.py
[2024-03-11T21:00:13.439+0000] {logging_mixin.py:188} INFO - [2024-03-11T21:00:13.439+0000] {dag.py:3047} INFO - Sync 1 DAGs
[2024-03-11T21:00:13.472+0000] {logging_mixin.py:188} INFO - [2024-03-11T21:00:13.472+0000] {dag.py:3834} INFO - Setting next_dagrun for example_branch_labels to 2024-03-10 00:00:00+00:00, run_after=2024-03-11 00:00:00+00:00
[2024-03-11T21:00:13.503+0000] {processor.py:183} INFO - Processing /home/airflow/.local/lib/python3.8/site-packages/airflow/example_dags/example_branch_labels.py took 0.116 seconds
[2024-03-11T21:00:43.610+0000] {processor.py:161} INFO - Started process (PID=604) to work on /home/airflow/.local/lib/python3.8/site-packages/airflow/example_dags/example_branch_labels.py
[2024-03-11T21:00:43.611+0000] {processor.py:830} INFO - Processing file /home/airflow/.local/lib/python3.8/site-packages/airflow/example_dags/example_branch_labels.py for tasks to queue
[2024-03-11T21:00:43.613+0000] {logging_mixin.py:188} INFO - [2024-03-11T21:00:43.613+0000] {dagbag.py:540} INFO - Filling up the DagBag from /home/airflow/.local/lib/python3.8/site-packages/airflow/example_dags/example_branch_labels.py
[2024-03-11T21:00:43.628+0000] {processor.py:840} INFO - DAG(s) 'example_branch_labels' retrieved from /home/airflow/.local/lib/python3.8/site-packages/airflow/example_dags/example_branch_labels.py
[2024-03-11T21:00:43.655+0000] {logging_mixin.py:188} INFO - [2024-03-11T21:00:43.655+0000] {dag.py:3047} INFO - Sync 1 DAGs
[2024-03-11T21:00:43.688+0000] {logging_mixin.py:188} INFO - [2024-03-11T21:00:43.688+0000] {dag.py:3834} INFO - Setting next_dagrun for example_branch_labels to 2024-03-10 00:00:00+00:00, run_after=2024-03-11 00:00:00+00:00
[2024-03-11T21:00:43.716+0000] {processor.py:183} INFO - Processing /home/airflow/.local/lib/python3.8/site-packages/airflow/example_dags/example_branch_labels.py took 0.110 seconds
[2024-03-11T21:01:14.316+0000] {processor.py:161} INFO - Started process (PID=659) to work on /home/airflow/.local/lib/python3.8/site-packages/airflow/example_dags/example_branch_labels.py
[2024-03-11T21:01:14.317+0000] {processor.py:830} INFO - Processing file /home/airflow/.local/lib/python3.8/site-packages/airflow/example_dags/example_branch_labels.py for tasks to queue
[2024-03-11T21:01:14.320+0000] {logging_mixin.py:188} INFO - [2024-03-11T21:01:14.320+0000] {dagbag.py:540} INFO - Filling up the DagBag from /home/airflow/.local/lib/python3.8/site-packages/airflow/example_dags/example_branch_labels.py
[2024-03-11T21:01:14.333+0000] {processor.py:840} INFO - DAG(s) 'example_branch_labels' retrieved from /home/airflow/.local/lib/python3.8/site-packages/airflow/example_dags/example_branch_labels.py
[2024-03-11T21:01:14.362+0000] {logging_mixin.py:188} INFO - [2024-03-11T21:01:14.361+0000] {dag.py:3047} INFO - Sync 1 DAGs
[2024-03-11T21:01:14.396+0000] {logging_mixin.py:188} INFO - [2024-03-11T21:01:14.396+0000] {dag.py:3834} INFO - Setting next_dagrun for example_branch_labels to 2024-03-10 00:00:00+00:00, run_after=2024-03-11 00:00:00+00:00
[2024-03-11T21:01:14.426+0000] {processor.py:183} INFO - Processing /home/airflow/.local/lib/python3.8/site-packages/airflow/example_dags/example_branch_labels.py took 0.114 seconds
[2024-03-11T21:01:44.566+0000] {processor.py:161} INFO - Started process (PID=714) to work on /home/airflow/.local/lib/python3.8/site-packages/airflow/example_dags/example_branch_labels.py
[2024-03-11T21:01:44.567+0000] {processor.py:830} INFO - Processing file /home/airflow/.local/lib/python3.8/site-packages/airflow/example_dags/example_branch_labels.py for tasks to queue
[2024-03-11T21:01:44.570+0000] {logging_mixin.py:188} INFO - [2024-03-11T21:01:44.570+0000] {dagbag.py:540} INFO - Filling up the DagBag from /home/airflow/.local/lib/python3.8/site-packages/airflow/example_dags/example_branch_labels.py
[2024-03-11T21:01:44.581+0000] {processor.py:840} INFO - DAG(s) 'example_branch_labels' retrieved from /home/airflow/.local/lib/python3.8/site-packages/airflow/example_dags/example_branch_labels.py
[2024-03-11T21:01:44.613+0000] {logging_mixin.py:188} INFO - [2024-03-11T21:01:44.612+0000] {dag.py:3047} INFO - Sync 1 DAGs
[2024-03-11T21:01:44.654+0000] {logging_mixin.py:188} INFO - [2024-03-11T21:01:44.654+0000] {dag.py:3834} INFO - Setting next_dagrun for example_branch_labels to 2024-03-10 00:00:00+00:00, run_after=2024-03-11 00:00:00+00:00
[2024-03-11T21:01:44.685+0000] {processor.py:183} INFO - Processing /home/airflow/.local/lib/python3.8/site-packages/airflow/example_dags/example_branch_labels.py took 0.123 seconds
[2024-03-11T21:02:14.797+0000] {processor.py:161} INFO - Started process (PID=769) to work on /home/airflow/.local/lib/python3.8/site-packages/airflow/example_dags/example_branch_labels.py
[2024-03-11T21:02:14.798+0000] {processor.py:830} INFO - Processing file /home/airflow/.local/lib/python3.8/site-packages/airflow/example_dags/example_branch_labels.py for tasks to queue
[2024-03-11T21:02:14.800+0000] {logging_mixin.py:188} INFO - [2024-03-11T21:02:14.799+0000] {dagbag.py:540} INFO - Filling up the DagBag from /home/airflow/.local/lib/python3.8/site-packages/airflow/example_dags/example_branch_labels.py
[2024-03-11T21:02:14.810+0000] {processor.py:840} INFO - DAG(s) 'example_branch_labels' retrieved from /home/airflow/.local/lib/python3.8/site-packages/airflow/example_dags/example_branch_labels.py
[2024-03-11T21:02:14.844+0000] {logging_mixin.py:188} INFO - [2024-03-11T21:02:14.843+0000] {dag.py:3047} INFO - Sync 1 DAGs
[2024-03-11T21:02:14.890+0000] {logging_mixin.py:188} INFO - [2024-03-11T21:02:14.889+0000] {dag.py:3834} INFO - Setting next_dagrun for example_branch_labels to 2024-03-10 00:00:00+00:00, run_after=2024-03-11 00:00:00+00:00
[2024-03-11T21:02:14.920+0000] {processor.py:183} INFO - Processing /home/airflow/.local/lib/python3.8/site-packages/airflow/example_dags/example_branch_labels.py took 0.128 seconds
[2024-03-11T21:02:45.044+0000] {processor.py:161} INFO - Started process (PID=824) to work on /home/airflow/.local/lib/python3.8/site-packages/airflow/example_dags/example_branch_labels.py
[2024-03-11T21:02:45.045+0000] {processor.py:830} INFO - Processing file /home/airflow/.local/lib/python3.8/site-packages/airflow/example_dags/example_branch_labels.py for tasks to queue
[2024-03-11T21:02:45.048+0000] {logging_mixin.py:188} INFO - [2024-03-11T21:02:45.047+0000] {dagbag.py:540} INFO - Filling up the DagBag from /home/airflow/.local/lib/python3.8/site-packages/airflow/example_dags/example_branch_labels.py
[2024-03-11T21:02:45.058+0000] {processor.py:840} INFO - DAG(s) 'example_branch_labels' retrieved from /home/airflow/.local/lib/python3.8/site-packages/airflow/example_dags/example_branch_labels.py
[2024-03-11T21:02:45.086+0000] {logging_mixin.py:188} INFO - [2024-03-11T21:02:45.085+0000] {dag.py:3047} INFO - Sync 1 DAGs
[2024-03-11T21:02:45.123+0000] {logging_mixin.py:188} INFO - [2024-03-11T21:02:45.123+0000] {dag.py:3834} INFO - Setting next_dagrun for example_branch_labels to 2024-03-10 00:00:00+00:00, run_after=2024-03-11 00:00:00+00:00
[2024-03-11T21:02:45.157+0000] {processor.py:183} INFO - Processing /home/airflow/.local/lib/python3.8/site-packages/airflow/example_dags/example_branch_labels.py took 0.117 seconds
[2024-03-11T21:03:15.460+0000] {processor.py:161} INFO - Started process (PID=879) to work on /home/airflow/.local/lib/python3.8/site-packages/airflow/example_dags/example_branch_labels.py
[2024-03-11T21:03:15.462+0000] {processor.py:830} INFO - Processing file /home/airflow/.local/lib/python3.8/site-packages/airflow/example_dags/example_branch_labels.py for tasks to queue
[2024-03-11T21:03:15.464+0000] {logging_mixin.py:188} INFO - [2024-03-11T21:03:15.463+0000] {dagbag.py:540} INFO - Filling up the DagBag from /home/airflow/.local/lib/python3.8/site-packages/airflow/example_dags/example_branch_labels.py
[2024-03-11T21:03:15.474+0000] {processor.py:840} INFO - DAG(s) 'example_branch_labels' retrieved from /home/airflow/.local/lib/python3.8/site-packages/airflow/example_dags/example_branch_labels.py
[2024-03-11T21:03:15.500+0000] {logging_mixin.py:188} INFO - [2024-03-11T21:03:15.500+0000] {dag.py:3047} INFO - Sync 1 DAGs
[2024-03-11T21:03:15.533+0000] {logging_mixin.py:188} INFO - [2024-03-11T21:03:15.532+0000] {dag.py:3834} INFO - Setting next_dagrun for example_branch_labels to 2024-03-10 00:00:00+00:00, run_after=2024-03-11 00:00:00+00:00
[2024-03-11T21:03:15.564+0000] {processor.py:183} INFO - Processing /home/airflow/.local/lib/python3.8/site-packages/airflow/example_dags/example_branch_labels.py took 0.107 seconds
[2024-03-11T21:03:46.214+0000] {processor.py:161} INFO - Started process (PID=935) to work on /home/airflow/.local/lib/python3.8/site-packages/airflow/example_dags/example_branch_labels.py
[2024-03-11T21:03:46.216+0000] {processor.py:830} INFO - Processing file /home/airflow/.local/lib/python3.8/site-packages/airflow/example_dags/example_branch_labels.py for tasks to queue
[2024-03-11T21:03:46.219+0000] {logging_mixin.py:188} INFO - [2024-03-11T21:03:46.218+0000] {dagbag.py:540} INFO - Filling up the DagBag from /home/airflow/.local/lib/python3.8/site-packages/airflow/example_dags/example_branch_labels.py
[2024-03-11T21:03:46.230+0000] {processor.py:840} INFO - DAG(s) 'example_branch_labels' retrieved from /home/airflow/.local/lib/python3.8/site-packages/airflow/example_dags/example_branch_labels.py
[2024-03-11T21:03:46.259+0000] {logging_mixin.py:188} INFO - [2024-03-11T21:03:46.259+0000] {dag.py:3047} INFO - Sync 1 DAGs
[2024-03-11T21:03:46.294+0000] {logging_mixin.py:188} INFO - [2024-03-11T21:03:46.294+0000] {dag.py:3834} INFO - Setting next_dagrun for example_branch_labels to 2024-03-10 00:00:00+00:00, run_after=2024-03-11 00:00:00+00:00
[2024-03-11T21:03:46.323+0000] {processor.py:183} INFO - Processing /home/airflow/.local/lib/python3.8/site-packages/airflow/example_dags/example_branch_labels.py took 0.112 seconds
[2024-03-11T21:04:16.380+0000] {processor.py:161} INFO - Started process (PID=990) to work on /home/airflow/.local/lib/python3.8/site-packages/airflow/example_dags/example_branch_labels.py
[2024-03-11T21:04:16.382+0000] {processor.py:830} INFO - Processing file /home/airflow/.local/lib/python3.8/site-packages/airflow/example_dags/example_branch_labels.py for tasks to queue
[2024-03-11T21:04:16.385+0000] {logging_mixin.py:188} INFO - [2024-03-11T21:04:16.384+0000] {dagbag.py:540} INFO - Filling up the DagBag from /home/airflow/.local/lib/python3.8/site-packages/airflow/example_dags/example_branch_labels.py
[2024-03-11T21:04:16.398+0000] {processor.py:840} INFO - DAG(s) 'example_branch_labels' retrieved from /home/airflow/.local/lib/python3.8/site-packages/airflow/example_dags/example_branch_labels.py
[2024-03-11T21:04:16.428+0000] {logging_mixin.py:188} INFO - [2024-03-11T21:04:16.428+0000] {dag.py:3047} INFO - Sync 1 DAGs
[2024-03-11T21:04:16.463+0000] {logging_mixin.py:188} INFO - [2024-03-11T21:04:16.462+0000] {dag.py:3834} INFO - Setting next_dagrun for example_branch_labels to 2024-03-10 00:00:00+00:00, run_after=2024-03-11 00:00:00+00:00
[2024-03-11T21:04:16.495+0000] {processor.py:183} INFO - Processing /home/airflow/.local/lib/python3.8/site-packages/airflow/example_dags/example_branch_labels.py took 0.120 seconds
[2024-03-11T21:04:47.033+0000] {processor.py:161} INFO - Started process (PID=1045) to work on /home/airflow/.local/lib/python3.8/site-packages/airflow/example_dags/example_branch_labels.py
[2024-03-11T21:04:47.034+0000] {processor.py:830} INFO - Processing file /home/airflow/.local/lib/python3.8/site-packages/airflow/example_dags/example_branch_labels.py for tasks to queue
[2024-03-11T21:04:47.036+0000] {logging_mixin.py:188} INFO - [2024-03-11T21:04:47.036+0000] {dagbag.py:540} INFO - Filling up the DagBag from /home/airflow/.local/lib/python3.8/site-packages/airflow/example_dags/example_branch_labels.py
[2024-03-11T21:04:47.046+0000] {processor.py:840} INFO - DAG(s) 'example_branch_labels' retrieved from /home/airflow/.local/lib/python3.8/site-packages/airflow/example_dags/example_branch_labels.py
[2024-03-11T21:04:47.075+0000] {logging_mixin.py:188} INFO - [2024-03-11T21:04:47.075+0000] {dag.py:3047} INFO - Sync 1 DAGs
[2024-03-11T21:04:47.111+0000] {logging_mixin.py:188} INFO - [2024-03-11T21:04:47.111+0000] {dag.py:3834} INFO - Setting next_dagrun for example_branch_labels to 2024-03-10 00:00:00+00:00, run_after=2024-03-11 00:00:00+00:00
[2024-03-11T21:04:47.137+0000] {processor.py:183} INFO - Processing /home/airflow/.local/lib/python3.8/site-packages/airflow/example_dags/example_branch_labels.py took 0.108 seconds
[2024-03-11T21:05:17.556+0000] {processor.py:161} INFO - Started process (PID=1100) to work on /home/airflow/.local/lib/python3.8/site-packages/airflow/example_dags/example_branch_labels.py
[2024-03-11T21:05:17.558+0000] {processor.py:830} INFO - Processing file /home/airflow/.local/lib/python3.8/site-packages/airflow/example_dags/example_branch_labels.py for tasks to queue
[2024-03-11T21:05:17.560+0000] {logging_mixin.py:188} INFO - [2024-03-11T21:05:17.560+0000] {dagbag.py:540} INFO - Filling up the DagBag from /home/airflow/.local/lib/python3.8/site-packages/airflow/example_dags/example_branch_labels.py
[2024-03-11T21:05:17.575+0000] {processor.py:840} INFO - DAG(s) 'example_branch_labels' retrieved from /home/airflow/.local/lib/python3.8/site-packages/airflow/example_dags/example_branch_labels.py
[2024-03-11T21:05:17.608+0000] {logging_mixin.py:188} INFO - [2024-03-11T21:05:17.607+0000] {dag.py:3047} INFO - Sync 1 DAGs
[2024-03-11T21:05:17.640+0000] {logging_mixin.py:188} INFO - [2024-03-11T21:05:17.639+0000] {dag.py:3834} INFO - Setting next_dagrun for example_branch_labels to 2024-03-10 00:00:00+00:00, run_after=2024-03-11 00:00:00+00:00
[2024-03-11T21:05:17.666+0000] {processor.py:183} INFO - Processing /home/airflow/.local/lib/python3.8/site-packages/airflow/example_dags/example_branch_labels.py took 0.113 seconds
[2024-03-11T21:05:48.095+0000] {processor.py:161} INFO - Started process (PID=1155) to work on /home/airflow/.local/lib/python3.8/site-packages/airflow/example_dags/example_branch_labels.py
[2024-03-11T21:05:48.096+0000] {processor.py:830} INFO - Processing file /home/airflow/.local/lib/python3.8/site-packages/airflow/example_dags/example_branch_labels.py for tasks to queue
[2024-03-11T21:05:48.099+0000] {logging_mixin.py:188} INFO - [2024-03-11T21:05:48.098+0000] {dagbag.py:540} INFO - Filling up the DagBag from /home/airflow/.local/lib/python3.8/site-packages/airflow/example_dags/example_branch_labels.py
[2024-03-11T21:05:48.109+0000] {processor.py:840} INFO - DAG(s) 'example_branch_labels' retrieved from /home/airflow/.local/lib/python3.8/site-packages/airflow/example_dags/example_branch_labels.py
[2024-03-11T21:05:48.138+0000] {logging_mixin.py:188} INFO - [2024-03-11T21:05:48.137+0000] {dag.py:3047} INFO - Sync 1 DAGs
[2024-03-11T21:05:48.175+0000] {logging_mixin.py:188} INFO - [2024-03-11T21:05:48.174+0000] {dag.py:3834} INFO - Setting next_dagrun for example_branch_labels to 2024-03-10 00:00:00+00:00, run_after=2024-03-11 00:00:00+00:00
[2024-03-11T21:05:48.207+0000] {processor.py:183} INFO - Processing /home/airflow/.local/lib/python3.8/site-packages/airflow/example_dags/example_branch_labels.py took 0.115 seconds
[2024-03-11T21:06:18.508+0000] {processor.py:161} INFO - Started process (PID=1210) to work on /home/airflow/.local/lib/python3.8/site-packages/airflow/example_dags/example_branch_labels.py
[2024-03-11T21:06:18.510+0000] {processor.py:830} INFO - Processing file /home/airflow/.local/lib/python3.8/site-packages/airflow/example_dags/example_branch_labels.py for tasks to queue
[2024-03-11T21:06:18.512+0000] {logging_mixin.py:188} INFO - [2024-03-11T21:06:18.512+0000] {dagbag.py:540} INFO - Filling up the DagBag from /home/airflow/.local/lib/python3.8/site-packages/airflow/example_dags/example_branch_labels.py
[2024-03-11T21:06:18.522+0000] {processor.py:840} INFO - DAG(s) 'example_branch_labels' retrieved from /home/airflow/.local/lib/python3.8/site-packages/airflow/example_dags/example_branch_labels.py
[2024-03-11T21:06:18.550+0000] {logging_mixin.py:188} INFO - [2024-03-11T21:06:18.550+0000] {dag.py:3047} INFO - Sync 1 DAGs
[2024-03-11T21:06:18.584+0000] {logging_mixin.py:188} INFO - [2024-03-11T21:06:18.584+0000] {dag.py:3834} INFO - Setting next_dagrun for example_branch_labels to 2024-03-10 00:00:00+00:00, run_after=2024-03-11 00:00:00+00:00
[2024-03-11T21:06:18.615+0000] {processor.py:183} INFO - Processing /home/airflow/.local/lib/python3.8/site-packages/airflow/example_dags/example_branch_labels.py took 0.110 seconds
[2024-03-11T21:06:49.213+0000] {processor.py:161} INFO - Started process (PID=1265) to work on /home/airflow/.local/lib/python3.8/site-packages/airflow/example_dags/example_branch_labels.py
[2024-03-11T21:06:49.214+0000] {processor.py:830} INFO - Processing file /home/airflow/.local/lib/python3.8/site-packages/airflow/example_dags/example_branch_labels.py for tasks to queue
[2024-03-11T21:06:49.217+0000] {logging_mixin.py:188} INFO - [2024-03-11T21:06:49.216+0000] {dagbag.py:540} INFO - Filling up the DagBag from /home/airflow/.local/lib/python3.8/site-packages/airflow/example_dags/example_branch_labels.py
[2024-03-11T21:06:49.229+0000] {processor.py:840} INFO - DAG(s) 'example_branch_labels' retrieved from /home/airflow/.local/lib/python3.8/site-packages/airflow/example_dags/example_branch_labels.py
[2024-03-11T21:06:49.256+0000] {logging_mixin.py:188} INFO - [2024-03-11T21:06:49.255+0000] {dag.py:3047} INFO - Sync 1 DAGs
[2024-03-11T21:06:49.291+0000] {logging_mixin.py:188} INFO - [2024-03-11T21:06:49.290+0000] {dag.py:3834} INFO - Setting next_dagrun for example_branch_labels to 2024-03-10 00:00:00+00:00, run_after=2024-03-11 00:00:00+00:00
[2024-03-11T21:06:49.320+0000] {processor.py:183} INFO - Processing /home/airflow/.local/lib/python3.8/site-packages/airflow/example_dags/example_branch_labels.py took 0.111 seconds
[2024-03-11T21:07:19.919+0000] {processor.py:161} INFO - Started process (PID=1320) to work on /home/airflow/.local/lib/python3.8/site-packages/airflow/example_dags/example_branch_labels.py
[2024-03-11T21:07:19.920+0000] {processor.py:830} INFO - Processing file /home/airflow/.local/lib/python3.8/site-packages/airflow/example_dags/example_branch_labels.py for tasks to queue
[2024-03-11T21:07:19.923+0000] {logging_mixin.py:188} INFO - [2024-03-11T21:07:19.922+0000] {dagbag.py:540} INFO - Filling up the DagBag from /home/airflow/.local/lib/python3.8/site-packages/airflow/example_dags/example_branch_labels.py
[2024-03-11T21:07:19.938+0000] {processor.py:840} INFO - DAG(s) 'example_branch_labels' retrieved from /home/airflow/.local/lib/python3.8/site-packages/airflow/example_dags/example_branch_labels.py
[2024-03-11T21:07:19.971+0000] {logging_mixin.py:188} INFO - [2024-03-11T21:07:19.971+0000] {dag.py:3047} INFO - Sync 1 DAGs
[2024-03-11T21:07:20.039+0000] {logging_mixin.py:188} INFO - [2024-03-11T21:07:20.038+0000] {dag.py:3834} INFO - Setting next_dagrun for example_branch_labels to 2024-03-10 00:00:00+00:00, run_after=2024-03-11 00:00:00+00:00
[2024-03-11T21:07:20.078+0000] {processor.py:183} INFO - Processing /home/airflow/.local/lib/python3.8/site-packages/airflow/example_dags/example_branch_labels.py took 0.163 seconds
