[2024-03-11T20:55:43.679+0000] {processor.py:161} INFO - Started process (PID=72) to work on /home/airflow/.local/lib/python3.8/site-packages/airflow/example_dags/example_skip_dag.py
[2024-03-11T20:55:43.681+0000] {processor.py:830} INFO - Processing file /home/airflow/.local/lib/python3.8/site-packages/airflow/example_dags/example_skip_dag.py for tasks to queue
[2024-03-11T20:55:43.683+0000] {logging_mixin.py:188} INFO - [2024-03-11T20:55:43.683+0000] {dagbag.py:540} INFO - Filling up the DagBag from /home/airflow/.local/lib/python3.8/site-packages/airflow/example_dags/example_skip_dag.py
[2024-03-11T20:55:43.692+0000] {processor.py:840} INFO - DAG(s) 'example_skip_dag' retrieved from /home/airflow/.local/lib/python3.8/site-packages/airflow/example_dags/example_skip_dag.py
[2024-03-11T20:55:43.886+0000] {logging_mixin.py:188} INFO - [2024-03-11T20:55:43.885+0000] {override.py:1769} INFO - Created Permission View: can read on DAG:example_skip_dag
[2024-03-11T20:55:43.908+0000] {logging_mixin.py:188} INFO - [2024-03-11T20:55:43.908+0000] {override.py:1769} INFO - Created Permission View: can delete on DAG:example_skip_dag
[2024-03-11T20:55:43.921+0000] {logging_mixin.py:188} INFO - [2024-03-11T20:55:43.920+0000] {override.py:1769} INFO - Created Permission View: can edit on DAG:example_skip_dag
[2024-03-11T20:55:43.922+0000] {logging_mixin.py:188} INFO - [2024-03-11T20:55:43.921+0000] {dag.py:3047} INFO - Sync 1 DAGs
[2024-03-11T20:55:43.939+0000] {logging_mixin.py:188} INFO - [2024-03-11T20:55:43.939+0000] {dag.py:3069} INFO - Creating ORM DAG for example_skip_dag
[2024-03-11T20:55:43.954+0000] {logging_mixin.py:188} INFO - [2024-03-11T20:55:43.954+0000] {dag.py:3834} INFO - Setting next_dagrun for example_skip_dag to 2024-03-10 00:00:00+00:00, run_after=2024-03-11 00:00:00+00:00
[2024-03-11T20:55:43.985+0000] {processor.py:183} INFO - Processing /home/airflow/.local/lib/python3.8/site-packages/airflow/example_dags/example_skip_dag.py took 0.309 seconds
[2024-03-11T20:56:14.078+0000] {processor.py:161} INFO - Started process (PID=127) to work on /home/airflow/.local/lib/python3.8/site-packages/airflow/example_dags/example_skip_dag.py
[2024-03-11T20:56:14.079+0000] {processor.py:830} INFO - Processing file /home/airflow/.local/lib/python3.8/site-packages/airflow/example_dags/example_skip_dag.py for tasks to queue
[2024-03-11T20:56:14.082+0000] {logging_mixin.py:188} INFO - [2024-03-11T20:56:14.082+0000] {dagbag.py:540} INFO - Filling up the DagBag from /home/airflow/.local/lib/python3.8/site-packages/airflow/example_dags/example_skip_dag.py
[2024-03-11T20:56:14.090+0000] {processor.py:840} INFO - DAG(s) 'example_skip_dag' retrieved from /home/airflow/.local/lib/python3.8/site-packages/airflow/example_dags/example_skip_dag.py
[2024-03-11T20:56:14.120+0000] {logging_mixin.py:188} INFO - [2024-03-11T20:56:14.120+0000] {dag.py:3047} INFO - Sync 1 DAGs
[2024-03-11T20:56:14.153+0000] {logging_mixin.py:188} INFO - [2024-03-11T20:56:14.152+0000] {dag.py:3834} INFO - Setting next_dagrun for example_skip_dag to 2024-03-10 00:00:00+00:00, run_after=2024-03-11 00:00:00+00:00
[2024-03-11T20:56:14.190+0000] {processor.py:183} INFO - Processing /home/airflow/.local/lib/python3.8/site-packages/airflow/example_dags/example_skip_dag.py took 0.115 seconds
[2024-03-11T20:56:44.373+0000] {processor.py:161} INFO - Started process (PID=182) to work on /home/airflow/.local/lib/python3.8/site-packages/airflow/example_dags/example_skip_dag.py
[2024-03-11T20:56:44.374+0000] {processor.py:830} INFO - Processing file /home/airflow/.local/lib/python3.8/site-packages/airflow/example_dags/example_skip_dag.py for tasks to queue
[2024-03-11T20:56:44.376+0000] {logging_mixin.py:188} INFO - [2024-03-11T20:56:44.376+0000] {dagbag.py:540} INFO - Filling up the DagBag from /home/airflow/.local/lib/python3.8/site-packages/airflow/example_dags/example_skip_dag.py
[2024-03-11T20:56:44.388+0000] {processor.py:840} INFO - DAG(s) 'example_skip_dag' retrieved from /home/airflow/.local/lib/python3.8/site-packages/airflow/example_dags/example_skip_dag.py
[2024-03-11T20:56:44.419+0000] {logging_mixin.py:188} INFO - [2024-03-11T20:56:44.419+0000] {dag.py:3047} INFO - Sync 1 DAGs
[2024-03-11T20:56:44.458+0000] {logging_mixin.py:188} INFO - [2024-03-11T20:56:44.457+0000] {dag.py:3834} INFO - Setting next_dagrun for example_skip_dag to 2024-03-10 00:00:00+00:00, run_after=2024-03-11 00:00:00+00:00
[2024-03-11T20:56:44.491+0000] {processor.py:183} INFO - Processing /home/airflow/.local/lib/python3.8/site-packages/airflow/example_dags/example_skip_dag.py took 0.122 seconds
[2024-03-11T20:57:15.000+0000] {processor.py:161} INFO - Started process (PID=237) to work on /home/airflow/.local/lib/python3.8/site-packages/airflow/example_dags/example_skip_dag.py
[2024-03-11T20:57:15.002+0000] {processor.py:830} INFO - Processing file /home/airflow/.local/lib/python3.8/site-packages/airflow/example_dags/example_skip_dag.py for tasks to queue
[2024-03-11T20:57:15.004+0000] {logging_mixin.py:188} INFO - [2024-03-11T20:57:15.004+0000] {dagbag.py:540} INFO - Filling up the DagBag from /home/airflow/.local/lib/python3.8/site-packages/airflow/example_dags/example_skip_dag.py
[2024-03-11T20:57:15.014+0000] {processor.py:840} INFO - DAG(s) 'example_skip_dag' retrieved from /home/airflow/.local/lib/python3.8/site-packages/airflow/example_dags/example_skip_dag.py
[2024-03-11T20:57:15.045+0000] {logging_mixin.py:188} INFO - [2024-03-11T20:57:15.044+0000] {dag.py:3047} INFO - Sync 1 DAGs
[2024-03-11T20:57:15.078+0000] {logging_mixin.py:188} INFO - [2024-03-11T20:57:15.077+0000] {dag.py:3834} INFO - Setting next_dagrun for example_skip_dag to 2024-03-10 00:00:00+00:00, run_after=2024-03-11 00:00:00+00:00
[2024-03-11T20:57:15.111+0000] {processor.py:183} INFO - Processing /home/airflow/.local/lib/python3.8/site-packages/airflow/example_dags/example_skip_dag.py took 0.115 seconds
[2024-03-11T20:57:45.453+0000] {processor.py:161} INFO - Started process (PID=292) to work on /home/airflow/.local/lib/python3.8/site-packages/airflow/example_dags/example_skip_dag.py
[2024-03-11T20:57:45.454+0000] {processor.py:830} INFO - Processing file /home/airflow/.local/lib/python3.8/site-packages/airflow/example_dags/example_skip_dag.py for tasks to queue
[2024-03-11T20:57:45.456+0000] {logging_mixin.py:188} INFO - [2024-03-11T20:57:45.456+0000] {dagbag.py:540} INFO - Filling up the DagBag from /home/airflow/.local/lib/python3.8/site-packages/airflow/example_dags/example_skip_dag.py
[2024-03-11T20:57:45.465+0000] {processor.py:840} INFO - DAG(s) 'example_skip_dag' retrieved from /home/airflow/.local/lib/python3.8/site-packages/airflow/example_dags/example_skip_dag.py
[2024-03-11T20:57:45.495+0000] {logging_mixin.py:188} INFO - [2024-03-11T20:57:45.495+0000] {dag.py:3047} INFO - Sync 1 DAGs
[2024-03-11T20:57:45.528+0000] {logging_mixin.py:188} INFO - [2024-03-11T20:57:45.527+0000] {dag.py:3834} INFO - Setting next_dagrun for example_skip_dag to 2024-03-10 00:00:00+00:00, run_after=2024-03-11 00:00:00+00:00
[2024-03-11T20:57:45.558+0000] {processor.py:183} INFO - Processing /home/airflow/.local/lib/python3.8/site-packages/airflow/example_dags/example_skip_dag.py took 0.110 seconds
[2024-03-11T20:58:15.756+0000] {processor.py:161} INFO - Started process (PID=347) to work on /home/airflow/.local/lib/python3.8/site-packages/airflow/example_dags/example_skip_dag.py
[2024-03-11T20:58:15.757+0000] {processor.py:830} INFO - Processing file /home/airflow/.local/lib/python3.8/site-packages/airflow/example_dags/example_skip_dag.py for tasks to queue
[2024-03-11T20:58:15.760+0000] {logging_mixin.py:188} INFO - [2024-03-11T20:58:15.760+0000] {dagbag.py:540} INFO - Filling up the DagBag from /home/airflow/.local/lib/python3.8/site-packages/airflow/example_dags/example_skip_dag.py
[2024-03-11T20:58:15.770+0000] {processor.py:840} INFO - DAG(s) 'example_skip_dag' retrieved from /home/airflow/.local/lib/python3.8/site-packages/airflow/example_dags/example_skip_dag.py
[2024-03-11T20:58:15.812+0000] {logging_mixin.py:188} INFO - [2024-03-11T20:58:15.812+0000] {dag.py:3047} INFO - Sync 1 DAGs
[2024-03-11T20:58:15.846+0000] {logging_mixin.py:188} INFO - [2024-03-11T20:58:15.846+0000] {dag.py:3834} INFO - Setting next_dagrun for example_skip_dag to 2024-03-10 00:00:00+00:00, run_after=2024-03-11 00:00:00+00:00
[2024-03-11T20:58:15.885+0000] {processor.py:183} INFO - Processing /home/airflow/.local/lib/python3.8/site-packages/airflow/example_dags/example_skip_dag.py took 0.132 seconds
[2024-03-11T20:58:46.177+0000] {processor.py:161} INFO - Started process (PID=403) to work on /home/airflow/.local/lib/python3.8/site-packages/airflow/example_dags/example_skip_dag.py
[2024-03-11T20:58:46.178+0000] {processor.py:830} INFO - Processing file /home/airflow/.local/lib/python3.8/site-packages/airflow/example_dags/example_skip_dag.py for tasks to queue
[2024-03-11T20:58:46.180+0000] {logging_mixin.py:188} INFO - [2024-03-11T20:58:46.180+0000] {dagbag.py:540} INFO - Filling up the DagBag from /home/airflow/.local/lib/python3.8/site-packages/airflow/example_dags/example_skip_dag.py
[2024-03-11T20:58:46.189+0000] {processor.py:840} INFO - DAG(s) 'example_skip_dag' retrieved from /home/airflow/.local/lib/python3.8/site-packages/airflow/example_dags/example_skip_dag.py
[2024-03-11T20:58:46.220+0000] {logging_mixin.py:188} INFO - [2024-03-11T20:58:46.220+0000] {dag.py:3047} INFO - Sync 1 DAGs
[2024-03-11T20:58:46.260+0000] {logging_mixin.py:188} INFO - [2024-03-11T20:58:46.260+0000] {dag.py:3834} INFO - Setting next_dagrun for example_skip_dag to 2024-03-10 00:00:00+00:00, run_after=2024-03-11 00:00:00+00:00
[2024-03-11T20:58:46.302+0000] {processor.py:183} INFO - Processing /home/airflow/.local/lib/python3.8/site-packages/airflow/example_dags/example_skip_dag.py took 0.129 seconds
[2024-03-11T20:59:16.347+0000] {processor.py:161} INFO - Started process (PID=458) to work on /home/airflow/.local/lib/python3.8/site-packages/airflow/example_dags/example_skip_dag.py
[2024-03-11T20:59:16.348+0000] {processor.py:830} INFO - Processing file /home/airflow/.local/lib/python3.8/site-packages/airflow/example_dags/example_skip_dag.py for tasks to queue
[2024-03-11T20:59:16.350+0000] {logging_mixin.py:188} INFO - [2024-03-11T20:59:16.350+0000] {dagbag.py:540} INFO - Filling up the DagBag from /home/airflow/.local/lib/python3.8/site-packages/airflow/example_dags/example_skip_dag.py
[2024-03-11T20:59:16.359+0000] {processor.py:840} INFO - DAG(s) 'example_skip_dag' retrieved from /home/airflow/.local/lib/python3.8/site-packages/airflow/example_dags/example_skip_dag.py
[2024-03-11T20:59:16.395+0000] {logging_mixin.py:188} INFO - [2024-03-11T20:59:16.395+0000] {dag.py:3047} INFO - Sync 1 DAGs
[2024-03-11T20:59:16.433+0000] {logging_mixin.py:188} INFO - [2024-03-11T20:59:16.433+0000] {dag.py:3834} INFO - Setting next_dagrun for example_skip_dag to 2024-03-10 00:00:00+00:00, run_after=2024-03-11 00:00:00+00:00
[2024-03-11T20:59:16.473+0000] {processor.py:183} INFO - Processing /home/airflow/.local/lib/python3.8/site-packages/airflow/example_dags/example_skip_dag.py took 0.130 seconds
[2024-03-11T20:59:46.575+0000] {processor.py:161} INFO - Started process (PID=512) to work on /home/airflow/.local/lib/python3.8/site-packages/airflow/example_dags/example_skip_dag.py
[2024-03-11T20:59:46.576+0000] {processor.py:830} INFO - Processing file /home/airflow/.local/lib/python3.8/site-packages/airflow/example_dags/example_skip_dag.py for tasks to queue
[2024-03-11T20:59:46.579+0000] {logging_mixin.py:188} INFO - [2024-03-11T20:59:46.578+0000] {dagbag.py:540} INFO - Filling up the DagBag from /home/airflow/.local/lib/python3.8/site-packages/airflow/example_dags/example_skip_dag.py
[2024-03-11T20:59:46.588+0000] {processor.py:840} INFO - DAG(s) 'example_skip_dag' retrieved from /home/airflow/.local/lib/python3.8/site-packages/airflow/example_dags/example_skip_dag.py
[2024-03-11T20:59:46.617+0000] {logging_mixin.py:188} INFO - [2024-03-11T20:59:46.616+0000] {dag.py:3047} INFO - Sync 1 DAGs
[2024-03-11T20:59:46.656+0000] {logging_mixin.py:188} INFO - [2024-03-11T20:59:46.655+0000] {dag.py:3834} INFO - Setting next_dagrun for example_skip_dag to 2024-03-10 00:00:00+00:00, run_after=2024-03-11 00:00:00+00:00
[2024-03-11T20:59:46.693+0000] {processor.py:183} INFO - Processing /home/airflow/.local/lib/python3.8/site-packages/airflow/example_dags/example_skip_dag.py took 0.122 seconds
[2024-03-11T21:00:16.782+0000] {processor.py:161} INFO - Started process (PID=567) to work on /home/airflow/.local/lib/python3.8/site-packages/airflow/example_dags/example_skip_dag.py
[2024-03-11T21:00:16.783+0000] {processor.py:830} INFO - Processing file /home/airflow/.local/lib/python3.8/site-packages/airflow/example_dags/example_skip_dag.py for tasks to queue
[2024-03-11T21:00:16.786+0000] {logging_mixin.py:188} INFO - [2024-03-11T21:00:16.785+0000] {dagbag.py:540} INFO - Filling up the DagBag from /home/airflow/.local/lib/python3.8/site-packages/airflow/example_dags/example_skip_dag.py
[2024-03-11T21:00:16.793+0000] {processor.py:840} INFO - DAG(s) 'example_skip_dag' retrieved from /home/airflow/.local/lib/python3.8/site-packages/airflow/example_dags/example_skip_dag.py
[2024-03-11T21:00:16.821+0000] {logging_mixin.py:188} INFO - [2024-03-11T21:00:16.821+0000] {dag.py:3047} INFO - Sync 1 DAGs
[2024-03-11T21:00:16.858+0000] {logging_mixin.py:188} INFO - [2024-03-11T21:00:16.858+0000] {dag.py:3834} INFO - Setting next_dagrun for example_skip_dag to 2024-03-10 00:00:00+00:00, run_after=2024-03-11 00:00:00+00:00
[2024-03-11T21:00:16.890+0000] {processor.py:183} INFO - Processing /home/airflow/.local/lib/python3.8/site-packages/airflow/example_dags/example_skip_dag.py took 0.111 seconds
[2024-03-11T21:00:46.965+0000] {processor.py:161} INFO - Started process (PID=622) to work on /home/airflow/.local/lib/python3.8/site-packages/airflow/example_dags/example_skip_dag.py
[2024-03-11T21:00:46.966+0000] {processor.py:830} INFO - Processing file /home/airflow/.local/lib/python3.8/site-packages/airflow/example_dags/example_skip_dag.py for tasks to queue
[2024-03-11T21:00:46.968+0000] {logging_mixin.py:188} INFO - [2024-03-11T21:00:46.968+0000] {dagbag.py:540} INFO - Filling up the DagBag from /home/airflow/.local/lib/python3.8/site-packages/airflow/example_dags/example_skip_dag.py
[2024-03-11T21:00:46.977+0000] {processor.py:840} INFO - DAG(s) 'example_skip_dag' retrieved from /home/airflow/.local/lib/python3.8/site-packages/airflow/example_dags/example_skip_dag.py
[2024-03-11T21:00:47.009+0000] {logging_mixin.py:188} INFO - [2024-03-11T21:00:47.009+0000] {dag.py:3047} INFO - Sync 1 DAGs
[2024-03-11T21:00:47.050+0000] {logging_mixin.py:188} INFO - [2024-03-11T21:00:47.050+0000] {dag.py:3834} INFO - Setting next_dagrun for example_skip_dag to 2024-03-10 00:00:00+00:00, run_after=2024-03-11 00:00:00+00:00
[2024-03-11T21:00:47.089+0000] {processor.py:183} INFO - Processing /home/airflow/.local/lib/python3.8/site-packages/airflow/example_dags/example_skip_dag.py took 0.128 seconds
[2024-03-11T21:01:17.560+0000] {processor.py:161} INFO - Started process (PID=677) to work on /home/airflow/.local/lib/python3.8/site-packages/airflow/example_dags/example_skip_dag.py
[2024-03-11T21:01:17.561+0000] {processor.py:830} INFO - Processing file /home/airflow/.local/lib/python3.8/site-packages/airflow/example_dags/example_skip_dag.py for tasks to queue
[2024-03-11T21:01:17.563+0000] {logging_mixin.py:188} INFO - [2024-03-11T21:01:17.563+0000] {dagbag.py:540} INFO - Filling up the DagBag from /home/airflow/.local/lib/python3.8/site-packages/airflow/example_dags/example_skip_dag.py
[2024-03-11T21:01:17.573+0000] {processor.py:840} INFO - DAG(s) 'example_skip_dag' retrieved from /home/airflow/.local/lib/python3.8/site-packages/airflow/example_dags/example_skip_dag.py
[2024-03-11T21:01:17.604+0000] {logging_mixin.py:188} INFO - [2024-03-11T21:01:17.603+0000] {dag.py:3047} INFO - Sync 1 DAGs
[2024-03-11T21:01:17.638+0000] {logging_mixin.py:188} INFO - [2024-03-11T21:01:17.638+0000] {dag.py:3834} INFO - Setting next_dagrun for example_skip_dag to 2024-03-10 00:00:00+00:00, run_after=2024-03-11 00:00:00+00:00
[2024-03-11T21:01:17.665+0000] {processor.py:183} INFO - Processing /home/airflow/.local/lib/python3.8/site-packages/airflow/example_dags/example_skip_dag.py took 0.108 seconds
[2024-03-11T21:01:47.994+0000] {processor.py:161} INFO - Started process (PID=732) to work on /home/airflow/.local/lib/python3.8/site-packages/airflow/example_dags/example_skip_dag.py
[2024-03-11T21:01:47.996+0000] {processor.py:830} INFO - Processing file /home/airflow/.local/lib/python3.8/site-packages/airflow/example_dags/example_skip_dag.py for tasks to queue
[2024-03-11T21:01:47.998+0000] {logging_mixin.py:188} INFO - [2024-03-11T21:01:47.998+0000] {dagbag.py:540} INFO - Filling up the DagBag from /home/airflow/.local/lib/python3.8/site-packages/airflow/example_dags/example_skip_dag.py
[2024-03-11T21:01:48.009+0000] {processor.py:840} INFO - DAG(s) 'example_skip_dag' retrieved from /home/airflow/.local/lib/python3.8/site-packages/airflow/example_dags/example_skip_dag.py
[2024-03-11T21:01:48.041+0000] {logging_mixin.py:188} INFO - [2024-03-11T21:01:48.041+0000] {dag.py:3047} INFO - Sync 1 DAGs
[2024-03-11T21:01:48.071+0000] {logging_mixin.py:188} INFO - [2024-03-11T21:01:48.071+0000] {dag.py:3834} INFO - Setting next_dagrun for example_skip_dag to 2024-03-10 00:00:00+00:00, run_after=2024-03-11 00:00:00+00:00
[2024-03-11T21:01:48.100+0000] {processor.py:183} INFO - Processing /home/airflow/.local/lib/python3.8/site-packages/airflow/example_dags/example_skip_dag.py took 0.109 seconds
[2024-03-11T21:02:18.486+0000] {processor.py:161} INFO - Started process (PID=787) to work on /home/airflow/.local/lib/python3.8/site-packages/airflow/example_dags/example_skip_dag.py
[2024-03-11T21:02:18.487+0000] {processor.py:830} INFO - Processing file /home/airflow/.local/lib/python3.8/site-packages/airflow/example_dags/example_skip_dag.py for tasks to queue
[2024-03-11T21:02:18.490+0000] {logging_mixin.py:188} INFO - [2024-03-11T21:02:18.489+0000] {dagbag.py:540} INFO - Filling up the DagBag from /home/airflow/.local/lib/python3.8/site-packages/airflow/example_dags/example_skip_dag.py
[2024-03-11T21:02:18.499+0000] {processor.py:840} INFO - DAG(s) 'example_skip_dag' retrieved from /home/airflow/.local/lib/python3.8/site-packages/airflow/example_dags/example_skip_dag.py
[2024-03-11T21:02:18.529+0000] {logging_mixin.py:188} INFO - [2024-03-11T21:02:18.529+0000] {dag.py:3047} INFO - Sync 1 DAGs
[2024-03-11T21:02:18.563+0000] {logging_mixin.py:188} INFO - [2024-03-11T21:02:18.563+0000] {dag.py:3834} INFO - Setting next_dagrun for example_skip_dag to 2024-03-10 00:00:00+00:00, run_after=2024-03-11 00:00:00+00:00
[2024-03-11T21:02:18.597+0000] {processor.py:183} INFO - Processing /home/airflow/.local/lib/python3.8/site-packages/airflow/example_dags/example_skip_dag.py took 0.115 seconds
[2024-03-11T21:02:49.519+0000] {processor.py:161} INFO - Started process (PID=842) to work on /home/airflow/.local/lib/python3.8/site-packages/airflow/example_dags/example_skip_dag.py
[2024-03-11T21:02:49.520+0000] {processor.py:830} INFO - Processing file /home/airflow/.local/lib/python3.8/site-packages/airflow/example_dags/example_skip_dag.py for tasks to queue
[2024-03-11T21:02:49.522+0000] {logging_mixin.py:188} INFO - [2024-03-11T21:02:49.522+0000] {dagbag.py:540} INFO - Filling up the DagBag from /home/airflow/.local/lib/python3.8/site-packages/airflow/example_dags/example_skip_dag.py
[2024-03-11T21:02:49.531+0000] {processor.py:840} INFO - DAG(s) 'example_skip_dag' retrieved from /home/airflow/.local/lib/python3.8/site-packages/airflow/example_dags/example_skip_dag.py
[2024-03-11T21:02:49.561+0000] {logging_mixin.py:188} INFO - [2024-03-11T21:02:49.560+0000] {dag.py:3047} INFO - Sync 1 DAGs
[2024-03-11T21:02:49.594+0000] {logging_mixin.py:188} INFO - [2024-03-11T21:02:49.593+0000] {dag.py:3834} INFO - Setting next_dagrun for example_skip_dag to 2024-03-10 00:00:00+00:00, run_after=2024-03-11 00:00:00+00:00
[2024-03-11T21:02:49.634+0000] {processor.py:183} INFO - Processing /home/airflow/.local/lib/python3.8/site-packages/airflow/example_dags/example_skip_dag.py took 0.119 seconds
[2024-03-11T21:03:19.730+0000] {processor.py:161} INFO - Started process (PID=897) to work on /home/airflow/.local/lib/python3.8/site-packages/airflow/example_dags/example_skip_dag.py
[2024-03-11T21:03:19.731+0000] {processor.py:830} INFO - Processing file /home/airflow/.local/lib/python3.8/site-packages/airflow/example_dags/example_skip_dag.py for tasks to queue
[2024-03-11T21:03:19.733+0000] {logging_mixin.py:188} INFO - [2024-03-11T21:03:19.733+0000] {dagbag.py:540} INFO - Filling up the DagBag from /home/airflow/.local/lib/python3.8/site-packages/airflow/example_dags/example_skip_dag.py
[2024-03-11T21:03:19.743+0000] {processor.py:840} INFO - DAG(s) 'example_skip_dag' retrieved from /home/airflow/.local/lib/python3.8/site-packages/airflow/example_dags/example_skip_dag.py
[2024-03-11T21:03:19.771+0000] {logging_mixin.py:188} INFO - [2024-03-11T21:03:19.771+0000] {dag.py:3047} INFO - Sync 1 DAGs
[2024-03-11T21:03:19.802+0000] {logging_mixin.py:188} INFO - [2024-03-11T21:03:19.802+0000] {dag.py:3834} INFO - Setting next_dagrun for example_skip_dag to 2024-03-10 00:00:00+00:00, run_after=2024-03-11 00:00:00+00:00
[2024-03-11T21:03:19.833+0000] {processor.py:183} INFO - Processing /home/airflow/.local/lib/python3.8/site-packages/airflow/example_dags/example_skip_dag.py took 0.107 seconds
[2024-03-11T21:03:50.494+0000] {processor.py:161} INFO - Started process (PID=953) to work on /home/airflow/.local/lib/python3.8/site-packages/airflow/example_dags/example_skip_dag.py
[2024-03-11T21:03:50.495+0000] {processor.py:830} INFO - Processing file /home/airflow/.local/lib/python3.8/site-packages/airflow/example_dags/example_skip_dag.py for tasks to queue
[2024-03-11T21:03:50.497+0000] {logging_mixin.py:188} INFO - [2024-03-11T21:03:50.497+0000] {dagbag.py:540} INFO - Filling up the DagBag from /home/airflow/.local/lib/python3.8/site-packages/airflow/example_dags/example_skip_dag.py
[2024-03-11T21:03:50.505+0000] {processor.py:840} INFO - DAG(s) 'example_skip_dag' retrieved from /home/airflow/.local/lib/python3.8/site-packages/airflow/example_dags/example_skip_dag.py
[2024-03-11T21:03:50.532+0000] {logging_mixin.py:188} INFO - [2024-03-11T21:03:50.532+0000] {dag.py:3047} INFO - Sync 1 DAGs
[2024-03-11T21:03:50.565+0000] {logging_mixin.py:188} INFO - [2024-03-11T21:03:50.565+0000] {dag.py:3834} INFO - Setting next_dagrun for example_skip_dag to 2024-03-10 00:00:00+00:00, run_after=2024-03-11 00:00:00+00:00
[2024-03-11T21:03:50.596+0000] {processor.py:183} INFO - Processing /home/airflow/.local/lib/python3.8/site-packages/airflow/example_dags/example_skip_dag.py took 0.105 seconds
[2024-03-11T21:04:20.700+0000] {processor.py:161} INFO - Started process (PID=1008) to work on /home/airflow/.local/lib/python3.8/site-packages/airflow/example_dags/example_skip_dag.py
[2024-03-11T21:04:20.701+0000] {processor.py:830} INFO - Processing file /home/airflow/.local/lib/python3.8/site-packages/airflow/example_dags/example_skip_dag.py for tasks to queue
[2024-03-11T21:04:20.703+0000] {logging_mixin.py:188} INFO - [2024-03-11T21:04:20.702+0000] {dagbag.py:540} INFO - Filling up the DagBag from /home/airflow/.local/lib/python3.8/site-packages/airflow/example_dags/example_skip_dag.py
[2024-03-11T21:04:20.712+0000] {processor.py:840} INFO - DAG(s) 'example_skip_dag' retrieved from /home/airflow/.local/lib/python3.8/site-packages/airflow/example_dags/example_skip_dag.py
[2024-03-11T21:04:20.739+0000] {logging_mixin.py:188} INFO - [2024-03-11T21:04:20.739+0000] {dag.py:3047} INFO - Sync 1 DAGs
[2024-03-11T21:04:20.778+0000] {logging_mixin.py:188} INFO - [2024-03-11T21:04:20.777+0000] {dag.py:3834} INFO - Setting next_dagrun for example_skip_dag to 2024-03-10 00:00:00+00:00, run_after=2024-03-11 00:00:00+00:00
[2024-03-11T21:04:20.808+0000] {processor.py:183} INFO - Processing /home/airflow/.local/lib/python3.8/site-packages/airflow/example_dags/example_skip_dag.py took 0.112 seconds
[2024-03-11T21:04:51.420+0000] {processor.py:161} INFO - Started process (PID=1063) to work on /home/airflow/.local/lib/python3.8/site-packages/airflow/example_dags/example_skip_dag.py
[2024-03-11T21:04:51.421+0000] {processor.py:830} INFO - Processing file /home/airflow/.local/lib/python3.8/site-packages/airflow/example_dags/example_skip_dag.py for tasks to queue
[2024-03-11T21:04:51.424+0000] {logging_mixin.py:188} INFO - [2024-03-11T21:04:51.423+0000] {dagbag.py:540} INFO - Filling up the DagBag from /home/airflow/.local/lib/python3.8/site-packages/airflow/example_dags/example_skip_dag.py
[2024-03-11T21:04:51.436+0000] {processor.py:840} INFO - DAG(s) 'example_skip_dag' retrieved from /home/airflow/.local/lib/python3.8/site-packages/airflow/example_dags/example_skip_dag.py
[2024-03-11T21:04:51.477+0000] {logging_mixin.py:188} INFO - [2024-03-11T21:04:51.477+0000] {dag.py:3047} INFO - Sync 1 DAGs
[2024-03-11T21:04:51.519+0000] {logging_mixin.py:188} INFO - [2024-03-11T21:04:51.519+0000] {dag.py:3834} INFO - Setting next_dagrun for example_skip_dag to 2024-03-10 00:00:00+00:00, run_after=2024-03-11 00:00:00+00:00
[2024-03-11T21:04:51.550+0000] {processor.py:183} INFO - Processing /home/airflow/.local/lib/python3.8/site-packages/airflow/example_dags/example_skip_dag.py took 0.134 seconds
[2024-03-11T21:05:21.949+0000] {processor.py:161} INFO - Started process (PID=1118) to work on /home/airflow/.local/lib/python3.8/site-packages/airflow/example_dags/example_skip_dag.py
[2024-03-11T21:05:21.950+0000] {processor.py:830} INFO - Processing file /home/airflow/.local/lib/python3.8/site-packages/airflow/example_dags/example_skip_dag.py for tasks to queue
[2024-03-11T21:05:21.953+0000] {logging_mixin.py:188} INFO - [2024-03-11T21:05:21.952+0000] {dagbag.py:540} INFO - Filling up the DagBag from /home/airflow/.local/lib/python3.8/site-packages/airflow/example_dags/example_skip_dag.py
[2024-03-11T21:05:21.963+0000] {processor.py:840} INFO - DAG(s) 'example_skip_dag' retrieved from /home/airflow/.local/lib/python3.8/site-packages/airflow/example_dags/example_skip_dag.py
[2024-03-11T21:05:21.996+0000] {logging_mixin.py:188} INFO - [2024-03-11T21:05:21.996+0000] {dag.py:3047} INFO - Sync 1 DAGs
[2024-03-11T21:05:22.027+0000] {logging_mixin.py:188} INFO - [2024-03-11T21:05:22.027+0000] {dag.py:3834} INFO - Setting next_dagrun for example_skip_dag to 2024-03-10 00:00:00+00:00, run_after=2024-03-11 00:00:00+00:00
[2024-03-11T21:05:22.057+0000] {processor.py:183} INFO - Processing /home/airflow/.local/lib/python3.8/site-packages/airflow/example_dags/example_skip_dag.py took 0.111 seconds
[2024-03-11T21:05:52.380+0000] {processor.py:161} INFO - Started process (PID=1173) to work on /home/airflow/.local/lib/python3.8/site-packages/airflow/example_dags/example_skip_dag.py
[2024-03-11T21:05:52.381+0000] {processor.py:830} INFO - Processing file /home/airflow/.local/lib/python3.8/site-packages/airflow/example_dags/example_skip_dag.py for tasks to queue
[2024-03-11T21:05:52.383+0000] {logging_mixin.py:188} INFO - [2024-03-11T21:05:52.383+0000] {dagbag.py:540} INFO - Filling up the DagBag from /home/airflow/.local/lib/python3.8/site-packages/airflow/example_dags/example_skip_dag.py
[2024-03-11T21:05:52.393+0000] {processor.py:840} INFO - DAG(s) 'example_skip_dag' retrieved from /home/airflow/.local/lib/python3.8/site-packages/airflow/example_dags/example_skip_dag.py
[2024-03-11T21:05:52.422+0000] {logging_mixin.py:188} INFO - [2024-03-11T21:05:52.421+0000] {dag.py:3047} INFO - Sync 1 DAGs
[2024-03-11T21:05:52.453+0000] {logging_mixin.py:188} INFO - [2024-03-11T21:05:52.453+0000] {dag.py:3834} INFO - Setting next_dagrun for example_skip_dag to 2024-03-10 00:00:00+00:00, run_after=2024-03-11 00:00:00+00:00
[2024-03-11T21:05:52.483+0000] {processor.py:183} INFO - Processing /home/airflow/.local/lib/python3.8/site-packages/airflow/example_dags/example_skip_dag.py took 0.107 seconds
[2024-03-11T21:06:23.126+0000] {processor.py:161} INFO - Started process (PID=1228) to work on /home/airflow/.local/lib/python3.8/site-packages/airflow/example_dags/example_skip_dag.py
[2024-03-11T21:06:23.128+0000] {processor.py:830} INFO - Processing file /home/airflow/.local/lib/python3.8/site-packages/airflow/example_dags/example_skip_dag.py for tasks to queue
[2024-03-11T21:06:23.131+0000] {logging_mixin.py:188} INFO - [2024-03-11T21:06:23.130+0000] {dagbag.py:540} INFO - Filling up the DagBag from /home/airflow/.local/lib/python3.8/site-packages/airflow/example_dags/example_skip_dag.py
[2024-03-11T21:06:23.139+0000] {processor.py:840} INFO - DAG(s) 'example_skip_dag' retrieved from /home/airflow/.local/lib/python3.8/site-packages/airflow/example_dags/example_skip_dag.py
[2024-03-11T21:06:23.169+0000] {logging_mixin.py:188} INFO - [2024-03-11T21:06:23.168+0000] {dag.py:3047} INFO - Sync 1 DAGs
[2024-03-11T21:06:23.200+0000] {logging_mixin.py:188} INFO - [2024-03-11T21:06:23.199+0000] {dag.py:3834} INFO - Setting next_dagrun for example_skip_dag to 2024-03-10 00:00:00+00:00, run_after=2024-03-11 00:00:00+00:00
[2024-03-11T21:06:23.230+0000] {processor.py:183} INFO - Processing /home/airflow/.local/lib/python3.8/site-packages/airflow/example_dags/example_skip_dag.py took 0.107 seconds
[2024-03-11T21:06:53.476+0000] {processor.py:161} INFO - Started process (PID=1283) to work on /home/airflow/.local/lib/python3.8/site-packages/airflow/example_dags/example_skip_dag.py
[2024-03-11T21:06:53.478+0000] {processor.py:830} INFO - Processing file /home/airflow/.local/lib/python3.8/site-packages/airflow/example_dags/example_skip_dag.py for tasks to queue
[2024-03-11T21:06:53.480+0000] {logging_mixin.py:188} INFO - [2024-03-11T21:06:53.479+0000] {dagbag.py:540} INFO - Filling up the DagBag from /home/airflow/.local/lib/python3.8/site-packages/airflow/example_dags/example_skip_dag.py
[2024-03-11T21:06:53.488+0000] {processor.py:840} INFO - DAG(s) 'example_skip_dag' retrieved from /home/airflow/.local/lib/python3.8/site-packages/airflow/example_dags/example_skip_dag.py
[2024-03-11T21:06:53.522+0000] {logging_mixin.py:188} INFO - [2024-03-11T21:06:53.522+0000] {dag.py:3047} INFO - Sync 1 DAGs
[2024-03-11T21:06:53.560+0000] {logging_mixin.py:188} INFO - [2024-03-11T21:06:53.559+0000] {dag.py:3834} INFO - Setting next_dagrun for example_skip_dag to 2024-03-10 00:00:00+00:00, run_after=2024-03-11 00:00:00+00:00
[2024-03-11T21:06:53.599+0000] {processor.py:183} INFO - Processing /home/airflow/.local/lib/python3.8/site-packages/airflow/example_dags/example_skip_dag.py took 0.126 seconds
