[2024-03-11T20:55:40.500+0000] {processor.py:161} INFO - Started process (PID=51) to work on /home/airflow/.local/lib/python3.8/site-packages/airflow/example_dags/example_external_task_marker_dag.py
[2024-03-11T20:55:40.501+0000] {processor.py:830} INFO - Processing file /home/airflow/.local/lib/python3.8/site-packages/airflow/example_dags/example_external_task_marker_dag.py for tasks to queue
[2024-03-11T20:55:40.504+0000] {logging_mixin.py:188} INFO - [2024-03-11T20:55:40.503+0000] {dagbag.py:540} INFO - Filling up the DagBag from /home/airflow/.local/lib/python3.8/site-packages/airflow/example_dags/example_external_task_marker_dag.py
[2024-03-11T20:55:40.512+0000] {processor.py:840} INFO - DAG(s) 'example_external_task_marker_parent', 'example_external_task_marker_child' retrieved from /home/airflow/.local/lib/python3.8/site-packages/airflow/example_dags/example_external_task_marker_dag.py
[2024-03-11T20:55:40.705+0000] {logging_mixin.py:188} INFO - [2024-03-11T20:55:40.704+0000] {override.py:1769} INFO - Created Permission View: can read on DAG:example_external_task_marker_parent
[2024-03-11T20:55:40.725+0000] {logging_mixin.py:188} INFO - [2024-03-11T20:55:40.724+0000] {override.py:1769} INFO - Created Permission View: can delete on DAG:example_external_task_marker_parent
[2024-03-11T20:55:40.737+0000] {logging_mixin.py:188} INFO - [2024-03-11T20:55:40.737+0000] {override.py:1769} INFO - Created Permission View: can edit on DAG:example_external_task_marker_parent
[2024-03-11T20:55:40.761+0000] {logging_mixin.py:188} INFO - [2024-03-11T20:55:40.760+0000] {override.py:1769} INFO - Created Permission View: can read on DAG:example_external_task_marker_child
[2024-03-11T20:55:40.774+0000] {logging_mixin.py:188} INFO - [2024-03-11T20:55:40.774+0000] {override.py:1769} INFO - Created Permission View: can delete on DAG:example_external_task_marker_child
[2024-03-11T20:55:40.789+0000] {logging_mixin.py:188} INFO - [2024-03-11T20:55:40.789+0000] {override.py:1769} INFO - Created Permission View: can edit on DAG:example_external_task_marker_child
[2024-03-11T20:55:40.791+0000] {logging_mixin.py:188} INFO - [2024-03-11T20:55:40.790+0000] {dag.py:3047} INFO - Sync 2 DAGs
[2024-03-11T20:55:40.816+0000] {logging_mixin.py:188} INFO - [2024-03-11T20:55:40.815+0000] {dag.py:3069} INFO - Creating ORM DAG for example_external_task_marker_parent
[2024-03-11T20:55:40.818+0000] {logging_mixin.py:188} INFO - [2024-03-11T20:55:40.817+0000] {dag.py:3069} INFO - Creating ORM DAG for example_external_task_marker_child
[2024-03-11T20:55:40.819+0000] {logging_mixin.py:188} INFO - [2024-03-11T20:55:40.818+0000] {dag.py:3834} INFO - Setting next_dagrun for example_external_task_marker_child to None, run_after=None
[2024-03-11T20:55:40.820+0000] {logging_mixin.py:188} INFO - [2024-03-11T20:55:40.820+0000] {dag.py:3834} INFO - Setting next_dagrun for example_external_task_marker_parent to None, run_after=None
[2024-03-11T20:55:40.856+0000] {processor.py:183} INFO - Processing /home/airflow/.local/lib/python3.8/site-packages/airflow/example_dags/example_external_task_marker_dag.py took 0.361 seconds
[2024-03-11T20:56:11.816+0000] {processor.py:161} INFO - Started process (PID=106) to work on /home/airflow/.local/lib/python3.8/site-packages/airflow/example_dags/example_external_task_marker_dag.py
[2024-03-11T20:56:11.818+0000] {processor.py:830} INFO - Processing file /home/airflow/.local/lib/python3.8/site-packages/airflow/example_dags/example_external_task_marker_dag.py for tasks to queue
[2024-03-11T20:56:11.821+0000] {logging_mixin.py:188} INFO - [2024-03-11T20:56:11.820+0000] {dagbag.py:540} INFO - Filling up the DagBag from /home/airflow/.local/lib/python3.8/site-packages/airflow/example_dags/example_external_task_marker_dag.py
[2024-03-11T20:56:11.835+0000] {processor.py:840} INFO - DAG(s) 'example_external_task_marker_child', 'example_external_task_marker_parent' retrieved from /home/airflow/.local/lib/python3.8/site-packages/airflow/example_dags/example_external_task_marker_dag.py
[2024-03-11T20:56:11.871+0000] {logging_mixin.py:188} INFO - [2024-03-11T20:56:11.870+0000] {dag.py:3047} INFO - Sync 2 DAGs
[2024-03-11T20:56:11.889+0000] {logging_mixin.py:188} INFO - [2024-03-11T20:56:11.889+0000] {dag.py:3834} INFO - Setting next_dagrun for example_external_task_marker_child to None, run_after=None
[2024-03-11T20:56:11.895+0000] {logging_mixin.py:188} INFO - [2024-03-11T20:56:11.894+0000] {dag.py:3834} INFO - Setting next_dagrun for example_external_task_marker_parent to None, run_after=None
[2024-03-11T20:56:11.932+0000] {processor.py:183} INFO - Processing /home/airflow/.local/lib/python3.8/site-packages/airflow/example_dags/example_external_task_marker_dag.py took 0.121 seconds
[2024-03-11T20:56:42.096+0000] {processor.py:161} INFO - Started process (PID=161) to work on /home/airflow/.local/lib/python3.8/site-packages/airflow/example_dags/example_external_task_marker_dag.py
[2024-03-11T20:56:42.097+0000] {processor.py:830} INFO - Processing file /home/airflow/.local/lib/python3.8/site-packages/airflow/example_dags/example_external_task_marker_dag.py for tasks to queue
[2024-03-11T20:56:42.100+0000] {logging_mixin.py:188} INFO - [2024-03-11T20:56:42.099+0000] {dagbag.py:540} INFO - Filling up the DagBag from /home/airflow/.local/lib/python3.8/site-packages/airflow/example_dags/example_external_task_marker_dag.py
[2024-03-11T20:56:42.107+0000] {processor.py:840} INFO - DAG(s) 'example_external_task_marker_child', 'example_external_task_marker_parent' retrieved from /home/airflow/.local/lib/python3.8/site-packages/airflow/example_dags/example_external_task_marker_dag.py
[2024-03-11T20:56:42.144+0000] {logging_mixin.py:188} INFO - [2024-03-11T20:56:42.143+0000] {dag.py:3047} INFO - Sync 2 DAGs
[2024-03-11T20:56:42.163+0000] {logging_mixin.py:188} INFO - [2024-03-11T20:56:42.163+0000] {dag.py:3834} INFO - Setting next_dagrun for example_external_task_marker_child to None, run_after=None
[2024-03-11T20:56:42.169+0000] {logging_mixin.py:188} INFO - [2024-03-11T20:56:42.169+0000] {dag.py:3834} INFO - Setting next_dagrun for example_external_task_marker_parent to None, run_after=None
[2024-03-11T20:56:42.209+0000] {processor.py:183} INFO - Processing /home/airflow/.local/lib/python3.8/site-packages/airflow/example_dags/example_external_task_marker_dag.py took 0.117 seconds
[2024-03-11T20:57:12.645+0000] {processor.py:161} INFO - Started process (PID=222) to work on /home/airflow/.local/lib/python3.8/site-packages/airflow/example_dags/example_external_task_marker_dag.py
[2024-03-11T20:57:12.647+0000] {processor.py:830} INFO - Processing file /home/airflow/.local/lib/python3.8/site-packages/airflow/example_dags/example_external_task_marker_dag.py for tasks to queue
[2024-03-11T20:57:12.650+0000] {logging_mixin.py:188} INFO - [2024-03-11T20:57:12.649+0000] {dagbag.py:540} INFO - Filling up the DagBag from /home/airflow/.local/lib/python3.8/site-packages/airflow/example_dags/example_external_task_marker_dag.py
[2024-03-11T20:57:12.657+0000] {processor.py:840} INFO - DAG(s) 'example_external_task_marker_parent', 'example_external_task_marker_child' retrieved from /home/airflow/.local/lib/python3.8/site-packages/airflow/example_dags/example_external_task_marker_dag.py
[2024-03-11T20:57:12.692+0000] {logging_mixin.py:188} INFO - [2024-03-11T20:57:12.691+0000] {dag.py:3047} INFO - Sync 2 DAGs
[2024-03-11T20:57:12.715+0000] {logging_mixin.py:188} INFO - [2024-03-11T20:57:12.715+0000] {dag.py:3834} INFO - Setting next_dagrun for example_external_task_marker_child to None, run_after=None
[2024-03-11T20:57:12.724+0000] {logging_mixin.py:188} INFO - [2024-03-11T20:57:12.723+0000] {dag.py:3834} INFO - Setting next_dagrun for example_external_task_marker_parent to None, run_after=None
[2024-03-11T20:57:12.756+0000] {processor.py:183} INFO - Processing /home/airflow/.local/lib/python3.8/site-packages/airflow/example_dags/example_external_task_marker_dag.py took 0.114 seconds
[2024-03-11T20:57:42.846+0000] {processor.py:161} INFO - Started process (PID=277) to work on /home/airflow/.local/lib/python3.8/site-packages/airflow/example_dags/example_external_task_marker_dag.py
[2024-03-11T20:57:42.847+0000] {processor.py:830} INFO - Processing file /home/airflow/.local/lib/python3.8/site-packages/airflow/example_dags/example_external_task_marker_dag.py for tasks to queue
[2024-03-11T20:57:42.850+0000] {logging_mixin.py:188} INFO - [2024-03-11T20:57:42.850+0000] {dagbag.py:540} INFO - Filling up the DagBag from /home/airflow/.local/lib/python3.8/site-packages/airflow/example_dags/example_external_task_marker_dag.py
[2024-03-11T20:57:42.858+0000] {processor.py:840} INFO - DAG(s) 'example_external_task_marker_parent', 'example_external_task_marker_child' retrieved from /home/airflow/.local/lib/python3.8/site-packages/airflow/example_dags/example_external_task_marker_dag.py
[2024-03-11T20:57:42.893+0000] {logging_mixin.py:188} INFO - [2024-03-11T20:57:42.893+0000] {dag.py:3047} INFO - Sync 2 DAGs
[2024-03-11T20:57:42.912+0000] {logging_mixin.py:188} INFO - [2024-03-11T20:57:42.911+0000] {dag.py:3834} INFO - Setting next_dagrun for example_external_task_marker_child to None, run_after=None
[2024-03-11T20:57:42.918+0000] {logging_mixin.py:188} INFO - [2024-03-11T20:57:42.918+0000] {dag.py:3834} INFO - Setting next_dagrun for example_external_task_marker_parent to None, run_after=None
[2024-03-11T20:57:42.956+0000] {processor.py:183} INFO - Processing /home/airflow/.local/lib/python3.8/site-packages/airflow/example_dags/example_external_task_marker_dag.py took 0.113 seconds
[2024-03-11T20:58:13.304+0000] {processor.py:161} INFO - Started process (PID=332) to work on /home/airflow/.local/lib/python3.8/site-packages/airflow/example_dags/example_external_task_marker_dag.py
[2024-03-11T20:58:13.306+0000] {processor.py:830} INFO - Processing file /home/airflow/.local/lib/python3.8/site-packages/airflow/example_dags/example_external_task_marker_dag.py for tasks to queue
[2024-03-11T20:58:13.308+0000] {logging_mixin.py:188} INFO - [2024-03-11T20:58:13.308+0000] {dagbag.py:540} INFO - Filling up the DagBag from /home/airflow/.local/lib/python3.8/site-packages/airflow/example_dags/example_external_task_marker_dag.py
[2024-03-11T20:58:13.316+0000] {processor.py:840} INFO - DAG(s) 'example_external_task_marker_parent', 'example_external_task_marker_child' retrieved from /home/airflow/.local/lib/python3.8/site-packages/airflow/example_dags/example_external_task_marker_dag.py
[2024-03-11T20:58:13.352+0000] {logging_mixin.py:188} INFO - [2024-03-11T20:58:13.351+0000] {dag.py:3047} INFO - Sync 2 DAGs
[2024-03-11T20:58:13.374+0000] {logging_mixin.py:188} INFO - [2024-03-11T20:58:13.373+0000] {dag.py:3834} INFO - Setting next_dagrun for example_external_task_marker_child to None, run_after=None
[2024-03-11T20:58:13.380+0000] {logging_mixin.py:188} INFO - [2024-03-11T20:58:13.380+0000] {dag.py:3834} INFO - Setting next_dagrun for example_external_task_marker_parent to None, run_after=None
[2024-03-11T20:58:13.417+0000] {processor.py:183} INFO - Processing /home/airflow/.local/lib/python3.8/site-packages/airflow/example_dags/example_external_task_marker_dag.py took 0.118 seconds
[2024-03-11T20:58:43.685+0000] {processor.py:161} INFO - Started process (PID=388) to work on /home/airflow/.local/lib/python3.8/site-packages/airflow/example_dags/example_external_task_marker_dag.py
[2024-03-11T20:58:43.686+0000] {processor.py:830} INFO - Processing file /home/airflow/.local/lib/python3.8/site-packages/airflow/example_dags/example_external_task_marker_dag.py for tasks to queue
[2024-03-11T20:58:43.689+0000] {logging_mixin.py:188} INFO - [2024-03-11T20:58:43.688+0000] {dagbag.py:540} INFO - Filling up the DagBag from /home/airflow/.local/lib/python3.8/site-packages/airflow/example_dags/example_external_task_marker_dag.py
[2024-03-11T20:58:43.696+0000] {processor.py:840} INFO - DAG(s) 'example_external_task_marker_parent', 'example_external_task_marker_child' retrieved from /home/airflow/.local/lib/python3.8/site-packages/airflow/example_dags/example_external_task_marker_dag.py
[2024-03-11T20:58:43.737+0000] {logging_mixin.py:188} INFO - [2024-03-11T20:58:43.736+0000] {dag.py:3047} INFO - Sync 2 DAGs
[2024-03-11T20:58:43.759+0000] {logging_mixin.py:188} INFO - [2024-03-11T20:58:43.759+0000] {dag.py:3834} INFO - Setting next_dagrun for example_external_task_marker_child to None, run_after=None
[2024-03-11T20:58:43.767+0000] {logging_mixin.py:188} INFO - [2024-03-11T20:58:43.767+0000] {dag.py:3834} INFO - Setting next_dagrun for example_external_task_marker_parent to None, run_after=None
[2024-03-11T20:58:43.807+0000] {processor.py:183} INFO - Processing /home/airflow/.local/lib/python3.8/site-packages/airflow/example_dags/example_external_task_marker_dag.py took 0.126 seconds
[2024-03-11T20:59:13.975+0000] {processor.py:161} INFO - Started process (PID=443) to work on /home/airflow/.local/lib/python3.8/site-packages/airflow/example_dags/example_external_task_marker_dag.py
[2024-03-11T20:59:13.977+0000] {processor.py:830} INFO - Processing file /home/airflow/.local/lib/python3.8/site-packages/airflow/example_dags/example_external_task_marker_dag.py for tasks to queue
[2024-03-11T20:59:13.980+0000] {logging_mixin.py:188} INFO - [2024-03-11T20:59:13.980+0000] {dagbag.py:540} INFO - Filling up the DagBag from /home/airflow/.local/lib/python3.8/site-packages/airflow/example_dags/example_external_task_marker_dag.py
[2024-03-11T20:59:13.991+0000] {processor.py:840} INFO - DAG(s) 'example_external_task_marker_child', 'example_external_task_marker_parent' retrieved from /home/airflow/.local/lib/python3.8/site-packages/airflow/example_dags/example_external_task_marker_dag.py
[2024-03-11T20:59:14.033+0000] {logging_mixin.py:188} INFO - [2024-03-11T20:59:14.032+0000] {dag.py:3047} INFO - Sync 2 DAGs
[2024-03-11T20:59:14.057+0000] {logging_mixin.py:188} INFO - [2024-03-11T20:59:14.056+0000] {dag.py:3834} INFO - Setting next_dagrun for example_external_task_marker_child to None, run_after=None
[2024-03-11T20:59:14.064+0000] {logging_mixin.py:188} INFO - [2024-03-11T20:59:14.064+0000] {dag.py:3834} INFO - Setting next_dagrun for example_external_task_marker_parent to None, run_after=None
[2024-03-11T20:59:14.099+0000] {processor.py:183} INFO - Processing /home/airflow/.local/lib/python3.8/site-packages/airflow/example_dags/example_external_task_marker_dag.py took 0.133 seconds
[2024-03-11T20:59:44.466+0000] {processor.py:161} INFO - Started process (PID=498) to work on /home/airflow/.local/lib/python3.8/site-packages/airflow/example_dags/example_external_task_marker_dag.py
[2024-03-11T20:59:44.467+0000] {processor.py:830} INFO - Processing file /home/airflow/.local/lib/python3.8/site-packages/airflow/example_dags/example_external_task_marker_dag.py for tasks to queue
[2024-03-11T20:59:44.469+0000] {logging_mixin.py:188} INFO - [2024-03-11T20:59:44.469+0000] {dagbag.py:540} INFO - Filling up the DagBag from /home/airflow/.local/lib/python3.8/site-packages/airflow/example_dags/example_external_task_marker_dag.py
[2024-03-11T20:59:44.477+0000] {processor.py:840} INFO - DAG(s) 'example_external_task_marker_parent', 'example_external_task_marker_child' retrieved from /home/airflow/.local/lib/python3.8/site-packages/airflow/example_dags/example_external_task_marker_dag.py
[2024-03-11T20:59:44.517+0000] {logging_mixin.py:188} INFO - [2024-03-11T20:59:44.517+0000] {dag.py:3047} INFO - Sync 2 DAGs
[2024-03-11T20:59:44.544+0000] {logging_mixin.py:188} INFO - [2024-03-11T20:59:44.544+0000] {dag.py:3834} INFO - Setting next_dagrun for example_external_task_marker_child to None, run_after=None
[2024-03-11T20:59:44.551+0000] {logging_mixin.py:188} INFO - [2024-03-11T20:59:44.551+0000] {dag.py:3834} INFO - Setting next_dagrun for example_external_task_marker_parent to None, run_after=None
[2024-03-11T20:59:44.582+0000] {processor.py:183} INFO - Processing /home/airflow/.local/lib/python3.8/site-packages/airflow/example_dags/example_external_task_marker_dag.py took 0.121 seconds
[2024-03-11T21:00:14.725+0000] {processor.py:161} INFO - Started process (PID=553) to work on /home/airflow/.local/lib/python3.8/site-packages/airflow/example_dags/example_external_task_marker_dag.py
[2024-03-11T21:00:14.727+0000] {processor.py:830} INFO - Processing file /home/airflow/.local/lib/python3.8/site-packages/airflow/example_dags/example_external_task_marker_dag.py for tasks to queue
[2024-03-11T21:00:14.730+0000] {logging_mixin.py:188} INFO - [2024-03-11T21:00:14.729+0000] {dagbag.py:540} INFO - Filling up the DagBag from /home/airflow/.local/lib/python3.8/site-packages/airflow/example_dags/example_external_task_marker_dag.py
[2024-03-11T21:00:14.739+0000] {processor.py:840} INFO - DAG(s) 'example_external_task_marker_parent', 'example_external_task_marker_child' retrieved from /home/airflow/.local/lib/python3.8/site-packages/airflow/example_dags/example_external_task_marker_dag.py
[2024-03-11T21:00:14.778+0000] {logging_mixin.py:188} INFO - [2024-03-11T21:00:14.778+0000] {dag.py:3047} INFO - Sync 2 DAGs
[2024-03-11T21:00:14.800+0000] {logging_mixin.py:188} INFO - [2024-03-11T21:00:14.799+0000] {dag.py:3834} INFO - Setting next_dagrun for example_external_task_marker_child to None, run_after=None
[2024-03-11T21:00:14.806+0000] {logging_mixin.py:188} INFO - [2024-03-11T21:00:14.806+0000] {dag.py:3834} INFO - Setting next_dagrun for example_external_task_marker_parent to None, run_after=None
[2024-03-11T21:00:14.842+0000] {processor.py:183} INFO - Processing /home/airflow/.local/lib/python3.8/site-packages/airflow/example_dags/example_external_task_marker_dag.py took 0.120 seconds
[2024-03-11T21:00:44.942+0000] {processor.py:161} INFO - Started process (PID=608) to work on /home/airflow/.local/lib/python3.8/site-packages/airflow/example_dags/example_external_task_marker_dag.py
[2024-03-11T21:00:44.944+0000] {processor.py:830} INFO - Processing file /home/airflow/.local/lib/python3.8/site-packages/airflow/example_dags/example_external_task_marker_dag.py for tasks to queue
[2024-03-11T21:00:44.946+0000] {logging_mixin.py:188} INFO - [2024-03-11T21:00:44.946+0000] {dagbag.py:540} INFO - Filling up the DagBag from /home/airflow/.local/lib/python3.8/site-packages/airflow/example_dags/example_external_task_marker_dag.py
[2024-03-11T21:00:44.955+0000] {processor.py:840} INFO - DAG(s) 'example_external_task_marker_parent', 'example_external_task_marker_child' retrieved from /home/airflow/.local/lib/python3.8/site-packages/airflow/example_dags/example_external_task_marker_dag.py
[2024-03-11T21:00:44.994+0000] {logging_mixin.py:188} INFO - [2024-03-11T21:00:44.993+0000] {dag.py:3047} INFO - Sync 2 DAGs
[2024-03-11T21:00:45.013+0000] {logging_mixin.py:188} INFO - [2024-03-11T21:00:45.013+0000] {dag.py:3834} INFO - Setting next_dagrun for example_external_task_marker_child to None, run_after=None
[2024-03-11T21:00:45.019+0000] {logging_mixin.py:188} INFO - [2024-03-11T21:00:45.019+0000] {dag.py:3834} INFO - Setting next_dagrun for example_external_task_marker_parent to None, run_after=None
[2024-03-11T21:00:45.049+0000] {processor.py:183} INFO - Processing /home/airflow/.local/lib/python3.8/site-packages/airflow/example_dags/example_external_task_marker_dag.py took 0.110 seconds
[2024-03-11T21:01:15.666+0000] {processor.py:161} INFO - Started process (PID=663) to work on /home/airflow/.local/lib/python3.8/site-packages/airflow/example_dags/example_external_task_marker_dag.py
[2024-03-11T21:01:15.667+0000] {processor.py:830} INFO - Processing file /home/airflow/.local/lib/python3.8/site-packages/airflow/example_dags/example_external_task_marker_dag.py for tasks to queue
[2024-03-11T21:01:15.670+0000] {logging_mixin.py:188} INFO - [2024-03-11T21:01:15.670+0000] {dagbag.py:540} INFO - Filling up the DagBag from /home/airflow/.local/lib/python3.8/site-packages/airflow/example_dags/example_external_task_marker_dag.py
[2024-03-11T21:01:15.680+0000] {processor.py:840} INFO - DAG(s) 'example_external_task_marker_child', 'example_external_task_marker_parent' retrieved from /home/airflow/.local/lib/python3.8/site-packages/airflow/example_dags/example_external_task_marker_dag.py
[2024-03-11T21:01:15.715+0000] {logging_mixin.py:188} INFO - [2024-03-11T21:01:15.715+0000] {dag.py:3047} INFO - Sync 2 DAGs
[2024-03-11T21:01:15.733+0000] {logging_mixin.py:188} INFO - [2024-03-11T21:01:15.733+0000] {dag.py:3834} INFO - Setting next_dagrun for example_external_task_marker_child to None, run_after=None
[2024-03-11T21:01:15.741+0000] {logging_mixin.py:188} INFO - [2024-03-11T21:01:15.741+0000] {dag.py:3834} INFO - Setting next_dagrun for example_external_task_marker_parent to None, run_after=None
[2024-03-11T21:01:15.769+0000] {processor.py:183} INFO - Processing /home/airflow/.local/lib/python3.8/site-packages/airflow/example_dags/example_external_task_marker_dag.py took 0.106 seconds
[2024-03-11T21:01:45.927+0000] {processor.py:161} INFO - Started process (PID=718) to work on /home/airflow/.local/lib/python3.8/site-packages/airflow/example_dags/example_external_task_marker_dag.py
[2024-03-11T21:01:45.929+0000] {processor.py:830} INFO - Processing file /home/airflow/.local/lib/python3.8/site-packages/airflow/example_dags/example_external_task_marker_dag.py for tasks to queue
[2024-03-11T21:01:45.932+0000] {logging_mixin.py:188} INFO - [2024-03-11T21:01:45.931+0000] {dagbag.py:540} INFO - Filling up the DagBag from /home/airflow/.local/lib/python3.8/site-packages/airflow/example_dags/example_external_task_marker_dag.py
[2024-03-11T21:01:45.944+0000] {processor.py:840} INFO - DAG(s) 'example_external_task_marker_parent', 'example_external_task_marker_child' retrieved from /home/airflow/.local/lib/python3.8/site-packages/airflow/example_dags/example_external_task_marker_dag.py
[2024-03-11T21:01:45.990+0000] {logging_mixin.py:188} INFO - [2024-03-11T21:01:45.989+0000] {dag.py:3047} INFO - Sync 2 DAGs
[2024-03-11T21:01:46.014+0000] {logging_mixin.py:188} INFO - [2024-03-11T21:01:46.014+0000] {dag.py:3834} INFO - Setting next_dagrun for example_external_task_marker_child to None, run_after=None
[2024-03-11T21:01:46.021+0000] {logging_mixin.py:188} INFO - [2024-03-11T21:01:46.021+0000] {dag.py:3834} INFO - Setting next_dagrun for example_external_task_marker_parent to None, run_after=None
[2024-03-11T21:01:46.049+0000] {processor.py:183} INFO - Processing /home/airflow/.local/lib/python3.8/site-packages/airflow/example_dags/example_external_task_marker_dag.py took 0.126 seconds
[2024-03-11T21:02:16.153+0000] {processor.py:161} INFO - Started process (PID=773) to work on /home/airflow/.local/lib/python3.8/site-packages/airflow/example_dags/example_external_task_marker_dag.py
[2024-03-11T21:02:16.155+0000] {processor.py:830} INFO - Processing file /home/airflow/.local/lib/python3.8/site-packages/airflow/example_dags/example_external_task_marker_dag.py for tasks to queue
[2024-03-11T21:02:16.157+0000] {logging_mixin.py:188} INFO - [2024-03-11T21:02:16.157+0000] {dagbag.py:540} INFO - Filling up the DagBag from /home/airflow/.local/lib/python3.8/site-packages/airflow/example_dags/example_external_task_marker_dag.py
[2024-03-11T21:02:16.165+0000] {processor.py:840} INFO - DAG(s) 'example_external_task_marker_parent', 'example_external_task_marker_child' retrieved from /home/airflow/.local/lib/python3.8/site-packages/airflow/example_dags/example_external_task_marker_dag.py
[2024-03-11T21:02:16.204+0000] {logging_mixin.py:188} INFO - [2024-03-11T21:02:16.204+0000] {dag.py:3047} INFO - Sync 2 DAGs
[2024-03-11T21:02:16.228+0000] {logging_mixin.py:188} INFO - [2024-03-11T21:02:16.227+0000] {dag.py:3834} INFO - Setting next_dagrun for example_external_task_marker_child to None, run_after=None
[2024-03-11T21:02:16.235+0000] {logging_mixin.py:188} INFO - [2024-03-11T21:02:16.235+0000] {dag.py:3834} INFO - Setting next_dagrun for example_external_task_marker_parent to None, run_after=None
[2024-03-11T21:02:16.262+0000] {processor.py:183} INFO - Processing /home/airflow/.local/lib/python3.8/site-packages/airflow/example_dags/example_external_task_marker_dag.py took 0.114 seconds
[2024-03-11T21:02:46.382+0000] {processor.py:161} INFO - Started process (PID=828) to work on /home/airflow/.local/lib/python3.8/site-packages/airflow/example_dags/example_external_task_marker_dag.py
[2024-03-11T21:02:46.383+0000] {processor.py:830} INFO - Processing file /home/airflow/.local/lib/python3.8/site-packages/airflow/example_dags/example_external_task_marker_dag.py for tasks to queue
[2024-03-11T21:02:46.385+0000] {logging_mixin.py:188} INFO - [2024-03-11T21:02:46.385+0000] {dagbag.py:540} INFO - Filling up the DagBag from /home/airflow/.local/lib/python3.8/site-packages/airflow/example_dags/example_external_task_marker_dag.py
[2024-03-11T21:02:46.393+0000] {processor.py:840} INFO - DAG(s) 'example_external_task_marker_child', 'example_external_task_marker_parent' retrieved from /home/airflow/.local/lib/python3.8/site-packages/airflow/example_dags/example_external_task_marker_dag.py
[2024-03-11T21:02:46.431+0000] {logging_mixin.py:188} INFO - [2024-03-11T21:02:46.430+0000] {dag.py:3047} INFO - Sync 2 DAGs
[2024-03-11T21:02:46.455+0000] {logging_mixin.py:188} INFO - [2024-03-11T21:02:46.455+0000] {dag.py:3834} INFO - Setting next_dagrun for example_external_task_marker_child to None, run_after=None
[2024-03-11T21:02:46.461+0000] {logging_mixin.py:188} INFO - [2024-03-11T21:02:46.461+0000] {dag.py:3834} INFO - Setting next_dagrun for example_external_task_marker_parent to None, run_after=None
[2024-03-11T21:02:46.500+0000] {processor.py:183} INFO - Processing /home/airflow/.local/lib/python3.8/site-packages/airflow/example_dags/example_external_task_marker_dag.py took 0.122 seconds
[2024-03-11T21:03:16.792+0000] {processor.py:161} INFO - Started process (PID=883) to work on /home/airflow/.local/lib/python3.8/site-packages/airflow/example_dags/example_external_task_marker_dag.py
[2024-03-11T21:03:16.793+0000] {processor.py:830} INFO - Processing file /home/airflow/.local/lib/python3.8/site-packages/airflow/example_dags/example_external_task_marker_dag.py for tasks to queue
[2024-03-11T21:03:16.796+0000] {logging_mixin.py:188} INFO - [2024-03-11T21:03:16.795+0000] {dagbag.py:540} INFO - Filling up the DagBag from /home/airflow/.local/lib/python3.8/site-packages/airflow/example_dags/example_external_task_marker_dag.py
[2024-03-11T21:03:16.803+0000] {processor.py:840} INFO - DAG(s) 'example_external_task_marker_child', 'example_external_task_marker_parent' retrieved from /home/airflow/.local/lib/python3.8/site-packages/airflow/example_dags/example_external_task_marker_dag.py
[2024-03-11T21:03:16.836+0000] {logging_mixin.py:188} INFO - [2024-03-11T21:03:16.836+0000] {dag.py:3047} INFO - Sync 2 DAGs
[2024-03-11T21:03:16.860+0000] {logging_mixin.py:188} INFO - [2024-03-11T21:03:16.859+0000] {dag.py:3834} INFO - Setting next_dagrun for example_external_task_marker_child to None, run_after=None
[2024-03-11T21:03:16.866+0000] {logging_mixin.py:188} INFO - [2024-03-11T21:03:16.865+0000] {dag.py:3834} INFO - Setting next_dagrun for example_external_task_marker_parent to None, run_after=None
[2024-03-11T21:03:16.896+0000] {processor.py:183} INFO - Processing /home/airflow/.local/lib/python3.8/site-packages/airflow/example_dags/example_external_task_marker_dag.py took 0.107 seconds
[2024-03-11T21:03:47.573+0000] {processor.py:161} INFO - Started process (PID=939) to work on /home/airflow/.local/lib/python3.8/site-packages/airflow/example_dags/example_external_task_marker_dag.py
[2024-03-11T21:03:47.574+0000] {processor.py:830} INFO - Processing file /home/airflow/.local/lib/python3.8/site-packages/airflow/example_dags/example_external_task_marker_dag.py for tasks to queue
[2024-03-11T21:03:47.577+0000] {logging_mixin.py:188} INFO - [2024-03-11T21:03:47.576+0000] {dagbag.py:540} INFO - Filling up the DagBag from /home/airflow/.local/lib/python3.8/site-packages/airflow/example_dags/example_external_task_marker_dag.py
[2024-03-11T21:03:47.584+0000] {processor.py:840} INFO - DAG(s) 'example_external_task_marker_parent', 'example_external_task_marker_child' retrieved from /home/airflow/.local/lib/python3.8/site-packages/airflow/example_dags/example_external_task_marker_dag.py
[2024-03-11T21:03:47.621+0000] {logging_mixin.py:188} INFO - [2024-03-11T21:03:47.621+0000] {dag.py:3047} INFO - Sync 2 DAGs
[2024-03-11T21:03:47.640+0000] {logging_mixin.py:188} INFO - [2024-03-11T21:03:47.639+0000] {dag.py:3834} INFO - Setting next_dagrun for example_external_task_marker_child to None, run_after=None
[2024-03-11T21:03:47.648+0000] {logging_mixin.py:188} INFO - [2024-03-11T21:03:47.648+0000] {dag.py:3834} INFO - Setting next_dagrun for example_external_task_marker_parent to None, run_after=None
[2024-03-11T21:03:47.678+0000] {processor.py:183} INFO - Processing /home/airflow/.local/lib/python3.8/site-packages/airflow/example_dags/example_external_task_marker_dag.py took 0.108 seconds
[2024-03-11T21:04:17.906+0000] {processor.py:161} INFO - Started process (PID=994) to work on /home/airflow/.local/lib/python3.8/site-packages/airflow/example_dags/example_external_task_marker_dag.py
[2024-03-11T21:04:17.908+0000] {processor.py:830} INFO - Processing file /home/airflow/.local/lib/python3.8/site-packages/airflow/example_dags/example_external_task_marker_dag.py for tasks to queue
[2024-03-11T21:04:17.911+0000] {logging_mixin.py:188} INFO - [2024-03-11T21:04:17.911+0000] {dagbag.py:540} INFO - Filling up the DagBag from /home/airflow/.local/lib/python3.8/site-packages/airflow/example_dags/example_external_task_marker_dag.py
[2024-03-11T21:04:17.921+0000] {processor.py:840} INFO - DAG(s) 'example_external_task_marker_parent', 'example_external_task_marker_child' retrieved from /home/airflow/.local/lib/python3.8/site-packages/airflow/example_dags/example_external_task_marker_dag.py
[2024-03-11T21:04:17.964+0000] {logging_mixin.py:188} INFO - [2024-03-11T21:04:17.964+0000] {dag.py:3047} INFO - Sync 2 DAGs
[2024-03-11T21:04:17.986+0000] {logging_mixin.py:188} INFO - [2024-03-11T21:04:17.985+0000] {dag.py:3834} INFO - Setting next_dagrun for example_external_task_marker_child to None, run_after=None
[2024-03-11T21:04:17.994+0000] {logging_mixin.py:188} INFO - [2024-03-11T21:04:17.994+0000] {dag.py:3834} INFO - Setting next_dagrun for example_external_task_marker_parent to None, run_after=None
[2024-03-11T21:04:18.022+0000] {processor.py:183} INFO - Processing /home/airflow/.local/lib/python3.8/site-packages/airflow/example_dags/example_external_task_marker_dag.py took 0.121 seconds
[2024-03-11T21:04:48.373+0000] {processor.py:161} INFO - Started process (PID=1049) to work on /home/airflow/.local/lib/python3.8/site-packages/airflow/example_dags/example_external_task_marker_dag.py
[2024-03-11T21:04:48.374+0000] {processor.py:830} INFO - Processing file /home/airflow/.local/lib/python3.8/site-packages/airflow/example_dags/example_external_task_marker_dag.py for tasks to queue
[2024-03-11T21:04:48.377+0000] {logging_mixin.py:188} INFO - [2024-03-11T21:04:48.376+0000] {dagbag.py:540} INFO - Filling up the DagBag from /home/airflow/.local/lib/python3.8/site-packages/airflow/example_dags/example_external_task_marker_dag.py
[2024-03-11T21:04:48.387+0000] {processor.py:840} INFO - DAG(s) 'example_external_task_marker_child', 'example_external_task_marker_parent' retrieved from /home/airflow/.local/lib/python3.8/site-packages/airflow/example_dags/example_external_task_marker_dag.py
[2024-03-11T21:04:48.422+0000] {logging_mixin.py:188} INFO - [2024-03-11T21:04:48.421+0000] {dag.py:3047} INFO - Sync 2 DAGs
[2024-03-11T21:04:48.443+0000] {logging_mixin.py:188} INFO - [2024-03-11T21:04:48.442+0000] {dag.py:3834} INFO - Setting next_dagrun for example_external_task_marker_child to None, run_after=None
[2024-03-11T21:04:48.450+0000] {logging_mixin.py:188} INFO - [2024-03-11T21:04:48.450+0000] {dag.py:3834} INFO - Setting next_dagrun for example_external_task_marker_parent to None, run_after=None
[2024-03-11T21:04:48.488+0000] {processor.py:183} INFO - Processing /home/airflow/.local/lib/python3.8/site-packages/airflow/example_dags/example_external_task_marker_dag.py took 0.119 seconds
[2024-03-11T21:05:18.903+0000] {processor.py:161} INFO - Started process (PID=1104) to work on /home/airflow/.local/lib/python3.8/site-packages/airflow/example_dags/example_external_task_marker_dag.py
[2024-03-11T21:05:18.907+0000] {processor.py:830} INFO - Processing file /home/airflow/.local/lib/python3.8/site-packages/airflow/example_dags/example_external_task_marker_dag.py for tasks to queue
[2024-03-11T21:05:18.910+0000] {logging_mixin.py:188} INFO - [2024-03-11T21:05:18.910+0000] {dagbag.py:540} INFO - Filling up the DagBag from /home/airflow/.local/lib/python3.8/site-packages/airflow/example_dags/example_external_task_marker_dag.py
[2024-03-11T21:05:18.920+0000] {processor.py:840} INFO - DAG(s) 'example_external_task_marker_child', 'example_external_task_marker_parent' retrieved from /home/airflow/.local/lib/python3.8/site-packages/airflow/example_dags/example_external_task_marker_dag.py
[2024-03-11T21:05:18.956+0000] {logging_mixin.py:188} INFO - [2024-03-11T21:05:18.955+0000] {dag.py:3047} INFO - Sync 2 DAGs
[2024-03-11T21:05:18.974+0000] {logging_mixin.py:188} INFO - [2024-03-11T21:05:18.974+0000] {dag.py:3834} INFO - Setting next_dagrun for example_external_task_marker_child to None, run_after=None
[2024-03-11T21:05:18.981+0000] {logging_mixin.py:188} INFO - [2024-03-11T21:05:18.980+0000] {dag.py:3834} INFO - Setting next_dagrun for example_external_task_marker_parent to None, run_after=None
[2024-03-11T21:05:19.011+0000] {processor.py:183} INFO - Processing /home/airflow/.local/lib/python3.8/site-packages/airflow/example_dags/example_external_task_marker_dag.py took 0.111 seconds
[2024-03-11T21:05:49.431+0000] {processor.py:161} INFO - Started process (PID=1159) to work on /home/airflow/.local/lib/python3.8/site-packages/airflow/example_dags/example_external_task_marker_dag.py
[2024-03-11T21:05:49.432+0000] {processor.py:830} INFO - Processing file /home/airflow/.local/lib/python3.8/site-packages/airflow/example_dags/example_external_task_marker_dag.py for tasks to queue
[2024-03-11T21:05:49.435+0000] {logging_mixin.py:188} INFO - [2024-03-11T21:05:49.434+0000] {dagbag.py:540} INFO - Filling up the DagBag from /home/airflow/.local/lib/python3.8/site-packages/airflow/example_dags/example_external_task_marker_dag.py
[2024-03-11T21:05:49.442+0000] {processor.py:840} INFO - DAG(s) 'example_external_task_marker_parent', 'example_external_task_marker_child' retrieved from /home/airflow/.local/lib/python3.8/site-packages/airflow/example_dags/example_external_task_marker_dag.py
[2024-03-11T21:05:49.475+0000] {logging_mixin.py:188} INFO - [2024-03-11T21:05:49.475+0000] {dag.py:3047} INFO - Sync 2 DAGs
[2024-03-11T21:05:49.493+0000] {logging_mixin.py:188} INFO - [2024-03-11T21:05:49.493+0000] {dag.py:3834} INFO - Setting next_dagrun for example_external_task_marker_child to None, run_after=None
[2024-03-11T21:05:49.500+0000] {logging_mixin.py:188} INFO - [2024-03-11T21:05:49.499+0000] {dag.py:3834} INFO - Setting next_dagrun for example_external_task_marker_parent to None, run_after=None
[2024-03-11T21:05:49.535+0000] {processor.py:183} INFO - Processing /home/airflow/.local/lib/python3.8/site-packages/airflow/example_dags/example_external_task_marker_dag.py took 0.108 seconds
[2024-03-11T21:06:19.843+0000] {processor.py:161} INFO - Started process (PID=1214) to work on /home/airflow/.local/lib/python3.8/site-packages/airflow/example_dags/example_external_task_marker_dag.py
[2024-03-11T21:06:19.844+0000] {processor.py:830} INFO - Processing file /home/airflow/.local/lib/python3.8/site-packages/airflow/example_dags/example_external_task_marker_dag.py for tasks to queue
[2024-03-11T21:06:19.847+0000] {logging_mixin.py:188} INFO - [2024-03-11T21:06:19.847+0000] {dagbag.py:540} INFO - Filling up the DagBag from /home/airflow/.local/lib/python3.8/site-packages/airflow/example_dags/example_external_task_marker_dag.py
[2024-03-11T21:06:19.854+0000] {processor.py:840} INFO - DAG(s) 'example_external_task_marker_parent', 'example_external_task_marker_child' retrieved from /home/airflow/.local/lib/python3.8/site-packages/airflow/example_dags/example_external_task_marker_dag.py
[2024-03-11T21:06:19.891+0000] {logging_mixin.py:188} INFO - [2024-03-11T21:06:19.890+0000] {dag.py:3047} INFO - Sync 2 DAGs
[2024-03-11T21:06:19.911+0000] {logging_mixin.py:188} INFO - [2024-03-11T21:06:19.911+0000] {dag.py:3834} INFO - Setting next_dagrun for example_external_task_marker_child to None, run_after=None
[2024-03-11T21:06:19.921+0000] {logging_mixin.py:188} INFO - [2024-03-11T21:06:19.921+0000] {dag.py:3834} INFO - Setting next_dagrun for example_external_task_marker_parent to None, run_after=None
[2024-03-11T21:06:19.962+0000] {processor.py:183} INFO - Processing /home/airflow/.local/lib/python3.8/site-packages/airflow/example_dags/example_external_task_marker_dag.py took 0.122 seconds
[2024-03-11T21:06:50.547+0000] {processor.py:161} INFO - Started process (PID=1269) to work on /home/airflow/.local/lib/python3.8/site-packages/airflow/example_dags/example_external_task_marker_dag.py
[2024-03-11T21:06:50.548+0000] {processor.py:830} INFO - Processing file /home/airflow/.local/lib/python3.8/site-packages/airflow/example_dags/example_external_task_marker_dag.py for tasks to queue
[2024-03-11T21:06:50.551+0000] {logging_mixin.py:188} INFO - [2024-03-11T21:06:50.551+0000] {dagbag.py:540} INFO - Filling up the DagBag from /home/airflow/.local/lib/python3.8/site-packages/airflow/example_dags/example_external_task_marker_dag.py
[2024-03-11T21:06:50.559+0000] {processor.py:840} INFO - DAG(s) 'example_external_task_marker_parent', 'example_external_task_marker_child' retrieved from /home/airflow/.local/lib/python3.8/site-packages/airflow/example_dags/example_external_task_marker_dag.py
[2024-03-11T21:06:50.598+0000] {logging_mixin.py:188} INFO - [2024-03-11T21:06:50.598+0000] {dag.py:3047} INFO - Sync 2 DAGs
[2024-03-11T21:06:50.620+0000] {logging_mixin.py:188} INFO - [2024-03-11T21:06:50.619+0000] {dag.py:3834} INFO - Setting next_dagrun for example_external_task_marker_child to None, run_after=None
[2024-03-11T21:06:50.627+0000] {logging_mixin.py:188} INFO - [2024-03-11T21:06:50.626+0000] {dag.py:3834} INFO - Setting next_dagrun for example_external_task_marker_parent to None, run_after=None
[2024-03-11T21:06:50.664+0000] {processor.py:183} INFO - Processing /home/airflow/.local/lib/python3.8/site-packages/airflow/example_dags/example_external_task_marker_dag.py took 0.121 seconds
[2024-03-11T21:07:21.333+0000] {processor.py:161} INFO - Started process (PID=1324) to work on /home/airflow/.local/lib/python3.8/site-packages/airflow/example_dags/example_external_task_marker_dag.py
[2024-03-11T21:07:21.335+0000] {processor.py:830} INFO - Processing file /home/airflow/.local/lib/python3.8/site-packages/airflow/example_dags/example_external_task_marker_dag.py for tasks to queue
[2024-03-11T21:07:21.338+0000] {logging_mixin.py:188} INFO - [2024-03-11T21:07:21.338+0000] {dagbag.py:540} INFO - Filling up the DagBag from /home/airflow/.local/lib/python3.8/site-packages/airflow/example_dags/example_external_task_marker_dag.py
[2024-03-11T21:07:21.349+0000] {processor.py:840} INFO - DAG(s) 'example_external_task_marker_child', 'example_external_task_marker_parent' retrieved from /home/airflow/.local/lib/python3.8/site-packages/airflow/example_dags/example_external_task_marker_dag.py
[2024-03-11T21:07:21.390+0000] {logging_mixin.py:188} INFO - [2024-03-11T21:07:21.390+0000] {dag.py:3047} INFO - Sync 2 DAGs
[2024-03-11T21:07:21.415+0000] {logging_mixin.py:188} INFO - [2024-03-11T21:07:21.415+0000] {dag.py:3834} INFO - Setting next_dagrun for example_external_task_marker_child to None, run_after=None
[2024-03-11T21:07:21.423+0000] {logging_mixin.py:188} INFO - [2024-03-11T21:07:21.423+0000] {dag.py:3834} INFO - Setting next_dagrun for example_external_task_marker_parent to None, run_after=None
[2024-03-11T21:07:21.453+0000] {processor.py:183} INFO - Processing /home/airflow/.local/lib/python3.8/site-packages/airflow/example_dags/example_external_task_marker_dag.py took 0.126 seconds
