[2024-03-11T20:55:38.721+0000] {processor.py:161} INFO - Started process (PID=43) to work on /home/airflow/.local/lib/python3.8/site-packages/airflow/example_dags/example_setup_teardown.py
[2024-03-11T20:55:38.723+0000] {processor.py:830} INFO - Processing file /home/airflow/.local/lib/python3.8/site-packages/airflow/example_dags/example_setup_teardown.py for tasks to queue
[2024-03-11T20:55:38.725+0000] {logging_mixin.py:188} INFO - [2024-03-11T20:55:38.725+0000] {dagbag.py:540} INFO - Filling up the DagBag from /home/airflow/.local/lib/python3.8/site-packages/airflow/example_dags/example_setup_teardown.py
[2024-03-11T20:55:38.742+0000] {processor.py:840} INFO - DAG(s) 'example_setup_teardown' retrieved from /home/airflow/.local/lib/python3.8/site-packages/airflow/example_dags/example_setup_teardown.py
[2024-03-11T20:55:38.925+0000] {logging_mixin.py:188} INFO - [2024-03-11T20:55:38.924+0000] {override.py:1769} INFO - Created Permission View: can read on DAG:example_setup_teardown
[2024-03-11T20:55:38.945+0000] {logging_mixin.py:188} INFO - [2024-03-11T20:55:38.944+0000] {override.py:1769} INFO - Created Permission View: can delete on DAG:example_setup_teardown
[2024-03-11T20:55:38.957+0000] {logging_mixin.py:188} INFO - [2024-03-11T20:55:38.957+0000] {override.py:1769} INFO - Created Permission View: can edit on DAG:example_setup_teardown
[2024-03-11T20:55:38.959+0000] {logging_mixin.py:188} INFO - [2024-03-11T20:55:38.958+0000] {dag.py:3047} INFO - Sync 1 DAGs
[2024-03-11T20:55:38.976+0000] {logging_mixin.py:188} INFO - [2024-03-11T20:55:38.976+0000] {dag.py:3069} INFO - Creating ORM DAG for example_setup_teardown
[2024-03-11T20:55:38.998+0000] {logging_mixin.py:188} INFO - [2024-03-11T20:55:38.997+0000] {dag.py:3834} INFO - Setting next_dagrun for example_setup_teardown to 2024-03-10 00:00:00+00:00, run_after=2024-03-11 00:00:00+00:00
[2024-03-11T20:55:39.030+0000] {processor.py:183} INFO - Processing /home/airflow/.local/lib/python3.8/site-packages/airflow/example_dags/example_setup_teardown.py took 0.313 seconds
[2024-03-11T20:56:09.143+0000] {processor.py:161} INFO - Started process (PID=97) to work on /home/airflow/.local/lib/python3.8/site-packages/airflow/example_dags/example_setup_teardown.py
[2024-03-11T20:56:09.145+0000] {processor.py:830} INFO - Processing file /home/airflow/.local/lib/python3.8/site-packages/airflow/example_dags/example_setup_teardown.py for tasks to queue
[2024-03-11T20:56:09.147+0000] {logging_mixin.py:188} INFO - [2024-03-11T20:56:09.147+0000] {dagbag.py:540} INFO - Filling up the DagBag from /home/airflow/.local/lib/python3.8/site-packages/airflow/example_dags/example_setup_teardown.py
[2024-03-11T20:56:09.156+0000] {processor.py:840} INFO - DAG(s) 'example_setup_teardown' retrieved from /home/airflow/.local/lib/python3.8/site-packages/airflow/example_dags/example_setup_teardown.py
[2024-03-11T20:56:09.194+0000] {logging_mixin.py:188} INFO - [2024-03-11T20:56:09.193+0000] {dag.py:3047} INFO - Sync 1 DAGs
[2024-03-11T20:56:09.230+0000] {logging_mixin.py:188} INFO - [2024-03-11T20:56:09.230+0000] {dag.py:3834} INFO - Setting next_dagrun for example_setup_teardown to 2024-03-10 00:00:00+00:00, run_after=2024-03-11 00:00:00+00:00
[2024-03-11T20:56:09.262+0000] {processor.py:183} INFO - Processing /home/airflow/.local/lib/python3.8/site-packages/airflow/example_dags/example_setup_teardown.py took 0.123 seconds
[2024-03-11T20:56:39.571+0000] {processor.py:161} INFO - Started process (PID=153) to work on /home/airflow/.local/lib/python3.8/site-packages/airflow/example_dags/example_setup_teardown.py
[2024-03-11T20:56:39.573+0000] {processor.py:830} INFO - Processing file /home/airflow/.local/lib/python3.8/site-packages/airflow/example_dags/example_setup_teardown.py for tasks to queue
[2024-03-11T20:56:39.575+0000] {logging_mixin.py:188} INFO - [2024-03-11T20:56:39.574+0000] {dagbag.py:540} INFO - Filling up the DagBag from /home/airflow/.local/lib/python3.8/site-packages/airflow/example_dags/example_setup_teardown.py
[2024-03-11T20:56:39.583+0000] {processor.py:840} INFO - DAG(s) 'example_setup_teardown' retrieved from /home/airflow/.local/lib/python3.8/site-packages/airflow/example_dags/example_setup_teardown.py
[2024-03-11T20:56:39.609+0000] {logging_mixin.py:188} INFO - [2024-03-11T20:56:39.609+0000] {dag.py:3047} INFO - Sync 1 DAGs
[2024-03-11T20:56:39.641+0000] {logging_mixin.py:188} INFO - [2024-03-11T20:56:39.640+0000] {dag.py:3834} INFO - Setting next_dagrun for example_setup_teardown to 2024-03-10 00:00:00+00:00, run_after=2024-03-11 00:00:00+00:00
[2024-03-11T20:56:39.668+0000] {processor.py:183} INFO - Processing /home/airflow/.local/lib/python3.8/site-packages/airflow/example_dags/example_setup_teardown.py took 0.100 seconds
[2024-03-11T20:57:09.821+0000] {processor.py:161} INFO - Started process (PID=208) to work on /home/airflow/.local/lib/python3.8/site-packages/airflow/example_dags/example_setup_teardown.py
[2024-03-11T20:57:09.823+0000] {processor.py:830} INFO - Processing file /home/airflow/.local/lib/python3.8/site-packages/airflow/example_dags/example_setup_teardown.py for tasks to queue
[2024-03-11T20:57:09.825+0000] {logging_mixin.py:188} INFO - [2024-03-11T20:57:09.825+0000] {dagbag.py:540} INFO - Filling up the DagBag from /home/airflow/.local/lib/python3.8/site-packages/airflow/example_dags/example_setup_teardown.py
[2024-03-11T20:57:09.834+0000] {processor.py:840} INFO - DAG(s) 'example_setup_teardown' retrieved from /home/airflow/.local/lib/python3.8/site-packages/airflow/example_dags/example_setup_teardown.py
[2024-03-11T20:57:09.863+0000] {logging_mixin.py:188} INFO - [2024-03-11T20:57:09.862+0000] {dag.py:3047} INFO - Sync 1 DAGs
[2024-03-11T20:57:09.901+0000] {logging_mixin.py:188} INFO - [2024-03-11T20:57:09.901+0000] {dag.py:3834} INFO - Setting next_dagrun for example_setup_teardown to 2024-03-10 00:00:00+00:00, run_after=2024-03-11 00:00:00+00:00
[2024-03-11T20:57:09.935+0000] {processor.py:183} INFO - Processing /home/airflow/.local/lib/python3.8/site-packages/airflow/example_dags/example_setup_teardown.py took 0.118 seconds
[2024-03-11T20:57:40.078+0000] {processor.py:161} INFO - Started process (PID=263) to work on /home/airflow/.local/lib/python3.8/site-packages/airflow/example_dags/example_setup_teardown.py
[2024-03-11T20:57:40.079+0000] {processor.py:830} INFO - Processing file /home/airflow/.local/lib/python3.8/site-packages/airflow/example_dags/example_setup_teardown.py for tasks to queue
[2024-03-11T20:57:40.082+0000] {logging_mixin.py:188} INFO - [2024-03-11T20:57:40.081+0000] {dagbag.py:540} INFO - Filling up the DagBag from /home/airflow/.local/lib/python3.8/site-packages/airflow/example_dags/example_setup_teardown.py
[2024-03-11T20:57:40.090+0000] {processor.py:840} INFO - DAG(s) 'example_setup_teardown' retrieved from /home/airflow/.local/lib/python3.8/site-packages/airflow/example_dags/example_setup_teardown.py
[2024-03-11T20:57:40.117+0000] {logging_mixin.py:188} INFO - [2024-03-11T20:57:40.117+0000] {dag.py:3047} INFO - Sync 1 DAGs
[2024-03-11T20:57:40.149+0000] {logging_mixin.py:188} INFO - [2024-03-11T20:57:40.149+0000] {dag.py:3834} INFO - Setting next_dagrun for example_setup_teardown to 2024-03-10 00:00:00+00:00, run_after=2024-03-11 00:00:00+00:00
[2024-03-11T20:57:40.184+0000] {processor.py:183} INFO - Processing /home/airflow/.local/lib/python3.8/site-packages/airflow/example_dags/example_setup_teardown.py took 0.110 seconds
[2024-03-11T20:58:10.495+0000] {processor.py:161} INFO - Started process (PID=318) to work on /home/airflow/.local/lib/python3.8/site-packages/airflow/example_dags/example_setup_teardown.py
[2024-03-11T20:58:10.496+0000] {processor.py:830} INFO - Processing file /home/airflow/.local/lib/python3.8/site-packages/airflow/example_dags/example_setup_teardown.py for tasks to queue
[2024-03-11T20:58:10.498+0000] {logging_mixin.py:188} INFO - [2024-03-11T20:58:10.498+0000] {dagbag.py:540} INFO - Filling up the DagBag from /home/airflow/.local/lib/python3.8/site-packages/airflow/example_dags/example_setup_teardown.py
[2024-03-11T20:58:10.507+0000] {processor.py:840} INFO - DAG(s) 'example_setup_teardown' retrieved from /home/airflow/.local/lib/python3.8/site-packages/airflow/example_dags/example_setup_teardown.py
[2024-03-11T20:58:10.542+0000] {logging_mixin.py:188} INFO - [2024-03-11T20:58:10.542+0000] {dag.py:3047} INFO - Sync 1 DAGs
[2024-03-11T20:58:10.577+0000] {logging_mixin.py:188} INFO - [2024-03-11T20:58:10.576+0000] {dag.py:3834} INFO - Setting next_dagrun for example_setup_teardown to 2024-03-10 00:00:00+00:00, run_after=2024-03-11 00:00:00+00:00
[2024-03-11T20:58:10.610+0000] {processor.py:183} INFO - Processing /home/airflow/.local/lib/python3.8/site-packages/airflow/example_dags/example_setup_teardown.py took 0.119 seconds
[2024-03-11T20:58:41.066+0000] {processor.py:161} INFO - Started process (PID=373) to work on /home/airflow/.local/lib/python3.8/site-packages/airflow/example_dags/example_setup_teardown.py
[2024-03-11T20:58:41.067+0000] {processor.py:830} INFO - Processing file /home/airflow/.local/lib/python3.8/site-packages/airflow/example_dags/example_setup_teardown.py for tasks to queue
[2024-03-11T20:58:41.070+0000] {logging_mixin.py:188} INFO - [2024-03-11T20:58:41.069+0000] {dagbag.py:540} INFO - Filling up the DagBag from /home/airflow/.local/lib/python3.8/site-packages/airflow/example_dags/example_setup_teardown.py
[2024-03-11T20:58:41.078+0000] {processor.py:840} INFO - DAG(s) 'example_setup_teardown' retrieved from /home/airflow/.local/lib/python3.8/site-packages/airflow/example_dags/example_setup_teardown.py
[2024-03-11T20:58:41.106+0000] {logging_mixin.py:188} INFO - [2024-03-11T20:58:41.105+0000] {dag.py:3047} INFO - Sync 1 DAGs
[2024-03-11T20:58:41.138+0000] {logging_mixin.py:188} INFO - [2024-03-11T20:58:41.137+0000] {dag.py:3834} INFO - Setting next_dagrun for example_setup_teardown to 2024-03-10 00:00:00+00:00, run_after=2024-03-11 00:00:00+00:00
[2024-03-11T20:58:41.171+0000] {processor.py:183} INFO - Processing /home/airflow/.local/lib/python3.8/site-packages/airflow/example_dags/example_setup_teardown.py took 0.109 seconds
[2024-03-11T20:59:11.333+0000] {processor.py:161} INFO - Started process (PID=429) to work on /home/airflow/.local/lib/python3.8/site-packages/airflow/example_dags/example_setup_teardown.py
[2024-03-11T20:59:11.335+0000] {processor.py:830} INFO - Processing file /home/airflow/.local/lib/python3.8/site-packages/airflow/example_dags/example_setup_teardown.py for tasks to queue
[2024-03-11T20:59:11.337+0000] {logging_mixin.py:188} INFO - [2024-03-11T20:59:11.337+0000] {dagbag.py:540} INFO - Filling up the DagBag from /home/airflow/.local/lib/python3.8/site-packages/airflow/example_dags/example_setup_teardown.py
[2024-03-11T20:59:11.346+0000] {processor.py:840} INFO - DAG(s) 'example_setup_teardown' retrieved from /home/airflow/.local/lib/python3.8/site-packages/airflow/example_dags/example_setup_teardown.py
[2024-03-11T20:59:11.377+0000] {logging_mixin.py:188} INFO - [2024-03-11T20:59:11.376+0000] {dag.py:3047} INFO - Sync 1 DAGs
[2024-03-11T20:59:11.414+0000] {logging_mixin.py:188} INFO - [2024-03-11T20:59:11.414+0000] {dag.py:3834} INFO - Setting next_dagrun for example_setup_teardown to 2024-03-10 00:00:00+00:00, run_after=2024-03-11 00:00:00+00:00
[2024-03-11T20:59:11.446+0000] {processor.py:183} INFO - Processing /home/airflow/.local/lib/python3.8/site-packages/airflow/example_dags/example_setup_teardown.py took 0.116 seconds
[2024-03-11T20:59:41.756+0000] {processor.py:161} INFO - Started process (PID=484) to work on /home/airflow/.local/lib/python3.8/site-packages/airflow/example_dags/example_setup_teardown.py
[2024-03-11T20:59:41.757+0000] {processor.py:830} INFO - Processing file /home/airflow/.local/lib/python3.8/site-packages/airflow/example_dags/example_setup_teardown.py for tasks to queue
[2024-03-11T20:59:41.759+0000] {logging_mixin.py:188} INFO - [2024-03-11T20:59:41.759+0000] {dagbag.py:540} INFO - Filling up the DagBag from /home/airflow/.local/lib/python3.8/site-packages/airflow/example_dags/example_setup_teardown.py
[2024-03-11T20:59:41.767+0000] {processor.py:840} INFO - DAG(s) 'example_setup_teardown' retrieved from /home/airflow/.local/lib/python3.8/site-packages/airflow/example_dags/example_setup_teardown.py
[2024-03-11T20:59:41.796+0000] {logging_mixin.py:188} INFO - [2024-03-11T20:59:41.796+0000] {dag.py:3047} INFO - Sync 1 DAGs
[2024-03-11T20:59:41.829+0000] {logging_mixin.py:188} INFO - [2024-03-11T20:59:41.829+0000] {dag.py:3834} INFO - Setting next_dagrun for example_setup_teardown to 2024-03-10 00:00:00+00:00, run_after=2024-03-11 00:00:00+00:00
[2024-03-11T20:59:41.862+0000] {processor.py:183} INFO - Processing /home/airflow/.local/lib/python3.8/site-packages/airflow/example_dags/example_setup_teardown.py took 0.110 seconds
[2024-03-11T21:00:12.023+0000] {processor.py:161} INFO - Started process (PID=539) to work on /home/airflow/.local/lib/python3.8/site-packages/airflow/example_dags/example_setup_teardown.py
[2024-03-11T21:00:12.025+0000] {processor.py:830} INFO - Processing file /home/airflow/.local/lib/python3.8/site-packages/airflow/example_dags/example_setup_teardown.py for tasks to queue
[2024-03-11T21:00:12.027+0000] {logging_mixin.py:188} INFO - [2024-03-11T21:00:12.027+0000] {dagbag.py:540} INFO - Filling up the DagBag from /home/airflow/.local/lib/python3.8/site-packages/airflow/example_dags/example_setup_teardown.py
[2024-03-11T21:00:12.035+0000] {processor.py:840} INFO - DAG(s) 'example_setup_teardown' retrieved from /home/airflow/.local/lib/python3.8/site-packages/airflow/example_dags/example_setup_teardown.py
[2024-03-11T21:00:12.063+0000] {logging_mixin.py:188} INFO - [2024-03-11T21:00:12.063+0000] {dag.py:3047} INFO - Sync 1 DAGs
[2024-03-11T21:00:12.101+0000] {logging_mixin.py:188} INFO - [2024-03-11T21:00:12.101+0000] {dag.py:3834} INFO - Setting next_dagrun for example_setup_teardown to 2024-03-10 00:00:00+00:00, run_after=2024-03-11 00:00:00+00:00
[2024-03-11T21:00:12.133+0000] {processor.py:183} INFO - Processing /home/airflow/.local/lib/python3.8/site-packages/airflow/example_dags/example_setup_teardown.py took 0.113 seconds
[2024-03-11T21:00:42.422+0000] {processor.py:161} INFO - Started process (PID=594) to work on /home/airflow/.local/lib/python3.8/site-packages/airflow/example_dags/example_setup_teardown.py
[2024-03-11T21:00:42.424+0000] {processor.py:830} INFO - Processing file /home/airflow/.local/lib/python3.8/site-packages/airflow/example_dags/example_setup_teardown.py for tasks to queue
[2024-03-11T21:00:42.426+0000] {logging_mixin.py:188} INFO - [2024-03-11T21:00:42.425+0000] {dagbag.py:540} INFO - Filling up the DagBag from /home/airflow/.local/lib/python3.8/site-packages/airflow/example_dags/example_setup_teardown.py
[2024-03-11T21:00:42.434+0000] {processor.py:840} INFO - DAG(s) 'example_setup_teardown' retrieved from /home/airflow/.local/lib/python3.8/site-packages/airflow/example_dags/example_setup_teardown.py
[2024-03-11T21:00:42.462+0000] {logging_mixin.py:188} INFO - [2024-03-11T21:00:42.461+0000] {dag.py:3047} INFO - Sync 1 DAGs
[2024-03-11T21:00:42.493+0000] {logging_mixin.py:188} INFO - [2024-03-11T21:00:42.493+0000] {dag.py:3834} INFO - Setting next_dagrun for example_setup_teardown to 2024-03-10 00:00:00+00:00, run_after=2024-03-11 00:00:00+00:00
[2024-03-11T21:00:42.524+0000] {processor.py:183} INFO - Processing /home/airflow/.local/lib/python3.8/site-packages/airflow/example_dags/example_setup_teardown.py took 0.105 seconds
[2024-03-11T21:01:12.860+0000] {processor.py:161} INFO - Started process (PID=649) to work on /home/airflow/.local/lib/python3.8/site-packages/airflow/example_dags/example_setup_teardown.py
[2024-03-11T21:01:12.861+0000] {processor.py:830} INFO - Processing file /home/airflow/.local/lib/python3.8/site-packages/airflow/example_dags/example_setup_teardown.py for tasks to queue
[2024-03-11T21:01:12.863+0000] {logging_mixin.py:188} INFO - [2024-03-11T21:01:12.863+0000] {dagbag.py:540} INFO - Filling up the DagBag from /home/airflow/.local/lib/python3.8/site-packages/airflow/example_dags/example_setup_teardown.py
[2024-03-11T21:01:12.873+0000] {processor.py:840} INFO - DAG(s) 'example_setup_teardown' retrieved from /home/airflow/.local/lib/python3.8/site-packages/airflow/example_dags/example_setup_teardown.py
[2024-03-11T21:01:12.909+0000] {logging_mixin.py:188} INFO - [2024-03-11T21:01:12.908+0000] {dag.py:3047} INFO - Sync 1 DAGs
[2024-03-11T21:01:12.952+0000] {logging_mixin.py:188} INFO - [2024-03-11T21:01:12.951+0000] {dag.py:3834} INFO - Setting next_dagrun for example_setup_teardown to 2024-03-10 00:00:00+00:00, run_after=2024-03-11 00:00:00+00:00
[2024-03-11T21:01:12.982+0000] {processor.py:183} INFO - Processing /home/airflow/.local/lib/python3.8/site-packages/airflow/example_dags/example_setup_teardown.py took 0.125 seconds
[2024-03-11T21:01:43.118+0000] {processor.py:161} INFO - Started process (PID=710) to work on /home/airflow/.local/lib/python3.8/site-packages/airflow/example_dags/example_setup_teardown.py
[2024-03-11T21:01:43.119+0000] {processor.py:830} INFO - Processing file /home/airflow/.local/lib/python3.8/site-packages/airflow/example_dags/example_setup_teardown.py for tasks to queue
[2024-03-11T21:01:43.122+0000] {logging_mixin.py:188} INFO - [2024-03-11T21:01:43.121+0000] {dagbag.py:540} INFO - Filling up the DagBag from /home/airflow/.local/lib/python3.8/site-packages/airflow/example_dags/example_setup_teardown.py
[2024-03-11T21:01:43.130+0000] {processor.py:840} INFO - DAG(s) 'example_setup_teardown' retrieved from /home/airflow/.local/lib/python3.8/site-packages/airflow/example_dags/example_setup_teardown.py
[2024-03-11T21:01:43.159+0000] {logging_mixin.py:188} INFO - [2024-03-11T21:01:43.158+0000] {dag.py:3047} INFO - Sync 1 DAGs
[2024-03-11T21:01:43.198+0000] {logging_mixin.py:188} INFO - [2024-03-11T21:01:43.198+0000] {dag.py:3834} INFO - Setting next_dagrun for example_setup_teardown to 2024-03-10 00:00:00+00:00, run_after=2024-03-11 00:00:00+00:00
[2024-03-11T21:01:43.233+0000] {processor.py:183} INFO - Processing /home/airflow/.local/lib/python3.8/site-packages/airflow/example_dags/example_setup_teardown.py took 0.118 seconds
[2024-03-11T21:02:13.365+0000] {processor.py:161} INFO - Started process (PID=765) to work on /home/airflow/.local/lib/python3.8/site-packages/airflow/example_dags/example_setup_teardown.py
[2024-03-11T21:02:13.366+0000] {processor.py:830} INFO - Processing file /home/airflow/.local/lib/python3.8/site-packages/airflow/example_dags/example_setup_teardown.py for tasks to queue
[2024-03-11T21:02:13.369+0000] {logging_mixin.py:188} INFO - [2024-03-11T21:02:13.368+0000] {dagbag.py:540} INFO - Filling up the DagBag from /home/airflow/.local/lib/python3.8/site-packages/airflow/example_dags/example_setup_teardown.py
[2024-03-11T21:02:13.377+0000] {processor.py:840} INFO - DAG(s) 'example_setup_teardown' retrieved from /home/airflow/.local/lib/python3.8/site-packages/airflow/example_dags/example_setup_teardown.py
[2024-03-11T21:02:13.405+0000] {logging_mixin.py:188} INFO - [2024-03-11T21:02:13.405+0000] {dag.py:3047} INFO - Sync 1 DAGs
[2024-03-11T21:02:13.438+0000] {logging_mixin.py:188} INFO - [2024-03-11T21:02:13.438+0000] {dag.py:3834} INFO - Setting next_dagrun for example_setup_teardown to 2024-03-10 00:00:00+00:00, run_after=2024-03-11 00:00:00+00:00
[2024-03-11T21:02:13.468+0000] {processor.py:183} INFO - Processing /home/airflow/.local/lib/python3.8/site-packages/airflow/example_dags/example_setup_teardown.py took 0.107 seconds
[2024-03-11T21:02:43.743+0000] {processor.py:161} INFO - Started process (PID=820) to work on /home/airflow/.local/lib/python3.8/site-packages/airflow/example_dags/example_setup_teardown.py
[2024-03-11T21:02:43.745+0000] {processor.py:830} INFO - Processing file /home/airflow/.local/lib/python3.8/site-packages/airflow/example_dags/example_setup_teardown.py for tasks to queue
[2024-03-11T21:02:43.748+0000] {logging_mixin.py:188} INFO - [2024-03-11T21:02:43.747+0000] {dagbag.py:540} INFO - Filling up the DagBag from /home/airflow/.local/lib/python3.8/site-packages/airflow/example_dags/example_setup_teardown.py
[2024-03-11T21:02:43.756+0000] {processor.py:840} INFO - DAG(s) 'example_setup_teardown' retrieved from /home/airflow/.local/lib/python3.8/site-packages/airflow/example_dags/example_setup_teardown.py
[2024-03-11T21:02:43.783+0000] {logging_mixin.py:188} INFO - [2024-03-11T21:02:43.783+0000] {dag.py:3047} INFO - Sync 1 DAGs
[2024-03-11T21:02:43.816+0000] {logging_mixin.py:188} INFO - [2024-03-11T21:02:43.815+0000] {dag.py:3834} INFO - Setting next_dagrun for example_setup_teardown to 2024-03-10 00:00:00+00:00, run_after=2024-03-11 00:00:00+00:00
[2024-03-11T21:02:43.846+0000] {processor.py:183} INFO - Processing /home/airflow/.local/lib/python3.8/site-packages/airflow/example_dags/example_setup_teardown.py took 0.106 seconds
[2024-03-11T21:03:14.183+0000] {processor.py:161} INFO - Started process (PID=875) to work on /home/airflow/.local/lib/python3.8/site-packages/airflow/example_dags/example_setup_teardown.py
[2024-03-11T21:03:14.184+0000] {processor.py:830} INFO - Processing file /home/airflow/.local/lib/python3.8/site-packages/airflow/example_dags/example_setup_teardown.py for tasks to queue
[2024-03-11T21:03:14.186+0000] {logging_mixin.py:188} INFO - [2024-03-11T21:03:14.186+0000] {dagbag.py:540} INFO - Filling up the DagBag from /home/airflow/.local/lib/python3.8/site-packages/airflow/example_dags/example_setup_teardown.py
[2024-03-11T21:03:14.194+0000] {processor.py:840} INFO - DAG(s) 'example_setup_teardown' retrieved from /home/airflow/.local/lib/python3.8/site-packages/airflow/example_dags/example_setup_teardown.py
[2024-03-11T21:03:14.220+0000] {logging_mixin.py:188} INFO - [2024-03-11T21:03:14.220+0000] {dag.py:3047} INFO - Sync 1 DAGs
[2024-03-11T21:03:14.251+0000] {logging_mixin.py:188} INFO - [2024-03-11T21:03:14.251+0000] {dag.py:3834} INFO - Setting next_dagrun for example_setup_teardown to 2024-03-10 00:00:00+00:00, run_after=2024-03-11 00:00:00+00:00
[2024-03-11T21:03:14.281+0000] {processor.py:183} INFO - Processing /home/airflow/.local/lib/python3.8/site-packages/airflow/example_dags/example_setup_teardown.py took 0.101 seconds
[2024-03-11T21:03:44.907+0000] {processor.py:161} INFO - Started process (PID=931) to work on /home/airflow/.local/lib/python3.8/site-packages/airflow/example_dags/example_setup_teardown.py
[2024-03-11T21:03:44.909+0000] {processor.py:830} INFO - Processing file /home/airflow/.local/lib/python3.8/site-packages/airflow/example_dags/example_setup_teardown.py for tasks to queue
[2024-03-11T21:03:44.911+0000] {logging_mixin.py:188} INFO - [2024-03-11T21:03:44.911+0000] {dagbag.py:540} INFO - Filling up the DagBag from /home/airflow/.local/lib/python3.8/site-packages/airflow/example_dags/example_setup_teardown.py
[2024-03-11T21:03:44.924+0000] {processor.py:840} INFO - DAG(s) 'example_setup_teardown' retrieved from /home/airflow/.local/lib/python3.8/site-packages/airflow/example_dags/example_setup_teardown.py
[2024-03-11T21:03:44.962+0000] {logging_mixin.py:188} INFO - [2024-03-11T21:03:44.961+0000] {dag.py:3047} INFO - Sync 1 DAGs
[2024-03-11T21:03:44.998+0000] {logging_mixin.py:188} INFO - [2024-03-11T21:03:44.997+0000] {dag.py:3834} INFO - Setting next_dagrun for example_setup_teardown to 2024-03-10 00:00:00+00:00, run_after=2024-03-11 00:00:00+00:00
[2024-03-11T21:03:45.024+0000] {processor.py:183} INFO - Processing /home/airflow/.local/lib/python3.8/site-packages/airflow/example_dags/example_setup_teardown.py took 0.122 seconds
[2024-03-11T21:04:15.208+0000] {processor.py:161} INFO - Started process (PID=986) to work on /home/airflow/.local/lib/python3.8/site-packages/airflow/example_dags/example_setup_teardown.py
[2024-03-11T21:04:15.209+0000] {processor.py:830} INFO - Processing file /home/airflow/.local/lib/python3.8/site-packages/airflow/example_dags/example_setup_teardown.py for tasks to queue
[2024-03-11T21:04:15.212+0000] {logging_mixin.py:188} INFO - [2024-03-11T21:04:15.211+0000] {dagbag.py:540} INFO - Filling up the DagBag from /home/airflow/.local/lib/python3.8/site-packages/airflow/example_dags/example_setup_teardown.py
[2024-03-11T21:04:15.219+0000] {processor.py:840} INFO - DAG(s) 'example_setup_teardown' retrieved from /home/airflow/.local/lib/python3.8/site-packages/airflow/example_dags/example_setup_teardown.py
[2024-03-11T21:04:15.246+0000] {logging_mixin.py:188} INFO - [2024-03-11T21:04:15.246+0000] {dag.py:3047} INFO - Sync 1 DAGs
[2024-03-11T21:04:15.281+0000] {logging_mixin.py:188} INFO - [2024-03-11T21:04:15.281+0000] {dag.py:3834} INFO - Setting next_dagrun for example_setup_teardown to 2024-03-10 00:00:00+00:00, run_after=2024-03-11 00:00:00+00:00
[2024-03-11T21:04:15.314+0000] {processor.py:183} INFO - Processing /home/airflow/.local/lib/python3.8/site-packages/airflow/example_dags/example_setup_teardown.py took 0.109 seconds
[2024-03-11T21:04:45.688+0000] {processor.py:161} INFO - Started process (PID=1041) to work on /home/airflow/.local/lib/python3.8/site-packages/airflow/example_dags/example_setup_teardown.py
[2024-03-11T21:04:45.689+0000] {processor.py:830} INFO - Processing file /home/airflow/.local/lib/python3.8/site-packages/airflow/example_dags/example_setup_teardown.py for tasks to queue
[2024-03-11T21:04:45.692+0000] {logging_mixin.py:188} INFO - [2024-03-11T21:04:45.691+0000] {dagbag.py:540} INFO - Filling up the DagBag from /home/airflow/.local/lib/python3.8/site-packages/airflow/example_dags/example_setup_teardown.py
[2024-03-11T21:04:45.700+0000] {processor.py:840} INFO - DAG(s) 'example_setup_teardown' retrieved from /home/airflow/.local/lib/python3.8/site-packages/airflow/example_dags/example_setup_teardown.py
[2024-03-11T21:04:45.726+0000] {logging_mixin.py:188} INFO - [2024-03-11T21:04:45.725+0000] {dag.py:3047} INFO - Sync 1 DAGs
[2024-03-11T21:04:45.757+0000] {logging_mixin.py:188} INFO - [2024-03-11T21:04:45.757+0000] {dag.py:3834} INFO - Setting next_dagrun for example_setup_teardown to 2024-03-10 00:00:00+00:00, run_after=2024-03-11 00:00:00+00:00
[2024-03-11T21:04:45.799+0000] {processor.py:183} INFO - Processing /home/airflow/.local/lib/python3.8/site-packages/airflow/example_dags/example_setup_teardown.py took 0.114 seconds
[2024-03-11T21:05:16.120+0000] {processor.py:161} INFO - Started process (PID=1096) to work on /home/airflow/.local/lib/python3.8/site-packages/airflow/example_dags/example_setup_teardown.py
[2024-03-11T21:05:16.121+0000] {processor.py:830} INFO - Processing file /home/airflow/.local/lib/python3.8/site-packages/airflow/example_dags/example_setup_teardown.py for tasks to queue
[2024-03-11T21:05:16.123+0000] {logging_mixin.py:188} INFO - [2024-03-11T21:05:16.123+0000] {dagbag.py:540} INFO - Filling up the DagBag from /home/airflow/.local/lib/python3.8/site-packages/airflow/example_dags/example_setup_teardown.py
[2024-03-11T21:05:16.133+0000] {processor.py:840} INFO - DAG(s) 'example_setup_teardown' retrieved from /home/airflow/.local/lib/python3.8/site-packages/airflow/example_dags/example_setup_teardown.py
[2024-03-11T21:05:16.163+0000] {logging_mixin.py:188} INFO - [2024-03-11T21:05:16.162+0000] {dag.py:3047} INFO - Sync 1 DAGs
[2024-03-11T21:05:16.196+0000] {logging_mixin.py:188} INFO - [2024-03-11T21:05:16.196+0000] {dag.py:3834} INFO - Setting next_dagrun for example_setup_teardown to 2024-03-10 00:00:00+00:00, run_after=2024-03-11 00:00:00+00:00
[2024-03-11T21:05:16.226+0000] {processor.py:183} INFO - Processing /home/airflow/.local/lib/python3.8/site-packages/airflow/example_dags/example_setup_teardown.py took 0.110 seconds
[2024-03-11T21:05:46.931+0000] {processor.py:161} INFO - Started process (PID=1151) to work on /home/airflow/.local/lib/python3.8/site-packages/airflow/example_dags/example_setup_teardown.py
[2024-03-11T21:05:46.933+0000] {processor.py:830} INFO - Processing file /home/airflow/.local/lib/python3.8/site-packages/airflow/example_dags/example_setup_teardown.py for tasks to queue
[2024-03-11T21:05:46.936+0000] {logging_mixin.py:188} INFO - [2024-03-11T21:05:46.935+0000] {dagbag.py:540} INFO - Filling up the DagBag from /home/airflow/.local/lib/python3.8/site-packages/airflow/example_dags/example_setup_teardown.py
[2024-03-11T21:05:46.946+0000] {processor.py:840} INFO - DAG(s) 'example_setup_teardown' retrieved from /home/airflow/.local/lib/python3.8/site-packages/airflow/example_dags/example_setup_teardown.py
[2024-03-11T21:05:46.984+0000] {logging_mixin.py:188} INFO - [2024-03-11T21:05:46.983+0000] {dag.py:3047} INFO - Sync 1 DAGs
[2024-03-11T21:05:47.023+0000] {logging_mixin.py:188} INFO - [2024-03-11T21:05:47.023+0000] {dag.py:3834} INFO - Setting next_dagrun for example_setup_teardown to 2024-03-10 00:00:00+00:00, run_after=2024-03-11 00:00:00+00:00
[2024-03-11T21:05:47.056+0000] {processor.py:183} INFO - Processing /home/airflow/.local/lib/python3.8/site-packages/airflow/example_dags/example_setup_teardown.py took 0.130 seconds
[2024-03-11T21:06:17.234+0000] {processor.py:161} INFO - Started process (PID=1206) to work on /home/airflow/.local/lib/python3.8/site-packages/airflow/example_dags/example_setup_teardown.py
[2024-03-11T21:06:17.235+0000] {processor.py:830} INFO - Processing file /home/airflow/.local/lib/python3.8/site-packages/airflow/example_dags/example_setup_teardown.py for tasks to queue
[2024-03-11T21:06:17.238+0000] {logging_mixin.py:188} INFO - [2024-03-11T21:06:17.237+0000] {dagbag.py:540} INFO - Filling up the DagBag from /home/airflow/.local/lib/python3.8/site-packages/airflow/example_dags/example_setup_teardown.py
[2024-03-11T21:06:17.245+0000] {processor.py:840} INFO - DAG(s) 'example_setup_teardown' retrieved from /home/airflow/.local/lib/python3.8/site-packages/airflow/example_dags/example_setup_teardown.py
[2024-03-11T21:06:17.271+0000] {logging_mixin.py:188} INFO - [2024-03-11T21:06:17.271+0000] {dag.py:3047} INFO - Sync 1 DAGs
[2024-03-11T21:06:17.304+0000] {logging_mixin.py:188} INFO - [2024-03-11T21:06:17.303+0000] {dag.py:3834} INFO - Setting next_dagrun for example_setup_teardown to 2024-03-10 00:00:00+00:00, run_after=2024-03-11 00:00:00+00:00
[2024-03-11T21:06:17.338+0000] {processor.py:183} INFO - Processing /home/airflow/.local/lib/python3.8/site-packages/airflow/example_dags/example_setup_teardown.py took 0.107 seconds
[2024-03-11T21:06:47.996+0000] {processor.py:161} INFO - Started process (PID=1261) to work on /home/airflow/.local/lib/python3.8/site-packages/airflow/example_dags/example_setup_teardown.py
[2024-03-11T21:06:47.997+0000] {processor.py:830} INFO - Processing file /home/airflow/.local/lib/python3.8/site-packages/airflow/example_dags/example_setup_teardown.py for tasks to queue
[2024-03-11T21:06:47.999+0000] {logging_mixin.py:188} INFO - [2024-03-11T21:06:47.999+0000] {dagbag.py:540} INFO - Filling up the DagBag from /home/airflow/.local/lib/python3.8/site-packages/airflow/example_dags/example_setup_teardown.py
[2024-03-11T21:06:48.007+0000] {processor.py:840} INFO - DAG(s) 'example_setup_teardown' retrieved from /home/airflow/.local/lib/python3.8/site-packages/airflow/example_dags/example_setup_teardown.py
[2024-03-11T21:06:48.034+0000] {logging_mixin.py:188} INFO - [2024-03-11T21:06:48.034+0000] {dag.py:3047} INFO - Sync 1 DAGs
[2024-03-11T21:06:48.066+0000] {logging_mixin.py:188} INFO - [2024-03-11T21:06:48.066+0000] {dag.py:3834} INFO - Setting next_dagrun for example_setup_teardown to 2024-03-10 00:00:00+00:00, run_after=2024-03-11 00:00:00+00:00
[2024-03-11T21:06:48.093+0000] {processor.py:183} INFO - Processing /home/airflow/.local/lib/python3.8/site-packages/airflow/example_dags/example_setup_teardown.py took 0.101 seconds
[2024-03-11T21:07:18.477+0000] {processor.py:161} INFO - Started process (PID=1316) to work on /home/airflow/.local/lib/python3.8/site-packages/airflow/example_dags/example_setup_teardown.py
[2024-03-11T21:07:18.479+0000] {processor.py:830} INFO - Processing file /home/airflow/.local/lib/python3.8/site-packages/airflow/example_dags/example_setup_teardown.py for tasks to queue
[2024-03-11T21:07:18.481+0000] {logging_mixin.py:188} INFO - [2024-03-11T21:07:18.480+0000] {dagbag.py:540} INFO - Filling up the DagBag from /home/airflow/.local/lib/python3.8/site-packages/airflow/example_dags/example_setup_teardown.py
[2024-03-11T21:07:18.488+0000] {processor.py:840} INFO - DAG(s) 'example_setup_teardown' retrieved from /home/airflow/.local/lib/python3.8/site-packages/airflow/example_dags/example_setup_teardown.py
[2024-03-11T21:07:18.517+0000] {logging_mixin.py:188} INFO - [2024-03-11T21:07:18.516+0000] {dag.py:3047} INFO - Sync 1 DAGs
[2024-03-11T21:07:18.558+0000] {logging_mixin.py:188} INFO - [2024-03-11T21:07:18.558+0000] {dag.py:3834} INFO - Setting next_dagrun for example_setup_teardown to 2024-03-10 00:00:00+00:00, run_after=2024-03-11 00:00:00+00:00
[2024-03-11T21:07:18.601+0000] {processor.py:183} INFO - Processing /home/airflow/.local/lib/python3.8/site-packages/airflow/example_dags/example_setup_teardown.py took 0.127 seconds
