[2024-03-11T20:55:45.403+0000] {processor.py:161} INFO - Started process (PID=81) to work on /home/airflow/.local/lib/python3.8/site-packages/airflow/example_dags/example_short_circuit_operator.py
[2024-03-11T20:55:45.405+0000] {processor.py:830} INFO - Processing file /home/airflow/.local/lib/python3.8/site-packages/airflow/example_dags/example_short_circuit_operator.py for tasks to queue
[2024-03-11T20:55:45.408+0000] {logging_mixin.py:188} INFO - [2024-03-11T20:55:45.407+0000] {dagbag.py:540} INFO - Filling up the DagBag from /home/airflow/.local/lib/python3.8/site-packages/airflow/example_dags/example_short_circuit_operator.py
[2024-03-11T20:55:45.426+0000] {processor.py:840} INFO - DAG(s) 'example_short_circuit_operator' retrieved from /home/airflow/.local/lib/python3.8/site-packages/airflow/example_dags/example_short_circuit_operator.py
[2024-03-11T20:55:45.633+0000] {logging_mixin.py:188} INFO - [2024-03-11T20:55:45.632+0000] {override.py:1769} INFO - Created Permission View: can read on DAG:example_short_circuit_operator
[2024-03-11T20:55:45.654+0000] {logging_mixin.py:188} INFO - [2024-03-11T20:55:45.653+0000] {override.py:1769} INFO - Created Permission View: can delete on DAG:example_short_circuit_operator
[2024-03-11T20:55:45.668+0000] {logging_mixin.py:188} INFO - [2024-03-11T20:55:45.667+0000] {override.py:1769} INFO - Created Permission View: can edit on DAG:example_short_circuit_operator
[2024-03-11T20:55:45.669+0000] {logging_mixin.py:188} INFO - [2024-03-11T20:55:45.668+0000] {dag.py:3047} INFO - Sync 1 DAGs
[2024-03-11T20:55:45.690+0000] {logging_mixin.py:188} INFO - [2024-03-11T20:55:45.689+0000] {dag.py:3069} INFO - Creating ORM DAG for example_short_circuit_operator
[2024-03-11T20:55:45.714+0000] {logging_mixin.py:188} INFO - [2024-03-11T20:55:45.713+0000] {dag.py:3834} INFO - Setting next_dagrun for example_short_circuit_operator to 2024-03-10 00:00:00+00:00, run_after=2024-03-11 00:00:00+00:00
[2024-03-11T20:55:45.744+0000] {processor.py:183} INFO - Processing /home/airflow/.local/lib/python3.8/site-packages/airflow/example_dags/example_short_circuit_operator.py took 0.346 seconds
[2024-03-11T20:56:15.920+0000] {processor.py:161} INFO - Started process (PID=136) to work on /home/airflow/.local/lib/python3.8/site-packages/airflow/example_dags/example_short_circuit_operator.py
[2024-03-11T20:56:15.921+0000] {processor.py:830} INFO - Processing file /home/airflow/.local/lib/python3.8/site-packages/airflow/example_dags/example_short_circuit_operator.py for tasks to queue
[2024-03-11T20:56:15.924+0000] {logging_mixin.py:188} INFO - [2024-03-11T20:56:15.923+0000] {dagbag.py:540} INFO - Filling up the DagBag from /home/airflow/.local/lib/python3.8/site-packages/airflow/example_dags/example_short_circuit_operator.py
[2024-03-11T20:56:15.935+0000] {processor.py:840} INFO - DAG(s) 'example_short_circuit_operator' retrieved from /home/airflow/.local/lib/python3.8/site-packages/airflow/example_dags/example_short_circuit_operator.py
[2024-03-11T20:56:15.969+0000] {logging_mixin.py:188} INFO - [2024-03-11T20:56:15.969+0000] {dag.py:3047} INFO - Sync 1 DAGs
[2024-03-11T20:56:16.011+0000] {logging_mixin.py:188} INFO - [2024-03-11T20:56:16.011+0000] {dag.py:3834} INFO - Setting next_dagrun for example_short_circuit_operator to 2024-03-10 00:00:00+00:00, run_after=2024-03-11 00:00:00+00:00
[2024-03-11T20:56:16.048+0000] {processor.py:183} INFO - Processing /home/airflow/.local/lib/python3.8/site-packages/airflow/example_dags/example_short_circuit_operator.py took 0.131 seconds
[2024-03-11T20:56:46.413+0000] {processor.py:161} INFO - Started process (PID=191) to work on /home/airflow/.local/lib/python3.8/site-packages/airflow/example_dags/example_short_circuit_operator.py
[2024-03-11T20:56:46.414+0000] {processor.py:830} INFO - Processing file /home/airflow/.local/lib/python3.8/site-packages/airflow/example_dags/example_short_circuit_operator.py for tasks to queue
[2024-03-11T20:56:46.416+0000] {logging_mixin.py:188} INFO - [2024-03-11T20:56:46.416+0000] {dagbag.py:540} INFO - Filling up the DagBag from /home/airflow/.local/lib/python3.8/site-packages/airflow/example_dags/example_short_circuit_operator.py
[2024-03-11T20:56:46.426+0000] {processor.py:840} INFO - DAG(s) 'example_short_circuit_operator' retrieved from /home/airflow/.local/lib/python3.8/site-packages/airflow/example_dags/example_short_circuit_operator.py
[2024-03-11T20:56:46.459+0000] {logging_mixin.py:188} INFO - [2024-03-11T20:56:46.459+0000] {dag.py:3047} INFO - Sync 1 DAGs
[2024-03-11T20:56:46.498+0000] {logging_mixin.py:188} INFO - [2024-03-11T20:56:46.498+0000] {dag.py:3834} INFO - Setting next_dagrun for example_short_circuit_operator to 2024-03-10 00:00:00+00:00, run_after=2024-03-11 00:00:00+00:00
[2024-03-11T20:56:46.531+0000] {processor.py:183} INFO - Processing /home/airflow/.local/lib/python3.8/site-packages/airflow/example_dags/example_short_circuit_operator.py took 0.122 seconds
[2024-03-11T20:57:16.990+0000] {processor.py:161} INFO - Started process (PID=246) to work on /home/airflow/.local/lib/python3.8/site-packages/airflow/example_dags/example_short_circuit_operator.py
[2024-03-11T20:57:16.992+0000] {processor.py:830} INFO - Processing file /home/airflow/.local/lib/python3.8/site-packages/airflow/example_dags/example_short_circuit_operator.py for tasks to queue
[2024-03-11T20:57:16.994+0000] {logging_mixin.py:188} INFO - [2024-03-11T20:57:16.994+0000] {dagbag.py:540} INFO - Filling up the DagBag from /home/airflow/.local/lib/python3.8/site-packages/airflow/example_dags/example_short_circuit_operator.py
[2024-03-11T20:57:17.007+0000] {processor.py:840} INFO - DAG(s) 'example_short_circuit_operator' retrieved from /home/airflow/.local/lib/python3.8/site-packages/airflow/example_dags/example_short_circuit_operator.py
[2024-03-11T20:57:17.040+0000] {logging_mixin.py:188} INFO - [2024-03-11T20:57:17.040+0000] {dag.py:3047} INFO - Sync 1 DAGs
[2024-03-11T20:57:17.073+0000] {logging_mixin.py:188} INFO - [2024-03-11T20:57:17.073+0000] {dag.py:3834} INFO - Setting next_dagrun for example_short_circuit_operator to 2024-03-10 00:00:00+00:00, run_after=2024-03-11 00:00:00+00:00
[2024-03-11T20:57:17.110+0000] {processor.py:183} INFO - Processing /home/airflow/.local/lib/python3.8/site-packages/airflow/example_dags/example_short_circuit_operator.py took 0.123 seconds
[2024-03-11T20:57:47.322+0000] {processor.py:161} INFO - Started process (PID=301) to work on /home/airflow/.local/lib/python3.8/site-packages/airflow/example_dags/example_short_circuit_operator.py
[2024-03-11T20:57:47.323+0000] {processor.py:830} INFO - Processing file /home/airflow/.local/lib/python3.8/site-packages/airflow/example_dags/example_short_circuit_operator.py for tasks to queue
[2024-03-11T20:57:47.326+0000] {logging_mixin.py:188} INFO - [2024-03-11T20:57:47.326+0000] {dagbag.py:540} INFO - Filling up the DagBag from /home/airflow/.local/lib/python3.8/site-packages/airflow/example_dags/example_short_circuit_operator.py
[2024-03-11T20:57:47.338+0000] {processor.py:840} INFO - DAG(s) 'example_short_circuit_operator' retrieved from /home/airflow/.local/lib/python3.8/site-packages/airflow/example_dags/example_short_circuit_operator.py
[2024-03-11T20:57:47.370+0000] {logging_mixin.py:188} INFO - [2024-03-11T20:57:47.370+0000] {dag.py:3047} INFO - Sync 1 DAGs
[2024-03-11T20:57:47.405+0000] {logging_mixin.py:188} INFO - [2024-03-11T20:57:47.405+0000] {dag.py:3834} INFO - Setting next_dagrun for example_short_circuit_operator to 2024-03-10 00:00:00+00:00, run_after=2024-03-11 00:00:00+00:00
[2024-03-11T20:57:47.435+0000] {processor.py:183} INFO - Processing /home/airflow/.local/lib/python3.8/site-packages/airflow/example_dags/example_short_circuit_operator.py took 0.117 seconds
[2024-03-11T20:58:17.810+0000] {processor.py:161} INFO - Started process (PID=356) to work on /home/airflow/.local/lib/python3.8/site-packages/airflow/example_dags/example_short_circuit_operator.py
[2024-03-11T20:58:17.812+0000] {processor.py:830} INFO - Processing file /home/airflow/.local/lib/python3.8/site-packages/airflow/example_dags/example_short_circuit_operator.py for tasks to queue
[2024-03-11T20:58:17.814+0000] {logging_mixin.py:188} INFO - [2024-03-11T20:58:17.813+0000] {dagbag.py:540} INFO - Filling up the DagBag from /home/airflow/.local/lib/python3.8/site-packages/airflow/example_dags/example_short_circuit_operator.py
[2024-03-11T20:58:17.827+0000] {processor.py:840} INFO - DAG(s) 'example_short_circuit_operator' retrieved from /home/airflow/.local/lib/python3.8/site-packages/airflow/example_dags/example_short_circuit_operator.py
[2024-03-11T20:58:17.884+0000] {logging_mixin.py:188} INFO - [2024-03-11T20:58:17.884+0000] {dag.py:3047} INFO - Sync 1 DAGs
[2024-03-11T20:58:17.922+0000] {logging_mixin.py:188} INFO - [2024-03-11T20:58:17.922+0000] {dag.py:3834} INFO - Setting next_dagrun for example_short_circuit_operator to 2024-03-10 00:00:00+00:00, run_after=2024-03-11 00:00:00+00:00
[2024-03-11T20:58:17.958+0000] {processor.py:183} INFO - Processing /home/airflow/.local/lib/python3.8/site-packages/airflow/example_dags/example_short_circuit_operator.py took 0.151 seconds
[2024-03-11T20:58:48.870+0000] {processor.py:161} INFO - Started process (PID=412) to work on /home/airflow/.local/lib/python3.8/site-packages/airflow/example_dags/example_short_circuit_operator.py
[2024-03-11T20:58:48.871+0000] {processor.py:830} INFO - Processing file /home/airflow/.local/lib/python3.8/site-packages/airflow/example_dags/example_short_circuit_operator.py for tasks to queue
[2024-03-11T20:58:48.873+0000] {logging_mixin.py:188} INFO - [2024-03-11T20:58:48.873+0000] {dagbag.py:540} INFO - Filling up the DagBag from /home/airflow/.local/lib/python3.8/site-packages/airflow/example_dags/example_short_circuit_operator.py
[2024-03-11T20:58:48.883+0000] {processor.py:840} INFO - DAG(s) 'example_short_circuit_operator' retrieved from /home/airflow/.local/lib/python3.8/site-packages/airflow/example_dags/example_short_circuit_operator.py
[2024-03-11T20:58:48.917+0000] {logging_mixin.py:188} INFO - [2024-03-11T20:58:48.916+0000] {dag.py:3047} INFO - Sync 1 DAGs
[2024-03-11T20:58:48.949+0000] {logging_mixin.py:188} INFO - [2024-03-11T20:58:48.948+0000] {dag.py:3834} INFO - Setting next_dagrun for example_short_circuit_operator to 2024-03-10 00:00:00+00:00, run_after=2024-03-11 00:00:00+00:00
[2024-03-11T20:58:48.989+0000] {processor.py:183} INFO - Processing /home/airflow/.local/lib/python3.8/site-packages/airflow/example_dags/example_short_circuit_operator.py took 0.123 seconds
[2024-03-11T20:59:19.245+0000] {processor.py:161} INFO - Started process (PID=467) to work on /home/airflow/.local/lib/python3.8/site-packages/airflow/example_dags/example_short_circuit_operator.py
[2024-03-11T20:59:19.247+0000] {processor.py:830} INFO - Processing file /home/airflow/.local/lib/python3.8/site-packages/airflow/example_dags/example_short_circuit_operator.py for tasks to queue
[2024-03-11T20:59:19.249+0000] {logging_mixin.py:188} INFO - [2024-03-11T20:59:19.249+0000] {dagbag.py:540} INFO - Filling up the DagBag from /home/airflow/.local/lib/python3.8/site-packages/airflow/example_dags/example_short_circuit_operator.py
[2024-03-11T20:59:19.261+0000] {processor.py:840} INFO - DAG(s) 'example_short_circuit_operator' retrieved from /home/airflow/.local/lib/python3.8/site-packages/airflow/example_dags/example_short_circuit_operator.py
[2024-03-11T20:59:19.294+0000] {logging_mixin.py:188} INFO - [2024-03-11T20:59:19.294+0000] {dag.py:3047} INFO - Sync 1 DAGs
[2024-03-11T20:59:19.331+0000] {logging_mixin.py:188} INFO - [2024-03-11T20:59:19.331+0000] {dag.py:3834} INFO - Setting next_dagrun for example_short_circuit_operator to 2024-03-10 00:00:00+00:00, run_after=2024-03-11 00:00:00+00:00
[2024-03-11T20:59:19.373+0000] {processor.py:183} INFO - Processing /home/airflow/.local/lib/python3.8/site-packages/airflow/example_dags/example_short_circuit_operator.py took 0.133 seconds
[2024-03-11T20:59:49.721+0000] {processor.py:161} INFO - Started process (PID=522) to work on /home/airflow/.local/lib/python3.8/site-packages/airflow/example_dags/example_short_circuit_operator.py
[2024-03-11T20:59:49.722+0000] {processor.py:830} INFO - Processing file /home/airflow/.local/lib/python3.8/site-packages/airflow/example_dags/example_short_circuit_operator.py for tasks to queue
[2024-03-11T20:59:49.725+0000] {logging_mixin.py:188} INFO - [2024-03-11T20:59:49.724+0000] {dagbag.py:540} INFO - Filling up the DagBag from /home/airflow/.local/lib/python3.8/site-packages/airflow/example_dags/example_short_circuit_operator.py
[2024-03-11T20:59:49.735+0000] {processor.py:840} INFO - DAG(s) 'example_short_circuit_operator' retrieved from /home/airflow/.local/lib/python3.8/site-packages/airflow/example_dags/example_short_circuit_operator.py
[2024-03-11T20:59:49.773+0000] {logging_mixin.py:188} INFO - [2024-03-11T20:59:49.773+0000] {dag.py:3047} INFO - Sync 1 DAGs
[2024-03-11T20:59:49.802+0000] {logging_mixin.py:188} INFO - [2024-03-11T20:59:49.802+0000] {dag.py:3834} INFO - Setting next_dagrun for example_short_circuit_operator to 2024-03-10 00:00:00+00:00, run_after=2024-03-11 00:00:00+00:00
[2024-03-11T20:59:49.843+0000] {processor.py:183} INFO - Processing /home/airflow/.local/lib/python3.8/site-packages/airflow/example_dags/example_short_circuit_operator.py took 0.127 seconds
[2024-03-11T21:00:20.546+0000] {processor.py:161} INFO - Started process (PID=577) to work on /home/airflow/.local/lib/python3.8/site-packages/airflow/example_dags/example_short_circuit_operator.py
[2024-03-11T21:00:20.547+0000] {processor.py:830} INFO - Processing file /home/airflow/.local/lib/python3.8/site-packages/airflow/example_dags/example_short_circuit_operator.py for tasks to queue
[2024-03-11T21:00:20.551+0000] {logging_mixin.py:188} INFO - [2024-03-11T21:00:20.550+0000] {dagbag.py:540} INFO - Filling up the DagBag from /home/airflow/.local/lib/python3.8/site-packages/airflow/example_dags/example_short_circuit_operator.py
[2024-03-11T21:00:20.567+0000] {processor.py:840} INFO - DAG(s) 'example_short_circuit_operator' retrieved from /home/airflow/.local/lib/python3.8/site-packages/airflow/example_dags/example_short_circuit_operator.py
[2024-03-11T21:00:20.621+0000] {logging_mixin.py:188} INFO - [2024-03-11T21:00:20.620+0000] {dag.py:3047} INFO - Sync 1 DAGs
[2024-03-11T21:00:20.661+0000] {logging_mixin.py:188} INFO - [2024-03-11T21:00:20.660+0000] {dag.py:3834} INFO - Setting next_dagrun for example_short_circuit_operator to 2024-03-10 00:00:00+00:00, run_after=2024-03-11 00:00:00+00:00
[2024-03-11T21:00:20.695+0000] {processor.py:183} INFO - Processing /home/airflow/.local/lib/python3.8/site-packages/airflow/example_dags/example_short_circuit_operator.py took 0.155 seconds
[2024-03-11T21:00:51.080+0000] {processor.py:161} INFO - Started process (PID=632) to work on /home/airflow/.local/lib/python3.8/site-packages/airflow/example_dags/example_short_circuit_operator.py
[2024-03-11T21:00:51.082+0000] {processor.py:830} INFO - Processing file /home/airflow/.local/lib/python3.8/site-packages/airflow/example_dags/example_short_circuit_operator.py for tasks to queue
[2024-03-11T21:00:51.084+0000] {logging_mixin.py:188} INFO - [2024-03-11T21:00:51.084+0000] {dagbag.py:540} INFO - Filling up the DagBag from /home/airflow/.local/lib/python3.8/site-packages/airflow/example_dags/example_short_circuit_operator.py
[2024-03-11T21:00:51.100+0000] {processor.py:840} INFO - DAG(s) 'example_short_circuit_operator' retrieved from /home/airflow/.local/lib/python3.8/site-packages/airflow/example_dags/example_short_circuit_operator.py
[2024-03-11T21:00:51.148+0000] {logging_mixin.py:188} INFO - [2024-03-11T21:00:51.147+0000] {dag.py:3047} INFO - Sync 1 DAGs
[2024-03-11T21:00:51.194+0000] {logging_mixin.py:188} INFO - [2024-03-11T21:00:51.194+0000] {dag.py:3834} INFO - Setting next_dagrun for example_short_circuit_operator to 2024-03-10 00:00:00+00:00, run_after=2024-03-11 00:00:00+00:00
[2024-03-11T21:00:51.231+0000] {processor.py:183} INFO - Processing /home/airflow/.local/lib/python3.8/site-packages/airflow/example_dags/example_short_circuit_operator.py took 0.155 seconds
[2024-03-11T21:01:21.740+0000] {processor.py:161} INFO - Started process (PID=687) to work on /home/airflow/.local/lib/python3.8/site-packages/airflow/example_dags/example_short_circuit_operator.py
[2024-03-11T21:01:21.742+0000] {processor.py:830} INFO - Processing file /home/airflow/.local/lib/python3.8/site-packages/airflow/example_dags/example_short_circuit_operator.py for tasks to queue
[2024-03-11T21:01:21.744+0000] {logging_mixin.py:188} INFO - [2024-03-11T21:01:21.744+0000] {dagbag.py:540} INFO - Filling up the DagBag from /home/airflow/.local/lib/python3.8/site-packages/airflow/example_dags/example_short_circuit_operator.py
[2024-03-11T21:01:21.754+0000] {processor.py:840} INFO - DAG(s) 'example_short_circuit_operator' retrieved from /home/airflow/.local/lib/python3.8/site-packages/airflow/example_dags/example_short_circuit_operator.py
[2024-03-11T21:01:21.789+0000] {logging_mixin.py:188} INFO - [2024-03-11T21:01:21.789+0000] {dag.py:3047} INFO - Sync 1 DAGs
[2024-03-11T21:01:21.828+0000] {logging_mixin.py:188} INFO - [2024-03-11T21:01:21.828+0000] {dag.py:3834} INFO - Setting next_dagrun for example_short_circuit_operator to 2024-03-10 00:00:00+00:00, run_after=2024-03-11 00:00:00+00:00
[2024-03-11T21:01:21.859+0000] {processor.py:183} INFO - Processing /home/airflow/.local/lib/python3.8/site-packages/airflow/example_dags/example_short_circuit_operator.py took 0.124 seconds
[2024-03-11T21:01:52.232+0000] {processor.py:161} INFO - Started process (PID=742) to work on /home/airflow/.local/lib/python3.8/site-packages/airflow/example_dags/example_short_circuit_operator.py
[2024-03-11T21:01:52.234+0000] {processor.py:830} INFO - Processing file /home/airflow/.local/lib/python3.8/site-packages/airflow/example_dags/example_short_circuit_operator.py for tasks to queue
[2024-03-11T21:01:52.237+0000] {logging_mixin.py:188} INFO - [2024-03-11T21:01:52.236+0000] {dagbag.py:540} INFO - Filling up the DagBag from /home/airflow/.local/lib/python3.8/site-packages/airflow/example_dags/example_short_circuit_operator.py
[2024-03-11T21:01:52.257+0000] {processor.py:840} INFO - DAG(s) 'example_short_circuit_operator' retrieved from /home/airflow/.local/lib/python3.8/site-packages/airflow/example_dags/example_short_circuit_operator.py
[2024-03-11T21:01:52.312+0000] {logging_mixin.py:188} INFO - [2024-03-11T21:01:52.312+0000] {dag.py:3047} INFO - Sync 1 DAGs
[2024-03-11T21:01:52.352+0000] {logging_mixin.py:188} INFO - [2024-03-11T21:01:52.352+0000] {dag.py:3834} INFO - Setting next_dagrun for example_short_circuit_operator to 2024-03-10 00:00:00+00:00, run_after=2024-03-11 00:00:00+00:00
[2024-03-11T21:01:52.393+0000] {processor.py:183} INFO - Processing /home/airflow/.local/lib/python3.8/site-packages/airflow/example_dags/example_short_circuit_operator.py took 0.164 seconds
[2024-03-11T21:02:22.766+0000] {processor.py:161} INFO - Started process (PID=797) to work on /home/airflow/.local/lib/python3.8/site-packages/airflow/example_dags/example_short_circuit_operator.py
[2024-03-11T21:02:22.767+0000] {processor.py:830} INFO - Processing file /home/airflow/.local/lib/python3.8/site-packages/airflow/example_dags/example_short_circuit_operator.py for tasks to queue
[2024-03-11T21:02:22.769+0000] {logging_mixin.py:188} INFO - [2024-03-11T21:02:22.769+0000] {dagbag.py:540} INFO - Filling up the DagBag from /home/airflow/.local/lib/python3.8/site-packages/airflow/example_dags/example_short_circuit_operator.py
[2024-03-11T21:02:22.780+0000] {processor.py:840} INFO - DAG(s) 'example_short_circuit_operator' retrieved from /home/airflow/.local/lib/python3.8/site-packages/airflow/example_dags/example_short_circuit_operator.py
[2024-03-11T21:02:22.821+0000] {logging_mixin.py:188} INFO - [2024-03-11T21:02:22.821+0000] {dag.py:3047} INFO - Sync 1 DAGs
[2024-03-11T21:02:22.856+0000] {logging_mixin.py:188} INFO - [2024-03-11T21:02:22.855+0000] {dag.py:3834} INFO - Setting next_dagrun for example_short_circuit_operator to 2024-03-10 00:00:00+00:00, run_after=2024-03-11 00:00:00+00:00
[2024-03-11T21:02:22.898+0000] {processor.py:183} INFO - Processing /home/airflow/.local/lib/python3.8/site-packages/airflow/example_dags/example_short_circuit_operator.py took 0.135 seconds
[2024-03-11T21:02:53.428+0000] {processor.py:161} INFO - Started process (PID=852) to work on /home/airflow/.local/lib/python3.8/site-packages/airflow/example_dags/example_short_circuit_operator.py
[2024-03-11T21:02:53.429+0000] {processor.py:830} INFO - Processing file /home/airflow/.local/lib/python3.8/site-packages/airflow/example_dags/example_short_circuit_operator.py for tasks to queue
[2024-03-11T21:02:53.433+0000] {logging_mixin.py:188} INFO - [2024-03-11T21:02:53.432+0000] {dagbag.py:540} INFO - Filling up the DagBag from /home/airflow/.local/lib/python3.8/site-packages/airflow/example_dags/example_short_circuit_operator.py
[2024-03-11T21:02:53.447+0000] {processor.py:840} INFO - DAG(s) 'example_short_circuit_operator' retrieved from /home/airflow/.local/lib/python3.8/site-packages/airflow/example_dags/example_short_circuit_operator.py
[2024-03-11T21:02:53.482+0000] {logging_mixin.py:188} INFO - [2024-03-11T21:02:53.481+0000] {dag.py:3047} INFO - Sync 1 DAGs
[2024-03-11T21:02:53.513+0000] {logging_mixin.py:188} INFO - [2024-03-11T21:02:53.512+0000] {dag.py:3834} INFO - Setting next_dagrun for example_short_circuit_operator to 2024-03-10 00:00:00+00:00, run_after=2024-03-11 00:00:00+00:00
[2024-03-11T21:02:53.555+0000] {processor.py:183} INFO - Processing /home/airflow/.local/lib/python3.8/site-packages/airflow/example_dags/example_short_circuit_operator.py took 0.131 seconds
[2024-03-11T21:03:23.763+0000] {processor.py:161} INFO - Started process (PID=907) to work on /home/airflow/.local/lib/python3.8/site-packages/airflow/example_dags/example_short_circuit_operator.py
[2024-03-11T21:03:23.765+0000] {processor.py:830} INFO - Processing file /home/airflow/.local/lib/python3.8/site-packages/airflow/example_dags/example_short_circuit_operator.py for tasks to queue
[2024-03-11T21:03:23.767+0000] {logging_mixin.py:188} INFO - [2024-03-11T21:03:23.767+0000] {dagbag.py:540} INFO - Filling up the DagBag from /home/airflow/.local/lib/python3.8/site-packages/airflow/example_dags/example_short_circuit_operator.py
[2024-03-11T21:03:23.780+0000] {processor.py:840} INFO - DAG(s) 'example_short_circuit_operator' retrieved from /home/airflow/.local/lib/python3.8/site-packages/airflow/example_dags/example_short_circuit_operator.py
[2024-03-11T21:03:23.823+0000] {logging_mixin.py:188} INFO - [2024-03-11T21:03:23.823+0000] {dag.py:3047} INFO - Sync 1 DAGs
[2024-03-11T21:03:23.855+0000] {logging_mixin.py:188} INFO - [2024-03-11T21:03:23.855+0000] {dag.py:3834} INFO - Setting next_dagrun for example_short_circuit_operator to 2024-03-10 00:00:00+00:00, run_after=2024-03-11 00:00:00+00:00
[2024-03-11T21:03:23.886+0000] {processor.py:183} INFO - Processing /home/airflow/.local/lib/python3.8/site-packages/airflow/example_dags/example_short_circuit_operator.py took 0.126 seconds
[2024-03-11T21:03:54.251+0000] {processor.py:161} INFO - Started process (PID=963) to work on /home/airflow/.local/lib/python3.8/site-packages/airflow/example_dags/example_short_circuit_operator.py
[2024-03-11T21:03:54.253+0000] {processor.py:830} INFO - Processing file /home/airflow/.local/lib/python3.8/site-packages/airflow/example_dags/example_short_circuit_operator.py for tasks to queue
[2024-03-11T21:03:54.255+0000] {logging_mixin.py:188} INFO - [2024-03-11T21:03:54.255+0000] {dagbag.py:540} INFO - Filling up the DagBag from /home/airflow/.local/lib/python3.8/site-packages/airflow/example_dags/example_short_circuit_operator.py
[2024-03-11T21:03:54.265+0000] {processor.py:840} INFO - DAG(s) 'example_short_circuit_operator' retrieved from /home/airflow/.local/lib/python3.8/site-packages/airflow/example_dags/example_short_circuit_operator.py
[2024-03-11T21:03:54.306+0000] {logging_mixin.py:188} INFO - [2024-03-11T21:03:54.306+0000] {dag.py:3047} INFO - Sync 1 DAGs
[2024-03-11T21:03:54.347+0000] {logging_mixin.py:188} INFO - [2024-03-11T21:03:54.346+0000] {dag.py:3834} INFO - Setting next_dagrun for example_short_circuit_operator to 2024-03-10 00:00:00+00:00, run_after=2024-03-11 00:00:00+00:00
[2024-03-11T21:03:54.380+0000] {processor.py:183} INFO - Processing /home/airflow/.local/lib/python3.8/site-packages/airflow/example_dags/example_short_circuit_operator.py took 0.132 seconds
[2024-03-11T21:04:24.679+0000] {processor.py:161} INFO - Started process (PID=1018) to work on /home/airflow/.local/lib/python3.8/site-packages/airflow/example_dags/example_short_circuit_operator.py
[2024-03-11T21:04:24.681+0000] {processor.py:830} INFO - Processing file /home/airflow/.local/lib/python3.8/site-packages/airflow/example_dags/example_short_circuit_operator.py for tasks to queue
[2024-03-11T21:04:24.683+0000] {logging_mixin.py:188} INFO - [2024-03-11T21:04:24.682+0000] {dagbag.py:540} INFO - Filling up the DagBag from /home/airflow/.local/lib/python3.8/site-packages/airflow/example_dags/example_short_circuit_operator.py
[2024-03-11T21:04:24.693+0000] {processor.py:840} INFO - DAG(s) 'example_short_circuit_operator' retrieved from /home/airflow/.local/lib/python3.8/site-packages/airflow/example_dags/example_short_circuit_operator.py
[2024-03-11T21:04:24.739+0000] {logging_mixin.py:188} INFO - [2024-03-11T21:04:24.738+0000] {dag.py:3047} INFO - Sync 1 DAGs
[2024-03-11T21:04:24.778+0000] {logging_mixin.py:188} INFO - [2024-03-11T21:04:24.778+0000] {dag.py:3834} INFO - Setting next_dagrun for example_short_circuit_operator to 2024-03-10 00:00:00+00:00, run_after=2024-03-11 00:00:00+00:00
[2024-03-11T21:04:24.819+0000] {processor.py:183} INFO - Processing /home/airflow/.local/lib/python3.8/site-packages/airflow/example_dags/example_short_circuit_operator.py took 0.145 seconds
[2024-03-11T21:04:55.313+0000] {processor.py:161} INFO - Started process (PID=1073) to work on /home/airflow/.local/lib/python3.8/site-packages/airflow/example_dags/example_short_circuit_operator.py
[2024-03-11T21:04:55.314+0000] {processor.py:830} INFO - Processing file /home/airflow/.local/lib/python3.8/site-packages/airflow/example_dags/example_short_circuit_operator.py for tasks to queue
[2024-03-11T21:04:55.317+0000] {logging_mixin.py:188} INFO - [2024-03-11T21:04:55.316+0000] {dagbag.py:540} INFO - Filling up the DagBag from /home/airflow/.local/lib/python3.8/site-packages/airflow/example_dags/example_short_circuit_operator.py
[2024-03-11T21:04:55.326+0000] {processor.py:840} INFO - DAG(s) 'example_short_circuit_operator' retrieved from /home/airflow/.local/lib/python3.8/site-packages/airflow/example_dags/example_short_circuit_operator.py
[2024-03-11T21:04:55.363+0000] {logging_mixin.py:188} INFO - [2024-03-11T21:04:55.362+0000] {dag.py:3047} INFO - Sync 1 DAGs
[2024-03-11T21:04:55.398+0000] {logging_mixin.py:188} INFO - [2024-03-11T21:04:55.398+0000] {dag.py:3834} INFO - Setting next_dagrun for example_short_circuit_operator to 2024-03-10 00:00:00+00:00, run_after=2024-03-11 00:00:00+00:00
[2024-03-11T21:04:55.437+0000] {processor.py:183} INFO - Processing /home/airflow/.local/lib/python3.8/site-packages/airflow/example_dags/example_short_circuit_operator.py took 0.127 seconds
[2024-03-11T21:05:25.914+0000] {processor.py:161} INFO - Started process (PID=1128) to work on /home/airflow/.local/lib/python3.8/site-packages/airflow/example_dags/example_short_circuit_operator.py
[2024-03-11T21:05:25.916+0000] {processor.py:830} INFO - Processing file /home/airflow/.local/lib/python3.8/site-packages/airflow/example_dags/example_short_circuit_operator.py for tasks to queue
[2024-03-11T21:05:25.918+0000] {logging_mixin.py:188} INFO - [2024-03-11T21:05:25.918+0000] {dagbag.py:540} INFO - Filling up the DagBag from /home/airflow/.local/lib/python3.8/site-packages/airflow/example_dags/example_short_circuit_operator.py
[2024-03-11T21:05:25.933+0000] {processor.py:840} INFO - DAG(s) 'example_short_circuit_operator' retrieved from /home/airflow/.local/lib/python3.8/site-packages/airflow/example_dags/example_short_circuit_operator.py
[2024-03-11T21:05:25.968+0000] {logging_mixin.py:188} INFO - [2024-03-11T21:05:25.968+0000] {dag.py:3047} INFO - Sync 1 DAGs
[2024-03-11T21:05:26.007+0000] {logging_mixin.py:188} INFO - [2024-03-11T21:05:26.006+0000] {dag.py:3834} INFO - Setting next_dagrun for example_short_circuit_operator to 2024-03-10 00:00:00+00:00, run_after=2024-03-11 00:00:00+00:00
[2024-03-11T21:05:26.046+0000] {processor.py:183} INFO - Processing /home/airflow/.local/lib/python3.8/site-packages/airflow/example_dags/example_short_circuit_operator.py took 0.136 seconds
[2024-03-11T21:05:56.329+0000] {processor.py:161} INFO - Started process (PID=1183) to work on /home/airflow/.local/lib/python3.8/site-packages/airflow/example_dags/example_short_circuit_operator.py
[2024-03-11T21:05:56.330+0000] {processor.py:830} INFO - Processing file /home/airflow/.local/lib/python3.8/site-packages/airflow/example_dags/example_short_circuit_operator.py for tasks to queue
[2024-03-11T21:05:56.333+0000] {logging_mixin.py:188} INFO - [2024-03-11T21:05:56.333+0000] {dagbag.py:540} INFO - Filling up the DagBag from /home/airflow/.local/lib/python3.8/site-packages/airflow/example_dags/example_short_circuit_operator.py
[2024-03-11T21:05:56.343+0000] {processor.py:840} INFO - DAG(s) 'example_short_circuit_operator' retrieved from /home/airflow/.local/lib/python3.8/site-packages/airflow/example_dags/example_short_circuit_operator.py
[2024-03-11T21:05:56.376+0000] {logging_mixin.py:188} INFO - [2024-03-11T21:05:56.376+0000] {dag.py:3047} INFO - Sync 1 DAGs
[2024-03-11T21:05:56.414+0000] {logging_mixin.py:188} INFO - [2024-03-11T21:05:56.413+0000] {dag.py:3834} INFO - Setting next_dagrun for example_short_circuit_operator to 2024-03-10 00:00:00+00:00, run_after=2024-03-11 00:00:00+00:00
[2024-03-11T21:05:56.447+0000] {processor.py:183} INFO - Processing /home/airflow/.local/lib/python3.8/site-packages/airflow/example_dags/example_short_circuit_operator.py took 0.123 seconds
[2024-03-11T21:06:27.061+0000] {processor.py:161} INFO - Started process (PID=1238) to work on /home/airflow/.local/lib/python3.8/site-packages/airflow/example_dags/example_short_circuit_operator.py
[2024-03-11T21:06:27.063+0000] {processor.py:830} INFO - Processing file /home/airflow/.local/lib/python3.8/site-packages/airflow/example_dags/example_short_circuit_operator.py for tasks to queue
[2024-03-11T21:06:27.066+0000] {logging_mixin.py:188} INFO - [2024-03-11T21:06:27.065+0000] {dagbag.py:540} INFO - Filling up the DagBag from /home/airflow/.local/lib/python3.8/site-packages/airflow/example_dags/example_short_circuit_operator.py
[2024-03-11T21:06:27.080+0000] {processor.py:840} INFO - DAG(s) 'example_short_circuit_operator' retrieved from /home/airflow/.local/lib/python3.8/site-packages/airflow/example_dags/example_short_circuit_operator.py
[2024-03-11T21:06:27.112+0000] {logging_mixin.py:188} INFO - [2024-03-11T21:06:27.111+0000] {dag.py:3047} INFO - Sync 1 DAGs
[2024-03-11T21:06:27.146+0000] {logging_mixin.py:188} INFO - [2024-03-11T21:06:27.146+0000] {dag.py:3834} INFO - Setting next_dagrun for example_short_circuit_operator to 2024-03-10 00:00:00+00:00, run_after=2024-03-11 00:00:00+00:00
[2024-03-11T21:06:27.182+0000] {processor.py:183} INFO - Processing /home/airflow/.local/lib/python3.8/site-packages/airflow/example_dags/example_short_circuit_operator.py took 0.128 seconds
[2024-03-11T21:06:57.495+0000] {processor.py:161} INFO - Started process (PID=1293) to work on /home/airflow/.local/lib/python3.8/site-packages/airflow/example_dags/example_short_circuit_operator.py
[2024-03-11T21:06:57.497+0000] {processor.py:830} INFO - Processing file /home/airflow/.local/lib/python3.8/site-packages/airflow/example_dags/example_short_circuit_operator.py for tasks to queue
[2024-03-11T21:06:57.499+0000] {logging_mixin.py:188} INFO - [2024-03-11T21:06:57.498+0000] {dagbag.py:540} INFO - Filling up the DagBag from /home/airflow/.local/lib/python3.8/site-packages/airflow/example_dags/example_short_circuit_operator.py
[2024-03-11T21:06:57.508+0000] {processor.py:840} INFO - DAG(s) 'example_short_circuit_operator' retrieved from /home/airflow/.local/lib/python3.8/site-packages/airflow/example_dags/example_short_circuit_operator.py
[2024-03-11T21:06:57.546+0000] {logging_mixin.py:188} INFO - [2024-03-11T21:06:57.546+0000] {dag.py:3047} INFO - Sync 1 DAGs
[2024-03-11T21:06:57.576+0000] {logging_mixin.py:188} INFO - [2024-03-11T21:06:57.576+0000] {dag.py:3834} INFO - Setting next_dagrun for example_short_circuit_operator to 2024-03-10 00:00:00+00:00, run_after=2024-03-11 00:00:00+00:00
[2024-03-11T21:06:57.618+0000] {processor.py:183} INFO - Processing /home/airflow/.local/lib/python3.8/site-packages/airflow/example_dags/example_short_circuit_operator.py took 0.126 seconds
