[2024-03-11T20:55:39.198+0000] {processor.py:161} INFO - Started process (PID=45) to work on /home/airflow/.local/lib/python3.8/site-packages/airflow/example_dags/example_sensors.py
[2024-03-11T20:55:39.200+0000] {processor.py:830} INFO - Processing file /home/airflow/.local/lib/python3.8/site-packages/airflow/example_dags/example_sensors.py for tasks to queue
[2024-03-11T20:55:39.203+0000] {logging_mixin.py:188} INFO - [2024-03-11T20:55:39.203+0000] {dagbag.py:540} INFO - Filling up the DagBag from /home/airflow/.local/lib/python3.8/site-packages/airflow/example_dags/example_sensors.py
[2024-03-11T20:55:39.221+0000] {processor.py:840} INFO - DAG(s) 'example_sensors' retrieved from /home/airflow/.local/lib/python3.8/site-packages/airflow/example_dags/example_sensors.py
[2024-03-11T20:55:39.429+0000] {logging_mixin.py:188} INFO - [2024-03-11T20:55:39.428+0000] {override.py:1769} INFO - Created Permission View: can read on DAG:example_sensors
[2024-03-11T20:55:39.449+0000] {logging_mixin.py:188} INFO - [2024-03-11T20:55:39.448+0000] {override.py:1769} INFO - Created Permission View: can delete on DAG:example_sensors
[2024-03-11T20:55:39.469+0000] {logging_mixin.py:188} INFO - [2024-03-11T20:55:39.468+0000] {override.py:1769} INFO - Created Permission View: can edit on DAG:example_sensors
[2024-03-11T20:55:39.470+0000] {logging_mixin.py:188} INFO - [2024-03-11T20:55:39.470+0000] {dag.py:3047} INFO - Sync 1 DAGs
[2024-03-11T20:55:39.494+0000] {logging_mixin.py:188} INFO - [2024-03-11T20:55:39.493+0000] {dag.py:3069} INFO - Creating ORM DAG for example_sensors
[2024-03-11T20:55:39.496+0000] {logging_mixin.py:188} INFO - [2024-03-11T20:55:39.495+0000] {dag.py:3834} INFO - Setting next_dagrun for example_sensors to None, run_after=None
[2024-03-11T20:55:39.529+0000] {processor.py:183} INFO - Processing /home/airflow/.local/lib/python3.8/site-packages/airflow/example_dags/example_sensors.py took 0.335 seconds
[2024-03-11T20:56:10.306+0000] {processor.py:161} INFO - Started process (PID=100) to work on /home/airflow/.local/lib/python3.8/site-packages/airflow/example_dags/example_sensors.py
[2024-03-11T20:56:10.307+0000] {processor.py:830} INFO - Processing file /home/airflow/.local/lib/python3.8/site-packages/airflow/example_dags/example_sensors.py for tasks to queue
[2024-03-11T20:56:10.310+0000] {logging_mixin.py:188} INFO - [2024-03-11T20:56:10.309+0000] {dagbag.py:540} INFO - Filling up the DagBag from /home/airflow/.local/lib/python3.8/site-packages/airflow/example_dags/example_sensors.py
[2024-03-11T20:56:10.321+0000] {processor.py:840} INFO - DAG(s) 'example_sensors' retrieved from /home/airflow/.local/lib/python3.8/site-packages/airflow/example_dags/example_sensors.py
[2024-03-11T20:56:10.358+0000] {logging_mixin.py:188} INFO - [2024-03-11T20:56:10.357+0000] {dag.py:3047} INFO - Sync 1 DAGs
[2024-03-11T20:56:10.375+0000] {logging_mixin.py:188} INFO - [2024-03-11T20:56:10.375+0000] {dag.py:3834} INFO - Setting next_dagrun for example_sensors to None, run_after=None
[2024-03-11T20:56:10.408+0000] {processor.py:183} INFO - Processing /home/airflow/.local/lib/python3.8/site-packages/airflow/example_dags/example_sensors.py took 0.106 seconds
[2024-03-11T20:56:40.605+0000] {processor.py:161} INFO - Started process (PID=155) to work on /home/airflow/.local/lib/python3.8/site-packages/airflow/example_dags/example_sensors.py
[2024-03-11T20:56:40.607+0000] {processor.py:830} INFO - Processing file /home/airflow/.local/lib/python3.8/site-packages/airflow/example_dags/example_sensors.py for tasks to queue
[2024-03-11T20:56:40.610+0000] {logging_mixin.py:188} INFO - [2024-03-11T20:56:40.610+0000] {dagbag.py:540} INFO - Filling up the DagBag from /home/airflow/.local/lib/python3.8/site-packages/airflow/example_dags/example_sensors.py
[2024-03-11T20:56:40.625+0000] {processor.py:840} INFO - DAG(s) 'example_sensors' retrieved from /home/airflow/.local/lib/python3.8/site-packages/airflow/example_dags/example_sensors.py
[2024-03-11T20:56:40.667+0000] {logging_mixin.py:188} INFO - [2024-03-11T20:56:40.667+0000] {dag.py:3047} INFO - Sync 1 DAGs
[2024-03-11T20:56:40.685+0000] {logging_mixin.py:188} INFO - [2024-03-11T20:56:40.685+0000] {dag.py:3834} INFO - Setting next_dagrun for example_sensors to None, run_after=None
[2024-03-11T20:56:40.716+0000] {processor.py:183} INFO - Processing /home/airflow/.local/lib/python3.8/site-packages/airflow/example_dags/example_sensors.py took 0.116 seconds
[2024-03-11T20:57:10.976+0000] {processor.py:161} INFO - Started process (PID=210) to work on /home/airflow/.local/lib/python3.8/site-packages/airflow/example_dags/example_sensors.py
[2024-03-11T20:57:10.978+0000] {processor.py:830} INFO - Processing file /home/airflow/.local/lib/python3.8/site-packages/airflow/example_dags/example_sensors.py for tasks to queue
[2024-03-11T20:57:10.981+0000] {logging_mixin.py:188} INFO - [2024-03-11T20:57:10.980+0000] {dagbag.py:540} INFO - Filling up the DagBag from /home/airflow/.local/lib/python3.8/site-packages/airflow/example_dags/example_sensors.py
[2024-03-11T20:57:10.998+0000] {processor.py:840} INFO - DAG(s) 'example_sensors' retrieved from /home/airflow/.local/lib/python3.8/site-packages/airflow/example_dags/example_sensors.py
[2024-03-11T20:57:11.044+0000] {logging_mixin.py:188} INFO - [2024-03-11T20:57:11.044+0000] {dag.py:3047} INFO - Sync 1 DAGs
[2024-03-11T20:57:11.066+0000] {logging_mixin.py:188} INFO - [2024-03-11T20:57:11.065+0000] {dag.py:3834} INFO - Setting next_dagrun for example_sensors to None, run_after=None
[2024-03-11T20:57:11.104+0000] {processor.py:183} INFO - Processing /home/airflow/.local/lib/python3.8/site-packages/airflow/example_dags/example_sensors.py took 0.131 seconds
[2024-03-11T20:57:41.228+0000] {processor.py:161} INFO - Started process (PID=265) to work on /home/airflow/.local/lib/python3.8/site-packages/airflow/example_dags/example_sensors.py
[2024-03-11T20:57:41.229+0000] {processor.py:830} INFO - Processing file /home/airflow/.local/lib/python3.8/site-packages/airflow/example_dags/example_sensors.py for tasks to queue
[2024-03-11T20:57:41.232+0000] {logging_mixin.py:188} INFO - [2024-03-11T20:57:41.232+0000] {dagbag.py:540} INFO - Filling up the DagBag from /home/airflow/.local/lib/python3.8/site-packages/airflow/example_dags/example_sensors.py
[2024-03-11T20:57:41.243+0000] {processor.py:840} INFO - DAG(s) 'example_sensors' retrieved from /home/airflow/.local/lib/python3.8/site-packages/airflow/example_dags/example_sensors.py
[2024-03-11T20:57:41.282+0000] {logging_mixin.py:188} INFO - [2024-03-11T20:57:41.282+0000] {dag.py:3047} INFO - Sync 1 DAGs
[2024-03-11T20:57:41.299+0000] {logging_mixin.py:188} INFO - [2024-03-11T20:57:41.299+0000] {dag.py:3834} INFO - Setting next_dagrun for example_sensors to None, run_after=None
[2024-03-11T20:57:41.330+0000] {processor.py:183} INFO - Processing /home/airflow/.local/lib/python3.8/site-packages/airflow/example_dags/example_sensors.py took 0.106 seconds
[2024-03-11T20:58:11.634+0000] {processor.py:161} INFO - Started process (PID=320) to work on /home/airflow/.local/lib/python3.8/site-packages/airflow/example_dags/example_sensors.py
[2024-03-11T20:58:11.637+0000] {processor.py:830} INFO - Processing file /home/airflow/.local/lib/python3.8/site-packages/airflow/example_dags/example_sensors.py for tasks to queue
[2024-03-11T20:58:11.641+0000] {logging_mixin.py:188} INFO - [2024-03-11T20:58:11.641+0000] {dagbag.py:540} INFO - Filling up the DagBag from /home/airflow/.local/lib/python3.8/site-packages/airflow/example_dags/example_sensors.py
[2024-03-11T20:58:11.660+0000] {processor.py:840} INFO - DAG(s) 'example_sensors' retrieved from /home/airflow/.local/lib/python3.8/site-packages/airflow/example_dags/example_sensors.py
[2024-03-11T20:58:11.701+0000] {logging_mixin.py:188} INFO - [2024-03-11T20:58:11.700+0000] {dag.py:3047} INFO - Sync 1 DAGs
[2024-03-11T20:58:11.724+0000] {logging_mixin.py:188} INFO - [2024-03-11T20:58:11.724+0000] {dag.py:3834} INFO - Setting next_dagrun for example_sensors to None, run_after=None
[2024-03-11T20:58:11.763+0000] {processor.py:183} INFO - Processing /home/airflow/.local/lib/python3.8/site-packages/airflow/example_dags/example_sensors.py took 0.134 seconds
[2024-03-11T20:58:42.178+0000] {processor.py:161} INFO - Started process (PID=375) to work on /home/airflow/.local/lib/python3.8/site-packages/airflow/example_dags/example_sensors.py
[2024-03-11T20:58:42.180+0000] {processor.py:830} INFO - Processing file /home/airflow/.local/lib/python3.8/site-packages/airflow/example_dags/example_sensors.py for tasks to queue
[2024-03-11T20:58:42.182+0000] {logging_mixin.py:188} INFO - [2024-03-11T20:58:42.182+0000] {dagbag.py:540} INFO - Filling up the DagBag from /home/airflow/.local/lib/python3.8/site-packages/airflow/example_dags/example_sensors.py
[2024-03-11T20:58:42.195+0000] {processor.py:840} INFO - DAG(s) 'example_sensors' retrieved from /home/airflow/.local/lib/python3.8/site-packages/airflow/example_dags/example_sensors.py
[2024-03-11T20:58:42.242+0000] {logging_mixin.py:188} INFO - [2024-03-11T20:58:42.242+0000] {dag.py:3047} INFO - Sync 1 DAGs
[2024-03-11T20:58:42.262+0000] {logging_mixin.py:188} INFO - [2024-03-11T20:58:42.261+0000] {dag.py:3834} INFO - Setting next_dagrun for example_sensors to None, run_after=None
[2024-03-11T20:58:42.294+0000] {processor.py:183} INFO - Processing /home/airflow/.local/lib/python3.8/site-packages/airflow/example_dags/example_sensors.py took 0.120 seconds
[2024-03-11T20:59:12.437+0000] {processor.py:161} INFO - Started process (PID=431) to work on /home/airflow/.local/lib/python3.8/site-packages/airflow/example_dags/example_sensors.py
[2024-03-11T20:59:12.438+0000] {processor.py:830} INFO - Processing file /home/airflow/.local/lib/python3.8/site-packages/airflow/example_dags/example_sensors.py for tasks to queue
[2024-03-11T20:59:12.440+0000] {logging_mixin.py:188} INFO - [2024-03-11T20:59:12.440+0000] {dagbag.py:540} INFO - Filling up the DagBag from /home/airflow/.local/lib/python3.8/site-packages/airflow/example_dags/example_sensors.py
[2024-03-11T20:59:12.455+0000] {processor.py:840} INFO - DAG(s) 'example_sensors' retrieved from /home/airflow/.local/lib/python3.8/site-packages/airflow/example_dags/example_sensors.py
[2024-03-11T20:59:12.498+0000] {logging_mixin.py:188} INFO - [2024-03-11T20:59:12.498+0000] {dag.py:3047} INFO - Sync 1 DAGs
[2024-03-11T20:59:12.522+0000] {logging_mixin.py:188} INFO - [2024-03-11T20:59:12.522+0000] {dag.py:3834} INFO - Setting next_dagrun for example_sensors to None, run_after=None
[2024-03-11T20:59:12.560+0000] {processor.py:183} INFO - Processing /home/airflow/.local/lib/python3.8/site-packages/airflow/example_dags/example_sensors.py took 0.126 seconds
[2024-03-11T20:59:42.906+0000] {processor.py:161} INFO - Started process (PID=492) to work on /home/airflow/.local/lib/python3.8/site-packages/airflow/example_dags/example_sensors.py
[2024-03-11T20:59:42.908+0000] {processor.py:830} INFO - Processing file /home/airflow/.local/lib/python3.8/site-packages/airflow/example_dags/example_sensors.py for tasks to queue
[2024-03-11T20:59:42.912+0000] {logging_mixin.py:188} INFO - [2024-03-11T20:59:42.911+0000] {dagbag.py:540} INFO - Filling up the DagBag from /home/airflow/.local/lib/python3.8/site-packages/airflow/example_dags/example_sensors.py
[2024-03-11T20:59:42.927+0000] {processor.py:840} INFO - DAG(s) 'example_sensors' retrieved from /home/airflow/.local/lib/python3.8/site-packages/airflow/example_dags/example_sensors.py
[2024-03-11T20:59:42.978+0000] {logging_mixin.py:188} INFO - [2024-03-11T20:59:42.977+0000] {dag.py:3047} INFO - Sync 1 DAGs
[2024-03-11T20:59:42.998+0000] {logging_mixin.py:188} INFO - [2024-03-11T20:59:42.997+0000] {dag.py:3834} INFO - Setting next_dagrun for example_sensors to None, run_after=None
[2024-03-11T20:59:43.033+0000] {processor.py:183} INFO - Processing /home/airflow/.local/lib/python3.8/site-packages/airflow/example_dags/example_sensors.py took 0.131 seconds
[2024-03-11T21:00:13.203+0000] {processor.py:161} INFO - Started process (PID=547) to work on /home/airflow/.local/lib/python3.8/site-packages/airflow/example_dags/example_sensors.py
[2024-03-11T21:00:13.205+0000] {processor.py:830} INFO - Processing file /home/airflow/.local/lib/python3.8/site-packages/airflow/example_dags/example_sensors.py for tasks to queue
[2024-03-11T21:00:13.208+0000] {logging_mixin.py:188} INFO - [2024-03-11T21:00:13.207+0000] {dagbag.py:540} INFO - Filling up the DagBag from /home/airflow/.local/lib/python3.8/site-packages/airflow/example_dags/example_sensors.py
[2024-03-11T21:00:13.224+0000] {processor.py:840} INFO - DAG(s) 'example_sensors' retrieved from /home/airflow/.local/lib/python3.8/site-packages/airflow/example_dags/example_sensors.py
[2024-03-11T21:00:13.270+0000] {logging_mixin.py:188} INFO - [2024-03-11T21:00:13.270+0000] {dag.py:3047} INFO - Sync 1 DAGs
[2024-03-11T21:00:13.291+0000] {logging_mixin.py:188} INFO - [2024-03-11T21:00:13.290+0000] {dag.py:3834} INFO - Setting next_dagrun for example_sensors to None, run_after=None
[2024-03-11T21:00:13.332+0000] {processor.py:183} INFO - Processing /home/airflow/.local/lib/python3.8/site-packages/airflow/example_dags/example_sensors.py took 0.134 seconds
[2024-03-11T21:00:43.445+0000] {processor.py:161} INFO - Started process (PID=602) to work on /home/airflow/.local/lib/python3.8/site-packages/airflow/example_dags/example_sensors.py
[2024-03-11T21:00:43.446+0000] {processor.py:830} INFO - Processing file /home/airflow/.local/lib/python3.8/site-packages/airflow/example_dags/example_sensors.py for tasks to queue
[2024-03-11T21:00:43.448+0000] {logging_mixin.py:188} INFO - [2024-03-11T21:00:43.447+0000] {dagbag.py:540} INFO - Filling up the DagBag from /home/airflow/.local/lib/python3.8/site-packages/airflow/example_dags/example_sensors.py
[2024-03-11T21:00:43.460+0000] {processor.py:840} INFO - DAG(s) 'example_sensors' retrieved from /home/airflow/.local/lib/python3.8/site-packages/airflow/example_dags/example_sensors.py
[2024-03-11T21:00:43.505+0000] {logging_mixin.py:188} INFO - [2024-03-11T21:00:43.504+0000] {dag.py:3047} INFO - Sync 1 DAGs
[2024-03-11T21:00:43.521+0000] {logging_mixin.py:188} INFO - [2024-03-11T21:00:43.521+0000] {dag.py:3834} INFO - Setting next_dagrun for example_sensors to None, run_after=None
[2024-03-11T21:00:43.560+0000] {processor.py:183} INFO - Processing /home/airflow/.local/lib/python3.8/site-packages/airflow/example_dags/example_sensors.py took 0.119 seconds
[2024-03-11T21:01:14.022+0000] {processor.py:161} INFO - Started process (PID=657) to work on /home/airflow/.local/lib/python3.8/site-packages/airflow/example_dags/example_sensors.py
[2024-03-11T21:01:14.024+0000] {processor.py:830} INFO - Processing file /home/airflow/.local/lib/python3.8/site-packages/airflow/example_dags/example_sensors.py for tasks to queue
[2024-03-11T21:01:14.026+0000] {logging_mixin.py:188} INFO - [2024-03-11T21:01:14.026+0000] {dagbag.py:540} INFO - Filling up the DagBag from /home/airflow/.local/lib/python3.8/site-packages/airflow/example_dags/example_sensors.py
[2024-03-11T21:01:14.040+0000] {processor.py:840} INFO - DAG(s) 'example_sensors' retrieved from /home/airflow/.local/lib/python3.8/site-packages/airflow/example_dags/example_sensors.py
[2024-03-11T21:01:14.079+0000] {logging_mixin.py:188} INFO - [2024-03-11T21:01:14.078+0000] {dag.py:3047} INFO - Sync 1 DAGs
[2024-03-11T21:01:14.098+0000] {logging_mixin.py:188} INFO - [2024-03-11T21:01:14.097+0000] {dag.py:3834} INFO - Setting next_dagrun for example_sensors to None, run_after=None
[2024-03-11T21:01:14.136+0000] {processor.py:183} INFO - Processing /home/airflow/.local/lib/python3.8/site-packages/airflow/example_dags/example_sensors.py took 0.119 seconds
[2024-03-11T21:01:44.250+0000] {processor.py:161} INFO - Started process (PID=712) to work on /home/airflow/.local/lib/python3.8/site-packages/airflow/example_dags/example_sensors.py
[2024-03-11T21:01:44.252+0000] {processor.py:830} INFO - Processing file /home/airflow/.local/lib/python3.8/site-packages/airflow/example_dags/example_sensors.py for tasks to queue
[2024-03-11T21:01:44.254+0000] {logging_mixin.py:188} INFO - [2024-03-11T21:01:44.254+0000] {dagbag.py:540} INFO - Filling up the DagBag from /home/airflow/.local/lib/python3.8/site-packages/airflow/example_dags/example_sensors.py
[2024-03-11T21:01:44.266+0000] {processor.py:840} INFO - DAG(s) 'example_sensors' retrieved from /home/airflow/.local/lib/python3.8/site-packages/airflow/example_dags/example_sensors.py
[2024-03-11T21:01:44.314+0000] {logging_mixin.py:188} INFO - [2024-03-11T21:01:44.314+0000] {dag.py:3047} INFO - Sync 1 DAGs
[2024-03-11T21:01:44.339+0000] {logging_mixin.py:188} INFO - [2024-03-11T21:01:44.339+0000] {dag.py:3834} INFO - Setting next_dagrun for example_sensors to None, run_after=None
[2024-03-11T21:01:44.369+0000] {processor.py:183} INFO - Processing /home/airflow/.local/lib/python3.8/site-packages/airflow/example_dags/example_sensors.py took 0.123 seconds
[2024-03-11T21:02:14.494+0000] {processor.py:161} INFO - Started process (PID=767) to work on /home/airflow/.local/lib/python3.8/site-packages/airflow/example_dags/example_sensors.py
[2024-03-11T21:02:14.496+0000] {processor.py:830} INFO - Processing file /home/airflow/.local/lib/python3.8/site-packages/airflow/example_dags/example_sensors.py for tasks to queue
[2024-03-11T21:02:14.498+0000] {logging_mixin.py:188} INFO - [2024-03-11T21:02:14.498+0000] {dagbag.py:540} INFO - Filling up the DagBag from /home/airflow/.local/lib/python3.8/site-packages/airflow/example_dags/example_sensors.py
[2024-03-11T21:02:14.514+0000] {processor.py:840} INFO - DAG(s) 'example_sensors' retrieved from /home/airflow/.local/lib/python3.8/site-packages/airflow/example_dags/example_sensors.py
[2024-03-11T21:02:14.558+0000] {logging_mixin.py:188} INFO - [2024-03-11T21:02:14.558+0000] {dag.py:3047} INFO - Sync 1 DAGs
[2024-03-11T21:02:14.584+0000] {logging_mixin.py:188} INFO - [2024-03-11T21:02:14.584+0000] {dag.py:3834} INFO - Setting next_dagrun for example_sensors to None, run_after=None
[2024-03-11T21:02:14.633+0000] {processor.py:183} INFO - Processing /home/airflow/.local/lib/python3.8/site-packages/airflow/example_dags/example_sensors.py took 0.144 seconds
[2024-03-11T21:02:44.887+0000] {processor.py:161} INFO - Started process (PID=822) to work on /home/airflow/.local/lib/python3.8/site-packages/airflow/example_dags/example_sensors.py
[2024-03-11T21:02:44.888+0000] {processor.py:830} INFO - Processing file /home/airflow/.local/lib/python3.8/site-packages/airflow/example_dags/example_sensors.py for tasks to queue
[2024-03-11T21:02:44.891+0000] {logging_mixin.py:188} INFO - [2024-03-11T21:02:44.890+0000] {dagbag.py:540} INFO - Filling up the DagBag from /home/airflow/.local/lib/python3.8/site-packages/airflow/example_dags/example_sensors.py
[2024-03-11T21:02:44.902+0000] {processor.py:840} INFO - DAG(s) 'example_sensors' retrieved from /home/airflow/.local/lib/python3.8/site-packages/airflow/example_dags/example_sensors.py
[2024-03-11T21:02:44.942+0000] {logging_mixin.py:188} INFO - [2024-03-11T21:02:44.941+0000] {dag.py:3047} INFO - Sync 1 DAGs
[2024-03-11T21:02:44.959+0000] {logging_mixin.py:188} INFO - [2024-03-11T21:02:44.958+0000] {dag.py:3834} INFO - Setting next_dagrun for example_sensors to None, run_after=None
[2024-03-11T21:02:44.990+0000] {processor.py:183} INFO - Processing /home/airflow/.local/lib/python3.8/site-packages/airflow/example_dags/example_sensors.py took 0.107 seconds
[2024-03-11T21:03:15.308+0000] {processor.py:161} INFO - Started process (PID=877) to work on /home/airflow/.local/lib/python3.8/site-packages/airflow/example_dags/example_sensors.py
[2024-03-11T21:03:15.309+0000] {processor.py:830} INFO - Processing file /home/airflow/.local/lib/python3.8/site-packages/airflow/example_dags/example_sensors.py for tasks to queue
[2024-03-11T21:03:15.312+0000] {logging_mixin.py:188} INFO - [2024-03-11T21:03:15.311+0000] {dagbag.py:540} INFO - Filling up the DagBag from /home/airflow/.local/lib/python3.8/site-packages/airflow/example_dags/example_sensors.py
[2024-03-11T21:03:15.323+0000] {processor.py:840} INFO - DAG(s) 'example_sensors' retrieved from /home/airflow/.local/lib/python3.8/site-packages/airflow/example_dags/example_sensors.py
[2024-03-11T21:03:15.360+0000] {logging_mixin.py:188} INFO - [2024-03-11T21:03:15.360+0000] {dag.py:3047} INFO - Sync 1 DAGs
[2024-03-11T21:03:15.380+0000] {logging_mixin.py:188} INFO - [2024-03-11T21:03:15.379+0000] {dag.py:3834} INFO - Setting next_dagrun for example_sensors to None, run_after=None
[2024-03-11T21:03:15.412+0000] {processor.py:183} INFO - Processing /home/airflow/.local/lib/python3.8/site-packages/airflow/example_dags/example_sensors.py took 0.109 seconds
[2024-03-11T21:03:45.926+0000] {processor.py:161} INFO - Started process (PID=933) to work on /home/airflow/.local/lib/python3.8/site-packages/airflow/example_dags/example_sensors.py
[2024-03-11T21:03:45.927+0000] {processor.py:830} INFO - Processing file /home/airflow/.local/lib/python3.8/site-packages/airflow/example_dags/example_sensors.py for tasks to queue
[2024-03-11T21:03:45.930+0000] {logging_mixin.py:188} INFO - [2024-03-11T21:03:45.930+0000] {dagbag.py:540} INFO - Filling up the DagBag from /home/airflow/.local/lib/python3.8/site-packages/airflow/example_dags/example_sensors.py
[2024-03-11T21:03:45.949+0000] {processor.py:840} INFO - DAG(s) 'example_sensors' retrieved from /home/airflow/.local/lib/python3.8/site-packages/airflow/example_dags/example_sensors.py
[2024-03-11T21:03:45.985+0000] {logging_mixin.py:188} INFO - [2024-03-11T21:03:45.985+0000] {dag.py:3047} INFO - Sync 1 DAGs
[2024-03-11T21:03:46.003+0000] {logging_mixin.py:188} INFO - [2024-03-11T21:03:46.003+0000] {dag.py:3834} INFO - Setting next_dagrun for example_sensors to None, run_after=None
[2024-03-11T21:03:46.041+0000] {processor.py:183} INFO - Processing /home/airflow/.local/lib/python3.8/site-packages/airflow/example_dags/example_sensors.py took 0.118 seconds
[2024-03-11T21:04:16.227+0000] {processor.py:161} INFO - Started process (PID=988) to work on /home/airflow/.local/lib/python3.8/site-packages/airflow/example_dags/example_sensors.py
[2024-03-11T21:04:16.228+0000] {processor.py:830} INFO - Processing file /home/airflow/.local/lib/python3.8/site-packages/airflow/example_dags/example_sensors.py for tasks to queue
[2024-03-11T21:04:16.230+0000] {logging_mixin.py:188} INFO - [2024-03-11T21:04:16.230+0000] {dagbag.py:540} INFO - Filling up the DagBag from /home/airflow/.local/lib/python3.8/site-packages/airflow/example_dags/example_sensors.py
[2024-03-11T21:04:16.242+0000] {processor.py:840} INFO - DAG(s) 'example_sensors' retrieved from /home/airflow/.local/lib/python3.8/site-packages/airflow/example_dags/example_sensors.py
[2024-03-11T21:04:16.281+0000] {logging_mixin.py:188} INFO - [2024-03-11T21:04:16.280+0000] {dag.py:3047} INFO - Sync 1 DAGs
[2024-03-11T21:04:16.298+0000] {logging_mixin.py:188} INFO - [2024-03-11T21:04:16.298+0000] {dag.py:3834} INFO - Setting next_dagrun for example_sensors to None, run_after=None
[2024-03-11T21:04:16.331+0000] {processor.py:183} INFO - Processing /home/airflow/.local/lib/python3.8/site-packages/airflow/example_dags/example_sensors.py took 0.107 seconds
[2024-03-11T21:04:46.705+0000] {processor.py:161} INFO - Started process (PID=1043) to work on /home/airflow/.local/lib/python3.8/site-packages/airflow/example_dags/example_sensors.py
[2024-03-11T21:04:46.707+0000] {processor.py:830} INFO - Processing file /home/airflow/.local/lib/python3.8/site-packages/airflow/example_dags/example_sensors.py for tasks to queue
[2024-03-11T21:04:46.709+0000] {logging_mixin.py:188} INFO - [2024-03-11T21:04:46.709+0000] {dagbag.py:540} INFO - Filling up the DagBag from /home/airflow/.local/lib/python3.8/site-packages/airflow/example_dags/example_sensors.py
[2024-03-11T21:04:46.721+0000] {processor.py:840} INFO - DAG(s) 'example_sensors' retrieved from /home/airflow/.local/lib/python3.8/site-packages/airflow/example_dags/example_sensors.py
[2024-03-11T21:04:46.770+0000] {logging_mixin.py:188} INFO - [2024-03-11T21:04:46.769+0000] {dag.py:3047} INFO - Sync 1 DAGs
[2024-03-11T21:04:46.795+0000] {logging_mixin.py:188} INFO - [2024-03-11T21:04:46.795+0000] {dag.py:3834} INFO - Setting next_dagrun for example_sensors to None, run_after=None
[2024-03-11T21:04:46.847+0000] {processor.py:183} INFO - Processing /home/airflow/.local/lib/python3.8/site-packages/airflow/example_dags/example_sensors.py took 0.145 seconds
[2024-03-11T21:05:17.268+0000] {processor.py:161} INFO - Started process (PID=1098) to work on /home/airflow/.local/lib/python3.8/site-packages/airflow/example_dags/example_sensors.py
[2024-03-11T21:05:17.269+0000] {processor.py:830} INFO - Processing file /home/airflow/.local/lib/python3.8/site-packages/airflow/example_dags/example_sensors.py for tasks to queue
[2024-03-11T21:05:17.272+0000] {logging_mixin.py:188} INFO - [2024-03-11T21:05:17.272+0000] {dagbag.py:540} INFO - Filling up the DagBag from /home/airflow/.local/lib/python3.8/site-packages/airflow/example_dags/example_sensors.py
[2024-03-11T21:05:17.288+0000] {processor.py:840} INFO - DAG(s) 'example_sensors' retrieved from /home/airflow/.local/lib/python3.8/site-packages/airflow/example_dags/example_sensors.py
[2024-03-11T21:05:17.327+0000] {logging_mixin.py:188} INFO - [2024-03-11T21:05:17.326+0000] {dag.py:3047} INFO - Sync 1 DAGs
[2024-03-11T21:05:17.345+0000] {logging_mixin.py:188} INFO - [2024-03-11T21:05:17.345+0000] {dag.py:3834} INFO - Setting next_dagrun for example_sensors to None, run_after=None
[2024-03-11T21:05:17.382+0000] {processor.py:183} INFO - Processing /home/airflow/.local/lib/python3.8/site-packages/airflow/example_dags/example_sensors.py took 0.117 seconds
[2024-03-11T21:05:47.943+0000] {processor.py:161} INFO - Started process (PID=1153) to work on /home/airflow/.local/lib/python3.8/site-packages/airflow/example_dags/example_sensors.py
[2024-03-11T21:05:47.944+0000] {processor.py:830} INFO - Processing file /home/airflow/.local/lib/python3.8/site-packages/airflow/example_dags/example_sensors.py for tasks to queue
[2024-03-11T21:05:47.946+0000] {logging_mixin.py:188} INFO - [2024-03-11T21:05:47.946+0000] {dagbag.py:540} INFO - Filling up the DagBag from /home/airflow/.local/lib/python3.8/site-packages/airflow/example_dags/example_sensors.py
[2024-03-11T21:05:47.958+0000] {processor.py:840} INFO - DAG(s) 'example_sensors' retrieved from /home/airflow/.local/lib/python3.8/site-packages/airflow/example_dags/example_sensors.py
[2024-03-11T21:05:48.001+0000] {logging_mixin.py:188} INFO - [2024-03-11T21:05:48.001+0000] {dag.py:3047} INFO - Sync 1 DAGs
[2024-03-11T21:05:48.018+0000] {logging_mixin.py:188} INFO - [2024-03-11T21:05:48.018+0000] {dag.py:3834} INFO - Setting next_dagrun for example_sensors to None, run_after=None
[2024-03-11T21:05:48.046+0000] {processor.py:183} INFO - Processing /home/airflow/.local/lib/python3.8/site-packages/airflow/example_dags/example_sensors.py took 0.106 seconds
[2024-03-11T21:06:18.369+0000] {processor.py:161} INFO - Started process (PID=1208) to work on /home/airflow/.local/lib/python3.8/site-packages/airflow/example_dags/example_sensors.py
[2024-03-11T21:06:18.370+0000] {processor.py:830} INFO - Processing file /home/airflow/.local/lib/python3.8/site-packages/airflow/example_dags/example_sensors.py for tasks to queue
[2024-03-11T21:06:18.372+0000] {logging_mixin.py:188} INFO - [2024-03-11T21:06:18.372+0000] {dagbag.py:540} INFO - Filling up the DagBag from /home/airflow/.local/lib/python3.8/site-packages/airflow/example_dags/example_sensors.py
[2024-03-11T21:06:18.384+0000] {processor.py:840} INFO - DAG(s) 'example_sensors' retrieved from /home/airflow/.local/lib/python3.8/site-packages/airflow/example_dags/example_sensors.py
[2024-03-11T21:06:18.419+0000] {logging_mixin.py:188} INFO - [2024-03-11T21:06:18.419+0000] {dag.py:3047} INFO - Sync 1 DAGs
[2024-03-11T21:06:18.436+0000] {logging_mixin.py:188} INFO - [2024-03-11T21:06:18.436+0000] {dag.py:3834} INFO - Setting next_dagrun for example_sensors to None, run_after=None
[2024-03-11T21:06:18.466+0000] {processor.py:183} INFO - Processing /home/airflow/.local/lib/python3.8/site-packages/airflow/example_dags/example_sensors.py took 0.101 seconds
[2024-03-11T21:06:49.016+0000] {processor.py:161} INFO - Started process (PID=1263) to work on /home/airflow/.local/lib/python3.8/site-packages/airflow/example_dags/example_sensors.py
[2024-03-11T21:06:49.017+0000] {processor.py:830} INFO - Processing file /home/airflow/.local/lib/python3.8/site-packages/airflow/example_dags/example_sensors.py for tasks to queue
[2024-03-11T21:06:49.020+0000] {logging_mixin.py:188} INFO - [2024-03-11T21:06:49.019+0000] {dagbag.py:540} INFO - Filling up the DagBag from /home/airflow/.local/lib/python3.8/site-packages/airflow/example_dags/example_sensors.py
[2024-03-11T21:06:49.037+0000] {processor.py:840} INFO - DAG(s) 'example_sensors' retrieved from /home/airflow/.local/lib/python3.8/site-packages/airflow/example_dags/example_sensors.py
[2024-03-11T21:06:49.096+0000] {logging_mixin.py:188} INFO - [2024-03-11T21:06:49.095+0000] {dag.py:3047} INFO - Sync 1 DAGs
[2024-03-11T21:06:49.121+0000] {logging_mixin.py:188} INFO - [2024-03-11T21:06:49.120+0000] {dag.py:3834} INFO - Setting next_dagrun for example_sensors to None, run_after=None
[2024-03-11T21:06:49.164+0000] {processor.py:183} INFO - Processing /home/airflow/.local/lib/python3.8/site-packages/airflow/example_dags/example_sensors.py took 0.152 seconds
[2024-03-11T21:07:19.624+0000] {processor.py:161} INFO - Started process (PID=1318) to work on /home/airflow/.local/lib/python3.8/site-packages/airflow/example_dags/example_sensors.py
[2024-03-11T21:07:19.626+0000] {processor.py:830} INFO - Processing file /home/airflow/.local/lib/python3.8/site-packages/airflow/example_dags/example_sensors.py for tasks to queue
[2024-03-11T21:07:19.628+0000] {logging_mixin.py:188} INFO - [2024-03-11T21:07:19.628+0000] {dagbag.py:540} INFO - Filling up the DagBag from /home/airflow/.local/lib/python3.8/site-packages/airflow/example_dags/example_sensors.py
[2024-03-11T21:07:19.640+0000] {processor.py:840} INFO - DAG(s) 'example_sensors' retrieved from /home/airflow/.local/lib/python3.8/site-packages/airflow/example_dags/example_sensors.py
[2024-03-11T21:07:19.678+0000] {logging_mixin.py:188} INFO - [2024-03-11T21:07:19.678+0000] {dag.py:3047} INFO - Sync 1 DAGs
[2024-03-11T21:07:19.698+0000] {logging_mixin.py:188} INFO - [2024-03-11T21:07:19.697+0000] {dag.py:3834} INFO - Setting next_dagrun for example_sensors to None, run_after=None
[2024-03-11T21:07:19.739+0000] {processor.py:183} INFO - Processing /home/airflow/.local/lib/python3.8/site-packages/airflow/example_dags/example_sensors.py took 0.118 seconds
