[2024-03-11T20:55:44.977+0000] {processor.py:161} INFO - Started process (PID=78) to work on /home/airflow/.local/lib/python3.8/site-packages/airflow/example_dags/example_python_operator.py
[2024-03-11T20:55:44.978+0000] {processor.py:830} INFO - Processing file /home/airflow/.local/lib/python3.8/site-packages/airflow/example_dags/example_python_operator.py for tasks to queue
[2024-03-11T20:55:44.981+0000] {logging_mixin.py:188} INFO - [2024-03-11T20:55:44.980+0000] {dagbag.py:540} INFO - Filling up the DagBag from /home/airflow/.local/lib/python3.8/site-packages/airflow/example_dags/example_python_operator.py
[2024-03-11T20:55:45.002+0000] {processor.py:840} INFO - DAG(s) 'example_python_operator' retrieved from /home/airflow/.local/lib/python3.8/site-packages/airflow/example_dags/example_python_operator.py
[2024-03-11T20:55:45.179+0000] {logging_mixin.py:188} INFO - [2024-03-11T20:55:45.178+0000] {override.py:1769} INFO - Created Permission View: can read on DAG:example_python_operator
[2024-03-11T20:55:45.196+0000] {logging_mixin.py:188} INFO - [2024-03-11T20:55:45.195+0000] {override.py:1769} INFO - Created Permission View: can delete on DAG:example_python_operator
[2024-03-11T20:55:45.209+0000] {logging_mixin.py:188} INFO - [2024-03-11T20:55:45.208+0000] {override.py:1769} INFO - Created Permission View: can edit on DAG:example_python_operator
[2024-03-11T20:55:45.210+0000] {logging_mixin.py:188} INFO - [2024-03-11T20:55:45.209+0000] {dag.py:3047} INFO - Sync 1 DAGs
[2024-03-11T20:55:45.234+0000] {logging_mixin.py:188} INFO - [2024-03-11T20:55:45.233+0000] {dag.py:3069} INFO - Creating ORM DAG for example_python_operator
[2024-03-11T20:55:45.236+0000] {logging_mixin.py:188} INFO - [2024-03-11T20:55:45.235+0000] {dag.py:3834} INFO - Setting next_dagrun for example_python_operator to None, run_after=None
[2024-03-11T20:55:45.268+0000] {processor.py:183} INFO - Processing /home/airflow/.local/lib/python3.8/site-packages/airflow/example_dags/example_python_operator.py took 0.294 seconds
[2024-03-11T20:56:15.612+0000] {processor.py:161} INFO - Started process (PID=133) to work on /home/airflow/.local/lib/python3.8/site-packages/airflow/example_dags/example_python_operator.py
[2024-03-11T20:56:15.613+0000] {processor.py:830} INFO - Processing file /home/airflow/.local/lib/python3.8/site-packages/airflow/example_dags/example_python_operator.py for tasks to queue
[2024-03-11T20:56:15.615+0000] {logging_mixin.py:188} INFO - [2024-03-11T20:56:15.615+0000] {dagbag.py:540} INFO - Filling up the DagBag from /home/airflow/.local/lib/python3.8/site-packages/airflow/example_dags/example_python_operator.py
[2024-03-11T20:56:15.628+0000] {processor.py:840} INFO - DAG(s) 'example_python_operator' retrieved from /home/airflow/.local/lib/python3.8/site-packages/airflow/example_dags/example_python_operator.py
[2024-03-11T20:56:15.657+0000] {logging_mixin.py:188} INFO - [2024-03-11T20:56:15.656+0000] {dag.py:3047} INFO - Sync 1 DAGs
[2024-03-11T20:56:15.675+0000] {logging_mixin.py:188} INFO - [2024-03-11T20:56:15.674+0000] {dag.py:3834} INFO - Setting next_dagrun for example_python_operator to None, run_after=None
[2024-03-11T20:56:15.713+0000] {processor.py:183} INFO - Processing /home/airflow/.local/lib/python3.8/site-packages/airflow/example_dags/example_python_operator.py took 0.104 seconds
[2024-03-11T20:56:46.086+0000] {processor.py:161} INFO - Started process (PID=188) to work on /home/airflow/.local/lib/python3.8/site-packages/airflow/example_dags/example_python_operator.py
[2024-03-11T20:56:46.087+0000] {processor.py:830} INFO - Processing file /home/airflow/.local/lib/python3.8/site-packages/airflow/example_dags/example_python_operator.py for tasks to queue
[2024-03-11T20:56:46.090+0000] {logging_mixin.py:188} INFO - [2024-03-11T20:56:46.089+0000] {dagbag.py:540} INFO - Filling up the DagBag from /home/airflow/.local/lib/python3.8/site-packages/airflow/example_dags/example_python_operator.py
[2024-03-11T20:56:46.103+0000] {processor.py:840} INFO - DAG(s) 'example_python_operator' retrieved from /home/airflow/.local/lib/python3.8/site-packages/airflow/example_dags/example_python_operator.py
[2024-03-11T20:56:46.136+0000] {logging_mixin.py:188} INFO - [2024-03-11T20:56:46.135+0000] {dag.py:3047} INFO - Sync 1 DAGs
[2024-03-11T20:56:46.155+0000] {logging_mixin.py:188} INFO - [2024-03-11T20:56:46.154+0000] {dag.py:3834} INFO - Setting next_dagrun for example_python_operator to None, run_after=None
[2024-03-11T20:56:46.196+0000] {processor.py:183} INFO - Processing /home/airflow/.local/lib/python3.8/site-packages/airflow/example_dags/example_python_operator.py took 0.114 seconds
[2024-03-11T20:57:16.700+0000] {processor.py:161} INFO - Started process (PID=243) to work on /home/airflow/.local/lib/python3.8/site-packages/airflow/example_dags/example_python_operator.py
[2024-03-11T20:57:16.701+0000] {processor.py:830} INFO - Processing file /home/airflow/.local/lib/python3.8/site-packages/airflow/example_dags/example_python_operator.py for tasks to queue
[2024-03-11T20:57:16.704+0000] {logging_mixin.py:188} INFO - [2024-03-11T20:57:16.703+0000] {dagbag.py:540} INFO - Filling up the DagBag from /home/airflow/.local/lib/python3.8/site-packages/airflow/example_dags/example_python_operator.py
[2024-03-11T20:57:16.716+0000] {processor.py:840} INFO - DAG(s) 'example_python_operator' retrieved from /home/airflow/.local/lib/python3.8/site-packages/airflow/example_dags/example_python_operator.py
[2024-03-11T20:57:16.748+0000] {logging_mixin.py:188} INFO - [2024-03-11T20:57:16.748+0000] {dag.py:3047} INFO - Sync 1 DAGs
[2024-03-11T20:57:16.766+0000] {logging_mixin.py:188} INFO - [2024-03-11T20:57:16.766+0000] {dag.py:3834} INFO - Setting next_dagrun for example_python_operator to None, run_after=None
[2024-03-11T20:57:16.798+0000] {processor.py:183} INFO - Processing /home/airflow/.local/lib/python3.8/site-packages/airflow/example_dags/example_python_operator.py took 0.102 seconds
[2024-03-11T20:57:47.056+0000] {processor.py:161} INFO - Started process (PID=298) to work on /home/airflow/.local/lib/python3.8/site-packages/airflow/example_dags/example_python_operator.py
[2024-03-11T20:57:47.058+0000] {processor.py:830} INFO - Processing file /home/airflow/.local/lib/python3.8/site-packages/airflow/example_dags/example_python_operator.py for tasks to queue
[2024-03-11T20:57:47.060+0000] {logging_mixin.py:188} INFO - [2024-03-11T20:57:47.059+0000] {dagbag.py:540} INFO - Filling up the DagBag from /home/airflow/.local/lib/python3.8/site-packages/airflow/example_dags/example_python_operator.py
[2024-03-11T20:57:47.073+0000] {processor.py:840} INFO - DAG(s) 'example_python_operator' retrieved from /home/airflow/.local/lib/python3.8/site-packages/airflow/example_dags/example_python_operator.py
[2024-03-11T20:57:47.104+0000] {logging_mixin.py:188} INFO - [2024-03-11T20:57:47.103+0000] {dag.py:3047} INFO - Sync 1 DAGs
[2024-03-11T20:57:47.122+0000] {logging_mixin.py:188} INFO - [2024-03-11T20:57:47.121+0000] {dag.py:3834} INFO - Setting next_dagrun for example_python_operator to None, run_after=None
[2024-03-11T20:57:47.152+0000] {processor.py:183} INFO - Processing /home/airflow/.local/lib/python3.8/site-packages/airflow/example_dags/example_python_operator.py took 0.100 seconds
[2024-03-11T20:58:17.517+0000] {processor.py:161} INFO - Started process (PID=353) to work on /home/airflow/.local/lib/python3.8/site-packages/airflow/example_dags/example_python_operator.py
[2024-03-11T20:58:17.519+0000] {processor.py:830} INFO - Processing file /home/airflow/.local/lib/python3.8/site-packages/airflow/example_dags/example_python_operator.py for tasks to queue
[2024-03-11T20:58:17.521+0000] {logging_mixin.py:188} INFO - [2024-03-11T20:58:17.520+0000] {dagbag.py:540} INFO - Filling up the DagBag from /home/airflow/.local/lib/python3.8/site-packages/airflow/example_dags/example_python_operator.py
[2024-03-11T20:58:17.534+0000] {processor.py:840} INFO - DAG(s) 'example_python_operator' retrieved from /home/airflow/.local/lib/python3.8/site-packages/airflow/example_dags/example_python_operator.py
[2024-03-11T20:58:17.567+0000] {logging_mixin.py:188} INFO - [2024-03-11T20:58:17.567+0000] {dag.py:3047} INFO - Sync 1 DAGs
[2024-03-11T20:58:17.585+0000] {logging_mixin.py:188} INFO - [2024-03-11T20:58:17.585+0000] {dag.py:3834} INFO - Setting next_dagrun for example_python_operator to None, run_after=None
[2024-03-11T20:58:17.624+0000] {processor.py:183} INFO - Processing /home/airflow/.local/lib/python3.8/site-packages/airflow/example_dags/example_python_operator.py took 0.111 seconds
[2024-03-11T20:58:47.715+0000] {processor.py:161} INFO - Started process (PID=409) to work on /home/airflow/.local/lib/python3.8/site-packages/airflow/example_dags/example_python_operator.py
[2024-03-11T20:58:47.716+0000] {processor.py:830} INFO - Processing file /home/airflow/.local/lib/python3.8/site-packages/airflow/example_dags/example_python_operator.py for tasks to queue
[2024-03-11T20:58:47.718+0000] {logging_mixin.py:188} INFO - [2024-03-11T20:58:47.718+0000] {dagbag.py:540} INFO - Filling up the DagBag from /home/airflow/.local/lib/python3.8/site-packages/airflow/example_dags/example_python_operator.py
[2024-03-11T20:58:47.732+0000] {processor.py:840} INFO - DAG(s) 'example_python_operator' retrieved from /home/airflow/.local/lib/python3.8/site-packages/airflow/example_dags/example_python_operator.py
[2024-03-11T20:58:47.763+0000] {logging_mixin.py:188} INFO - [2024-03-11T20:58:47.762+0000] {dag.py:3047} INFO - Sync 1 DAGs
[2024-03-11T20:58:47.784+0000] {logging_mixin.py:188} INFO - [2024-03-11T20:58:47.784+0000] {dag.py:3834} INFO - Setting next_dagrun for example_python_operator to None, run_after=None
[2024-03-11T20:58:47.814+0000] {processor.py:183} INFO - Processing /home/airflow/.local/lib/python3.8/site-packages/airflow/example_dags/example_python_operator.py took 0.103 seconds
[2024-03-11T20:59:18.098+0000] {processor.py:161} INFO - Started process (PID=464) to work on /home/airflow/.local/lib/python3.8/site-packages/airflow/example_dags/example_python_operator.py
[2024-03-11T20:59:18.099+0000] {processor.py:830} INFO - Processing file /home/airflow/.local/lib/python3.8/site-packages/airflow/example_dags/example_python_operator.py for tasks to queue
[2024-03-11T20:59:18.101+0000] {logging_mixin.py:188} INFO - [2024-03-11T20:59:18.101+0000] {dagbag.py:540} INFO - Filling up the DagBag from /home/airflow/.local/lib/python3.8/site-packages/airflow/example_dags/example_python_operator.py
[2024-03-11T20:59:18.117+0000] {processor.py:840} INFO - DAG(s) 'example_python_operator' retrieved from /home/airflow/.local/lib/python3.8/site-packages/airflow/example_dags/example_python_operator.py
[2024-03-11T20:59:18.148+0000] {logging_mixin.py:188} INFO - [2024-03-11T20:59:18.147+0000] {dag.py:3047} INFO - Sync 1 DAGs
[2024-03-11T20:59:18.165+0000] {logging_mixin.py:188} INFO - [2024-03-11T20:59:18.165+0000] {dag.py:3834} INFO - Setting next_dagrun for example_python_operator to None, run_after=None
[2024-03-11T20:59:18.195+0000] {processor.py:183} INFO - Processing /home/airflow/.local/lib/python3.8/site-packages/airflow/example_dags/example_python_operator.py took 0.101 seconds
[2024-03-11T20:59:48.562+0000] {processor.py:161} INFO - Started process (PID=519) to work on /home/airflow/.local/lib/python3.8/site-packages/airflow/example_dags/example_python_operator.py
[2024-03-11T20:59:48.564+0000] {processor.py:830} INFO - Processing file /home/airflow/.local/lib/python3.8/site-packages/airflow/example_dags/example_python_operator.py for tasks to queue
[2024-03-11T20:59:48.566+0000] {logging_mixin.py:188} INFO - [2024-03-11T20:59:48.566+0000] {dagbag.py:540} INFO - Filling up the DagBag from /home/airflow/.local/lib/python3.8/site-packages/airflow/example_dags/example_python_operator.py
[2024-03-11T20:59:48.580+0000] {processor.py:840} INFO - DAG(s) 'example_python_operator' retrieved from /home/airflow/.local/lib/python3.8/site-packages/airflow/example_dags/example_python_operator.py
[2024-03-11T20:59:48.612+0000] {logging_mixin.py:188} INFO - [2024-03-11T20:59:48.612+0000] {dag.py:3047} INFO - Sync 1 DAGs
[2024-03-11T20:59:48.632+0000] {logging_mixin.py:188} INFO - [2024-03-11T20:59:48.631+0000] {dag.py:3834} INFO - Setting next_dagrun for example_python_operator to None, run_after=None
[2024-03-11T20:59:48.664+0000] {processor.py:183} INFO - Processing /home/airflow/.local/lib/python3.8/site-packages/airflow/example_dags/example_python_operator.py took 0.105 seconds
[2024-03-11T21:00:19.518+0000] {processor.py:161} INFO - Started process (PID=574) to work on /home/airflow/.local/lib/python3.8/site-packages/airflow/example_dags/example_python_operator.py
[2024-03-11T21:00:19.520+0000] {processor.py:830} INFO - Processing file /home/airflow/.local/lib/python3.8/site-packages/airflow/example_dags/example_python_operator.py for tasks to queue
[2024-03-11T21:00:19.522+0000] {logging_mixin.py:188} INFO - [2024-03-11T21:00:19.522+0000] {dagbag.py:540} INFO - Filling up the DagBag from /home/airflow/.local/lib/python3.8/site-packages/airflow/example_dags/example_python_operator.py
[2024-03-11T21:00:19.538+0000] {processor.py:840} INFO - DAG(s) 'example_python_operator' retrieved from /home/airflow/.local/lib/python3.8/site-packages/airflow/example_dags/example_python_operator.py
[2024-03-11T21:00:19.575+0000] {logging_mixin.py:188} INFO - [2024-03-11T21:00:19.575+0000] {dag.py:3047} INFO - Sync 1 DAGs
[2024-03-11T21:00:19.600+0000] {logging_mixin.py:188} INFO - [2024-03-11T21:00:19.599+0000] {dag.py:3834} INFO - Setting next_dagrun for example_python_operator to None, run_after=None
[2024-03-11T21:00:19.634+0000] {processor.py:183} INFO - Processing /home/airflow/.local/lib/python3.8/site-packages/airflow/example_dags/example_python_operator.py took 0.121 seconds
[2024-03-11T21:00:49.929+0000] {processor.py:161} INFO - Started process (PID=629) to work on /home/airflow/.local/lib/python3.8/site-packages/airflow/example_dags/example_python_operator.py
[2024-03-11T21:00:49.930+0000] {processor.py:830} INFO - Processing file /home/airflow/.local/lib/python3.8/site-packages/airflow/example_dags/example_python_operator.py for tasks to queue
[2024-03-11T21:00:49.933+0000] {logging_mixin.py:188} INFO - [2024-03-11T21:00:49.932+0000] {dagbag.py:540} INFO - Filling up the DagBag from /home/airflow/.local/lib/python3.8/site-packages/airflow/example_dags/example_python_operator.py
[2024-03-11T21:00:49.946+0000] {processor.py:840} INFO - DAG(s) 'example_python_operator' retrieved from /home/airflow/.local/lib/python3.8/site-packages/airflow/example_dags/example_python_operator.py
[2024-03-11T21:00:49.980+0000] {logging_mixin.py:188} INFO - [2024-03-11T21:00:49.979+0000] {dag.py:3047} INFO - Sync 1 DAGs
[2024-03-11T21:00:50.000+0000] {logging_mixin.py:188} INFO - [2024-03-11T21:00:49.999+0000] {dag.py:3834} INFO - Setting next_dagrun for example_python_operator to None, run_after=None
[2024-03-11T21:00:50.029+0000] {processor.py:183} INFO - Processing /home/airflow/.local/lib/python3.8/site-packages/airflow/example_dags/example_python_operator.py took 0.103 seconds
[2024-03-11T21:01:20.584+0000] {processor.py:161} INFO - Started process (PID=684) to work on /home/airflow/.local/lib/python3.8/site-packages/airflow/example_dags/example_python_operator.py
[2024-03-11T21:01:20.586+0000] {processor.py:830} INFO - Processing file /home/airflow/.local/lib/python3.8/site-packages/airflow/example_dags/example_python_operator.py for tasks to queue
[2024-03-11T21:01:20.588+0000] {logging_mixin.py:188} INFO - [2024-03-11T21:01:20.588+0000] {dagbag.py:540} INFO - Filling up the DagBag from /home/airflow/.local/lib/python3.8/site-packages/airflow/example_dags/example_python_operator.py
[2024-03-11T21:01:20.602+0000] {processor.py:840} INFO - DAG(s) 'example_python_operator' retrieved from /home/airflow/.local/lib/python3.8/site-packages/airflow/example_dags/example_python_operator.py
[2024-03-11T21:01:20.634+0000] {logging_mixin.py:188} INFO - [2024-03-11T21:01:20.634+0000] {dag.py:3047} INFO - Sync 1 DAGs
[2024-03-11T21:01:20.653+0000] {logging_mixin.py:188} INFO - [2024-03-11T21:01:20.653+0000] {dag.py:3834} INFO - Setting next_dagrun for example_python_operator to None, run_after=None
[2024-03-11T21:01:20.687+0000] {processor.py:183} INFO - Processing /home/airflow/.local/lib/python3.8/site-packages/airflow/example_dags/example_python_operator.py took 0.106 seconds
[2024-03-11T21:01:51.070+0000] {processor.py:161} INFO - Started process (PID=739) to work on /home/airflow/.local/lib/python3.8/site-packages/airflow/example_dags/example_python_operator.py
[2024-03-11T21:01:51.072+0000] {processor.py:830} INFO - Processing file /home/airflow/.local/lib/python3.8/site-packages/airflow/example_dags/example_python_operator.py for tasks to queue
[2024-03-11T21:01:51.075+0000] {logging_mixin.py:188} INFO - [2024-03-11T21:01:51.074+0000] {dagbag.py:540} INFO - Filling up the DagBag from /home/airflow/.local/lib/python3.8/site-packages/airflow/example_dags/example_python_operator.py
[2024-03-11T21:01:51.098+0000] {processor.py:840} INFO - DAG(s) 'example_python_operator' retrieved from /home/airflow/.local/lib/python3.8/site-packages/airflow/example_dags/example_python_operator.py
[2024-03-11T21:01:51.135+0000] {logging_mixin.py:188} INFO - [2024-03-11T21:01:51.134+0000] {dag.py:3047} INFO - Sync 1 DAGs
[2024-03-11T21:01:51.153+0000] {logging_mixin.py:188} INFO - [2024-03-11T21:01:51.153+0000] {dag.py:3834} INFO - Setting next_dagrun for example_python_operator to None, run_after=None
[2024-03-11T21:01:51.181+0000] {processor.py:183} INFO - Processing /home/airflow/.local/lib/python3.8/site-packages/airflow/example_dags/example_python_operator.py took 0.115 seconds
[2024-03-11T21:02:21.603+0000] {processor.py:161} INFO - Started process (PID=794) to work on /home/airflow/.local/lib/python3.8/site-packages/airflow/example_dags/example_python_operator.py
[2024-03-11T21:02:21.604+0000] {processor.py:830} INFO - Processing file /home/airflow/.local/lib/python3.8/site-packages/airflow/example_dags/example_python_operator.py for tasks to queue
[2024-03-11T21:02:21.607+0000] {logging_mixin.py:188} INFO - [2024-03-11T21:02:21.606+0000] {dagbag.py:540} INFO - Filling up the DagBag from /home/airflow/.local/lib/python3.8/site-packages/airflow/example_dags/example_python_operator.py
[2024-03-11T21:02:21.620+0000] {processor.py:840} INFO - DAG(s) 'example_python_operator' retrieved from /home/airflow/.local/lib/python3.8/site-packages/airflow/example_dags/example_python_operator.py
[2024-03-11T21:02:21.649+0000] {logging_mixin.py:188} INFO - [2024-03-11T21:02:21.649+0000] {dag.py:3047} INFO - Sync 1 DAGs
[2024-03-11T21:02:21.669+0000] {logging_mixin.py:188} INFO - [2024-03-11T21:02:21.668+0000] {dag.py:3834} INFO - Setting next_dagrun for example_python_operator to None, run_after=None
[2024-03-11T21:02:21.710+0000] {processor.py:183} INFO - Processing /home/airflow/.local/lib/python3.8/site-packages/airflow/example_dags/example_python_operator.py took 0.111 seconds
[2024-03-11T21:02:52.277+0000] {processor.py:161} INFO - Started process (PID=849) to work on /home/airflow/.local/lib/python3.8/site-packages/airflow/example_dags/example_python_operator.py
[2024-03-11T21:02:52.278+0000] {processor.py:830} INFO - Processing file /home/airflow/.local/lib/python3.8/site-packages/airflow/example_dags/example_python_operator.py for tasks to queue
[2024-03-11T21:02:52.280+0000] {logging_mixin.py:188} INFO - [2024-03-11T21:02:52.280+0000] {dagbag.py:540} INFO - Filling up the DagBag from /home/airflow/.local/lib/python3.8/site-packages/airflow/example_dags/example_python_operator.py
[2024-03-11T21:02:52.294+0000] {processor.py:840} INFO - DAG(s) 'example_python_operator' retrieved from /home/airflow/.local/lib/python3.8/site-packages/airflow/example_dags/example_python_operator.py
[2024-03-11T21:02:52.324+0000] {logging_mixin.py:188} INFO - [2024-03-11T21:02:52.324+0000] {dag.py:3047} INFO - Sync 1 DAGs
[2024-03-11T21:02:52.343+0000] {logging_mixin.py:188} INFO - [2024-03-11T21:02:52.343+0000] {dag.py:3834} INFO - Setting next_dagrun for example_python_operator to None, run_after=None
[2024-03-11T21:02:52.381+0000] {processor.py:183} INFO - Processing /home/airflow/.local/lib/python3.8/site-packages/airflow/example_dags/example_python_operator.py took 0.107 seconds
[2024-03-11T21:03:22.597+0000] {processor.py:161} INFO - Started process (PID=904) to work on /home/airflow/.local/lib/python3.8/site-packages/airflow/example_dags/example_python_operator.py
[2024-03-11T21:03:22.599+0000] {processor.py:830} INFO - Processing file /home/airflow/.local/lib/python3.8/site-packages/airflow/example_dags/example_python_operator.py for tasks to queue
[2024-03-11T21:03:22.602+0000] {logging_mixin.py:188} INFO - [2024-03-11T21:03:22.601+0000] {dagbag.py:540} INFO - Filling up the DagBag from /home/airflow/.local/lib/python3.8/site-packages/airflow/example_dags/example_python_operator.py
[2024-03-11T21:03:22.622+0000] {processor.py:840} INFO - DAG(s) 'example_python_operator' retrieved from /home/airflow/.local/lib/python3.8/site-packages/airflow/example_dags/example_python_operator.py
[2024-03-11T21:03:22.661+0000] {logging_mixin.py:188} INFO - [2024-03-11T21:03:22.661+0000] {dag.py:3047} INFO - Sync 1 DAGs
[2024-03-11T21:03:22.682+0000] {logging_mixin.py:188} INFO - [2024-03-11T21:03:22.682+0000] {dag.py:3834} INFO - Setting next_dagrun for example_python_operator to None, run_after=None
[2024-03-11T21:03:22.718+0000] {processor.py:183} INFO - Processing /home/airflow/.local/lib/python3.8/site-packages/airflow/example_dags/example_python_operator.py took 0.125 seconds
[2024-03-11T21:03:53.236+0000] {processor.py:161} INFO - Started process (PID=960) to work on /home/airflow/.local/lib/python3.8/site-packages/airflow/example_dags/example_python_operator.py
[2024-03-11T21:03:53.237+0000] {processor.py:830} INFO - Processing file /home/airflow/.local/lib/python3.8/site-packages/airflow/example_dags/example_python_operator.py for tasks to queue
[2024-03-11T21:03:53.239+0000] {logging_mixin.py:188} INFO - [2024-03-11T21:03:53.239+0000] {dagbag.py:540} INFO - Filling up the DagBag from /home/airflow/.local/lib/python3.8/site-packages/airflow/example_dags/example_python_operator.py
[2024-03-11T21:03:53.260+0000] {processor.py:840} INFO - DAG(s) 'example_python_operator' retrieved from /home/airflow/.local/lib/python3.8/site-packages/airflow/example_dags/example_python_operator.py
[2024-03-11T21:03:53.294+0000] {logging_mixin.py:188} INFO - [2024-03-11T21:03:53.294+0000] {dag.py:3047} INFO - Sync 1 DAGs
[2024-03-11T21:03:53.313+0000] {logging_mixin.py:188} INFO - [2024-03-11T21:03:53.312+0000] {dag.py:3834} INFO - Setting next_dagrun for example_python_operator to None, run_after=None
[2024-03-11T21:03:53.356+0000] {processor.py:183} INFO - Processing /home/airflow/.local/lib/python3.8/site-packages/airflow/example_dags/example_python_operator.py took 0.124 seconds
[2024-03-11T21:04:23.538+0000] {processor.py:161} INFO - Started process (PID=1015) to work on /home/airflow/.local/lib/python3.8/site-packages/airflow/example_dags/example_python_operator.py
[2024-03-11T21:04:23.539+0000] {processor.py:830} INFO - Processing file /home/airflow/.local/lib/python3.8/site-packages/airflow/example_dags/example_python_operator.py for tasks to queue
[2024-03-11T21:04:23.541+0000] {logging_mixin.py:188} INFO - [2024-03-11T21:04:23.541+0000] {dagbag.py:540} INFO - Filling up the DagBag from /home/airflow/.local/lib/python3.8/site-packages/airflow/example_dags/example_python_operator.py
[2024-03-11T21:04:23.558+0000] {processor.py:840} INFO - DAG(s) 'example_python_operator' retrieved from /home/airflow/.local/lib/python3.8/site-packages/airflow/example_dags/example_python_operator.py
[2024-03-11T21:04:23.589+0000] {logging_mixin.py:188} INFO - [2024-03-11T21:04:23.589+0000] {dag.py:3047} INFO - Sync 1 DAGs
[2024-03-11T21:04:23.607+0000] {logging_mixin.py:188} INFO - [2024-03-11T21:04:23.607+0000] {dag.py:3834} INFO - Setting next_dagrun for example_python_operator to None, run_after=None
[2024-03-11T21:04:23.635+0000] {processor.py:183} INFO - Processing /home/airflow/.local/lib/python3.8/site-packages/airflow/example_dags/example_python_operator.py took 0.100 seconds
[2024-03-11T21:04:54.163+0000] {processor.py:161} INFO - Started process (PID=1070) to work on /home/airflow/.local/lib/python3.8/site-packages/airflow/example_dags/example_python_operator.py
[2024-03-11T21:04:54.165+0000] {processor.py:830} INFO - Processing file /home/airflow/.local/lib/python3.8/site-packages/airflow/example_dags/example_python_operator.py for tasks to queue
[2024-03-11T21:04:54.168+0000] {logging_mixin.py:188} INFO - [2024-03-11T21:04:54.167+0000] {dagbag.py:540} INFO - Filling up the DagBag from /home/airflow/.local/lib/python3.8/site-packages/airflow/example_dags/example_python_operator.py
[2024-03-11T21:04:54.180+0000] {processor.py:840} INFO - DAG(s) 'example_python_operator' retrieved from /home/airflow/.local/lib/python3.8/site-packages/airflow/example_dags/example_python_operator.py
[2024-03-11T21:04:54.212+0000] {logging_mixin.py:188} INFO - [2024-03-11T21:04:54.211+0000] {dag.py:3047} INFO - Sync 1 DAGs
[2024-03-11T21:04:54.229+0000] {logging_mixin.py:188} INFO - [2024-03-11T21:04:54.228+0000] {dag.py:3834} INFO - Setting next_dagrun for example_python_operator to None, run_after=None
[2024-03-11T21:04:54.258+0000] {processor.py:183} INFO - Processing /home/airflow/.local/lib/python3.8/site-packages/airflow/example_dags/example_python_operator.py took 0.099 seconds
[2024-03-11T21:05:24.745+0000] {processor.py:161} INFO - Started process (PID=1125) to work on /home/airflow/.local/lib/python3.8/site-packages/airflow/example_dags/example_python_operator.py
[2024-03-11T21:05:24.747+0000] {processor.py:830} INFO - Processing file /home/airflow/.local/lib/python3.8/site-packages/airflow/example_dags/example_python_operator.py for tasks to queue
[2024-03-11T21:05:24.750+0000] {logging_mixin.py:188} INFO - [2024-03-11T21:05:24.749+0000] {dagbag.py:540} INFO - Filling up the DagBag from /home/airflow/.local/lib/python3.8/site-packages/airflow/example_dags/example_python_operator.py
[2024-03-11T21:05:24.769+0000] {processor.py:840} INFO - DAG(s) 'example_python_operator' retrieved from /home/airflow/.local/lib/python3.8/site-packages/airflow/example_dags/example_python_operator.py
[2024-03-11T21:05:24.809+0000] {logging_mixin.py:188} INFO - [2024-03-11T21:05:24.808+0000] {dag.py:3047} INFO - Sync 1 DAGs
[2024-03-11T21:05:24.831+0000] {logging_mixin.py:188} INFO - [2024-03-11T21:05:24.830+0000] {dag.py:3834} INFO - Setting next_dagrun for example_python_operator to None, run_after=None
[2024-03-11T21:05:24.865+0000] {processor.py:183} INFO - Processing /home/airflow/.local/lib/python3.8/site-packages/airflow/example_dags/example_python_operator.py took 0.125 seconds
[2024-03-11T21:05:55.182+0000] {processor.py:161} INFO - Started process (PID=1180) to work on /home/airflow/.local/lib/python3.8/site-packages/airflow/example_dags/example_python_operator.py
[2024-03-11T21:05:55.183+0000] {processor.py:830} INFO - Processing file /home/airflow/.local/lib/python3.8/site-packages/airflow/example_dags/example_python_operator.py for tasks to queue
[2024-03-11T21:05:55.185+0000] {logging_mixin.py:188} INFO - [2024-03-11T21:05:55.185+0000] {dagbag.py:540} INFO - Filling up the DagBag from /home/airflow/.local/lib/python3.8/site-packages/airflow/example_dags/example_python_operator.py
[2024-03-11T21:05:55.198+0000] {processor.py:840} INFO - DAG(s) 'example_python_operator' retrieved from /home/airflow/.local/lib/python3.8/site-packages/airflow/example_dags/example_python_operator.py
[2024-03-11T21:05:55.228+0000] {logging_mixin.py:188} INFO - [2024-03-11T21:05:55.227+0000] {dag.py:3047} INFO - Sync 1 DAGs
[2024-03-11T21:05:55.248+0000] {logging_mixin.py:188} INFO - [2024-03-11T21:05:55.248+0000] {dag.py:3834} INFO - Setting next_dagrun for example_python_operator to None, run_after=None
[2024-03-11T21:05:55.276+0000] {processor.py:183} INFO - Processing /home/airflow/.local/lib/python3.8/site-packages/airflow/example_dags/example_python_operator.py took 0.097 seconds
[2024-03-11T21:06:25.801+0000] {processor.py:161} INFO - Started process (PID=1235) to work on /home/airflow/.local/lib/python3.8/site-packages/airflow/example_dags/example_python_operator.py
[2024-03-11T21:06:25.803+0000] {processor.py:830} INFO - Processing file /home/airflow/.local/lib/python3.8/site-packages/airflow/example_dags/example_python_operator.py for tasks to queue
[2024-03-11T21:06:25.805+0000] {logging_mixin.py:188} INFO - [2024-03-11T21:06:25.805+0000] {dagbag.py:540} INFO - Filling up the DagBag from /home/airflow/.local/lib/python3.8/site-packages/airflow/example_dags/example_python_operator.py
[2024-03-11T21:06:25.819+0000] {processor.py:840} INFO - DAG(s) 'example_python_operator' retrieved from /home/airflow/.local/lib/python3.8/site-packages/airflow/example_dags/example_python_operator.py
[2024-03-11T21:06:25.850+0000] {logging_mixin.py:188} INFO - [2024-03-11T21:06:25.849+0000] {dag.py:3047} INFO - Sync 1 DAGs
[2024-03-11T21:06:25.867+0000] {logging_mixin.py:188} INFO - [2024-03-11T21:06:25.866+0000] {dag.py:3834} INFO - Setting next_dagrun for example_python_operator to None, run_after=None
[2024-03-11T21:06:25.897+0000] {processor.py:183} INFO - Processing /home/airflow/.local/lib/python3.8/site-packages/airflow/example_dags/example_python_operator.py took 0.099 seconds
[2024-03-11T21:06:56.343+0000] {processor.py:161} INFO - Started process (PID=1290) to work on /home/airflow/.local/lib/python3.8/site-packages/airflow/example_dags/example_python_operator.py
[2024-03-11T21:06:56.344+0000] {processor.py:830} INFO - Processing file /home/airflow/.local/lib/python3.8/site-packages/airflow/example_dags/example_python_operator.py for tasks to queue
[2024-03-11T21:06:56.347+0000] {logging_mixin.py:188} INFO - [2024-03-11T21:06:56.346+0000] {dagbag.py:540} INFO - Filling up the DagBag from /home/airflow/.local/lib/python3.8/site-packages/airflow/example_dags/example_python_operator.py
[2024-03-11T21:06:56.359+0000] {processor.py:840} INFO - DAG(s) 'example_python_operator' retrieved from /home/airflow/.local/lib/python3.8/site-packages/airflow/example_dags/example_python_operator.py
[2024-03-11T21:06:56.390+0000] {logging_mixin.py:188} INFO - [2024-03-11T21:06:56.390+0000] {dag.py:3047} INFO - Sync 1 DAGs
[2024-03-11T21:06:56.407+0000] {logging_mixin.py:188} INFO - [2024-03-11T21:06:56.406+0000] {dag.py:3834} INFO - Setting next_dagrun for example_python_operator to None, run_after=None
[2024-03-11T21:06:56.446+0000] {processor.py:183} INFO - Processing /home/airflow/.local/lib/python3.8/site-packages/airflow/example_dags/example_python_operator.py took 0.107 seconds
