[2024-03-11T20:55:45.041+0000] {processor.py:161} INFO - Started process (PID=79) to work on /home/airflow/.local/lib/python3.8/site-packages/airflow/example_dags/example_nested_branch_dag.py
[2024-03-11T20:55:45.042+0000] {processor.py:830} INFO - Processing file /home/airflow/.local/lib/python3.8/site-packages/airflow/example_dags/example_nested_branch_dag.py for tasks to queue
[2024-03-11T20:55:45.045+0000] {logging_mixin.py:188} INFO - [2024-03-11T20:55:45.044+0000] {dagbag.py:540} INFO - Filling up the DagBag from /home/airflow/.local/lib/python3.8/site-packages/airflow/example_dags/example_nested_branch_dag.py
[2024-03-11T20:55:45.061+0000] {processor.py:840} INFO - DAG(s) 'example_nested_branch_dag' retrieved from /home/airflow/.local/lib/python3.8/site-packages/airflow/example_dags/example_nested_branch_dag.py
[2024-03-11T20:55:45.245+0000] {logging_mixin.py:188} INFO - [2024-03-11T20:55:45.243+0000] {override.py:1769} INFO - Created Permission View: can read on DAG:example_nested_branch_dag
[2024-03-11T20:55:45.266+0000] {logging_mixin.py:188} INFO - [2024-03-11T20:55:45.265+0000] {override.py:1769} INFO - Created Permission View: can delete on DAG:example_nested_branch_dag
[2024-03-11T20:55:45.279+0000] {logging_mixin.py:188} INFO - [2024-03-11T20:55:45.279+0000] {override.py:1769} INFO - Created Permission View: can edit on DAG:example_nested_branch_dag
[2024-03-11T20:55:45.280+0000] {logging_mixin.py:188} INFO - [2024-03-11T20:55:45.280+0000] {dag.py:3047} INFO - Sync 1 DAGs
[2024-03-11T20:55:45.304+0000] {logging_mixin.py:188} INFO - [2024-03-11T20:55:45.304+0000] {dag.py:3069} INFO - Creating ORM DAG for example_nested_branch_dag
[2024-03-11T20:55:45.327+0000] {logging_mixin.py:188} INFO - [2024-03-11T20:55:45.327+0000] {dag.py:3834} INFO - Setting next_dagrun for example_nested_branch_dag to 2024-03-10 00:00:00+00:00, run_after=2024-03-11 00:00:00+00:00
[2024-03-11T20:55:45.363+0000] {processor.py:183} INFO - Processing /home/airflow/.local/lib/python3.8/site-packages/airflow/example_dags/example_nested_branch_dag.py took 0.326 seconds
[2024-03-11T20:56:15.762+0000] {processor.py:161} INFO - Started process (PID=134) to work on /home/airflow/.local/lib/python3.8/site-packages/airflow/example_dags/example_nested_branch_dag.py
[2024-03-11T20:56:15.764+0000] {processor.py:830} INFO - Processing file /home/airflow/.local/lib/python3.8/site-packages/airflow/example_dags/example_nested_branch_dag.py for tasks to queue
[2024-03-11T20:56:15.766+0000] {logging_mixin.py:188} INFO - [2024-03-11T20:56:15.765+0000] {dagbag.py:540} INFO - Filling up the DagBag from /home/airflow/.local/lib/python3.8/site-packages/airflow/example_dags/example_nested_branch_dag.py
[2024-03-11T20:56:15.779+0000] {processor.py:840} INFO - DAG(s) 'example_nested_branch_dag' retrieved from /home/airflow/.local/lib/python3.8/site-packages/airflow/example_dags/example_nested_branch_dag.py
[2024-03-11T20:56:15.811+0000] {logging_mixin.py:188} INFO - [2024-03-11T20:56:15.810+0000] {dag.py:3047} INFO - Sync 1 DAGs
[2024-03-11T20:56:15.844+0000] {logging_mixin.py:188} INFO - [2024-03-11T20:56:15.844+0000] {dag.py:3834} INFO - Setting next_dagrun for example_nested_branch_dag to 2024-03-10 00:00:00+00:00, run_after=2024-03-11 00:00:00+00:00
[2024-03-11T20:56:15.884+0000] {processor.py:183} INFO - Processing /home/airflow/.local/lib/python3.8/site-packages/airflow/example_dags/example_nested_branch_dag.py took 0.125 seconds
[2024-03-11T20:56:46.245+0000] {processor.py:161} INFO - Started process (PID=189) to work on /home/airflow/.local/lib/python3.8/site-packages/airflow/example_dags/example_nested_branch_dag.py
[2024-03-11T20:56:46.246+0000] {processor.py:830} INFO - Processing file /home/airflow/.local/lib/python3.8/site-packages/airflow/example_dags/example_nested_branch_dag.py for tasks to queue
[2024-03-11T20:56:46.249+0000] {logging_mixin.py:188} INFO - [2024-03-11T20:56:46.249+0000] {dagbag.py:540} INFO - Filling up the DagBag from /home/airflow/.local/lib/python3.8/site-packages/airflow/example_dags/example_nested_branch_dag.py
[2024-03-11T20:56:46.272+0000] {processor.py:840} INFO - DAG(s) 'example_nested_branch_dag' retrieved from /home/airflow/.local/lib/python3.8/site-packages/airflow/example_dags/example_nested_branch_dag.py
[2024-03-11T20:56:46.304+0000] {logging_mixin.py:188} INFO - [2024-03-11T20:56:46.303+0000] {dag.py:3047} INFO - Sync 1 DAGs
[2024-03-11T20:56:46.338+0000] {logging_mixin.py:188} INFO - [2024-03-11T20:56:46.338+0000] {dag.py:3834} INFO - Setting next_dagrun for example_nested_branch_dag to 2024-03-10 00:00:00+00:00, run_after=2024-03-11 00:00:00+00:00
[2024-03-11T20:56:46.369+0000] {processor.py:183} INFO - Processing /home/airflow/.local/lib/python3.8/site-packages/airflow/example_dags/example_nested_branch_dag.py took 0.129 seconds
[2024-03-11T20:57:16.838+0000] {processor.py:161} INFO - Started process (PID=244) to work on /home/airflow/.local/lib/python3.8/site-packages/airflow/example_dags/example_nested_branch_dag.py
[2024-03-11T20:57:16.839+0000] {processor.py:830} INFO - Processing file /home/airflow/.local/lib/python3.8/site-packages/airflow/example_dags/example_nested_branch_dag.py for tasks to queue
[2024-03-11T20:57:16.842+0000] {logging_mixin.py:188} INFO - [2024-03-11T20:57:16.841+0000] {dagbag.py:540} INFO - Filling up the DagBag from /home/airflow/.local/lib/python3.8/site-packages/airflow/example_dags/example_nested_branch_dag.py
[2024-03-11T20:57:16.860+0000] {processor.py:840} INFO - DAG(s) 'example_nested_branch_dag' retrieved from /home/airflow/.local/lib/python3.8/site-packages/airflow/example_dags/example_nested_branch_dag.py
[2024-03-11T20:57:16.905+0000] {logging_mixin.py:188} INFO - [2024-03-11T20:57:16.905+0000] {dag.py:3047} INFO - Sync 1 DAGs
[2024-03-11T20:57:16.948+0000] {logging_mixin.py:188} INFO - [2024-03-11T20:57:16.947+0000] {dag.py:3834} INFO - Setting next_dagrun for example_nested_branch_dag to 2024-03-10 00:00:00+00:00, run_after=2024-03-11 00:00:00+00:00
[2024-03-11T20:57:16.982+0000] {processor.py:183} INFO - Processing /home/airflow/.local/lib/python3.8/site-packages/airflow/example_dags/example_nested_branch_dag.py took 0.147 seconds
[2024-03-11T20:57:47.189+0000] {processor.py:161} INFO - Started process (PID=299) to work on /home/airflow/.local/lib/python3.8/site-packages/airflow/example_dags/example_nested_branch_dag.py
[2024-03-11T20:57:47.190+0000] {processor.py:830} INFO - Processing file /home/airflow/.local/lib/python3.8/site-packages/airflow/example_dags/example_nested_branch_dag.py for tasks to queue
[2024-03-11T20:57:47.192+0000] {logging_mixin.py:188} INFO - [2024-03-11T20:57:47.192+0000] {dagbag.py:540} INFO - Filling up the DagBag from /home/airflow/.local/lib/python3.8/site-packages/airflow/example_dags/example_nested_branch_dag.py
[2024-03-11T20:57:47.208+0000] {processor.py:840} INFO - DAG(s) 'example_nested_branch_dag' retrieved from /home/airflow/.local/lib/python3.8/site-packages/airflow/example_dags/example_nested_branch_dag.py
[2024-03-11T20:57:47.238+0000] {logging_mixin.py:188} INFO - [2024-03-11T20:57:47.238+0000] {dag.py:3047} INFO - Sync 1 DAGs
[2024-03-11T20:57:47.282+0000] {logging_mixin.py:188} INFO - [2024-03-11T20:57:47.281+0000] {dag.py:3834} INFO - Setting next_dagrun for example_nested_branch_dag to 2024-03-10 00:00:00+00:00, run_after=2024-03-11 00:00:00+00:00
[2024-03-11T20:57:47.315+0000] {processor.py:183} INFO - Processing /home/airflow/.local/lib/python3.8/site-packages/airflow/example_dags/example_nested_branch_dag.py took 0.129 seconds
[2024-03-11T20:58:17.810+0000] {processor.py:161} INFO - Started process (PID=355) to work on /home/airflow/.local/lib/python3.8/site-packages/airflow/example_dags/example_nested_branch_dag.py
[2024-03-11T20:58:17.812+0000] {processor.py:830} INFO - Processing file /home/airflow/.local/lib/python3.8/site-packages/airflow/example_dags/example_nested_branch_dag.py for tasks to queue
[2024-03-11T20:58:17.814+0000] {logging_mixin.py:188} INFO - [2024-03-11T20:58:17.813+0000] {dagbag.py:540} INFO - Filling up the DagBag from /home/airflow/.local/lib/python3.8/site-packages/airflow/example_dags/example_nested_branch_dag.py
[2024-03-11T20:58:17.830+0000] {processor.py:840} INFO - DAG(s) 'example_nested_branch_dag' retrieved from /home/airflow/.local/lib/python3.8/site-packages/airflow/example_dags/example_nested_branch_dag.py
[2024-03-11T20:58:17.885+0000] {logging_mixin.py:188} INFO - [2024-03-11T20:58:17.884+0000] {dag.py:3047} INFO - Sync 1 DAGs
[2024-03-11T20:58:17.925+0000] {logging_mixin.py:188} INFO - [2024-03-11T20:58:17.924+0000] {dag.py:3834} INFO - Setting next_dagrun for example_nested_branch_dag to 2024-03-10 00:00:00+00:00, run_after=2024-03-11 00:00:00+00:00
[2024-03-11T20:58:17.959+0000] {processor.py:183} INFO - Processing /home/airflow/.local/lib/python3.8/site-packages/airflow/example_dags/example_nested_branch_dag.py took 0.152 seconds
[2024-03-11T20:58:48.870+0000] {processor.py:161} INFO - Started process (PID=411) to work on /home/airflow/.local/lib/python3.8/site-packages/airflow/example_dags/example_nested_branch_dag.py
[2024-03-11T20:58:48.871+0000] {processor.py:830} INFO - Processing file /home/airflow/.local/lib/python3.8/site-packages/airflow/example_dags/example_nested_branch_dag.py for tasks to queue
[2024-03-11T20:58:48.873+0000] {logging_mixin.py:188} INFO - [2024-03-11T20:58:48.873+0000] {dagbag.py:540} INFO - Filling up the DagBag from /home/airflow/.local/lib/python3.8/site-packages/airflow/example_dags/example_nested_branch_dag.py
[2024-03-11T20:58:48.886+0000] {processor.py:840} INFO - DAG(s) 'example_nested_branch_dag' retrieved from /home/airflow/.local/lib/python3.8/site-packages/airflow/example_dags/example_nested_branch_dag.py
[2024-03-11T20:58:48.917+0000] {logging_mixin.py:188} INFO - [2024-03-11T20:58:48.916+0000] {dag.py:3047} INFO - Sync 1 DAGs
[2024-03-11T20:58:48.951+0000] {logging_mixin.py:188} INFO - [2024-03-11T20:58:48.950+0000] {dag.py:3834} INFO - Setting next_dagrun for example_nested_branch_dag to 2024-03-10 00:00:00+00:00, run_after=2024-03-11 00:00:00+00:00
[2024-03-11T20:58:48.991+0000] {processor.py:183} INFO - Processing /home/airflow/.local/lib/python3.8/site-packages/airflow/example_dags/example_nested_branch_dag.py took 0.125 seconds
[2024-03-11T20:59:19.245+0000] {processor.py:161} INFO - Started process (PID=466) to work on /home/airflow/.local/lib/python3.8/site-packages/airflow/example_dags/example_nested_branch_dag.py
[2024-03-11T20:59:19.247+0000] {processor.py:830} INFO - Processing file /home/airflow/.local/lib/python3.8/site-packages/airflow/example_dags/example_nested_branch_dag.py for tasks to queue
[2024-03-11T20:59:19.249+0000] {logging_mixin.py:188} INFO - [2024-03-11T20:59:19.249+0000] {dagbag.py:540} INFO - Filling up the DagBag from /home/airflow/.local/lib/python3.8/site-packages/airflow/example_dags/example_nested_branch_dag.py
[2024-03-11T20:59:19.264+0000] {processor.py:840} INFO - DAG(s) 'example_nested_branch_dag' retrieved from /home/airflow/.local/lib/python3.8/site-packages/airflow/example_dags/example_nested_branch_dag.py
[2024-03-11T20:59:19.294+0000] {logging_mixin.py:188} INFO - [2024-03-11T20:59:19.294+0000] {dag.py:3047} INFO - Sync 1 DAGs
[2024-03-11T20:59:19.335+0000] {logging_mixin.py:188} INFO - [2024-03-11T20:59:19.335+0000] {dag.py:3834} INFO - Setting next_dagrun for example_nested_branch_dag to 2024-03-10 00:00:00+00:00, run_after=2024-03-11 00:00:00+00:00
[2024-03-11T20:59:19.374+0000] {processor.py:183} INFO - Processing /home/airflow/.local/lib/python3.8/site-packages/airflow/example_dags/example_nested_branch_dag.py took 0.134 seconds
[2024-03-11T20:59:49.721+0000] {processor.py:161} INFO - Started process (PID=521) to work on /home/airflow/.local/lib/python3.8/site-packages/airflow/example_dags/example_nested_branch_dag.py
[2024-03-11T20:59:49.722+0000] {processor.py:830} INFO - Processing file /home/airflow/.local/lib/python3.8/site-packages/airflow/example_dags/example_nested_branch_dag.py for tasks to queue
[2024-03-11T20:59:49.724+0000] {logging_mixin.py:188} INFO - [2024-03-11T20:59:49.724+0000] {dagbag.py:540} INFO - Filling up the DagBag from /home/airflow/.local/lib/python3.8/site-packages/airflow/example_dags/example_nested_branch_dag.py
[2024-03-11T20:59:49.740+0000] {processor.py:840} INFO - DAG(s) 'example_nested_branch_dag' retrieved from /home/airflow/.local/lib/python3.8/site-packages/airflow/example_dags/example_nested_branch_dag.py
[2024-03-11T20:59:49.771+0000] {logging_mixin.py:188} INFO - [2024-03-11T20:59:49.770+0000] {dag.py:3047} INFO - Sync 1 DAGs
[2024-03-11T20:59:49.804+0000] {logging_mixin.py:188} INFO - [2024-03-11T20:59:49.804+0000] {dag.py:3834} INFO - Setting next_dagrun for example_nested_branch_dag to 2024-03-10 00:00:00+00:00, run_after=2024-03-11 00:00:00+00:00
[2024-03-11T20:59:49.844+0000] {processor.py:183} INFO - Processing /home/airflow/.local/lib/python3.8/site-packages/airflow/example_dags/example_nested_branch_dag.py took 0.129 seconds
[2024-03-11T21:00:20.546+0000] {processor.py:161} INFO - Started process (PID=576) to work on /home/airflow/.local/lib/python3.8/site-packages/airflow/example_dags/example_nested_branch_dag.py
[2024-03-11T21:00:20.547+0000] {processor.py:830} INFO - Processing file /home/airflow/.local/lib/python3.8/site-packages/airflow/example_dags/example_nested_branch_dag.py for tasks to queue
[2024-03-11T21:00:20.550+0000] {logging_mixin.py:188} INFO - [2024-03-11T21:00:20.550+0000] {dagbag.py:540} INFO - Filling up the DagBag from /home/airflow/.local/lib/python3.8/site-packages/airflow/example_dags/example_nested_branch_dag.py
[2024-03-11T21:00:20.571+0000] {processor.py:840} INFO - DAG(s) 'example_nested_branch_dag' retrieved from /home/airflow/.local/lib/python3.8/site-packages/airflow/example_dags/example_nested_branch_dag.py
[2024-03-11T21:00:20.623+0000] {logging_mixin.py:188} INFO - [2024-03-11T21:00:20.622+0000] {dag.py:3047} INFO - Sync 1 DAGs
[2024-03-11T21:00:20.666+0000] {logging_mixin.py:188} INFO - [2024-03-11T21:00:20.665+0000] {dag.py:3834} INFO - Setting next_dagrun for example_nested_branch_dag to 2024-03-10 00:00:00+00:00, run_after=2024-03-11 00:00:00+00:00
[2024-03-11T21:00:20.706+0000] {processor.py:183} INFO - Processing /home/airflow/.local/lib/python3.8/site-packages/airflow/example_dags/example_nested_branch_dag.py took 0.166 seconds
[2024-03-11T21:00:51.081+0000] {processor.py:161} INFO - Started process (PID=631) to work on /home/airflow/.local/lib/python3.8/site-packages/airflow/example_dags/example_nested_branch_dag.py
[2024-03-11T21:00:51.083+0000] {processor.py:830} INFO - Processing file /home/airflow/.local/lib/python3.8/site-packages/airflow/example_dags/example_nested_branch_dag.py for tasks to queue
[2024-03-11T21:00:51.087+0000] {logging_mixin.py:188} INFO - [2024-03-11T21:00:51.086+0000] {dagbag.py:540} INFO - Filling up the DagBag from /home/airflow/.local/lib/python3.8/site-packages/airflow/example_dags/example_nested_branch_dag.py
[2024-03-11T21:00:51.108+0000] {processor.py:840} INFO - DAG(s) 'example_nested_branch_dag' retrieved from /home/airflow/.local/lib/python3.8/site-packages/airflow/example_dags/example_nested_branch_dag.py
[2024-03-11T21:00:51.141+0000] {logging_mixin.py:188} INFO - [2024-03-11T21:00:51.141+0000] {dag.py:3047} INFO - Sync 1 DAGs
[2024-03-11T21:00:51.183+0000] {logging_mixin.py:188} INFO - [2024-03-11T21:00:51.182+0000] {dag.py:3834} INFO - Setting next_dagrun for example_nested_branch_dag to 2024-03-10 00:00:00+00:00, run_after=2024-03-11 00:00:00+00:00
[2024-03-11T21:00:51.227+0000] {processor.py:183} INFO - Processing /home/airflow/.local/lib/python3.8/site-packages/airflow/example_dags/example_nested_branch_dag.py took 0.151 seconds
[2024-03-11T21:01:21.739+0000] {processor.py:161} INFO - Started process (PID=686) to work on /home/airflow/.local/lib/python3.8/site-packages/airflow/example_dags/example_nested_branch_dag.py
[2024-03-11T21:01:21.741+0000] {processor.py:830} INFO - Processing file /home/airflow/.local/lib/python3.8/site-packages/airflow/example_dags/example_nested_branch_dag.py for tasks to queue
[2024-03-11T21:01:21.744+0000] {logging_mixin.py:188} INFO - [2024-03-11T21:01:21.743+0000] {dagbag.py:540} INFO - Filling up the DagBag from /home/airflow/.local/lib/python3.8/site-packages/airflow/example_dags/example_nested_branch_dag.py
[2024-03-11T21:01:21.757+0000] {processor.py:840} INFO - DAG(s) 'example_nested_branch_dag' retrieved from /home/airflow/.local/lib/python3.8/site-packages/airflow/example_dags/example_nested_branch_dag.py
[2024-03-11T21:01:21.788+0000] {logging_mixin.py:188} INFO - [2024-03-11T21:01:21.788+0000] {dag.py:3047} INFO - Sync 1 DAGs
[2024-03-11T21:01:21.826+0000] {logging_mixin.py:188} INFO - [2024-03-11T21:01:21.826+0000] {dag.py:3834} INFO - Setting next_dagrun for example_nested_branch_dag to 2024-03-10 00:00:00+00:00, run_after=2024-03-11 00:00:00+00:00
[2024-03-11T21:01:21.859+0000] {processor.py:183} INFO - Processing /home/airflow/.local/lib/python3.8/site-packages/airflow/example_dags/example_nested_branch_dag.py took 0.124 seconds
[2024-03-11T21:01:52.233+0000] {processor.py:161} INFO - Started process (PID=741) to work on /home/airflow/.local/lib/python3.8/site-packages/airflow/example_dags/example_nested_branch_dag.py
[2024-03-11T21:01:52.234+0000] {processor.py:830} INFO - Processing file /home/airflow/.local/lib/python3.8/site-packages/airflow/example_dags/example_nested_branch_dag.py for tasks to queue
[2024-03-11T21:01:52.237+0000] {logging_mixin.py:188} INFO - [2024-03-11T21:01:52.236+0000] {dagbag.py:540} INFO - Filling up the DagBag from /home/airflow/.local/lib/python3.8/site-packages/airflow/example_dags/example_nested_branch_dag.py
[2024-03-11T21:01:52.264+0000] {processor.py:840} INFO - DAG(s) 'example_nested_branch_dag' retrieved from /home/airflow/.local/lib/python3.8/site-packages/airflow/example_dags/example_nested_branch_dag.py
[2024-03-11T21:01:52.311+0000] {logging_mixin.py:188} INFO - [2024-03-11T21:01:52.310+0000] {dag.py:3047} INFO - Sync 1 DAGs
[2024-03-11T21:01:52.354+0000] {logging_mixin.py:188} INFO - [2024-03-11T21:01:52.353+0000] {dag.py:3834} INFO - Setting next_dagrun for example_nested_branch_dag to 2024-03-10 00:00:00+00:00, run_after=2024-03-11 00:00:00+00:00
[2024-03-11T21:01:52.396+0000] {processor.py:183} INFO - Processing /home/airflow/.local/lib/python3.8/site-packages/airflow/example_dags/example_nested_branch_dag.py took 0.167 seconds
[2024-03-11T21:02:22.766+0000] {processor.py:161} INFO - Started process (PID=796) to work on /home/airflow/.local/lib/python3.8/site-packages/airflow/example_dags/example_nested_branch_dag.py
[2024-03-11T21:02:22.767+0000] {processor.py:830} INFO - Processing file /home/airflow/.local/lib/python3.8/site-packages/airflow/example_dags/example_nested_branch_dag.py for tasks to queue
[2024-03-11T21:02:22.769+0000] {logging_mixin.py:188} INFO - [2024-03-11T21:02:22.769+0000] {dagbag.py:540} INFO - Filling up the DagBag from /home/airflow/.local/lib/python3.8/site-packages/airflow/example_dags/example_nested_branch_dag.py
[2024-03-11T21:02:22.784+0000] {processor.py:840} INFO - DAG(s) 'example_nested_branch_dag' retrieved from /home/airflow/.local/lib/python3.8/site-packages/airflow/example_dags/example_nested_branch_dag.py
[2024-03-11T21:02:22.821+0000] {logging_mixin.py:188} INFO - [2024-03-11T21:02:22.820+0000] {dag.py:3047} INFO - Sync 1 DAGs
[2024-03-11T21:02:22.859+0000] {logging_mixin.py:188} INFO - [2024-03-11T21:02:22.858+0000] {dag.py:3834} INFO - Setting next_dagrun for example_nested_branch_dag to 2024-03-10 00:00:00+00:00, run_after=2024-03-11 00:00:00+00:00
[2024-03-11T21:02:22.902+0000] {processor.py:183} INFO - Processing /home/airflow/.local/lib/python3.8/site-packages/airflow/example_dags/example_nested_branch_dag.py took 0.140 seconds
[2024-03-11T21:02:53.428+0000] {processor.py:161} INFO - Started process (PID=851) to work on /home/airflow/.local/lib/python3.8/site-packages/airflow/example_dags/example_nested_branch_dag.py
[2024-03-11T21:02:53.429+0000] {processor.py:830} INFO - Processing file /home/airflow/.local/lib/python3.8/site-packages/airflow/example_dags/example_nested_branch_dag.py for tasks to queue
[2024-03-11T21:02:53.432+0000] {logging_mixin.py:188} INFO - [2024-03-11T21:02:53.432+0000] {dagbag.py:540} INFO - Filling up the DagBag from /home/airflow/.local/lib/python3.8/site-packages/airflow/example_dags/example_nested_branch_dag.py
[2024-03-11T21:02:53.450+0000] {processor.py:840} INFO - DAG(s) 'example_nested_branch_dag' retrieved from /home/airflow/.local/lib/python3.8/site-packages/airflow/example_dags/example_nested_branch_dag.py
[2024-03-11T21:02:53.482+0000] {logging_mixin.py:188} INFO - [2024-03-11T21:02:53.481+0000] {dag.py:3047} INFO - Sync 1 DAGs
[2024-03-11T21:02:53.516+0000] {logging_mixin.py:188} INFO - [2024-03-11T21:02:53.516+0000] {dag.py:3834} INFO - Setting next_dagrun for example_nested_branch_dag to 2024-03-10 00:00:00+00:00, run_after=2024-03-11 00:00:00+00:00
[2024-03-11T21:02:53.554+0000] {processor.py:183} INFO - Processing /home/airflow/.local/lib/python3.8/site-packages/airflow/example_dags/example_nested_branch_dag.py took 0.130 seconds
[2024-03-11T21:03:23.763+0000] {processor.py:161} INFO - Started process (PID=906) to work on /home/airflow/.local/lib/python3.8/site-packages/airflow/example_dags/example_nested_branch_dag.py
[2024-03-11T21:03:23.765+0000] {processor.py:830} INFO - Processing file /home/airflow/.local/lib/python3.8/site-packages/airflow/example_dags/example_nested_branch_dag.py for tasks to queue
[2024-03-11T21:03:23.768+0000] {logging_mixin.py:188} INFO - [2024-03-11T21:03:23.767+0000] {dagbag.py:540} INFO - Filling up the DagBag from /home/airflow/.local/lib/python3.8/site-packages/airflow/example_dags/example_nested_branch_dag.py
[2024-03-11T21:03:23.789+0000] {processor.py:840} INFO - DAG(s) 'example_nested_branch_dag' retrieved from /home/airflow/.local/lib/python3.8/site-packages/airflow/example_dags/example_nested_branch_dag.py
[2024-03-11T21:03:23.821+0000] {logging_mixin.py:188} INFO - [2024-03-11T21:03:23.821+0000] {dag.py:3047} INFO - Sync 1 DAGs
[2024-03-11T21:03:23.855+0000] {logging_mixin.py:188} INFO - [2024-03-11T21:03:23.854+0000] {dag.py:3834} INFO - Setting next_dagrun for example_nested_branch_dag to 2024-03-10 00:00:00+00:00, run_after=2024-03-11 00:00:00+00:00
[2024-03-11T21:03:23.887+0000] {processor.py:183} INFO - Processing /home/airflow/.local/lib/python3.8/site-packages/airflow/example_dags/example_nested_branch_dag.py took 0.128 seconds
[2024-03-11T21:03:54.251+0000] {processor.py:161} INFO - Started process (PID=962) to work on /home/airflow/.local/lib/python3.8/site-packages/airflow/example_dags/example_nested_branch_dag.py
[2024-03-11T21:03:54.253+0000] {processor.py:830} INFO - Processing file /home/airflow/.local/lib/python3.8/site-packages/airflow/example_dags/example_nested_branch_dag.py for tasks to queue
[2024-03-11T21:03:54.255+0000] {logging_mixin.py:188} INFO - [2024-03-11T21:03:54.255+0000] {dagbag.py:540} INFO - Filling up the DagBag from /home/airflow/.local/lib/python3.8/site-packages/airflow/example_dags/example_nested_branch_dag.py
[2024-03-11T21:03:54.268+0000] {processor.py:840} INFO - DAG(s) 'example_nested_branch_dag' retrieved from /home/airflow/.local/lib/python3.8/site-packages/airflow/example_dags/example_nested_branch_dag.py
[2024-03-11T21:03:54.305+0000] {logging_mixin.py:188} INFO - [2024-03-11T21:03:54.305+0000] {dag.py:3047} INFO - Sync 1 DAGs
[2024-03-11T21:03:54.349+0000] {logging_mixin.py:188} INFO - [2024-03-11T21:03:54.349+0000] {dag.py:3834} INFO - Setting next_dagrun for example_nested_branch_dag to 2024-03-10 00:00:00+00:00, run_after=2024-03-11 00:00:00+00:00
[2024-03-11T21:03:54.383+0000] {processor.py:183} INFO - Processing /home/airflow/.local/lib/python3.8/site-packages/airflow/example_dags/example_nested_branch_dag.py took 0.135 seconds
[2024-03-11T21:04:24.679+0000] {processor.py:161} INFO - Started process (PID=1017) to work on /home/airflow/.local/lib/python3.8/site-packages/airflow/example_dags/example_nested_branch_dag.py
[2024-03-11T21:04:24.681+0000] {processor.py:830} INFO - Processing file /home/airflow/.local/lib/python3.8/site-packages/airflow/example_dags/example_nested_branch_dag.py for tasks to queue
[2024-03-11T21:04:24.683+0000] {logging_mixin.py:188} INFO - [2024-03-11T21:04:24.682+0000] {dagbag.py:540} INFO - Filling up the DagBag from /home/airflow/.local/lib/python3.8/site-packages/airflow/example_dags/example_nested_branch_dag.py
[2024-03-11T21:04:24.700+0000] {processor.py:840} INFO - DAG(s) 'example_nested_branch_dag' retrieved from /home/airflow/.local/lib/python3.8/site-packages/airflow/example_dags/example_nested_branch_dag.py
[2024-03-11T21:04:24.738+0000] {logging_mixin.py:188} INFO - [2024-03-11T21:04:24.738+0000] {dag.py:3047} INFO - Sync 1 DAGs
[2024-03-11T21:04:24.781+0000] {logging_mixin.py:188} INFO - [2024-03-11T21:04:24.781+0000] {dag.py:3834} INFO - Setting next_dagrun for example_nested_branch_dag to 2024-03-10 00:00:00+00:00, run_after=2024-03-11 00:00:00+00:00
[2024-03-11T21:04:24.819+0000] {processor.py:183} INFO - Processing /home/airflow/.local/lib/python3.8/site-packages/airflow/example_dags/example_nested_branch_dag.py took 0.145 seconds
[2024-03-11T21:04:55.313+0000] {processor.py:161} INFO - Started process (PID=1072) to work on /home/airflow/.local/lib/python3.8/site-packages/airflow/example_dags/example_nested_branch_dag.py
[2024-03-11T21:04:55.314+0000] {processor.py:830} INFO - Processing file /home/airflow/.local/lib/python3.8/site-packages/airflow/example_dags/example_nested_branch_dag.py for tasks to queue
[2024-03-11T21:04:55.316+0000] {logging_mixin.py:188} INFO - [2024-03-11T21:04:55.316+0000] {dagbag.py:540} INFO - Filling up the DagBag from /home/airflow/.local/lib/python3.8/site-packages/airflow/example_dags/example_nested_branch_dag.py
[2024-03-11T21:04:55.332+0000] {processor.py:840} INFO - DAG(s) 'example_nested_branch_dag' retrieved from /home/airflow/.local/lib/python3.8/site-packages/airflow/example_dags/example_nested_branch_dag.py
[2024-03-11T21:04:55.363+0000] {logging_mixin.py:188} INFO - [2024-03-11T21:04:55.362+0000] {dag.py:3047} INFO - Sync 1 DAGs
[2024-03-11T21:04:55.399+0000] {logging_mixin.py:188} INFO - [2024-03-11T21:04:55.399+0000] {dag.py:3834} INFO - Setting next_dagrun for example_nested_branch_dag to 2024-03-10 00:00:00+00:00, run_after=2024-03-11 00:00:00+00:00
[2024-03-11T21:04:55.440+0000] {processor.py:183} INFO - Processing /home/airflow/.local/lib/python3.8/site-packages/airflow/example_dags/example_nested_branch_dag.py took 0.130 seconds
[2024-03-11T21:05:25.915+0000] {processor.py:161} INFO - Started process (PID=1127) to work on /home/airflow/.local/lib/python3.8/site-packages/airflow/example_dags/example_nested_branch_dag.py
[2024-03-11T21:05:25.917+0000] {processor.py:830} INFO - Processing file /home/airflow/.local/lib/python3.8/site-packages/airflow/example_dags/example_nested_branch_dag.py for tasks to queue
[2024-03-11T21:05:25.920+0000] {logging_mixin.py:188} INFO - [2024-03-11T21:05:25.919+0000] {dagbag.py:540} INFO - Filling up the DagBag from /home/airflow/.local/lib/python3.8/site-packages/airflow/example_dags/example_nested_branch_dag.py
[2024-03-11T21:05:25.938+0000] {processor.py:840} INFO - DAG(s) 'example_nested_branch_dag' retrieved from /home/airflow/.local/lib/python3.8/site-packages/airflow/example_dags/example_nested_branch_dag.py
[2024-03-11T21:05:25.973+0000] {logging_mixin.py:188} INFO - [2024-03-11T21:05:25.972+0000] {dag.py:3047} INFO - Sync 1 DAGs
[2024-03-11T21:05:26.009+0000] {logging_mixin.py:188} INFO - [2024-03-11T21:05:26.009+0000] {dag.py:3834} INFO - Setting next_dagrun for example_nested_branch_dag to 2024-03-10 00:00:00+00:00, run_after=2024-03-11 00:00:00+00:00
[2024-03-11T21:05:26.049+0000] {processor.py:183} INFO - Processing /home/airflow/.local/lib/python3.8/site-packages/airflow/example_dags/example_nested_branch_dag.py took 0.139 seconds
[2024-03-11T21:05:56.329+0000] {processor.py:161} INFO - Started process (PID=1182) to work on /home/airflow/.local/lib/python3.8/site-packages/airflow/example_dags/example_nested_branch_dag.py
[2024-03-11T21:05:56.330+0000] {processor.py:830} INFO - Processing file /home/airflow/.local/lib/python3.8/site-packages/airflow/example_dags/example_nested_branch_dag.py for tasks to queue
[2024-03-11T21:05:56.333+0000] {logging_mixin.py:188} INFO - [2024-03-11T21:05:56.333+0000] {dagbag.py:540} INFO - Filling up the DagBag from /home/airflow/.local/lib/python3.8/site-packages/airflow/example_dags/example_nested_branch_dag.py
[2024-03-11T21:05:56.349+0000] {processor.py:840} INFO - DAG(s) 'example_nested_branch_dag' retrieved from /home/airflow/.local/lib/python3.8/site-packages/airflow/example_dags/example_nested_branch_dag.py
[2024-03-11T21:05:56.379+0000] {logging_mixin.py:188} INFO - [2024-03-11T21:05:56.379+0000] {dag.py:3047} INFO - Sync 1 DAGs
[2024-03-11T21:05:56.416+0000] {logging_mixin.py:188} INFO - [2024-03-11T21:05:56.416+0000] {dag.py:3834} INFO - Setting next_dagrun for example_nested_branch_dag to 2024-03-10 00:00:00+00:00, run_after=2024-03-11 00:00:00+00:00
[2024-03-11T21:05:56.448+0000] {processor.py:183} INFO - Processing /home/airflow/.local/lib/python3.8/site-packages/airflow/example_dags/example_nested_branch_dag.py took 0.124 seconds
[2024-03-11T21:06:27.059+0000] {processor.py:161} INFO - Started process (PID=1237) to work on /home/airflow/.local/lib/python3.8/site-packages/airflow/example_dags/example_nested_branch_dag.py
[2024-03-11T21:06:27.061+0000] {processor.py:830} INFO - Processing file /home/airflow/.local/lib/python3.8/site-packages/airflow/example_dags/example_nested_branch_dag.py for tasks to queue
[2024-03-11T21:06:27.064+0000] {logging_mixin.py:188} INFO - [2024-03-11T21:06:27.063+0000] {dagbag.py:540} INFO - Filling up the DagBag from /home/airflow/.local/lib/python3.8/site-packages/airflow/example_dags/example_nested_branch_dag.py
[2024-03-11T21:06:27.082+0000] {processor.py:840} INFO - DAG(s) 'example_nested_branch_dag' retrieved from /home/airflow/.local/lib/python3.8/site-packages/airflow/example_dags/example_nested_branch_dag.py
[2024-03-11T21:06:27.110+0000] {logging_mixin.py:188} INFO - [2024-03-11T21:06:27.109+0000] {dag.py:3047} INFO - Sync 1 DAGs
[2024-03-11T21:06:27.148+0000] {logging_mixin.py:188} INFO - [2024-03-11T21:06:27.147+0000] {dag.py:3834} INFO - Setting next_dagrun for example_nested_branch_dag to 2024-03-10 00:00:00+00:00, run_after=2024-03-11 00:00:00+00:00
[2024-03-11T21:06:27.181+0000] {processor.py:183} INFO - Processing /home/airflow/.local/lib/python3.8/site-packages/airflow/example_dags/example_nested_branch_dag.py took 0.127 seconds
[2024-03-11T21:06:57.495+0000] {processor.py:161} INFO - Started process (PID=1292) to work on /home/airflow/.local/lib/python3.8/site-packages/airflow/example_dags/example_nested_branch_dag.py
[2024-03-11T21:06:57.497+0000] {processor.py:830} INFO - Processing file /home/airflow/.local/lib/python3.8/site-packages/airflow/example_dags/example_nested_branch_dag.py for tasks to queue
[2024-03-11T21:06:57.499+0000] {logging_mixin.py:188} INFO - [2024-03-11T21:06:57.498+0000] {dagbag.py:540} INFO - Filling up the DagBag from /home/airflow/.local/lib/python3.8/site-packages/airflow/example_dags/example_nested_branch_dag.py
[2024-03-11T21:06:57.511+0000] {processor.py:840} INFO - DAG(s) 'example_nested_branch_dag' retrieved from /home/airflow/.local/lib/python3.8/site-packages/airflow/example_dags/example_nested_branch_dag.py
[2024-03-11T21:06:57.546+0000] {logging_mixin.py:188} INFO - [2024-03-11T21:06:57.546+0000] {dag.py:3047} INFO - Sync 1 DAGs
[2024-03-11T21:06:57.579+0000] {logging_mixin.py:188} INFO - [2024-03-11T21:06:57.579+0000] {dag.py:3834} INFO - Setting next_dagrun for example_nested_branch_dag to 2024-03-10 00:00:00+00:00, run_after=2024-03-11 00:00:00+00:00
[2024-03-11T21:06:57.618+0000] {processor.py:183} INFO - Processing /home/airflow/.local/lib/python3.8/site-packages/airflow/example_dags/example_nested_branch_dag.py took 0.126 seconds
