[2024-03-11T20:55:44.290+0000] {processor.py:161} INFO - Started process (PID=75) to work on /home/airflow/.local/lib/python3.8/site-packages/airflow/example_dags/example_sla_dag.py
[2024-03-11T20:55:44.292+0000] {processor.py:830} INFO - Processing file /home/airflow/.local/lib/python3.8/site-packages/airflow/example_dags/example_sla_dag.py for tasks to queue
[2024-03-11T20:55:44.295+0000] {logging_mixin.py:188} INFO - [2024-03-11T20:55:44.295+0000] {dagbag.py:540} INFO - Filling up the DagBag from /home/airflow/.local/lib/python3.8/site-packages/airflow/example_dags/example_sla_dag.py
[2024-03-11T20:55:44.311+0000] {processor.py:840} INFO - DAG(s) 'example_sla_dag' retrieved from /home/airflow/.local/lib/python3.8/site-packages/airflow/example_dags/example_sla_dag.py
[2024-03-11T20:55:44.483+0000] {logging_mixin.py:188} INFO - [2024-03-11T20:55:44.482+0000] {override.py:1769} INFO - Created Permission View: can read on DAG:example_sla_dag
[2024-03-11T20:55:44.506+0000] {logging_mixin.py:188} INFO - [2024-03-11T20:55:44.505+0000] {override.py:1769} INFO - Created Permission View: can delete on DAG:example_sla_dag
[2024-03-11T20:55:44.518+0000] {logging_mixin.py:188} INFO - [2024-03-11T20:55:44.517+0000] {override.py:1769} INFO - Created Permission View: can edit on DAG:example_sla_dag
[2024-03-11T20:55:44.519+0000] {logging_mixin.py:188} INFO - [2024-03-11T20:55:44.519+0000] {dag.py:3047} INFO - Sync 1 DAGs
[2024-03-11T20:55:44.545+0000] {logging_mixin.py:188} INFO - [2024-03-11T20:55:44.544+0000] {dag.py:3069} INFO - Creating ORM DAG for example_sla_dag
[2024-03-11T20:55:44.576+0000] {logging_mixin.py:188} INFO - [2024-03-11T20:55:44.576+0000] {dag.py:3834} INFO - Setting next_dagrun for example_sla_dag to 2024-03-11 20:52:00+00:00, run_after=2024-03-11 20:54:00+00:00
[2024-03-11T20:55:44.605+0000] {processor.py:183} INFO - Processing /home/airflow/.local/lib/python3.8/site-packages/airflow/example_dags/example_sla_dag.py took 0.320 seconds
[2024-03-11T20:56:15.310+0000] {processor.py:161} INFO - Started process (PID=130) to work on /home/airflow/.local/lib/python3.8/site-packages/airflow/example_dags/example_sla_dag.py
[2024-03-11T20:56:15.311+0000] {processor.py:830} INFO - Processing file /home/airflow/.local/lib/python3.8/site-packages/airflow/example_dags/example_sla_dag.py for tasks to queue
[2024-03-11T20:56:15.313+0000] {logging_mixin.py:188} INFO - [2024-03-11T20:56:15.313+0000] {dagbag.py:540} INFO - Filling up the DagBag from /home/airflow/.local/lib/python3.8/site-packages/airflow/example_dags/example_sla_dag.py
[2024-03-11T20:56:15.324+0000] {processor.py:840} INFO - DAG(s) 'example_sla_dag' retrieved from /home/airflow/.local/lib/python3.8/site-packages/airflow/example_dags/example_sla_dag.py
[2024-03-11T20:56:15.347+0000] {logging_mixin.py:188} INFO - [2024-03-11T20:56:15.347+0000] {dag.py:3047} INFO - Sync 1 DAGs
[2024-03-11T20:56:15.384+0000] {logging_mixin.py:188} INFO - [2024-03-11T20:56:15.383+0000] {dag.py:3834} INFO - Setting next_dagrun for example_sla_dag to 2024-03-11 20:54:00+00:00, run_after=2024-03-11 20:56:00+00:00
[2024-03-11T20:56:15.410+0000] {processor.py:183} INFO - Processing /home/airflow/.local/lib/python3.8/site-packages/airflow/example_dags/example_sla_dag.py took 0.104 seconds
[2024-03-11T20:56:45.769+0000] {processor.py:161} INFO - Started process (PID=185) to work on /home/airflow/.local/lib/python3.8/site-packages/airflow/example_dags/example_sla_dag.py
[2024-03-11T20:56:45.770+0000] {processor.py:830} INFO - Processing file /home/airflow/.local/lib/python3.8/site-packages/airflow/example_dags/example_sla_dag.py for tasks to queue
[2024-03-11T20:56:45.773+0000] {logging_mixin.py:188} INFO - [2024-03-11T20:56:45.772+0000] {dagbag.py:540} INFO - Filling up the DagBag from /home/airflow/.local/lib/python3.8/site-packages/airflow/example_dags/example_sla_dag.py
[2024-03-11T20:56:45.784+0000] {processor.py:840} INFO - DAG(s) 'example_sla_dag' retrieved from /home/airflow/.local/lib/python3.8/site-packages/airflow/example_dags/example_sla_dag.py
[2024-03-11T20:56:45.811+0000] {logging_mixin.py:188} INFO - [2024-03-11T20:56:45.810+0000] {dag.py:3047} INFO - Sync 1 DAGs
[2024-03-11T20:56:45.847+0000] {logging_mixin.py:188} INFO - [2024-03-11T20:56:45.847+0000] {dag.py:3834} INFO - Setting next_dagrun for example_sla_dag to 2024-03-11 20:54:00+00:00, run_after=2024-03-11 20:56:00+00:00
[2024-03-11T20:56:45.880+0000] {processor.py:183} INFO - Processing /home/airflow/.local/lib/python3.8/site-packages/airflow/example_dags/example_sla_dag.py took 0.114 seconds
[2024-03-11T20:57:16.378+0000] {processor.py:161} INFO - Started process (PID=240) to work on /home/airflow/.local/lib/python3.8/site-packages/airflow/example_dags/example_sla_dag.py
[2024-03-11T20:57:16.380+0000] {processor.py:830} INFO - Processing file /home/airflow/.local/lib/python3.8/site-packages/airflow/example_dags/example_sla_dag.py for tasks to queue
[2024-03-11T20:57:16.383+0000] {logging_mixin.py:188} INFO - [2024-03-11T20:57:16.383+0000] {dagbag.py:540} INFO - Filling up the DagBag from /home/airflow/.local/lib/python3.8/site-packages/airflow/example_dags/example_sla_dag.py
[2024-03-11T20:57:16.398+0000] {processor.py:840} INFO - DAG(s) 'example_sla_dag' retrieved from /home/airflow/.local/lib/python3.8/site-packages/airflow/example_dags/example_sla_dag.py
[2024-03-11T20:57:16.430+0000] {logging_mixin.py:188} INFO - [2024-03-11T20:57:16.430+0000] {dag.py:3047} INFO - Sync 1 DAGs
[2024-03-11T20:57:16.466+0000] {logging_mixin.py:188} INFO - [2024-03-11T20:57:16.465+0000] {dag.py:3834} INFO - Setting next_dagrun for example_sla_dag to 2024-03-11 20:54:00+00:00, run_after=2024-03-11 20:56:00+00:00
[2024-03-11T20:57:16.494+0000] {processor.py:183} INFO - Processing /home/airflow/.local/lib/python3.8/site-packages/airflow/example_dags/example_sla_dag.py took 0.119 seconds
[2024-03-11T20:57:46.739+0000] {processor.py:161} INFO - Started process (PID=295) to work on /home/airflow/.local/lib/python3.8/site-packages/airflow/example_dags/example_sla_dag.py
[2024-03-11T20:57:46.740+0000] {processor.py:830} INFO - Processing file /home/airflow/.local/lib/python3.8/site-packages/airflow/example_dags/example_sla_dag.py for tasks to queue
[2024-03-11T20:57:46.743+0000] {logging_mixin.py:188} INFO - [2024-03-11T20:57:46.742+0000] {dagbag.py:540} INFO - Filling up the DagBag from /home/airflow/.local/lib/python3.8/site-packages/airflow/example_dags/example_sla_dag.py
[2024-03-11T20:57:46.754+0000] {processor.py:840} INFO - DAG(s) 'example_sla_dag' retrieved from /home/airflow/.local/lib/python3.8/site-packages/airflow/example_dags/example_sla_dag.py
[2024-03-11T20:57:46.778+0000] {logging_mixin.py:188} INFO - [2024-03-11T20:57:46.778+0000] {dag.py:3047} INFO - Sync 1 DAGs
[2024-03-11T20:57:46.815+0000] {logging_mixin.py:188} INFO - [2024-03-11T20:57:46.815+0000] {dag.py:3834} INFO - Setting next_dagrun for example_sla_dag to 2024-03-11 20:54:00+00:00, run_after=2024-03-11 20:56:00+00:00
[2024-03-11T20:57:46.855+0000] {processor.py:183} INFO - Processing /home/airflow/.local/lib/python3.8/site-packages/airflow/example_dags/example_sla_dag.py took 0.120 seconds
[2024-03-11T20:58:17.161+0000] {processor.py:161} INFO - Started process (PID=350) to work on /home/airflow/.local/lib/python3.8/site-packages/airflow/example_dags/example_sla_dag.py
[2024-03-11T20:58:17.162+0000] {processor.py:830} INFO - Processing file /home/airflow/.local/lib/python3.8/site-packages/airflow/example_dags/example_sla_dag.py for tasks to queue
[2024-03-11T20:58:17.164+0000] {logging_mixin.py:188} INFO - [2024-03-11T20:58:17.164+0000] {dagbag.py:540} INFO - Filling up the DagBag from /home/airflow/.local/lib/python3.8/site-packages/airflow/example_dags/example_sla_dag.py
[2024-03-11T20:58:17.178+0000] {processor.py:840} INFO - DAG(s) 'example_sla_dag' retrieved from /home/airflow/.local/lib/python3.8/site-packages/airflow/example_dags/example_sla_dag.py
[2024-03-11T20:58:17.206+0000] {logging_mixin.py:188} INFO - [2024-03-11T20:58:17.205+0000] {dag.py:3047} INFO - Sync 1 DAGs
[2024-03-11T20:58:17.252+0000] {logging_mixin.py:188} INFO - [2024-03-11T20:58:17.252+0000] {dag.py:3834} INFO - Setting next_dagrun for example_sla_dag to 2024-03-11 20:56:00+00:00, run_after=2024-03-11 20:58:00+00:00
[2024-03-11T20:58:17.288+0000] {processor.py:183} INFO - Processing /home/airflow/.local/lib/python3.8/site-packages/airflow/example_dags/example_sla_dag.py took 0.130 seconds
[2024-03-11T20:58:47.407+0000] {processor.py:161} INFO - Started process (PID=406) to work on /home/airflow/.local/lib/python3.8/site-packages/airflow/example_dags/example_sla_dag.py
[2024-03-11T20:58:47.408+0000] {processor.py:830} INFO - Processing file /home/airflow/.local/lib/python3.8/site-packages/airflow/example_dags/example_sla_dag.py for tasks to queue
[2024-03-11T20:58:47.410+0000] {logging_mixin.py:188} INFO - [2024-03-11T20:58:47.410+0000] {dagbag.py:540} INFO - Filling up the DagBag from /home/airflow/.local/lib/python3.8/site-packages/airflow/example_dags/example_sla_dag.py
[2024-03-11T20:58:47.420+0000] {processor.py:840} INFO - DAG(s) 'example_sla_dag' retrieved from /home/airflow/.local/lib/python3.8/site-packages/airflow/example_dags/example_sla_dag.py
[2024-03-11T20:58:47.445+0000] {logging_mixin.py:188} INFO - [2024-03-11T20:58:47.445+0000] {dag.py:3047} INFO - Sync 1 DAGs
[2024-03-11T20:58:47.482+0000] {logging_mixin.py:188} INFO - [2024-03-11T20:58:47.482+0000] {dag.py:3834} INFO - Setting next_dagrun for example_sla_dag to 2024-03-11 20:56:00+00:00, run_after=2024-03-11 20:58:00+00:00
[2024-03-11T20:58:47.521+0000] {processor.py:183} INFO - Processing /home/airflow/.local/lib/python3.8/site-packages/airflow/example_dags/example_sla_dag.py took 0.117 seconds
[2024-03-11T20:59:17.793+0000] {processor.py:161} INFO - Started process (PID=461) to work on /home/airflow/.local/lib/python3.8/site-packages/airflow/example_dags/example_sla_dag.py
[2024-03-11T20:59:17.794+0000] {processor.py:830} INFO - Processing file /home/airflow/.local/lib/python3.8/site-packages/airflow/example_dags/example_sla_dag.py for tasks to queue
[2024-03-11T20:59:17.796+0000] {logging_mixin.py:188} INFO - [2024-03-11T20:59:17.796+0000] {dagbag.py:540} INFO - Filling up the DagBag from /home/airflow/.local/lib/python3.8/site-packages/airflow/example_dags/example_sla_dag.py
[2024-03-11T20:59:17.807+0000] {processor.py:840} INFO - DAG(s) 'example_sla_dag' retrieved from /home/airflow/.local/lib/python3.8/site-packages/airflow/example_dags/example_sla_dag.py
[2024-03-11T20:59:17.831+0000] {logging_mixin.py:188} INFO - [2024-03-11T20:59:17.831+0000] {dag.py:3047} INFO - Sync 1 DAGs
[2024-03-11T20:59:17.870+0000] {logging_mixin.py:188} INFO - [2024-03-11T20:59:17.870+0000] {dag.py:3834} INFO - Setting next_dagrun for example_sla_dag to 2024-03-11 20:56:00+00:00, run_after=2024-03-11 20:58:00+00:00
[2024-03-11T20:59:17.908+0000] {processor.py:183} INFO - Processing /home/airflow/.local/lib/python3.8/site-packages/airflow/example_dags/example_sla_dag.py took 0.118 seconds
[2024-03-11T20:59:48.255+0000] {processor.py:161} INFO - Started process (PID=516) to work on /home/airflow/.local/lib/python3.8/site-packages/airflow/example_dags/example_sla_dag.py
[2024-03-11T20:59:48.257+0000] {processor.py:830} INFO - Processing file /home/airflow/.local/lib/python3.8/site-packages/airflow/example_dags/example_sla_dag.py for tasks to queue
[2024-03-11T20:59:48.260+0000] {logging_mixin.py:188} INFO - [2024-03-11T20:59:48.259+0000] {dagbag.py:540} INFO - Filling up the DagBag from /home/airflow/.local/lib/python3.8/site-packages/airflow/example_dags/example_sla_dag.py
[2024-03-11T20:59:48.273+0000] {processor.py:840} INFO - DAG(s) 'example_sla_dag' retrieved from /home/airflow/.local/lib/python3.8/site-packages/airflow/example_dags/example_sla_dag.py
[2024-03-11T20:59:48.303+0000] {logging_mixin.py:188} INFO - [2024-03-11T20:59:48.302+0000] {dag.py:3047} INFO - Sync 1 DAGs
[2024-03-11T20:59:48.344+0000] {logging_mixin.py:188} INFO - [2024-03-11T20:59:48.343+0000] {dag.py:3834} INFO - Setting next_dagrun for example_sla_dag to 2024-03-11 20:56:00+00:00, run_after=2024-03-11 20:58:00+00:00
[2024-03-11T20:59:48.375+0000] {processor.py:183} INFO - Processing /home/airflow/.local/lib/python3.8/site-packages/airflow/example_dags/example_sla_dag.py took 0.124 seconds
[2024-03-11T21:00:19.200+0000] {processor.py:161} INFO - Started process (PID=571) to work on /home/airflow/.local/lib/python3.8/site-packages/airflow/example_dags/example_sla_dag.py
[2024-03-11T21:00:19.202+0000] {processor.py:830} INFO - Processing file /home/airflow/.local/lib/python3.8/site-packages/airflow/example_dags/example_sla_dag.py for tasks to queue
[2024-03-11T21:00:19.204+0000] {logging_mixin.py:188} INFO - [2024-03-11T21:00:19.204+0000] {dagbag.py:540} INFO - Filling up the DagBag from /home/airflow/.local/lib/python3.8/site-packages/airflow/example_dags/example_sla_dag.py
[2024-03-11T21:00:19.215+0000] {processor.py:840} INFO - DAG(s) 'example_sla_dag' retrieved from /home/airflow/.local/lib/python3.8/site-packages/airflow/example_dags/example_sla_dag.py
[2024-03-11T21:00:19.245+0000] {logging_mixin.py:188} INFO - [2024-03-11T21:00:19.244+0000] {dag.py:3047} INFO - Sync 1 DAGs
[2024-03-11T21:00:19.283+0000] {logging_mixin.py:188} INFO - [2024-03-11T21:00:19.283+0000] {dag.py:3834} INFO - Setting next_dagrun for example_sla_dag to 2024-03-11 20:58:00+00:00, run_after=2024-03-11 21:00:00+00:00
[2024-03-11T21:00:19.310+0000] {processor.py:183} INFO - Processing /home/airflow/.local/lib/python3.8/site-packages/airflow/example_dags/example_sla_dag.py took 0.115 seconds
[2024-03-11T21:00:49.769+0000] {processor.py:161} INFO - Started process (PID=626) to work on /home/airflow/.local/lib/python3.8/site-packages/airflow/example_dags/example_sla_dag.py
[2024-03-11T21:00:49.771+0000] {processor.py:830} INFO - Processing file /home/airflow/.local/lib/python3.8/site-packages/airflow/example_dags/example_sla_dag.py for tasks to queue
[2024-03-11T21:00:49.773+0000] {logging_mixin.py:188} INFO - [2024-03-11T21:00:49.772+0000] {dagbag.py:540} INFO - Filling up the DagBag from /home/airflow/.local/lib/python3.8/site-packages/airflow/example_dags/example_sla_dag.py
[2024-03-11T21:00:49.785+0000] {processor.py:840} INFO - DAG(s) 'example_sla_dag' retrieved from /home/airflow/.local/lib/python3.8/site-packages/airflow/example_dags/example_sla_dag.py
[2024-03-11T21:00:49.820+0000] {logging_mixin.py:188} INFO - [2024-03-11T21:00:49.819+0000] {dag.py:3047} INFO - Sync 1 DAGs
[2024-03-11T21:00:49.861+0000] {logging_mixin.py:188} INFO - [2024-03-11T21:00:49.861+0000] {dag.py:3834} INFO - Setting next_dagrun for example_sla_dag to 2024-03-11 20:58:00+00:00, run_after=2024-03-11 21:00:00+00:00
[2024-03-11T21:00:49.895+0000] {processor.py:183} INFO - Processing /home/airflow/.local/lib/python3.8/site-packages/airflow/example_dags/example_sla_dag.py took 0.130 seconds
[2024-03-11T21:01:20.278+0000] {processor.py:161} INFO - Started process (PID=681) to work on /home/airflow/.local/lib/python3.8/site-packages/airflow/example_dags/example_sla_dag.py
[2024-03-11T21:01:20.280+0000] {processor.py:830} INFO - Processing file /home/airflow/.local/lib/python3.8/site-packages/airflow/example_dags/example_sla_dag.py for tasks to queue
[2024-03-11T21:01:20.282+0000] {logging_mixin.py:188} INFO - [2024-03-11T21:01:20.282+0000] {dagbag.py:540} INFO - Filling up the DagBag from /home/airflow/.local/lib/python3.8/site-packages/airflow/example_dags/example_sla_dag.py
[2024-03-11T21:01:20.294+0000] {processor.py:840} INFO - DAG(s) 'example_sla_dag' retrieved from /home/airflow/.local/lib/python3.8/site-packages/airflow/example_dags/example_sla_dag.py
[2024-03-11T21:01:20.322+0000] {logging_mixin.py:188} INFO - [2024-03-11T21:01:20.321+0000] {dag.py:3047} INFO - Sync 1 DAGs
[2024-03-11T21:01:20.363+0000] {logging_mixin.py:188} INFO - [2024-03-11T21:01:20.363+0000] {dag.py:3834} INFO - Setting next_dagrun for example_sla_dag to 2024-03-11 20:58:00+00:00, run_after=2024-03-11 21:00:00+00:00
[2024-03-11T21:01:20.396+0000] {processor.py:183} INFO - Processing /home/airflow/.local/lib/python3.8/site-packages/airflow/example_dags/example_sla_dag.py took 0.121 seconds
[2024-03-11T21:01:50.754+0000] {processor.py:161} INFO - Started process (PID=736) to work on /home/airflow/.local/lib/python3.8/site-packages/airflow/example_dags/example_sla_dag.py
[2024-03-11T21:01:50.756+0000] {processor.py:830} INFO - Processing file /home/airflow/.local/lib/python3.8/site-packages/airflow/example_dags/example_sla_dag.py for tasks to queue
[2024-03-11T21:01:50.758+0000] {logging_mixin.py:188} INFO - [2024-03-11T21:01:50.758+0000] {dagbag.py:540} INFO - Filling up the DagBag from /home/airflow/.local/lib/python3.8/site-packages/airflow/example_dags/example_sla_dag.py
[2024-03-11T21:01:50.769+0000] {processor.py:840} INFO - DAG(s) 'example_sla_dag' retrieved from /home/airflow/.local/lib/python3.8/site-packages/airflow/example_dags/example_sla_dag.py
[2024-03-11T21:01:50.796+0000] {logging_mixin.py:188} INFO - [2024-03-11T21:01:50.795+0000] {dag.py:3047} INFO - Sync 1 DAGs
[2024-03-11T21:01:50.832+0000] {logging_mixin.py:188} INFO - [2024-03-11T21:01:50.832+0000] {dag.py:3834} INFO - Setting next_dagrun for example_sla_dag to 2024-03-11 20:58:00+00:00, run_after=2024-03-11 21:00:00+00:00
[2024-03-11T21:01:50.871+0000] {processor.py:183} INFO - Processing /home/airflow/.local/lib/python3.8/site-packages/airflow/example_dags/example_sla_dag.py took 0.120 seconds
[2024-03-11T21:02:21.272+0000] {processor.py:161} INFO - Started process (PID=791) to work on /home/airflow/.local/lib/python3.8/site-packages/airflow/example_dags/example_sla_dag.py
[2024-03-11T21:02:21.274+0000] {processor.py:830} INFO - Processing file /home/airflow/.local/lib/python3.8/site-packages/airflow/example_dags/example_sla_dag.py for tasks to queue
[2024-03-11T21:02:21.276+0000] {logging_mixin.py:188} INFO - [2024-03-11T21:02:21.276+0000] {dagbag.py:540} INFO - Filling up the DagBag from /home/airflow/.local/lib/python3.8/site-packages/airflow/example_dags/example_sla_dag.py
[2024-03-11T21:02:21.287+0000] {processor.py:840} INFO - DAG(s) 'example_sla_dag' retrieved from /home/airflow/.local/lib/python3.8/site-packages/airflow/example_dags/example_sla_dag.py
[2024-03-11T21:02:21.314+0000] {logging_mixin.py:188} INFO - [2024-03-11T21:02:21.313+0000] {dag.py:3047} INFO - Sync 1 DAGs
[2024-03-11T21:02:21.351+0000] {logging_mixin.py:188} INFO - [2024-03-11T21:02:21.350+0000] {dag.py:3834} INFO - Setting next_dagrun for example_sla_dag to 2024-03-11 21:00:00+00:00, run_after=2024-03-11 21:02:00+00:00
[2024-03-11T21:02:21.391+0000] {processor.py:183} INFO - Processing /home/airflow/.local/lib/python3.8/site-packages/airflow/example_dags/example_sla_dag.py took 0.122 seconds
[2024-03-11T21:02:51.978+0000] {processor.py:161} INFO - Started process (PID=846) to work on /home/airflow/.local/lib/python3.8/site-packages/airflow/example_dags/example_sla_dag.py
[2024-03-11T21:02:51.979+0000] {processor.py:830} INFO - Processing file /home/airflow/.local/lib/python3.8/site-packages/airflow/example_dags/example_sla_dag.py for tasks to queue
[2024-03-11T21:02:51.982+0000] {logging_mixin.py:188} INFO - [2024-03-11T21:02:51.981+0000] {dagbag.py:540} INFO - Filling up the DagBag from /home/airflow/.local/lib/python3.8/site-packages/airflow/example_dags/example_sla_dag.py
[2024-03-11T21:02:51.992+0000] {processor.py:840} INFO - DAG(s) 'example_sla_dag' retrieved from /home/airflow/.local/lib/python3.8/site-packages/airflow/example_dags/example_sla_dag.py
[2024-03-11T21:02:52.016+0000] {logging_mixin.py:188} INFO - [2024-03-11T21:02:52.016+0000] {dag.py:3047} INFO - Sync 1 DAGs
[2024-03-11T21:02:52.056+0000] {logging_mixin.py:188} INFO - [2024-03-11T21:02:52.056+0000] {dag.py:3834} INFO - Setting next_dagrun for example_sla_dag to 2024-03-11 21:00:00+00:00, run_after=2024-03-11 21:02:00+00:00
[2024-03-11T21:02:52.085+0000] {processor.py:183} INFO - Processing /home/airflow/.local/lib/python3.8/site-packages/airflow/example_dags/example_sla_dag.py took 0.111 seconds
[2024-03-11T21:03:22.297+0000] {processor.py:161} INFO - Started process (PID=901) to work on /home/airflow/.local/lib/python3.8/site-packages/airflow/example_dags/example_sla_dag.py
[2024-03-11T21:03:22.299+0000] {processor.py:830} INFO - Processing file /home/airflow/.local/lib/python3.8/site-packages/airflow/example_dags/example_sla_dag.py for tasks to queue
[2024-03-11T21:03:22.301+0000] {logging_mixin.py:188} INFO - [2024-03-11T21:03:22.300+0000] {dagbag.py:540} INFO - Filling up the DagBag from /home/airflow/.local/lib/python3.8/site-packages/airflow/example_dags/example_sla_dag.py
[2024-03-11T21:03:22.311+0000] {processor.py:840} INFO - DAG(s) 'example_sla_dag' retrieved from /home/airflow/.local/lib/python3.8/site-packages/airflow/example_dags/example_sla_dag.py
[2024-03-11T21:03:22.336+0000] {logging_mixin.py:188} INFO - [2024-03-11T21:03:22.336+0000] {dag.py:3047} INFO - Sync 1 DAGs
[2024-03-11T21:03:22.374+0000] {logging_mixin.py:188} INFO - [2024-03-11T21:03:22.373+0000] {dag.py:3834} INFO - Setting next_dagrun for example_sla_dag to 2024-03-11 21:00:00+00:00, run_after=2024-03-11 21:02:00+00:00
[2024-03-11T21:03:22.404+0000] {processor.py:183} INFO - Processing /home/airflow/.local/lib/python3.8/site-packages/airflow/example_dags/example_sla_dag.py took 0.110 seconds
[2024-03-11T21:03:52.952+0000] {processor.py:161} INFO - Started process (PID=957) to work on /home/airflow/.local/lib/python3.8/site-packages/airflow/example_dags/example_sla_dag.py
[2024-03-11T21:03:52.953+0000] {processor.py:830} INFO - Processing file /home/airflow/.local/lib/python3.8/site-packages/airflow/example_dags/example_sla_dag.py for tasks to queue
[2024-03-11T21:03:52.956+0000] {logging_mixin.py:188} INFO - [2024-03-11T21:03:52.955+0000] {dagbag.py:540} INFO - Filling up the DagBag from /home/airflow/.local/lib/python3.8/site-packages/airflow/example_dags/example_sla_dag.py
[2024-03-11T21:03:52.967+0000] {processor.py:840} INFO - DAG(s) 'example_sla_dag' retrieved from /home/airflow/.local/lib/python3.8/site-packages/airflow/example_dags/example_sla_dag.py
[2024-03-11T21:03:52.994+0000] {logging_mixin.py:188} INFO - [2024-03-11T21:03:52.993+0000] {dag.py:3047} INFO - Sync 1 DAGs
[2024-03-11T21:03:53.031+0000] {logging_mixin.py:188} INFO - [2024-03-11T21:03:53.031+0000] {dag.py:3834} INFO - Setting next_dagrun for example_sla_dag to 2024-03-11 21:00:00+00:00, run_after=2024-03-11 21:02:00+00:00
[2024-03-11T21:03:53.059+0000] {processor.py:183} INFO - Processing /home/airflow/.local/lib/python3.8/site-packages/airflow/example_dags/example_sla_dag.py took 0.110 seconds
[2024-03-11T21:04:23.257+0000] {processor.py:161} INFO - Started process (PID=1012) to work on /home/airflow/.local/lib/python3.8/site-packages/airflow/example_dags/example_sla_dag.py
[2024-03-11T21:04:23.258+0000] {processor.py:830} INFO - Processing file /home/airflow/.local/lib/python3.8/site-packages/airflow/example_dags/example_sla_dag.py for tasks to queue
[2024-03-11T21:04:23.260+0000] {logging_mixin.py:188} INFO - [2024-03-11T21:04:23.260+0000] {dagbag.py:540} INFO - Filling up the DagBag from /home/airflow/.local/lib/python3.8/site-packages/airflow/example_dags/example_sla_dag.py
[2024-03-11T21:04:23.270+0000] {processor.py:840} INFO - DAG(s) 'example_sla_dag' retrieved from /home/airflow/.local/lib/python3.8/site-packages/airflow/example_dags/example_sla_dag.py
[2024-03-11T21:04:23.294+0000] {logging_mixin.py:188} INFO - [2024-03-11T21:04:23.294+0000] {dag.py:3047} INFO - Sync 1 DAGs
[2024-03-11T21:04:23.336+0000] {logging_mixin.py:188} INFO - [2024-03-11T21:04:23.336+0000] {dag.py:3834} INFO - Setting next_dagrun for example_sla_dag to 2024-03-11 21:02:00+00:00, run_after=2024-03-11 21:04:00+00:00
[2024-03-11T21:04:23.375+0000] {processor.py:183} INFO - Processing /home/airflow/.local/lib/python3.8/site-packages/airflow/example_dags/example_sla_dag.py took 0.121 seconds
[2024-03-11T21:04:53.723+0000] {processor.py:161} INFO - Started process (PID=1066) to work on /home/airflow/.local/lib/python3.8/site-packages/airflow/example_dags/example_sla_dag.py
[2024-03-11T21:04:53.724+0000] {processor.py:830} INFO - Processing file /home/airflow/.local/lib/python3.8/site-packages/airflow/example_dags/example_sla_dag.py for tasks to queue
[2024-03-11T21:04:53.727+0000] {logging_mixin.py:188} INFO - [2024-03-11T21:04:53.727+0000] {dagbag.py:540} INFO - Filling up the DagBag from /home/airflow/.local/lib/python3.8/site-packages/airflow/example_dags/example_sla_dag.py
[2024-03-11T21:04:53.737+0000] {processor.py:840} INFO - DAG(s) 'example_sla_dag' retrieved from /home/airflow/.local/lib/python3.8/site-packages/airflow/example_dags/example_sla_dag.py
[2024-03-11T21:04:53.766+0000] {logging_mixin.py:188} INFO - [2024-03-11T21:04:53.766+0000] {dag.py:3047} INFO - Sync 1 DAGs
[2024-03-11T21:04:53.803+0000] {logging_mixin.py:188} INFO - [2024-03-11T21:04:53.803+0000] {dag.py:3834} INFO - Setting next_dagrun for example_sla_dag to 2024-03-11 21:02:00+00:00, run_after=2024-03-11 21:04:00+00:00
[2024-03-11T21:04:53.829+0000] {processor.py:183} INFO - Processing /home/airflow/.local/lib/python3.8/site-packages/airflow/example_dags/example_sla_dag.py took 0.109 seconds
[2024-03-11T21:05:24.234+0000] {processor.py:161} INFO - Started process (PID=1121) to work on /home/airflow/.local/lib/python3.8/site-packages/airflow/example_dags/example_sla_dag.py
[2024-03-11T21:05:24.235+0000] {processor.py:830} INFO - Processing file /home/airflow/.local/lib/python3.8/site-packages/airflow/example_dags/example_sla_dag.py for tasks to queue
[2024-03-11T21:05:24.238+0000] {logging_mixin.py:188} INFO - [2024-03-11T21:05:24.237+0000] {dagbag.py:540} INFO - Filling up the DagBag from /home/airflow/.local/lib/python3.8/site-packages/airflow/example_dags/example_sla_dag.py
[2024-03-11T21:05:24.248+0000] {processor.py:840} INFO - DAG(s) 'example_sla_dag' retrieved from /home/airflow/.local/lib/python3.8/site-packages/airflow/example_dags/example_sla_dag.py
[2024-03-11T21:05:24.272+0000] {logging_mixin.py:188} INFO - [2024-03-11T21:05:24.272+0000] {dag.py:3047} INFO - Sync 1 DAGs
[2024-03-11T21:05:24.318+0000] {logging_mixin.py:188} INFO - [2024-03-11T21:05:24.318+0000] {dag.py:3834} INFO - Setting next_dagrun for example_sla_dag to 2024-03-11 21:02:00+00:00, run_after=2024-03-11 21:04:00+00:00
[2024-03-11T21:05:24.357+0000] {processor.py:183} INFO - Processing /home/airflow/.local/lib/python3.8/site-packages/airflow/example_dags/example_sla_dag.py took 0.126 seconds
[2024-03-11T21:05:54.744+0000] {processor.py:161} INFO - Started process (PID=1176) to work on /home/airflow/.local/lib/python3.8/site-packages/airflow/example_dags/example_sla_dag.py
[2024-03-11T21:05:54.746+0000] {processor.py:830} INFO - Processing file /home/airflow/.local/lib/python3.8/site-packages/airflow/example_dags/example_sla_dag.py for tasks to queue
[2024-03-11T21:05:54.749+0000] {logging_mixin.py:188} INFO - [2024-03-11T21:05:54.748+0000] {dagbag.py:540} INFO - Filling up the DagBag from /home/airflow/.local/lib/python3.8/site-packages/airflow/example_dags/example_sla_dag.py
[2024-03-11T21:05:54.760+0000] {processor.py:840} INFO - DAG(s) 'example_sla_dag' retrieved from /home/airflow/.local/lib/python3.8/site-packages/airflow/example_dags/example_sla_dag.py
[2024-03-11T21:05:54.784+0000] {logging_mixin.py:188} INFO - [2024-03-11T21:05:54.783+0000] {dag.py:3047} INFO - Sync 1 DAGs
[2024-03-11T21:05:54.819+0000] {logging_mixin.py:188} INFO - [2024-03-11T21:05:54.819+0000] {dag.py:3834} INFO - Setting next_dagrun for example_sla_dag to 2024-03-11 21:02:00+00:00, run_after=2024-03-11 21:04:00+00:00
[2024-03-11T21:05:54.850+0000] {processor.py:183} INFO - Processing /home/airflow/.local/lib/python3.8/site-packages/airflow/example_dags/example_sla_dag.py took 0.110 seconds
[2024-03-11T21:06:25.355+0000] {processor.py:161} INFO - Started process (PID=1231) to work on /home/airflow/.local/lib/python3.8/site-packages/airflow/example_dags/example_sla_dag.py
[2024-03-11T21:06:25.357+0000] {processor.py:830} INFO - Processing file /home/airflow/.local/lib/python3.8/site-packages/airflow/example_dags/example_sla_dag.py for tasks to queue
[2024-03-11T21:06:25.359+0000] {logging_mixin.py:188} INFO - [2024-03-11T21:06:25.358+0000] {dagbag.py:540} INFO - Filling up the DagBag from /home/airflow/.local/lib/python3.8/site-packages/airflow/example_dags/example_sla_dag.py
[2024-03-11T21:06:25.369+0000] {processor.py:840} INFO - DAG(s) 'example_sla_dag' retrieved from /home/airflow/.local/lib/python3.8/site-packages/airflow/example_dags/example_sla_dag.py
[2024-03-11T21:06:25.394+0000] {logging_mixin.py:188} INFO - [2024-03-11T21:06:25.393+0000] {dag.py:3047} INFO - Sync 1 DAGs
[2024-03-11T21:06:25.430+0000] {logging_mixin.py:188} INFO - [2024-03-11T21:06:25.430+0000] {dag.py:3834} INFO - Setting next_dagrun for example_sla_dag to 2024-03-11 21:04:00+00:00, run_after=2024-03-11 21:06:00+00:00
[2024-03-11T21:06:25.460+0000] {processor.py:183} INFO - Processing /home/airflow/.local/lib/python3.8/site-packages/airflow/example_dags/example_sla_dag.py took 0.108 seconds
[2024-03-11T21:06:55.905+0000] {processor.py:161} INFO - Started process (PID=1286) to work on /home/airflow/.local/lib/python3.8/site-packages/airflow/example_dags/example_sla_dag.py
[2024-03-11T21:06:55.907+0000] {processor.py:830} INFO - Processing file /home/airflow/.local/lib/python3.8/site-packages/airflow/example_dags/example_sla_dag.py for tasks to queue
[2024-03-11T21:06:55.909+0000] {logging_mixin.py:188} INFO - [2024-03-11T21:06:55.909+0000] {dagbag.py:540} INFO - Filling up the DagBag from /home/airflow/.local/lib/python3.8/site-packages/airflow/example_dags/example_sla_dag.py
[2024-03-11T21:06:55.920+0000] {processor.py:840} INFO - DAG(s) 'example_sla_dag' retrieved from /home/airflow/.local/lib/python3.8/site-packages/airflow/example_dags/example_sla_dag.py
[2024-03-11T21:06:55.946+0000] {logging_mixin.py:188} INFO - [2024-03-11T21:06:55.946+0000] {dag.py:3047} INFO - Sync 1 DAGs
[2024-03-11T21:06:55.984+0000] {logging_mixin.py:188} INFO - [2024-03-11T21:06:55.984+0000] {dag.py:3834} INFO - Setting next_dagrun for example_sla_dag to 2024-03-11 21:04:00+00:00, run_after=2024-03-11 21:06:00+00:00
[2024-03-11T21:06:56.012+0000] {processor.py:183} INFO - Processing /home/airflow/.local/lib/python3.8/site-packages/airflow/example_dags/example_sla_dag.py took 0.110 seconds
