[2024-03-11T20:55:38.329+0000] {processor.py:161} INFO - Started process (PID=41) to work on /home/airflow/.local/lib/python3.8/site-packages/airflow/example_dags/tutorial.py
[2024-03-11T20:55:38.330+0000] {processor.py:830} INFO - Processing file /home/airflow/.local/lib/python3.8/site-packages/airflow/example_dags/tutorial.py for tasks to queue
[2024-03-11T20:55:38.333+0000] {logging_mixin.py:188} INFO - [2024-03-11T20:55:38.333+0000] {dagbag.py:540} INFO - Filling up the DagBag from /home/airflow/.local/lib/python3.8/site-packages/airflow/example_dags/tutorial.py
[2024-03-11T20:55:38.346+0000] {processor.py:840} INFO - DAG(s) 'tutorial' retrieved from /home/airflow/.local/lib/python3.8/site-packages/airflow/example_dags/tutorial.py
[2024-03-11T20:55:38.565+0000] {logging_mixin.py:188} INFO - [2024-03-11T20:55:38.564+0000] {override.py:1769} INFO - Created Permission View: can read on DAG:tutorial
[2024-03-11T20:55:38.588+0000] {logging_mixin.py:188} INFO - [2024-03-11T20:55:38.587+0000] {override.py:1769} INFO - Created Permission View: can delete on DAG:tutorial
[2024-03-11T20:55:38.602+0000] {logging_mixin.py:188} INFO - [2024-03-11T20:55:38.601+0000] {override.py:1769} INFO - Created Permission View: can edit on DAG:tutorial
[2024-03-11T20:55:38.603+0000] {logging_mixin.py:188} INFO - [2024-03-11T20:55:38.603+0000] {dag.py:3047} INFO - Sync 1 DAGs
[2024-03-11T20:55:38.629+0000] {logging_mixin.py:188} INFO - [2024-03-11T20:55:38.629+0000] {dag.py:3069} INFO - Creating ORM DAG for tutorial
[2024-03-11T20:55:38.647+0000] {logging_mixin.py:188} INFO - [2024-03-11T20:55:38.647+0000] {dag.py:3834} INFO - Setting next_dagrun for tutorial to 2024-03-10 00:00:00+00:00, run_after=2024-03-11 00:00:00+00:00
[2024-03-11T20:55:38.681+0000] {processor.py:183} INFO - Processing /home/airflow/.local/lib/python3.8/site-packages/airflow/example_dags/tutorial.py took 0.357 seconds
[2024-03-11T20:56:09.055+0000] {processor.py:161} INFO - Started process (PID=96) to work on /home/airflow/.local/lib/python3.8/site-packages/airflow/example_dags/tutorial.py
[2024-03-11T20:56:09.057+0000] {processor.py:830} INFO - Processing file /home/airflow/.local/lib/python3.8/site-packages/airflow/example_dags/tutorial.py for tasks to queue
[2024-03-11T20:56:09.059+0000] {logging_mixin.py:188} INFO - [2024-03-11T20:56:09.059+0000] {dagbag.py:540} INFO - Filling up the DagBag from /home/airflow/.local/lib/python3.8/site-packages/airflow/example_dags/tutorial.py
[2024-03-11T20:56:09.066+0000] {processor.py:840} INFO - DAG(s) 'tutorial' retrieved from /home/airflow/.local/lib/python3.8/site-packages/airflow/example_dags/tutorial.py
[2024-03-11T20:56:09.091+0000] {logging_mixin.py:188} INFO - [2024-03-11T20:56:09.091+0000] {dag.py:3047} INFO - Sync 1 DAGs
[2024-03-11T20:56:09.126+0000] {logging_mixin.py:188} INFO - [2024-03-11T20:56:09.126+0000] {dag.py:3834} INFO - Setting next_dagrun for tutorial to 2024-03-10 00:00:00+00:00, run_after=2024-03-11 00:00:00+00:00
[2024-03-11T20:56:09.165+0000] {processor.py:183} INFO - Processing /home/airflow/.local/lib/python3.8/site-packages/airflow/example_dags/tutorial.py took 0.113 seconds
[2024-03-11T20:56:39.442+0000] {processor.py:161} INFO - Started process (PID=151) to work on /home/airflow/.local/lib/python3.8/site-packages/airflow/example_dags/tutorial.py
[2024-03-11T20:56:39.444+0000] {processor.py:830} INFO - Processing file /home/airflow/.local/lib/python3.8/site-packages/airflow/example_dags/tutorial.py for tasks to queue
[2024-03-11T20:56:39.446+0000] {logging_mixin.py:188} INFO - [2024-03-11T20:56:39.446+0000] {dagbag.py:540} INFO - Filling up the DagBag from /home/airflow/.local/lib/python3.8/site-packages/airflow/example_dags/tutorial.py
[2024-03-11T20:56:39.453+0000] {processor.py:840} INFO - DAG(s) 'tutorial' retrieved from /home/airflow/.local/lib/python3.8/site-packages/airflow/example_dags/tutorial.py
[2024-03-11T20:56:39.480+0000] {logging_mixin.py:188} INFO - [2024-03-11T20:56:39.479+0000] {dag.py:3047} INFO - Sync 1 DAGs
[2024-03-11T20:56:39.511+0000] {logging_mixin.py:188} INFO - [2024-03-11T20:56:39.510+0000] {dag.py:3834} INFO - Setting next_dagrun for tutorial to 2024-03-10 00:00:00+00:00, run_after=2024-03-11 00:00:00+00:00
[2024-03-11T20:56:39.541+0000] {processor.py:183} INFO - Processing /home/airflow/.local/lib/python3.8/site-packages/airflow/example_dags/tutorial.py took 0.104 seconds
[2024-03-11T20:57:09.680+0000] {processor.py:161} INFO - Started process (PID=206) to work on /home/airflow/.local/lib/python3.8/site-packages/airflow/example_dags/tutorial.py
[2024-03-11T20:57:09.682+0000] {processor.py:830} INFO - Processing file /home/airflow/.local/lib/python3.8/site-packages/airflow/example_dags/tutorial.py for tasks to queue
[2024-03-11T20:57:09.684+0000] {logging_mixin.py:188} INFO - [2024-03-11T20:57:09.684+0000] {dagbag.py:540} INFO - Filling up the DagBag from /home/airflow/.local/lib/python3.8/site-packages/airflow/example_dags/tutorial.py
[2024-03-11T20:57:09.691+0000] {processor.py:840} INFO - DAG(s) 'tutorial' retrieved from /home/airflow/.local/lib/python3.8/site-packages/airflow/example_dags/tutorial.py
[2024-03-11T20:57:09.719+0000] {logging_mixin.py:188} INFO - [2024-03-11T20:57:09.718+0000] {dag.py:3047} INFO - Sync 1 DAGs
[2024-03-11T20:57:09.754+0000] {logging_mixin.py:188} INFO - [2024-03-11T20:57:09.754+0000] {dag.py:3834} INFO - Setting next_dagrun for tutorial to 2024-03-10 00:00:00+00:00, run_after=2024-03-11 00:00:00+00:00
[2024-03-11T20:57:09.787+0000] {processor.py:183} INFO - Processing /home/airflow/.local/lib/python3.8/site-packages/airflow/example_dags/tutorial.py took 0.110 seconds
[2024-03-11T20:57:39.944+0000] {processor.py:161} INFO - Started process (PID=261) to work on /home/airflow/.local/lib/python3.8/site-packages/airflow/example_dags/tutorial.py
[2024-03-11T20:57:39.946+0000] {processor.py:830} INFO - Processing file /home/airflow/.local/lib/python3.8/site-packages/airflow/example_dags/tutorial.py for tasks to queue
[2024-03-11T20:57:39.948+0000] {logging_mixin.py:188} INFO - [2024-03-11T20:57:39.947+0000] {dagbag.py:540} INFO - Filling up the DagBag from /home/airflow/.local/lib/python3.8/site-packages/airflow/example_dags/tutorial.py
[2024-03-11T20:57:39.954+0000] {processor.py:840} INFO - DAG(s) 'tutorial' retrieved from /home/airflow/.local/lib/python3.8/site-packages/airflow/example_dags/tutorial.py
[2024-03-11T20:57:39.982+0000] {logging_mixin.py:188} INFO - [2024-03-11T20:57:39.982+0000] {dag.py:3047} INFO - Sync 1 DAGs
[2024-03-11T20:57:40.013+0000] {logging_mixin.py:188} INFO - [2024-03-11T20:57:40.013+0000] {dag.py:3834} INFO - Setting next_dagrun for tutorial to 2024-03-10 00:00:00+00:00, run_after=2024-03-11 00:00:00+00:00
[2024-03-11T20:57:40.045+0000] {processor.py:183} INFO - Processing /home/airflow/.local/lib/python3.8/site-packages/airflow/example_dags/tutorial.py took 0.104 seconds
[2024-03-11T20:58:10.361+0000] {processor.py:161} INFO - Started process (PID=316) to work on /home/airflow/.local/lib/python3.8/site-packages/airflow/example_dags/tutorial.py
[2024-03-11T20:58:10.363+0000] {processor.py:830} INFO - Processing file /home/airflow/.local/lib/python3.8/site-packages/airflow/example_dags/tutorial.py for tasks to queue
[2024-03-11T20:58:10.365+0000] {logging_mixin.py:188} INFO - [2024-03-11T20:58:10.365+0000] {dagbag.py:540} INFO - Filling up the DagBag from /home/airflow/.local/lib/python3.8/site-packages/airflow/example_dags/tutorial.py
[2024-03-11T20:58:10.372+0000] {processor.py:840} INFO - DAG(s) 'tutorial' retrieved from /home/airflow/.local/lib/python3.8/site-packages/airflow/example_dags/tutorial.py
[2024-03-11T20:58:10.396+0000] {logging_mixin.py:188} INFO - [2024-03-11T20:58:10.396+0000] {dag.py:3047} INFO - Sync 1 DAGs
[2024-03-11T20:58:10.433+0000] {logging_mixin.py:188} INFO - [2024-03-11T20:58:10.432+0000] {dag.py:3834} INFO - Setting next_dagrun for tutorial to 2024-03-10 00:00:00+00:00, run_after=2024-03-11 00:00:00+00:00
[2024-03-11T20:58:10.462+0000] {processor.py:183} INFO - Processing /home/airflow/.local/lib/python3.8/site-packages/airflow/example_dags/tutorial.py took 0.104 seconds
[2024-03-11T20:58:40.931+0000] {processor.py:161} INFO - Started process (PID=371) to work on /home/airflow/.local/lib/python3.8/site-packages/airflow/example_dags/tutorial.py
[2024-03-11T20:58:40.933+0000] {processor.py:830} INFO - Processing file /home/airflow/.local/lib/python3.8/site-packages/airflow/example_dags/tutorial.py for tasks to queue
[2024-03-11T20:58:40.935+0000] {logging_mixin.py:188} INFO - [2024-03-11T20:58:40.935+0000] {dagbag.py:540} INFO - Filling up the DagBag from /home/airflow/.local/lib/python3.8/site-packages/airflow/example_dags/tutorial.py
[2024-03-11T20:58:40.942+0000] {processor.py:840} INFO - DAG(s) 'tutorial' retrieved from /home/airflow/.local/lib/python3.8/site-packages/airflow/example_dags/tutorial.py
[2024-03-11T20:58:40.969+0000] {logging_mixin.py:188} INFO - [2024-03-11T20:58:40.969+0000] {dag.py:3047} INFO - Sync 1 DAGs
[2024-03-11T20:58:41.004+0000] {logging_mixin.py:188} INFO - [2024-03-11T20:58:41.004+0000] {dag.py:3834} INFO - Setting next_dagrun for tutorial to 2024-03-10 00:00:00+00:00, run_after=2024-03-11 00:00:00+00:00
[2024-03-11T20:58:41.032+0000] {processor.py:183} INFO - Processing /home/airflow/.local/lib/python3.8/site-packages/airflow/example_dags/tutorial.py took 0.106 seconds
[2024-03-11T20:59:11.181+0000] {processor.py:161} INFO - Started process (PID=427) to work on /home/airflow/.local/lib/python3.8/site-packages/airflow/example_dags/tutorial.py
[2024-03-11T20:59:11.183+0000] {processor.py:830} INFO - Processing file /home/airflow/.local/lib/python3.8/site-packages/airflow/example_dags/tutorial.py for tasks to queue
[2024-03-11T20:59:11.185+0000] {logging_mixin.py:188} INFO - [2024-03-11T20:59:11.184+0000] {dagbag.py:540} INFO - Filling up the DagBag from /home/airflow/.local/lib/python3.8/site-packages/airflow/example_dags/tutorial.py
[2024-03-11T20:59:11.192+0000] {processor.py:840} INFO - DAG(s) 'tutorial' retrieved from /home/airflow/.local/lib/python3.8/site-packages/airflow/example_dags/tutorial.py
[2024-03-11T20:59:11.225+0000] {logging_mixin.py:188} INFO - [2024-03-11T20:59:11.225+0000] {dag.py:3047} INFO - Sync 1 DAGs
[2024-03-11T20:59:11.268+0000] {logging_mixin.py:188} INFO - [2024-03-11T20:59:11.267+0000] {dag.py:3834} INFO - Setting next_dagrun for tutorial to 2024-03-10 00:00:00+00:00, run_after=2024-03-11 00:00:00+00:00
[2024-03-11T20:59:11.301+0000] {processor.py:183} INFO - Processing /home/airflow/.local/lib/python3.8/site-packages/airflow/example_dags/tutorial.py took 0.125 seconds
[2024-03-11T20:59:41.611+0000] {processor.py:161} INFO - Started process (PID=482) to work on /home/airflow/.local/lib/python3.8/site-packages/airflow/example_dags/tutorial.py
[2024-03-11T20:59:41.612+0000] {processor.py:830} INFO - Processing file /home/airflow/.local/lib/python3.8/site-packages/airflow/example_dags/tutorial.py for tasks to queue
[2024-03-11T20:59:41.615+0000] {logging_mixin.py:188} INFO - [2024-03-11T20:59:41.614+0000] {dagbag.py:540} INFO - Filling up the DagBag from /home/airflow/.local/lib/python3.8/site-packages/airflow/example_dags/tutorial.py
[2024-03-11T20:59:41.621+0000] {processor.py:840} INFO - DAG(s) 'tutorial' retrieved from /home/airflow/.local/lib/python3.8/site-packages/airflow/example_dags/tutorial.py
[2024-03-11T20:59:41.654+0000] {logging_mixin.py:188} INFO - [2024-03-11T20:59:41.653+0000] {dag.py:3047} INFO - Sync 1 DAGs
[2024-03-11T20:59:41.693+0000] {logging_mixin.py:188} INFO - [2024-03-11T20:59:41.693+0000] {dag.py:3834} INFO - Setting next_dagrun for tutorial to 2024-03-10 00:00:00+00:00, run_after=2024-03-11 00:00:00+00:00
[2024-03-11T20:59:41.725+0000] {processor.py:183} INFO - Processing /home/airflow/.local/lib/python3.8/site-packages/airflow/example_dags/tutorial.py took 0.117 seconds
[2024-03-11T21:00:11.892+0000] {processor.py:161} INFO - Started process (PID=537) to work on /home/airflow/.local/lib/python3.8/site-packages/airflow/example_dags/tutorial.py
[2024-03-11T21:00:11.893+0000] {processor.py:830} INFO - Processing file /home/airflow/.local/lib/python3.8/site-packages/airflow/example_dags/tutorial.py for tasks to queue
[2024-03-11T21:00:11.895+0000] {logging_mixin.py:188} INFO - [2024-03-11T21:00:11.894+0000] {dagbag.py:540} INFO - Filling up the DagBag from /home/airflow/.local/lib/python3.8/site-packages/airflow/example_dags/tutorial.py
[2024-03-11T21:00:11.902+0000] {processor.py:840} INFO - DAG(s) 'tutorial' retrieved from /home/airflow/.local/lib/python3.8/site-packages/airflow/example_dags/tutorial.py
[2024-03-11T21:00:11.929+0000] {logging_mixin.py:188} INFO - [2024-03-11T21:00:11.928+0000] {dag.py:3047} INFO - Sync 1 DAGs
[2024-03-11T21:00:11.964+0000] {logging_mixin.py:188} INFO - [2024-03-11T21:00:11.963+0000] {dag.py:3834} INFO - Setting next_dagrun for tutorial to 2024-03-10 00:00:00+00:00, run_after=2024-03-11 00:00:00+00:00
[2024-03-11T21:00:11.994+0000] {processor.py:183} INFO - Processing /home/airflow/.local/lib/python3.8/site-packages/airflow/example_dags/tutorial.py took 0.107 seconds
[2024-03-11T21:00:42.284+0000] {processor.py:161} INFO - Started process (PID=592) to work on /home/airflow/.local/lib/python3.8/site-packages/airflow/example_dags/tutorial.py
[2024-03-11T21:00:42.286+0000] {processor.py:830} INFO - Processing file /home/airflow/.local/lib/python3.8/site-packages/airflow/example_dags/tutorial.py for tasks to queue
[2024-03-11T21:00:42.288+0000] {logging_mixin.py:188} INFO - [2024-03-11T21:00:42.288+0000] {dagbag.py:540} INFO - Filling up the DagBag from /home/airflow/.local/lib/python3.8/site-packages/airflow/example_dags/tutorial.py
[2024-03-11T21:00:42.296+0000] {processor.py:840} INFO - DAG(s) 'tutorial' retrieved from /home/airflow/.local/lib/python3.8/site-packages/airflow/example_dags/tutorial.py
[2024-03-11T21:00:42.325+0000] {logging_mixin.py:188} INFO - [2024-03-11T21:00:42.325+0000] {dag.py:3047} INFO - Sync 1 DAGs
[2024-03-11T21:00:42.361+0000] {logging_mixin.py:188} INFO - [2024-03-11T21:00:42.361+0000] {dag.py:3834} INFO - Setting next_dagrun for tutorial to 2024-03-10 00:00:00+00:00, run_after=2024-03-11 00:00:00+00:00
[2024-03-11T21:00:42.393+0000] {processor.py:183} INFO - Processing /home/airflow/.local/lib/python3.8/site-packages/airflow/example_dags/tutorial.py took 0.113 seconds
[2024-03-11T21:01:12.723+0000] {processor.py:161} INFO - Started process (PID=647) to work on /home/airflow/.local/lib/python3.8/site-packages/airflow/example_dags/tutorial.py
[2024-03-11T21:01:12.724+0000] {processor.py:830} INFO - Processing file /home/airflow/.local/lib/python3.8/site-packages/airflow/example_dags/tutorial.py for tasks to queue
[2024-03-11T21:01:12.727+0000] {logging_mixin.py:188} INFO - [2024-03-11T21:01:12.726+0000] {dagbag.py:540} INFO - Filling up the DagBag from /home/airflow/.local/lib/python3.8/site-packages/airflow/example_dags/tutorial.py
[2024-03-11T21:01:12.733+0000] {processor.py:840} INFO - DAG(s) 'tutorial' retrieved from /home/airflow/.local/lib/python3.8/site-packages/airflow/example_dags/tutorial.py
[2024-03-11T21:01:12.760+0000] {logging_mixin.py:188} INFO - [2024-03-11T21:01:12.760+0000] {dag.py:3047} INFO - Sync 1 DAGs
[2024-03-11T21:01:12.795+0000] {logging_mixin.py:188} INFO - [2024-03-11T21:01:12.794+0000] {dag.py:3834} INFO - Setting next_dagrun for tutorial to 2024-03-10 00:00:00+00:00, run_after=2024-03-11 00:00:00+00:00
[2024-03-11T21:01:12.827+0000] {processor.py:183} INFO - Processing /home/airflow/.local/lib/python3.8/site-packages/airflow/example_dags/tutorial.py took 0.108 seconds
[2024-03-11T21:01:42.962+0000] {processor.py:161} INFO - Started process (PID=702) to work on /home/airflow/.local/lib/python3.8/site-packages/airflow/example_dags/tutorial.py
[2024-03-11T21:01:42.963+0000] {processor.py:830} INFO - Processing file /home/airflow/.local/lib/python3.8/site-packages/airflow/example_dags/tutorial.py for tasks to queue
[2024-03-11T21:01:42.965+0000] {logging_mixin.py:188} INFO - [2024-03-11T21:01:42.965+0000] {dagbag.py:540} INFO - Filling up the DagBag from /home/airflow/.local/lib/python3.8/site-packages/airflow/example_dags/tutorial.py
[2024-03-11T21:01:42.983+0000] {processor.py:840} INFO - DAG(s) 'tutorial' retrieved from /home/airflow/.local/lib/python3.8/site-packages/airflow/example_dags/tutorial.py
[2024-03-11T21:01:43.017+0000] {logging_mixin.py:188} INFO - [2024-03-11T21:01:43.017+0000] {dag.py:3047} INFO - Sync 1 DAGs
[2024-03-11T21:01:43.058+0000] {logging_mixin.py:188} INFO - [2024-03-11T21:01:43.058+0000] {dag.py:3834} INFO - Setting next_dagrun for tutorial to 2024-03-10 00:00:00+00:00, run_after=2024-03-11 00:00:00+00:00
[2024-03-11T21:01:43.087+0000] {processor.py:183} INFO - Processing /home/airflow/.local/lib/python3.8/site-packages/airflow/example_dags/tutorial.py took 0.128 seconds
[2024-03-11T21:02:13.215+0000] {processor.py:161} INFO - Started process (PID=763) to work on /home/airflow/.local/lib/python3.8/site-packages/airflow/example_dags/tutorial.py
[2024-03-11T21:02:13.216+0000] {processor.py:830} INFO - Processing file /home/airflow/.local/lib/python3.8/site-packages/airflow/example_dags/tutorial.py for tasks to queue
[2024-03-11T21:02:13.219+0000] {logging_mixin.py:188} INFO - [2024-03-11T21:02:13.218+0000] {dagbag.py:540} INFO - Filling up the DagBag from /home/airflow/.local/lib/python3.8/site-packages/airflow/example_dags/tutorial.py
[2024-03-11T21:02:13.226+0000] {processor.py:840} INFO - DAG(s) 'tutorial' retrieved from /home/airflow/.local/lib/python3.8/site-packages/airflow/example_dags/tutorial.py
[2024-03-11T21:02:13.263+0000] {logging_mixin.py:188} INFO - [2024-03-11T21:02:13.262+0000] {dag.py:3047} INFO - Sync 1 DAGs
[2024-03-11T21:02:13.305+0000] {logging_mixin.py:188} INFO - [2024-03-11T21:02:13.305+0000] {dag.py:3834} INFO - Setting next_dagrun for tutorial to 2024-03-10 00:00:00+00:00, run_after=2024-03-11 00:00:00+00:00
[2024-03-11T21:02:13.337+0000] {processor.py:183} INFO - Processing /home/airflow/.local/lib/python3.8/site-packages/airflow/example_dags/tutorial.py took 0.125 seconds
[2024-03-11T21:02:43.610+0000] {processor.py:161} INFO - Started process (PID=818) to work on /home/airflow/.local/lib/python3.8/site-packages/airflow/example_dags/tutorial.py
[2024-03-11T21:02:43.612+0000] {processor.py:830} INFO - Processing file /home/airflow/.local/lib/python3.8/site-packages/airflow/example_dags/tutorial.py for tasks to queue
[2024-03-11T21:02:43.615+0000] {logging_mixin.py:188} INFO - [2024-03-11T21:02:43.614+0000] {dagbag.py:540} INFO - Filling up the DagBag from /home/airflow/.local/lib/python3.8/site-packages/airflow/example_dags/tutorial.py
[2024-03-11T21:02:43.622+0000] {processor.py:840} INFO - DAG(s) 'tutorial' retrieved from /home/airflow/.local/lib/python3.8/site-packages/airflow/example_dags/tutorial.py
[2024-03-11T21:02:43.649+0000] {logging_mixin.py:188} INFO - [2024-03-11T21:02:43.649+0000] {dag.py:3047} INFO - Sync 1 DAGs
[2024-03-11T21:02:43.682+0000] {logging_mixin.py:188} INFO - [2024-03-11T21:02:43.681+0000] {dag.py:3834} INFO - Setting next_dagrun for tutorial to 2024-03-10 00:00:00+00:00, run_after=2024-03-11 00:00:00+00:00
[2024-03-11T21:02:43.710+0000] {processor.py:183} INFO - Processing /home/airflow/.local/lib/python3.8/site-packages/airflow/example_dags/tutorial.py took 0.104 seconds
[2024-03-11T21:03:14.052+0000] {processor.py:161} INFO - Started process (PID=873) to work on /home/airflow/.local/lib/python3.8/site-packages/airflow/example_dags/tutorial.py
[2024-03-11T21:03:14.053+0000] {processor.py:830} INFO - Processing file /home/airflow/.local/lib/python3.8/site-packages/airflow/example_dags/tutorial.py for tasks to queue
[2024-03-11T21:03:14.055+0000] {logging_mixin.py:188} INFO - [2024-03-11T21:03:14.055+0000] {dagbag.py:540} INFO - Filling up the DagBag from /home/airflow/.local/lib/python3.8/site-packages/airflow/example_dags/tutorial.py
[2024-03-11T21:03:14.062+0000] {processor.py:840} INFO - DAG(s) 'tutorial' retrieved from /home/airflow/.local/lib/python3.8/site-packages/airflow/example_dags/tutorial.py
[2024-03-11T21:03:14.088+0000] {logging_mixin.py:188} INFO - [2024-03-11T21:03:14.088+0000] {dag.py:3047} INFO - Sync 1 DAGs
[2024-03-11T21:03:14.125+0000] {logging_mixin.py:188} INFO - [2024-03-11T21:03:14.125+0000] {dag.py:3834} INFO - Setting next_dagrun for tutorial to 2024-03-10 00:00:00+00:00, run_after=2024-03-11 00:00:00+00:00
[2024-03-11T21:03:14.154+0000] {processor.py:183} INFO - Processing /home/airflow/.local/lib/python3.8/site-packages/airflow/example_dags/tutorial.py took 0.105 seconds
[2024-03-11T21:03:44.749+0000] {processor.py:161} INFO - Started process (PID=929) to work on /home/airflow/.local/lib/python3.8/site-packages/airflow/example_dags/tutorial.py
[2024-03-11T21:03:44.751+0000] {processor.py:830} INFO - Processing file /home/airflow/.local/lib/python3.8/site-packages/airflow/example_dags/tutorial.py for tasks to queue
[2024-03-11T21:03:44.753+0000] {logging_mixin.py:188} INFO - [2024-03-11T21:03:44.752+0000] {dagbag.py:540} INFO - Filling up the DagBag from /home/airflow/.local/lib/python3.8/site-packages/airflow/example_dags/tutorial.py
[2024-03-11T21:03:44.760+0000] {processor.py:840} INFO - DAG(s) 'tutorial' retrieved from /home/airflow/.local/lib/python3.8/site-packages/airflow/example_dags/tutorial.py
[2024-03-11T21:03:44.796+0000] {logging_mixin.py:188} INFO - [2024-03-11T21:03:44.795+0000] {dag.py:3047} INFO - Sync 1 DAGs
[2024-03-11T21:03:44.837+0000] {logging_mixin.py:188} INFO - [2024-03-11T21:03:44.836+0000] {dag.py:3834} INFO - Setting next_dagrun for tutorial to 2024-03-10 00:00:00+00:00, run_after=2024-03-11 00:00:00+00:00
[2024-03-11T21:03:44.873+0000] {processor.py:183} INFO - Processing /home/airflow/.local/lib/python3.8/site-packages/airflow/example_dags/tutorial.py took 0.128 seconds
[2024-03-11T21:04:15.074+0000] {processor.py:161} INFO - Started process (PID=984) to work on /home/airflow/.local/lib/python3.8/site-packages/airflow/example_dags/tutorial.py
[2024-03-11T21:04:15.075+0000] {processor.py:830} INFO - Processing file /home/airflow/.local/lib/python3.8/site-packages/airflow/example_dags/tutorial.py for tasks to queue
[2024-03-11T21:04:15.078+0000] {logging_mixin.py:188} INFO - [2024-03-11T21:04:15.077+0000] {dagbag.py:540} INFO - Filling up the DagBag from /home/airflow/.local/lib/python3.8/site-packages/airflow/example_dags/tutorial.py
[2024-03-11T21:04:15.084+0000] {processor.py:840} INFO - DAG(s) 'tutorial' retrieved from /home/airflow/.local/lib/python3.8/site-packages/airflow/example_dags/tutorial.py
[2024-03-11T21:04:15.111+0000] {logging_mixin.py:188} INFO - [2024-03-11T21:04:15.110+0000] {dag.py:3047} INFO - Sync 1 DAGs
[2024-03-11T21:04:15.144+0000] {logging_mixin.py:188} INFO - [2024-03-11T21:04:15.144+0000] {dag.py:3834} INFO - Setting next_dagrun for tutorial to 2024-03-10 00:00:00+00:00, run_after=2024-03-11 00:00:00+00:00
[2024-03-11T21:04:15.173+0000] {processor.py:183} INFO - Processing /home/airflow/.local/lib/python3.8/site-packages/airflow/example_dags/tutorial.py took 0.103 seconds
[2024-03-11T21:04:45.554+0000] {processor.py:161} INFO - Started process (PID=1039) to work on /home/airflow/.local/lib/python3.8/site-packages/airflow/example_dags/tutorial.py
[2024-03-11T21:04:45.556+0000] {processor.py:830} INFO - Processing file /home/airflow/.local/lib/python3.8/site-packages/airflow/example_dags/tutorial.py for tasks to queue
[2024-03-11T21:04:45.558+0000] {logging_mixin.py:188} INFO - [2024-03-11T21:04:45.557+0000] {dagbag.py:540} INFO - Filling up the DagBag from /home/airflow/.local/lib/python3.8/site-packages/airflow/example_dags/tutorial.py
[2024-03-11T21:04:45.564+0000] {processor.py:840} INFO - DAG(s) 'tutorial' retrieved from /home/airflow/.local/lib/python3.8/site-packages/airflow/example_dags/tutorial.py
[2024-03-11T21:04:45.591+0000] {logging_mixin.py:188} INFO - [2024-03-11T21:04:45.590+0000] {dag.py:3047} INFO - Sync 1 DAGs
[2024-03-11T21:04:45.622+0000] {logging_mixin.py:188} INFO - [2024-03-11T21:04:45.621+0000] {dag.py:3834} INFO - Setting next_dagrun for tutorial to 2024-03-10 00:00:00+00:00, run_after=2024-03-11 00:00:00+00:00
[2024-03-11T21:04:45.654+0000] {processor.py:183} INFO - Processing /home/airflow/.local/lib/python3.8/site-packages/airflow/example_dags/tutorial.py took 0.103 seconds
[2024-03-11T21:05:15.986+0000] {processor.py:161} INFO - Started process (PID=1094) to work on /home/airflow/.local/lib/python3.8/site-packages/airflow/example_dags/tutorial.py
[2024-03-11T21:05:15.987+0000] {processor.py:830} INFO - Processing file /home/airflow/.local/lib/python3.8/site-packages/airflow/example_dags/tutorial.py for tasks to queue
[2024-03-11T21:05:15.990+0000] {logging_mixin.py:188} INFO - [2024-03-11T21:05:15.989+0000] {dagbag.py:540} INFO - Filling up the DagBag from /home/airflow/.local/lib/python3.8/site-packages/airflow/example_dags/tutorial.py
[2024-03-11T21:05:15.999+0000] {processor.py:840} INFO - DAG(s) 'tutorial' retrieved from /home/airflow/.local/lib/python3.8/site-packages/airflow/example_dags/tutorial.py
[2024-03-11T21:05:16.028+0000] {logging_mixin.py:188} INFO - [2024-03-11T21:05:16.027+0000] {dag.py:3047} INFO - Sync 1 DAGs
[2024-03-11T21:05:16.061+0000] {logging_mixin.py:188} INFO - [2024-03-11T21:05:16.060+0000] {dag.py:3834} INFO - Setting next_dagrun for tutorial to 2024-03-10 00:00:00+00:00, run_after=2024-03-11 00:00:00+00:00
[2024-03-11T21:05:16.088+0000] {processor.py:183} INFO - Processing /home/airflow/.local/lib/python3.8/site-packages/airflow/example_dags/tutorial.py took 0.106 seconds
[2024-03-11T21:05:46.772+0000] {processor.py:161} INFO - Started process (PID=1149) to work on /home/airflow/.local/lib/python3.8/site-packages/airflow/example_dags/tutorial.py
[2024-03-11T21:05:46.773+0000] {processor.py:830} INFO - Processing file /home/airflow/.local/lib/python3.8/site-packages/airflow/example_dags/tutorial.py for tasks to queue
[2024-03-11T21:05:46.775+0000] {logging_mixin.py:188} INFO - [2024-03-11T21:05:46.775+0000] {dagbag.py:540} INFO - Filling up the DagBag from /home/airflow/.local/lib/python3.8/site-packages/airflow/example_dags/tutorial.py
[2024-03-11T21:05:46.782+0000] {processor.py:840} INFO - DAG(s) 'tutorial' retrieved from /home/airflow/.local/lib/python3.8/site-packages/airflow/example_dags/tutorial.py
[2024-03-11T21:05:46.812+0000] {logging_mixin.py:188} INFO - [2024-03-11T21:05:46.811+0000] {dag.py:3047} INFO - Sync 1 DAGs
[2024-03-11T21:05:46.851+0000] {logging_mixin.py:188} INFO - [2024-03-11T21:05:46.851+0000] {dag.py:3834} INFO - Setting next_dagrun for tutorial to 2024-03-10 00:00:00+00:00, run_after=2024-03-11 00:00:00+00:00
[2024-03-11T21:05:46.882+0000] {processor.py:183} INFO - Processing /home/airflow/.local/lib/python3.8/site-packages/airflow/example_dags/tutorial.py took 0.114 seconds
[2024-03-11T21:06:17.092+0000] {processor.py:161} INFO - Started process (PID=1204) to work on /home/airflow/.local/lib/python3.8/site-packages/airflow/example_dags/tutorial.py
[2024-03-11T21:06:17.093+0000] {processor.py:830} INFO - Processing file /home/airflow/.local/lib/python3.8/site-packages/airflow/example_dags/tutorial.py for tasks to queue
[2024-03-11T21:06:17.096+0000] {logging_mixin.py:188} INFO - [2024-03-11T21:06:17.095+0000] {dagbag.py:540} INFO - Filling up the DagBag from /home/airflow/.local/lib/python3.8/site-packages/airflow/example_dags/tutorial.py
[2024-03-11T21:06:17.106+0000] {processor.py:840} INFO - DAG(s) 'tutorial' retrieved from /home/airflow/.local/lib/python3.8/site-packages/airflow/example_dags/tutorial.py
[2024-03-11T21:06:17.139+0000] {logging_mixin.py:188} INFO - [2024-03-11T21:06:17.139+0000] {dag.py:3047} INFO - Sync 1 DAGs
[2024-03-11T21:06:17.172+0000] {logging_mixin.py:188} INFO - [2024-03-11T21:06:17.172+0000] {dag.py:3834} INFO - Setting next_dagrun for tutorial to 2024-03-10 00:00:00+00:00, run_after=2024-03-11 00:00:00+00:00
[2024-03-11T21:06:17.203+0000] {processor.py:183} INFO - Processing /home/airflow/.local/lib/python3.8/site-packages/airflow/example_dags/tutorial.py took 0.115 seconds
[2024-03-11T21:06:47.867+0000] {processor.py:161} INFO - Started process (PID=1259) to work on /home/airflow/.local/lib/python3.8/site-packages/airflow/example_dags/tutorial.py
[2024-03-11T21:06:47.868+0000] {processor.py:830} INFO - Processing file /home/airflow/.local/lib/python3.8/site-packages/airflow/example_dags/tutorial.py for tasks to queue
[2024-03-11T21:06:47.870+0000] {logging_mixin.py:188} INFO - [2024-03-11T21:06:47.869+0000] {dagbag.py:540} INFO - Filling up the DagBag from /home/airflow/.local/lib/python3.8/site-packages/airflow/example_dags/tutorial.py
[2024-03-11T21:06:47.876+0000] {processor.py:840} INFO - DAG(s) 'tutorial' retrieved from /home/airflow/.local/lib/python3.8/site-packages/airflow/example_dags/tutorial.py
[2024-03-11T21:06:47.901+0000] {logging_mixin.py:188} INFO - [2024-03-11T21:06:47.901+0000] {dag.py:3047} INFO - Sync 1 DAGs
[2024-03-11T21:06:47.937+0000] {logging_mixin.py:188} INFO - [2024-03-11T21:06:47.937+0000] {dag.py:3834} INFO - Setting next_dagrun for tutorial to 2024-03-10 00:00:00+00:00, run_after=2024-03-11 00:00:00+00:00
[2024-03-11T21:06:47.965+0000] {processor.py:183} INFO - Processing /home/airflow/.local/lib/python3.8/site-packages/airflow/example_dags/tutorial.py took 0.102 seconds
[2024-03-11T21:07:18.342+0000] {processor.py:161} INFO - Started process (PID=1314) to work on /home/airflow/.local/lib/python3.8/site-packages/airflow/example_dags/tutorial.py
[2024-03-11T21:07:18.343+0000] {processor.py:830} INFO - Processing file /home/airflow/.local/lib/python3.8/site-packages/airflow/example_dags/tutorial.py for tasks to queue
[2024-03-11T21:07:18.345+0000] {logging_mixin.py:188} INFO - [2024-03-11T21:07:18.345+0000] {dagbag.py:540} INFO - Filling up the DagBag from /home/airflow/.local/lib/python3.8/site-packages/airflow/example_dags/tutorial.py
[2024-03-11T21:07:18.352+0000] {processor.py:840} INFO - DAG(s) 'tutorial' retrieved from /home/airflow/.local/lib/python3.8/site-packages/airflow/example_dags/tutorial.py
[2024-03-11T21:07:18.378+0000] {logging_mixin.py:188} INFO - [2024-03-11T21:07:18.378+0000] {dag.py:3047} INFO - Sync 1 DAGs
[2024-03-11T21:07:18.414+0000] {logging_mixin.py:188} INFO - [2024-03-11T21:07:18.414+0000] {dag.py:3834} INFO - Setting next_dagrun for tutorial to 2024-03-10 00:00:00+00:00, run_after=2024-03-11 00:00:00+00:00
[2024-03-11T21:07:18.446+0000] {processor.py:183} INFO - Processing /home/airflow/.local/lib/python3.8/site-packages/airflow/example_dags/tutorial.py took 0.107 seconds
