[2024-03-11T20:55:40.891+0000] {processor.py:161} INFO - Started process (PID=53) to work on /home/airflow/.local/lib/python3.8/site-packages/airflow/example_dags/tutorial_dag.py
[2024-03-11T20:55:40.892+0000] {processor.py:830} INFO - Processing file /home/airflow/.local/lib/python3.8/site-packages/airflow/example_dags/tutorial_dag.py for tasks to queue
[2024-03-11T20:55:40.894+0000] {logging_mixin.py:188} INFO - [2024-03-11T20:55:40.894+0000] {dagbag.py:540} INFO - Filling up the DagBag from /home/airflow/.local/lib/python3.8/site-packages/airflow/example_dags/tutorial_dag.py
[2024-03-11T20:55:40.902+0000] {processor.py:840} INFO - DAG(s) 'tutorial_dag' retrieved from /home/airflow/.local/lib/python3.8/site-packages/airflow/example_dags/tutorial_dag.py
[2024-03-11T20:55:41.113+0000] {logging_mixin.py:188} INFO - [2024-03-11T20:55:41.112+0000] {override.py:1769} INFO - Created Permission View: can read on DAG:tutorial_dag
[2024-03-11T20:55:41.135+0000] {logging_mixin.py:188} INFO - [2024-03-11T20:55:41.135+0000] {override.py:1769} INFO - Created Permission View: can delete on DAG:tutorial_dag
[2024-03-11T20:55:41.151+0000] {logging_mixin.py:188} INFO - [2024-03-11T20:55:41.150+0000] {override.py:1769} INFO - Created Permission View: can edit on DAG:tutorial_dag
[2024-03-11T20:55:41.152+0000] {logging_mixin.py:188} INFO - [2024-03-11T20:55:41.152+0000] {dag.py:3047} INFO - Sync 1 DAGs
[2024-03-11T20:55:41.170+0000] {logging_mixin.py:188} INFO - [2024-03-11T20:55:41.170+0000] {dag.py:3069} INFO - Creating ORM DAG for tutorial_dag
[2024-03-11T20:55:41.171+0000] {logging_mixin.py:188} INFO - [2024-03-11T20:55:41.171+0000] {dag.py:3834} INFO - Setting next_dagrun for tutorial_dag to None, run_after=None
[2024-03-11T20:55:41.197+0000] {processor.py:183} INFO - Processing /home/airflow/.local/lib/python3.8/site-packages/airflow/example_dags/tutorial_dag.py took 0.311 seconds
[2024-03-11T20:56:11.978+0000] {processor.py:161} INFO - Started process (PID=108) to work on /home/airflow/.local/lib/python3.8/site-packages/airflow/example_dags/tutorial_dag.py
[2024-03-11T20:56:11.980+0000] {processor.py:830} INFO - Processing file /home/airflow/.local/lib/python3.8/site-packages/airflow/example_dags/tutorial_dag.py for tasks to queue
[2024-03-11T20:56:11.982+0000] {logging_mixin.py:188} INFO - [2024-03-11T20:56:11.982+0000] {dagbag.py:540} INFO - Filling up the DagBag from /home/airflow/.local/lib/python3.8/site-packages/airflow/example_dags/tutorial_dag.py
[2024-03-11T20:56:11.990+0000] {processor.py:840} INFO - DAG(s) 'tutorial_dag' retrieved from /home/airflow/.local/lib/python3.8/site-packages/airflow/example_dags/tutorial_dag.py
[2024-03-11T20:56:12.017+0000] {logging_mixin.py:188} INFO - [2024-03-11T20:56:12.017+0000] {dag.py:3047} INFO - Sync 1 DAGs
[2024-03-11T20:56:12.036+0000] {logging_mixin.py:188} INFO - [2024-03-11T20:56:12.035+0000] {dag.py:3834} INFO - Setting next_dagrun for tutorial_dag to None, run_after=None
[2024-03-11T20:56:12.064+0000] {processor.py:183} INFO - Processing /home/airflow/.local/lib/python3.8/site-packages/airflow/example_dags/tutorial_dag.py took 0.090 seconds
[2024-03-11T20:56:42.247+0000] {processor.py:161} INFO - Started process (PID=163) to work on /home/airflow/.local/lib/python3.8/site-packages/airflow/example_dags/tutorial_dag.py
[2024-03-11T20:56:42.248+0000] {processor.py:830} INFO - Processing file /home/airflow/.local/lib/python3.8/site-packages/airflow/example_dags/tutorial_dag.py for tasks to queue
[2024-03-11T20:56:42.250+0000] {logging_mixin.py:188} INFO - [2024-03-11T20:56:42.250+0000] {dagbag.py:540} INFO - Filling up the DagBag from /home/airflow/.local/lib/python3.8/site-packages/airflow/example_dags/tutorial_dag.py
[2024-03-11T20:56:42.260+0000] {processor.py:840} INFO - DAG(s) 'tutorial_dag' retrieved from /home/airflow/.local/lib/python3.8/site-packages/airflow/example_dags/tutorial_dag.py
[2024-03-11T20:56:42.292+0000] {logging_mixin.py:188} INFO - [2024-03-11T20:56:42.291+0000] {dag.py:3047} INFO - Sync 1 DAGs
[2024-03-11T20:56:42.316+0000] {logging_mixin.py:188} INFO - [2024-03-11T20:56:42.316+0000] {dag.py:3834} INFO - Setting next_dagrun for tutorial_dag to None, run_after=None
[2024-03-11T20:56:42.345+0000] {processor.py:183} INFO - Processing /home/airflow/.local/lib/python3.8/site-packages/airflow/example_dags/tutorial_dag.py took 0.101 seconds
[2024-03-11T20:57:12.805+0000] {processor.py:161} INFO - Started process (PID=224) to work on /home/airflow/.local/lib/python3.8/site-packages/airflow/example_dags/tutorial_dag.py
[2024-03-11T20:57:12.807+0000] {processor.py:830} INFO - Processing file /home/airflow/.local/lib/python3.8/site-packages/airflow/example_dags/tutorial_dag.py for tasks to queue
[2024-03-11T20:57:12.810+0000] {logging_mixin.py:188} INFO - [2024-03-11T20:57:12.809+0000] {dagbag.py:540} INFO - Filling up the DagBag from /home/airflow/.local/lib/python3.8/site-packages/airflow/example_dags/tutorial_dag.py
[2024-03-11T20:57:12.816+0000] {processor.py:840} INFO - DAG(s) 'tutorial_dag' retrieved from /home/airflow/.local/lib/python3.8/site-packages/airflow/example_dags/tutorial_dag.py
[2024-03-11T20:57:12.845+0000] {logging_mixin.py:188} INFO - [2024-03-11T20:57:12.845+0000] {dag.py:3047} INFO - Sync 1 DAGs
[2024-03-11T20:57:12.863+0000] {logging_mixin.py:188} INFO - [2024-03-11T20:57:12.863+0000] {dag.py:3834} INFO - Setting next_dagrun for tutorial_dag to None, run_after=None
[2024-03-11T20:57:12.896+0000] {processor.py:183} INFO - Processing /home/airflow/.local/lib/python3.8/site-packages/airflow/example_dags/tutorial_dag.py took 0.094 seconds
[2024-03-11T20:57:43.872+0000] {processor.py:161} INFO - Started process (PID=279) to work on /home/airflow/.local/lib/python3.8/site-packages/airflow/example_dags/tutorial_dag.py
[2024-03-11T20:57:43.874+0000] {processor.py:830} INFO - Processing file /home/airflow/.local/lib/python3.8/site-packages/airflow/example_dags/tutorial_dag.py for tasks to queue
[2024-03-11T20:57:43.877+0000] {logging_mixin.py:188} INFO - [2024-03-11T20:57:43.876+0000] {dagbag.py:540} INFO - Filling up the DagBag from /home/airflow/.local/lib/python3.8/site-packages/airflow/example_dags/tutorial_dag.py
[2024-03-11T20:57:43.887+0000] {processor.py:840} INFO - DAG(s) 'tutorial_dag' retrieved from /home/airflow/.local/lib/python3.8/site-packages/airflow/example_dags/tutorial_dag.py
[2024-03-11T20:57:43.918+0000] {logging_mixin.py:188} INFO - [2024-03-11T20:57:43.917+0000] {dag.py:3047} INFO - Sync 1 DAGs
[2024-03-11T20:57:43.938+0000] {logging_mixin.py:188} INFO - [2024-03-11T20:57:43.937+0000] {dag.py:3834} INFO - Setting next_dagrun for tutorial_dag to None, run_after=None
[2024-03-11T20:57:43.971+0000] {processor.py:183} INFO - Processing /home/airflow/.local/lib/python3.8/site-packages/airflow/example_dags/tutorial_dag.py took 0.105 seconds
[2024-03-11T20:58:14.330+0000] {processor.py:161} INFO - Started process (PID=334) to work on /home/airflow/.local/lib/python3.8/site-packages/airflow/example_dags/tutorial_dag.py
[2024-03-11T20:58:14.331+0000] {processor.py:830} INFO - Processing file /home/airflow/.local/lib/python3.8/site-packages/airflow/example_dags/tutorial_dag.py for tasks to queue
[2024-03-11T20:58:14.334+0000] {logging_mixin.py:188} INFO - [2024-03-11T20:58:14.333+0000] {dagbag.py:540} INFO - Filling up the DagBag from /home/airflow/.local/lib/python3.8/site-packages/airflow/example_dags/tutorial_dag.py
[2024-03-11T20:58:14.341+0000] {processor.py:840} INFO - DAG(s) 'tutorial_dag' retrieved from /home/airflow/.local/lib/python3.8/site-packages/airflow/example_dags/tutorial_dag.py
[2024-03-11T20:58:14.370+0000] {logging_mixin.py:188} INFO - [2024-03-11T20:58:14.370+0000] {dag.py:3047} INFO - Sync 1 DAGs
[2024-03-11T20:58:14.388+0000] {logging_mixin.py:188} INFO - [2024-03-11T20:58:14.387+0000] {dag.py:3834} INFO - Setting next_dagrun for tutorial_dag to None, run_after=None
[2024-03-11T20:58:14.418+0000] {processor.py:183} INFO - Processing /home/airflow/.local/lib/python3.8/site-packages/airflow/example_dags/tutorial_dag.py took 0.093 seconds
[2024-03-11T20:58:44.760+0000] {processor.py:161} INFO - Started process (PID=390) to work on /home/airflow/.local/lib/python3.8/site-packages/airflow/example_dags/tutorial_dag.py
[2024-03-11T20:58:44.761+0000] {processor.py:830} INFO - Processing file /home/airflow/.local/lib/python3.8/site-packages/airflow/example_dags/tutorial_dag.py for tasks to queue
[2024-03-11T20:58:44.763+0000] {logging_mixin.py:188} INFO - [2024-03-11T20:58:44.763+0000] {dagbag.py:540} INFO - Filling up the DagBag from /home/airflow/.local/lib/python3.8/site-packages/airflow/example_dags/tutorial_dag.py
[2024-03-11T20:58:44.771+0000] {processor.py:840} INFO - DAG(s) 'tutorial_dag' retrieved from /home/airflow/.local/lib/python3.8/site-packages/airflow/example_dags/tutorial_dag.py
[2024-03-11T20:58:44.799+0000] {logging_mixin.py:188} INFO - [2024-03-11T20:58:44.798+0000] {dag.py:3047} INFO - Sync 1 DAGs
[2024-03-11T20:58:44.817+0000] {logging_mixin.py:188} INFO - [2024-03-11T20:58:44.817+0000] {dag.py:3834} INFO - Setting next_dagrun for tutorial_dag to None, run_after=None
[2024-03-11T20:58:44.847+0000] {processor.py:183} INFO - Processing /home/airflow/.local/lib/python3.8/site-packages/airflow/example_dags/tutorial_dag.py took 0.091 seconds
[2024-03-11T20:59:15.079+0000] {processor.py:161} INFO - Started process (PID=445) to work on /home/airflow/.local/lib/python3.8/site-packages/airflow/example_dags/tutorial_dag.py
[2024-03-11T20:59:15.080+0000] {processor.py:830} INFO - Processing file /home/airflow/.local/lib/python3.8/site-packages/airflow/example_dags/tutorial_dag.py for tasks to queue
[2024-03-11T20:59:15.083+0000] {logging_mixin.py:188} INFO - [2024-03-11T20:59:15.082+0000] {dagbag.py:540} INFO - Filling up the DagBag from /home/airflow/.local/lib/python3.8/site-packages/airflow/example_dags/tutorial_dag.py
[2024-03-11T20:59:15.091+0000] {processor.py:840} INFO - DAG(s) 'tutorial_dag' retrieved from /home/airflow/.local/lib/python3.8/site-packages/airflow/example_dags/tutorial_dag.py
[2024-03-11T20:59:15.124+0000] {logging_mixin.py:188} INFO - [2024-03-11T20:59:15.124+0000] {dag.py:3047} INFO - Sync 1 DAGs
[2024-03-11T20:59:15.144+0000] {logging_mixin.py:188} INFO - [2024-03-11T20:59:15.144+0000] {dag.py:3834} INFO - Setting next_dagrun for tutorial_dag to None, run_after=None
[2024-03-11T20:59:15.185+0000] {processor.py:183} INFO - Processing /home/airflow/.local/lib/python3.8/site-packages/airflow/example_dags/tutorial_dag.py took 0.110 seconds
[2024-03-11T20:59:45.550+0000] {processor.py:161} INFO - Started process (PID=500) to work on /home/airflow/.local/lib/python3.8/site-packages/airflow/example_dags/tutorial_dag.py
[2024-03-11T20:59:45.552+0000] {processor.py:830} INFO - Processing file /home/airflow/.local/lib/python3.8/site-packages/airflow/example_dags/tutorial_dag.py for tasks to queue
[2024-03-11T20:59:45.555+0000] {logging_mixin.py:188} INFO - [2024-03-11T20:59:45.554+0000] {dagbag.py:540} INFO - Filling up the DagBag from /home/airflow/.local/lib/python3.8/site-packages/airflow/example_dags/tutorial_dag.py
[2024-03-11T20:59:45.562+0000] {processor.py:840} INFO - DAG(s) 'tutorial_dag' retrieved from /home/airflow/.local/lib/python3.8/site-packages/airflow/example_dags/tutorial_dag.py
[2024-03-11T20:59:45.596+0000] {logging_mixin.py:188} INFO - [2024-03-11T20:59:45.595+0000] {dag.py:3047} INFO - Sync 1 DAGs
[2024-03-11T20:59:45.621+0000] {logging_mixin.py:188} INFO - [2024-03-11T20:59:45.621+0000] {dag.py:3834} INFO - Setting next_dagrun for tutorial_dag to None, run_after=None
[2024-03-11T20:59:45.660+0000] {processor.py:183} INFO - Processing /home/airflow/.local/lib/python3.8/site-packages/airflow/example_dags/tutorial_dag.py took 0.117 seconds
[2024-03-11T21:00:15.789+0000] {processor.py:161} INFO - Started process (PID=555) to work on /home/airflow/.local/lib/python3.8/site-packages/airflow/example_dags/tutorial_dag.py
[2024-03-11T21:00:15.791+0000] {processor.py:830} INFO - Processing file /home/airflow/.local/lib/python3.8/site-packages/airflow/example_dags/tutorial_dag.py for tasks to queue
[2024-03-11T21:00:15.793+0000] {logging_mixin.py:188} INFO - [2024-03-11T21:00:15.792+0000] {dagbag.py:540} INFO - Filling up the DagBag from /home/airflow/.local/lib/python3.8/site-packages/airflow/example_dags/tutorial_dag.py
[2024-03-11T21:00:15.802+0000] {processor.py:840} INFO - DAG(s) 'tutorial_dag' retrieved from /home/airflow/.local/lib/python3.8/site-packages/airflow/example_dags/tutorial_dag.py
[2024-03-11T21:00:15.835+0000] {logging_mixin.py:188} INFO - [2024-03-11T21:00:15.835+0000] {dag.py:3047} INFO - Sync 1 DAGs
[2024-03-11T21:00:15.855+0000] {logging_mixin.py:188} INFO - [2024-03-11T21:00:15.854+0000] {dag.py:3834} INFO - Setting next_dagrun for tutorial_dag to None, run_after=None
[2024-03-11T21:00:15.887+0000] {processor.py:183} INFO - Processing /home/airflow/.local/lib/python3.8/site-packages/airflow/example_dags/tutorial_dag.py took 0.101 seconds
[2024-03-11T21:00:46.016+0000] {processor.py:161} INFO - Started process (PID=610) to work on /home/airflow/.local/lib/python3.8/site-packages/airflow/example_dags/tutorial_dag.py
[2024-03-11T21:00:46.017+0000] {processor.py:830} INFO - Processing file /home/airflow/.local/lib/python3.8/site-packages/airflow/example_dags/tutorial_dag.py for tasks to queue
[2024-03-11T21:00:46.020+0000] {logging_mixin.py:188} INFO - [2024-03-11T21:00:46.019+0000] {dagbag.py:540} INFO - Filling up the DagBag from /home/airflow/.local/lib/python3.8/site-packages/airflow/example_dags/tutorial_dag.py
[2024-03-11T21:00:46.029+0000] {processor.py:840} INFO - DAG(s) 'tutorial_dag' retrieved from /home/airflow/.local/lib/python3.8/site-packages/airflow/example_dags/tutorial_dag.py
[2024-03-11T21:00:46.062+0000] {logging_mixin.py:188} INFO - [2024-03-11T21:00:46.062+0000] {dag.py:3047} INFO - Sync 1 DAGs
[2024-03-11T21:00:46.090+0000] {logging_mixin.py:188} INFO - [2024-03-11T21:00:46.090+0000] {dag.py:3834} INFO - Setting next_dagrun for tutorial_dag to None, run_after=None
[2024-03-11T21:00:46.128+0000] {processor.py:183} INFO - Processing /home/airflow/.local/lib/python3.8/site-packages/airflow/example_dags/tutorial_dag.py took 0.115 seconds
[2024-03-11T21:01:16.689+0000] {processor.py:161} INFO - Started process (PID=665) to work on /home/airflow/.local/lib/python3.8/site-packages/airflow/example_dags/tutorial_dag.py
[2024-03-11T21:01:16.690+0000] {processor.py:830} INFO - Processing file /home/airflow/.local/lib/python3.8/site-packages/airflow/example_dags/tutorial_dag.py for tasks to queue
[2024-03-11T21:01:16.692+0000] {logging_mixin.py:188} INFO - [2024-03-11T21:01:16.692+0000] {dagbag.py:540} INFO - Filling up the DagBag from /home/airflow/.local/lib/python3.8/site-packages/airflow/example_dags/tutorial_dag.py
[2024-03-11T21:01:16.700+0000] {processor.py:840} INFO - DAG(s) 'tutorial_dag' retrieved from /home/airflow/.local/lib/python3.8/site-packages/airflow/example_dags/tutorial_dag.py
[2024-03-11T21:01:16.731+0000] {logging_mixin.py:188} INFO - [2024-03-11T21:01:16.731+0000] {dag.py:3047} INFO - Sync 1 DAGs
[2024-03-11T21:01:16.750+0000] {logging_mixin.py:188} INFO - [2024-03-11T21:01:16.750+0000] {dag.py:3834} INFO - Setting next_dagrun for tutorial_dag to None, run_after=None
[2024-03-11T21:01:16.781+0000] {processor.py:183} INFO - Processing /home/airflow/.local/lib/python3.8/site-packages/airflow/example_dags/tutorial_dag.py took 0.096 seconds
[2024-03-11T21:01:47.086+0000] {processor.py:161} INFO - Started process (PID=720) to work on /home/airflow/.local/lib/python3.8/site-packages/airflow/example_dags/tutorial_dag.py
[2024-03-11T21:01:47.087+0000] {processor.py:830} INFO - Processing file /home/airflow/.local/lib/python3.8/site-packages/airflow/example_dags/tutorial_dag.py for tasks to queue
[2024-03-11T21:01:47.090+0000] {logging_mixin.py:188} INFO - [2024-03-11T21:01:47.090+0000] {dagbag.py:540} INFO - Filling up the DagBag from /home/airflow/.local/lib/python3.8/site-packages/airflow/example_dags/tutorial_dag.py
[2024-03-11T21:01:47.097+0000] {processor.py:840} INFO - DAG(s) 'tutorial_dag' retrieved from /home/airflow/.local/lib/python3.8/site-packages/airflow/example_dags/tutorial_dag.py
[2024-03-11T21:01:47.131+0000] {logging_mixin.py:188} INFO - [2024-03-11T21:01:47.131+0000] {dag.py:3047} INFO - Sync 1 DAGs
[2024-03-11T21:01:47.153+0000] {logging_mixin.py:188} INFO - [2024-03-11T21:01:47.153+0000] {dag.py:3834} INFO - Setting next_dagrun for tutorial_dag to None, run_after=None
[2024-03-11T21:01:47.194+0000] {processor.py:183} INFO - Processing /home/airflow/.local/lib/python3.8/site-packages/airflow/example_dags/tutorial_dag.py took 0.112 seconds
[2024-03-11T21:02:17.304+0000] {processor.py:161} INFO - Started process (PID=775) to work on /home/airflow/.local/lib/python3.8/site-packages/airflow/example_dags/tutorial_dag.py
[2024-03-11T21:02:17.305+0000] {processor.py:830} INFO - Processing file /home/airflow/.local/lib/python3.8/site-packages/airflow/example_dags/tutorial_dag.py for tasks to queue
[2024-03-11T21:02:17.307+0000] {logging_mixin.py:188} INFO - [2024-03-11T21:02:17.307+0000] {dagbag.py:540} INFO - Filling up the DagBag from /home/airflow/.local/lib/python3.8/site-packages/airflow/example_dags/tutorial_dag.py
[2024-03-11T21:02:17.314+0000] {processor.py:840} INFO - DAG(s) 'tutorial_dag' retrieved from /home/airflow/.local/lib/python3.8/site-packages/airflow/example_dags/tutorial_dag.py
[2024-03-11T21:02:17.343+0000] {logging_mixin.py:188} INFO - [2024-03-11T21:02:17.342+0000] {dag.py:3047} INFO - Sync 1 DAGs
[2024-03-11T21:02:17.369+0000] {logging_mixin.py:188} INFO - [2024-03-11T21:02:17.369+0000] {dag.py:3834} INFO - Setting next_dagrun for tutorial_dag to None, run_after=None
[2024-03-11T21:02:17.404+0000] {processor.py:183} INFO - Processing /home/airflow/.local/lib/python3.8/site-packages/airflow/example_dags/tutorial_dag.py took 0.103 seconds
[2024-03-11T21:02:47.462+0000] {processor.py:161} INFO - Started process (PID=830) to work on /home/airflow/.local/lib/python3.8/site-packages/airflow/example_dags/tutorial_dag.py
[2024-03-11T21:02:47.463+0000] {processor.py:830} INFO - Processing file /home/airflow/.local/lib/python3.8/site-packages/airflow/example_dags/tutorial_dag.py for tasks to queue
[2024-03-11T21:02:47.465+0000] {logging_mixin.py:188} INFO - [2024-03-11T21:02:47.465+0000] {dagbag.py:540} INFO - Filling up the DagBag from /home/airflow/.local/lib/python3.8/site-packages/airflow/example_dags/tutorial_dag.py
[2024-03-11T21:02:47.472+0000] {processor.py:840} INFO - DAG(s) 'tutorial_dag' retrieved from /home/airflow/.local/lib/python3.8/site-packages/airflow/example_dags/tutorial_dag.py
[2024-03-11T21:02:47.500+0000] {logging_mixin.py:188} INFO - [2024-03-11T21:02:47.499+0000] {dag.py:3047} INFO - Sync 1 DAGs
[2024-03-11T21:02:47.516+0000] {logging_mixin.py:188} INFO - [2024-03-11T21:02:47.516+0000] {dag.py:3834} INFO - Setting next_dagrun for tutorial_dag to None, run_after=None
[2024-03-11T21:02:47.554+0000] {processor.py:183} INFO - Processing /home/airflow/.local/lib/python3.8/site-packages/airflow/example_dags/tutorial_dag.py took 0.096 seconds
[2024-03-11T21:03:17.883+0000] {processor.py:161} INFO - Started process (PID=885) to work on /home/airflow/.local/lib/python3.8/site-packages/airflow/example_dags/tutorial_dag.py
[2024-03-11T21:03:17.884+0000] {processor.py:830} INFO - Processing file /home/airflow/.local/lib/python3.8/site-packages/airflow/example_dags/tutorial_dag.py for tasks to queue
[2024-03-11T21:03:17.888+0000] {logging_mixin.py:188} INFO - [2024-03-11T21:03:17.888+0000] {dagbag.py:540} INFO - Filling up the DagBag from /home/airflow/.local/lib/python3.8/site-packages/airflow/example_dags/tutorial_dag.py
[2024-03-11T21:03:17.898+0000] {processor.py:840} INFO - DAG(s) 'tutorial_dag' retrieved from /home/airflow/.local/lib/python3.8/site-packages/airflow/example_dags/tutorial_dag.py
[2024-03-11T21:03:17.934+0000] {logging_mixin.py:188} INFO - [2024-03-11T21:03:17.933+0000] {dag.py:3047} INFO - Sync 1 DAGs
[2024-03-11T21:03:17.959+0000] {logging_mixin.py:188} INFO - [2024-03-11T21:03:17.958+0000] {dag.py:3834} INFO - Setting next_dagrun for tutorial_dag to None, run_after=None
[2024-03-11T21:03:17.993+0000] {processor.py:183} INFO - Processing /home/airflow/.local/lib/python3.8/site-packages/airflow/example_dags/tutorial_dag.py took 0.116 seconds
[2024-03-11T21:03:48.602+0000] {processor.py:161} INFO - Started process (PID=941) to work on /home/airflow/.local/lib/python3.8/site-packages/airflow/example_dags/tutorial_dag.py
[2024-03-11T21:03:48.604+0000] {processor.py:830} INFO - Processing file /home/airflow/.local/lib/python3.8/site-packages/airflow/example_dags/tutorial_dag.py for tasks to queue
[2024-03-11T21:03:48.608+0000] {logging_mixin.py:188} INFO - [2024-03-11T21:03:48.607+0000] {dagbag.py:540} INFO - Filling up the DagBag from /home/airflow/.local/lib/python3.8/site-packages/airflow/example_dags/tutorial_dag.py
[2024-03-11T21:03:48.622+0000] {processor.py:840} INFO - DAG(s) 'tutorial_dag' retrieved from /home/airflow/.local/lib/python3.8/site-packages/airflow/example_dags/tutorial_dag.py
[2024-03-11T21:03:48.648+0000] {logging_mixin.py:188} INFO - [2024-03-11T21:03:48.648+0000] {dag.py:3047} INFO - Sync 1 DAGs
[2024-03-11T21:03:48.666+0000] {logging_mixin.py:188} INFO - [2024-03-11T21:03:48.666+0000] {dag.py:3834} INFO - Setting next_dagrun for tutorial_dag to None, run_after=None
[2024-03-11T21:03:48.699+0000] {processor.py:183} INFO - Processing /home/airflow/.local/lib/python3.8/site-packages/airflow/example_dags/tutorial_dag.py took 0.102 seconds
[2024-03-11T21:04:18.928+0000] {processor.py:161} INFO - Started process (PID=996) to work on /home/airflow/.local/lib/python3.8/site-packages/airflow/example_dags/tutorial_dag.py
[2024-03-11T21:04:18.929+0000] {processor.py:830} INFO - Processing file /home/airflow/.local/lib/python3.8/site-packages/airflow/example_dags/tutorial_dag.py for tasks to queue
[2024-03-11T21:04:18.932+0000] {logging_mixin.py:188} INFO - [2024-03-11T21:04:18.931+0000] {dagbag.py:540} INFO - Filling up the DagBag from /home/airflow/.local/lib/python3.8/site-packages/airflow/example_dags/tutorial_dag.py
[2024-03-11T21:04:18.938+0000] {processor.py:840} INFO - DAG(s) 'tutorial_dag' retrieved from /home/airflow/.local/lib/python3.8/site-packages/airflow/example_dags/tutorial_dag.py
[2024-03-11T21:04:18.966+0000] {logging_mixin.py:188} INFO - [2024-03-11T21:04:18.966+0000] {dag.py:3047} INFO - Sync 1 DAGs
[2024-03-11T21:04:18.984+0000] {logging_mixin.py:188} INFO - [2024-03-11T21:04:18.984+0000] {dag.py:3834} INFO - Setting next_dagrun for tutorial_dag to None, run_after=None
[2024-03-11T21:04:19.016+0000] {processor.py:183} INFO - Processing /home/airflow/.local/lib/python3.8/site-packages/airflow/example_dags/tutorial_dag.py took 0.092 seconds
[2024-03-11T21:04:49.392+0000] {processor.py:161} INFO - Started process (PID=1051) to work on /home/airflow/.local/lib/python3.8/site-packages/airflow/example_dags/tutorial_dag.py
[2024-03-11T21:04:49.393+0000] {processor.py:830} INFO - Processing file /home/airflow/.local/lib/python3.8/site-packages/airflow/example_dags/tutorial_dag.py for tasks to queue
[2024-03-11T21:04:49.395+0000] {logging_mixin.py:188} INFO - [2024-03-11T21:04:49.394+0000] {dagbag.py:540} INFO - Filling up the DagBag from /home/airflow/.local/lib/python3.8/site-packages/airflow/example_dags/tutorial_dag.py
[2024-03-11T21:04:49.401+0000] {processor.py:840} INFO - DAG(s) 'tutorial_dag' retrieved from /home/airflow/.local/lib/python3.8/site-packages/airflow/example_dags/tutorial_dag.py
[2024-03-11T21:04:49.430+0000] {logging_mixin.py:188} INFO - [2024-03-11T21:04:49.429+0000] {dag.py:3047} INFO - Sync 1 DAGs
[2024-03-11T21:04:49.448+0000] {logging_mixin.py:188} INFO - [2024-03-11T21:04:49.448+0000] {dag.py:3834} INFO - Setting next_dagrun for tutorial_dag to None, run_after=None
[2024-03-11T21:04:49.487+0000] {processor.py:183} INFO - Processing /home/airflow/.local/lib/python3.8/site-packages/airflow/example_dags/tutorial_dag.py took 0.099 seconds
[2024-03-11T21:05:20.052+0000] {processor.py:161} INFO - Started process (PID=1106) to work on /home/airflow/.local/lib/python3.8/site-packages/airflow/example_dags/tutorial_dag.py
[2024-03-11T21:05:20.053+0000] {processor.py:830} INFO - Processing file /home/airflow/.local/lib/python3.8/site-packages/airflow/example_dags/tutorial_dag.py for tasks to queue
[2024-03-11T21:05:20.055+0000] {logging_mixin.py:188} INFO - [2024-03-11T21:05:20.055+0000] {dagbag.py:540} INFO - Filling up the DagBag from /home/airflow/.local/lib/python3.8/site-packages/airflow/example_dags/tutorial_dag.py
[2024-03-11T21:05:20.062+0000] {processor.py:840} INFO - DAG(s) 'tutorial_dag' retrieved from /home/airflow/.local/lib/python3.8/site-packages/airflow/example_dags/tutorial_dag.py
[2024-03-11T21:05:20.089+0000] {logging_mixin.py:188} INFO - [2024-03-11T21:05:20.088+0000] {dag.py:3047} INFO - Sync 1 DAGs
[2024-03-11T21:05:20.106+0000] {logging_mixin.py:188} INFO - [2024-03-11T21:05:20.106+0000] {dag.py:3834} INFO - Setting next_dagrun for tutorial_dag to None, run_after=None
[2024-03-11T21:05:20.144+0000] {processor.py:183} INFO - Processing /home/airflow/.local/lib/python3.8/site-packages/airflow/example_dags/tutorial_dag.py took 0.096 seconds
[2024-03-11T21:05:50.509+0000] {processor.py:161} INFO - Started process (PID=1161) to work on /home/airflow/.local/lib/python3.8/site-packages/airflow/example_dags/tutorial_dag.py
[2024-03-11T21:05:50.510+0000] {processor.py:830} INFO - Processing file /home/airflow/.local/lib/python3.8/site-packages/airflow/example_dags/tutorial_dag.py for tasks to queue
[2024-03-11T21:05:50.512+0000] {logging_mixin.py:188} INFO - [2024-03-11T21:05:50.512+0000] {dagbag.py:540} INFO - Filling up the DagBag from /home/airflow/.local/lib/python3.8/site-packages/airflow/example_dags/tutorial_dag.py
[2024-03-11T21:05:50.519+0000] {processor.py:840} INFO - DAG(s) 'tutorial_dag' retrieved from /home/airflow/.local/lib/python3.8/site-packages/airflow/example_dags/tutorial_dag.py
[2024-03-11T21:05:50.544+0000] {logging_mixin.py:188} INFO - [2024-03-11T21:05:50.544+0000] {dag.py:3047} INFO - Sync 1 DAGs
[2024-03-11T21:05:50.562+0000] {logging_mixin.py:188} INFO - [2024-03-11T21:05:50.561+0000] {dag.py:3834} INFO - Setting next_dagrun for tutorial_dag to None, run_after=None
[2024-03-11T21:05:50.600+0000] {processor.py:183} INFO - Processing /home/airflow/.local/lib/python3.8/site-packages/airflow/example_dags/tutorial_dag.py took 0.094 seconds
[2024-03-11T21:06:20.928+0000] {processor.py:161} INFO - Started process (PID=1216) to work on /home/airflow/.local/lib/python3.8/site-packages/airflow/example_dags/tutorial_dag.py
[2024-03-11T21:06:20.929+0000] {processor.py:830} INFO - Processing file /home/airflow/.local/lib/python3.8/site-packages/airflow/example_dags/tutorial_dag.py for tasks to queue
[2024-03-11T21:06:20.931+0000] {logging_mixin.py:188} INFO - [2024-03-11T21:06:20.931+0000] {dagbag.py:540} INFO - Filling up the DagBag from /home/airflow/.local/lib/python3.8/site-packages/airflow/example_dags/tutorial_dag.py
[2024-03-11T21:06:20.943+0000] {processor.py:840} INFO - DAG(s) 'tutorial_dag' retrieved from /home/airflow/.local/lib/python3.8/site-packages/airflow/example_dags/tutorial_dag.py
[2024-03-11T21:06:20.971+0000] {logging_mixin.py:188} INFO - [2024-03-11T21:06:20.970+0000] {dag.py:3047} INFO - Sync 1 DAGs
[2024-03-11T21:06:20.988+0000] {logging_mixin.py:188} INFO - [2024-03-11T21:06:20.988+0000] {dag.py:3834} INFO - Setting next_dagrun for tutorial_dag to None, run_after=None
[2024-03-11T21:06:21.026+0000] {processor.py:183} INFO - Processing /home/airflow/.local/lib/python3.8/site-packages/airflow/example_dags/tutorial_dag.py took 0.102 seconds
[2024-03-11T21:06:51.653+0000] {processor.py:161} INFO - Started process (PID=1271) to work on /home/airflow/.local/lib/python3.8/site-packages/airflow/example_dags/tutorial_dag.py
[2024-03-11T21:06:51.655+0000] {processor.py:830} INFO - Processing file /home/airflow/.local/lib/python3.8/site-packages/airflow/example_dags/tutorial_dag.py for tasks to queue
[2024-03-11T21:06:51.657+0000] {logging_mixin.py:188} INFO - [2024-03-11T21:06:51.656+0000] {dagbag.py:540} INFO - Filling up the DagBag from /home/airflow/.local/lib/python3.8/site-packages/airflow/example_dags/tutorial_dag.py
[2024-03-11T21:06:51.664+0000] {processor.py:840} INFO - DAG(s) 'tutorial_dag' retrieved from /home/airflow/.local/lib/python3.8/site-packages/airflow/example_dags/tutorial_dag.py
[2024-03-11T21:06:51.692+0000] {logging_mixin.py:188} INFO - [2024-03-11T21:06:51.691+0000] {dag.py:3047} INFO - Sync 1 DAGs
[2024-03-11T21:06:51.709+0000] {logging_mixin.py:188} INFO - [2024-03-11T21:06:51.709+0000] {dag.py:3834} INFO - Setting next_dagrun for tutorial_dag to None, run_after=None
[2024-03-11T21:06:51.747+0000] {processor.py:183} INFO - Processing /home/airflow/.local/lib/python3.8/site-packages/airflow/example_dags/tutorial_dag.py took 0.098 seconds
